XSSGUGpfkIU8d3ceblAmiVaqxbT+5oRj+Ze6stFbIx+00f6rovxyydR8wawLwEpgtNTZuznl5D1mfN1CZ9qzhaw/zXW4n569ejzrmiMj3i1Fi9GAbQ4fMiVin6nW1L3+D74YrNAhu1QPm14D5ZmLkfbh/QVVGT3yF5/bKmgWlVCIbGkIicerXHVPYwtbHqV4RP6Bv6Pv
23ryF2dLr5ogn31i3/pRRs1T7/sBH7NKCn8zW3ks4YK3FVT1XC6kQPvlVDb6tqFHPRM0atQuk8/Jib8z2Y+YufLvQuIvUHNVgo+tZWUa7YiTwL3c+8NmAkE8R/BMljDHl0Z3hVoJ9a+X897PCd8VX3FAz2F/gBiAKdIA4v1yKWFHjs0RJ0GL6HlaLJC1paPp
hOuI6dXpgHKwl1NLmgFbAQDMGXeWwH8TBFOMeIzDnxdsI8KUk56zNBLNAwJ4s7RFzIHizMC6NOlIF9Vd/fOJNFPVpZBW3RHhRPLExBMpJAIHDyPj9T8kvgyyMwvhhY/HYfNYXfqDkna3DJNR6sNd0R0m7azbbC2Io99GRumw94R0anCjH6onkULVlSt/P6778WOV+7ls37WnHLhEAd4wFkUO6YVP4h2Fvx1r7BEW3CTNmaPN
xOY99xoJc/QCwGtO2O3XTRElJB5eNMTxqeYDIph6EXyxMSboY53VAP6vmLD3YoH7rpM6c/YnWKiQkJRW7ylPi0SorPEQK10tUWErGWFtTO6D+6+rFZIhYI7VHUOovPbtnp3woton+PWmo4uLPAnvsCGzIYxnQ+VZCOU1GdzhnrO5Ezkwpbuio/A=
0xdiVm2SggcpBtCuIi3rXwUUHjo8Ds1vGtw9SLOjqpBTKXg9VSMrE5xyPVxd+eJYB+xIgGJXfACzKu3bgps+Y9J/JOgsSHDGa6Ej6+hgaAE0E0EtTVkP6aWl4I7vcys78UqdIPKNOVOstNrN8tW0Ej7fZHU62+87+MEDkA27JZxDmxmZtL1RiVhpclMVW31AgYO+o+w=
Bqoz8PRygqpBApNDGGz9QAUUHjo8Ds1vGtw9SLOjqpBTOHAzUywqQZxyPVxd+eJYB+1IgGJXfACzKu3bgps+Y9J/JOgsSHDGa6Ej6+hgaAE0E0EtTVkP6aWl4I7vcys78UqdIPKNOVOstNrN8tW0Ej7fZHU62+87+MEDkA27JZxDmxmZtL1RiVhpclMVW31AgYO+o+w=
9fu556W7PrgOtVAj1ktBo+W9vhR6xq3kSgYltKBag1+IRJ3M8q26gfQKGz/COGbmZX4Oi67WJExHiUXtTMbkOEtt9G6om6B/TVvU8kRGUzf5gZ/rCScYAQInIvo/uDMtMgcNPTUy7bDjiF1Ea6um+nE0ZyicPrB/Z44XnUrhtdcne36XWfcVZwEIL/nv6Nh4GdogOi3aqdm3Rq0JN6nLkMnSjMjljaPR
3wQ/958kbSD/esuvvPhF8NSz4uyYTuufWLTSbjQYApSX6eSw/w31AYSSxCRTSaSiQS8gw7WfpN5MUjNrIWUPZ6HTWH06IxKWd2yTsaqj3XFdBu2Mm8yt6OM/RiYpUHcktEpwg98Kp3GCtZXLP18uW7FDldv5zF/V5/y4JME+sLaFLumlj0KdZX99awxRdlyEjbmj7Q==
dMVVo652fuVRDuVLH0aPKh4F+pqp2gMawOB+BmU5IFSvR+sFcQ0fQwJInb2Rhi5yvImuFhdMV/2QcOU8AsAog56owa5nSyj/jKsQK07IxlxyzllFCbuipJqpVofLrcfNbUFXYarexZcZM/NedwCY2fubHtBwXXhRxrrcCy41cA8NE4rFCYAn3xdUgc9zOV4p0wHqjdgDX5+PaOOXtKPm
QkLWcKlJXW2XISPTqW6i8ERWL3lmA81vEt4rWuexqcBTbDV0AW1+QZxyPVxd+eJYB+lIgGJXfACzKu3bgps+Y9J/JOgsSHDGa6Ej6+hgaAE0E0EtTVkP6aWl4I7vcys78UqdIPKNOVOstNrN8tW0Ej7fZHU62+87+MEDkA27JZxDmxmZtL1RiVhpclMVW31AgYO+o+w=
ZMVA5HeSUtZY7XCeBDNfgJj2orfGTuuUR6TVPD0LTJWdouSw/w31AYSSxCRTSaSiRC8gw7WfpN5MUjNrIWUPZ6HTWH06IxKWd2yTsaqj3XFdBu2Mm8yt6OM/RiYpUHcktEpwg98Kp3GCtZXLP18uW7FDldv5zF/V5/y4JME+sLaFLumlj0KdZX99awxRdlyEjbmj7Q==
LD0YHhYt0zIQD4fyRm3SVCJ6APihBX8KLH8pfQjH9Fk0SgT8YxHEunA2INuFh8SGfIrzs5E9b/8RS9jlirtyzse0U2ma+71pbR7tlKvUzbDT54b+mQgXvATS8BtvkscpMm1VEw8HTkOBW5XDydQ/jdckePxxZtAuNbZpPT/a/T3PpavUYS48nL2ho/U=
Oa647dKBoRni5CWp4VlGNdSp7uGaD6LXR6OLY3hHXcaV8KWw/w31AYSSxCRTSaSiRi4gw7WfpN5MUjNrIWUPZ6HTWH06IxKWd2yTsaqj3XFdBu2Mm8yt6OM/RiYpUHcktEpwg98Kp3GCtZXLP18uW7FDldv5zF/V5/y4JME+sLaFLumlj0KdZX99awxRdlyEjbmj7Q==
70ME4z+9j2PqqX37YGfpGvja2V2mNRM5iDMEe7DU06ngNXWsS3MW8Ar48IAQ3waiER3NRgZvVEcYrmjoYEfnVxLhy0hzEYeIq8WmBi+MD00YEF3ua8HA0yZISR6/CxDvhIvIW+ZIruyqrlFVcXt61BIJLlfjre8dFeHfEXIevYcRUyvuH4AwqSO7FsBIHaDhTlpkW8Y1GN+1cwJ1UUAfzx902T/bubaZi+HinSBDB28HyBvHnKPO
Q4rkMlYjSCOdxlq81uZGqdgtIfvaxIohOxikTx4jNiNDat/q3TkcrmkuJP+phKVxEQTNHZBqKbxpga6I20w9AZb/IFB/0tm7loMyU65X8Ch4IMw25zm3SxzYJFHo+3UtebHTuekdFC5766fLTSLJ4CalRWOgrM6txi14QmJ3kPVOczPrtLk3cBmjKay/s03ZYFXt+dTx5vNh47GQ3euKo9g=
saPN7YNlqKbtZN2vla+Xj9XtlD4c5W3LJvzuAd8AuF8SKzIjR2LT+sEh+I4NFtjP5UxhMVXMAW0sko3czRkyGFfEuYESd6zA40p9WzL7jqPiHzToPGgABpsBU2t4wDhB5PNxLX2536n1BXAOn9Pb+4FqjSDi7QmTHNRqTWK15NLu/xR1yvu/eyghkxC9W5Xcc3sJmaSdockoyYLThfutgNHjjqPc
QLUciL2y3nxrmJGL5pj9SlI2VOOgj3PgN5F2d4lUvj3bjamzo8TkTnZGm3EWlphtO2re8IEmeuzxu3g0tGaHV7yoZthhsRERLEQQlONJVVv3Te2FuO++TbpsSwqjs779hbuxsG0+fwLlsv85VkQdrs9OONzQ0ZskT0v+k2UJa8G20R01VSndwlfPO7rohjWAyBxJ+Im3i6y1H8Ob247FqITO4Y+j3w==
iVx4hp3JbaWUEac4bbJQ7RMvgsF8EX7Bd6McCPwRzTTCVwgvMCNFZsnyuxXqnh/i4qf/aAMRt+hbhRbmXwyfLchQDQB7wdCz9ogZ/i+L4I80S7i71khezJpuIfXB++p0Qsl+d/Ot/z1FIY+x4p4NJ2GTG87vgABJU3umoLidMAEemrQ71jUIP+Uz0hXBwG8vrzQpX+u5xrm7oRI9kMOXz9eIy+eMo94=
zTD9e0UGFl0IqpAKq8KFcdSz4uyYTuuXWqLAOjkRHMaX763ksViHAYSSxCRTSaSiSy0hw7WfpN5MUjNrIWUPZ6HTWH06IxKWd2yTsaqj3XFdBu2Mm8yt6OM/RiYpUHcktEpwg98Kp3GCtZXLP18uW7FDldv5zF/V5/y4JME+sLaFLumlj0KdZX99awxRdlyEjbmj7Q==
+IeLPKEEireL0si8e95B5X11ehWZHWHPIWqi16PY8QVHV2IV3f2qHmtsizXUAEGhiE6kGzpYBeY7a9T3iLs004KIiuSWXt3NtVt+7N6Zsp/HrcvViXETKXY+eR+doxfmO0BUId+LGtiMfSQZAkp4k6K1/JepY84N1aBb1xNEpbc/+ZKRt5FuBWRjA1dLWIePuKPq
1uWgmJjChbUVz3BNBVUbSl5oA203DWdpdGm2Jn8M/21o0K1KHM4wc1YIuT7Pi8DPlMtY+7ZIfgw67kG1IfvKNCJJnrfTrd/9paHv8cKe7WcBE7sOz4BgCbP7BuCYndDBvhoU+zY1aH9Fs3JVocBP7w+0SZ8Lueb5GyHy/fDDtw83CKunrKP+
ndjvPhqPoCDp/My/O0pIFvSWyoeL6vsDHdu41LRGx/c8SK3/bpHR8azkULTjqZU7d+0tZbiP/u06jAtqo5N+XQXb8ZBtHj9iZRI/GVYkXU5P7ni80DFbhM8rPnNlKSthNjHdFVUJHSLXb3ua6Gb14Ei8iRiJ18sMNf+D+9uuBQgErqGvo/8=
0wYuFad7Ad4Pnw8fO0KbeFxoA3w1G2NpdGm2Jn8M/21o0K1MHM4wc1YIuT7Pi8DPlMtY+7ZIfgw67kG1IfvKNCJJnrfTrd/9paHv8cKe7WcBE7sOz4BgCbP7BuCYndDBvhoU+zY1aH9Fs3JVocBP7w+0SZ8Lueb5GyHy/fDDtw83CKunrKP+
iIQnsa2O72TcH0fKAB7LSfSWzJGX9/sDHdu41LRGx/c8SKv/bpHR8azkULTjqZU7d+0tZbiP/u06jAtqo5N+XQXb8ZBtHj9iZRI/GVYkXU5P7ni80DFbhM8rPnNlKSthNjHdFVUJHSLXb3ua6Gb14Ei8iRiJ18sMNf+D+9uuBQgErqGvo/8=
kI1aWOW+IK1lxCbFE+Tm1fSWzYeF8vsDHdu41LRGx/c8SKj/bpHR8azkULTjqZU7d+0tZbiP/u06jAtqo5N+XQXb8ZBtHj9iZRI/GVYkXU5P7ni80DFbhM8rPnNlKSthNjHdFVUJHSLXb3ua6Gb14Ei8iRiJ18sMNf+D+9uuBQgErqGvo/8=
iNurwssAK6OUUpjrRBdeT+r3UKzBuOXljXOVj66A5lABy5ypyaN2O2jr1V0sdmSIK900XsKor08taxRCJPbTh5kxX9tpFxgxYhfiSl8Is51St80NVQLtgIO4nfQLGyZKEYSnGPwOsE8HvtctKlE1Z0fLvqc5xxVXYTjvSY9YWMh5auALTeqp6dd2bblXGUsgqWJM+IW9o+E=
gcVoTQmMuabsThIG23JNxSddvfHYjR7lAyr3tbw/wZaY1vjQ/11weqjSRc2RbgxRfNuw0l6JxlEkYkRU85lk8iYdL/PVz2QO7CKzm4E1T7dB41hN2vNSxtecE8EKcx0hPTbtvPucbThDT8bWiQA39FR6cLM/2uchIkUVu5+P7gvRc5XrmZyfBUeMONRhbvBnZR7plW+S3TXfjet88aac1O2Jo90=
qUWNIxaOppdMCLrb3qWHqhB7zVqrgwS20wMaYed5HlrKQeQd1LOXFnMg/3T0ivzAxKdhABEx4i8Tw7PUalOkuoWA0k8YF98V3Xye3KTW8wxO7JS0s0iX7M8nJJGZr5iZsk/CQm9wc3XCLy3FJTrtqNNgPXy742YiAZzHUAy2MOfX5vclGin1j9dTXm9J/xV/MeBPwT+gGKBpcoBDvVIpQQcuTbFnYYvIOfqsMPWFo8k=
qUWNIxaOppdMCLrb3qWHqhB7zVqrgwS20wMaYed5HlrKQeQd1LOXFnMg/3T0ivzAxKdhABEx4i8Tw7PUalOkuoWA0k8YF98V3Xye3KTW8wxO7JS0s0iX7M8nJJGZr5iZsk/CQm9wc3XCLy3FJTrtqNNgPXy742YiAZzHUAy2MOfX5vclGin1j9dTXm9J/xV/MeBPwT+gGKBpcoBDvVIpQQcuTbFnYYvIOfqsMPWFo8k=
Rjjkt6DB6k56CtjbXk+zMdt+eoI4+x2c1PDHv5HticZ6p6ZUjXY8FZWyod0MEi1gvr0ljE0oFxNVYfBqwh4iVWjHjvJ2f3b/J1I7NHmELOUaedH4dxfdu/EitertF4rAiJ49lA6YmawKAqOlSY+DCVrQGnv2SL6Meu6BNeH7irTiSd43E60ffeWhL3GCni3nwRP7jg+AIInz+8Zg2J0QQf4aVHv2NSj/hbOy1eHAj29PtIwfy7mmedshsn2ww3ePdwhrJ+yjvg==
2Z2EYpL2wbe0nemEg6dxjd4gfmfYAjsiR/SiHi6M3J0I4htGVQeFfLWk5GFbp1q6FslfVgb4O2OakPJV0fQyCthyCWZl+RzdJm+XExsvXOH/41WEhkLyNqwxkxF14OYQx5gBIkZcfFKP5yLTIvza+bispgn2uoNmx35b8XyLhXH4G9aJqkgDvgOHttlVP1nEbUqXhjWW9w328FWK34pQKJAl8+Df77anRb3jZWbV9UHVXTXGh2uzDsiyfSRY3SEMyUPjaKU7iy97us2MVEoJ+6Or
rHLF5IsoJWGa+dsW680pkyenu0Bop9al6+WNPIx0uNexfv3FzdznQVAXDfZtig1nXVL4mF8OFGHnDWmt3PhoqAN1LWcHcZW5eFPG8UrQM7ZDD8bBdYfJjG0CBz4VjoeFtvhlEj/yQGAQ7eMYv3eGr4U1E31GbWWJ1ZWlfqdzQ4YIuk28OCUxxEkL8xBFo7snOzK9lHTymbOj4w==
O613FzZPYBtcp3SAHvy+sT3aZQhjZXMVtzgFLkBZ25+mYSVJHgCqxy0py0ughWeKy4PsKg7HIJOGyOleXwtwL2QLaJvGSE4syi7xFVF7WpTyiU6Xw63P3XVhP1FSHp3HsdNLLv+AEGmDO/YAKB1Aoe7axBsmNXgfFfOitTFA/49/9Hx/+7nW2WthQl0AQyevZ0j7h7yj7g==
KbuGpq7UfOTMFk4SkbLq319SeMo5/XvJ/fhQFJz1aTc10M4eXaEUGQcsOHShjnBBJX7p9S+yXdUfLevcscYc9C1poz0=
pncjdH6p7lPuarZCkXYBjdApLfPf8Nk7NSXrXwRqVSEQUOPE7CwPvGprYuC/x+9xGRDGPv0zeZpdrLTx3RNnX8r/OUEyz5+/lcU8SKxX8Ch4IMw25zm3SxzYJFHo+3UtebHTuekdFC5766fLTSLJ4CalRWOgrM6txi14QmJ3kPVOczPrtLk3cBmjKay4s03ZYFXt+dTx5vNh47GQ3euKo9g=
rsaGskEDTuFnjuQNc9rsRfdE6EnXTtczpoJQN9sPkNe7LQHlDVueXajTS1yFWT8WGzMDghUKUvcQtaJz1MesnhrcyOT5sjWSYBH/jBMc6/BU8AOg/dwCpea5zezrmfNTj/pkJz+UETPp+X+jub+Y6VIfAvLP4POFov9t9QUq7dgzMP3MG3Pm0mFMh2AspjCXN7Y3lbq5dX+3gx5fae8VD9Gwj3GfMJhQCaLAep1CKTHnfo0Bx/ELOFkq7ADVlaO5
Y1QRpyLieNTm6V0q4uJA0kVxiNgxYBbZFUH3u5ySlvhZfV2c46oBNOM0ugl3q6wjPDELUIXrTTzzi+EZjK0p6XC5+pMd6xUg2TNmozQ=
no7gS5EO1OtFPL9OoRqFYW9b/HqGSQFca0LKLUWqCsecoh3WgZCPvFByFAQG1MbqtIbGBeeIWY8UZ+4/Zdj/wsSdaJ9Vbl27uDjulYHAL69vNOHfK7kGOfuhUr3Qw9dPl4gLZ0yjHg==
cotzKD42qRVUxxzSZrn04iLGjyvn/g3BnugFgNq4alyOe2belMDQQGIdDl/ez+yxvGFy9Ve2uKahSQvV1bzwmOQheUv9dE6yhdUkxW+o2DiZmiDyrRqpGTeGrUm36cvQSZKMCGVNoxE=
lq9T3hNEu8vGyR5XJtlYdXoznR/LmZb67PzQdAox3puGk0wlNO3CEe/K+FKJJRvRzaCQTCxtCe8FyM4GbXl0gbd0+CyRlhCWleZpbZ9qPc0vdSuEAV58LB1xoyU=
SXrdgx48siGzde4lYFzqvwJvtvpKVKQi0ZCG9uT40EhyBS637reseWw5El2nDjguMdGrvWVEMNC0+ZljjUxOupXNBC1f0JjwScJAWl2iKZGnHg0hBxELmBlKbCAVdaMZ
KDpBcLgpnqXMMOy5wTK2Qitcmd97ZoU45pCG9uT40EhyBS637reseWw5El2nDjguMdGrvWVEMNC0+ZljjUxOupXNBC1f0JjwScJAWl2iKZGnHg0hBxELmBlKbCAVdaMZ
r0uG8rJ9ujmlTViy1rspASp42NU0jFs4DnBgelD2jr9WARoF3NeAk3r7Q6xY8O2L82uxFmAeeLPRpUkODkSptzzba6KoHmWoaLx5wAmPuwQVNxMDG5YVQGQmEXejJw==
2+kA+Vt3+H3/vtLS5NJLzBB7zVqrgwS20wMaYed5HlrKQeQd1LOXFnMg/3T0ivzAxKdhABEx4i8Tw7PUalOkuoWA0k8YF98V3Xye3KTW8wxO7JS0s0iX7M8nJJGZr5iZsk/CQm9wc3XCLy3FJTrtqNNgPXy742YiAZzHUAy2MOfX5vclGin1j9dTXm9J/xV/MeBPwT+gGKBpcoBKvVIpQQcuTbFnYYvIOfqsMPWFo8k=
JCmzLW7pvt17WfVGFGkkvEVxiNkxYBbZFUH3u5ySlvhZfV2c46oBNOM0ugl3q6wjPDELUIXrTTzzi+EZjK0p6XC5+pMd6xUg2TNmozQ=
bX7XSr/U45ybV/S7er4H1A9OlSRCJvsxwJHW4RMe95xXpKpkKRBZcliqzNU7NhmtvQCyfM+fvS5OE6++vWhEmNBEcM63eaoHasvfxQiWOg58xlWUtDBB8IQ7iahAOvVO9l/skBen1Tjm4OMFTENY0uS7XbBs19B7uYxQylWCeVpDk4HdrqP3e8YFLsyTmKNP9+noi/u8Bhq0zs+pyiy3r+BpSr4+4as6RuWLm03f2z55FazJ3cPYfTYKmza0T2RxpxOxEZL9RvzXawkET88tq5gWRoLeccgqkh6jtaSVWHebABkR//8mD5gmxs9bMOhYjZbCpXBzlPO7vUDWQW2UqkFyLsuz4x3OSbfIVbxnQux7b2qgJFQMTyhDuSsxBzl0stoKBw9EKffDh29aa9az5xR8VubjKJBYh5DUen2ZV3/dtYSoBMdoqOCwpJYfif8L1Ah8McALTS1BQfvZsc3cbjNbX2slslFgvjXtgxjchm0OfSBiikfo9bZDW8tsaX8w0VORzB4j1Vn4xQVZrEEuMymzaXD1m7Kj4A==
HCKm8pNIgfwwdwBPTo5aBUbbwrn5tuXdt2a2FxhKKDfzR2LSwQ3WhVkMoeVBzJKs43Oa9tV5WOLtAghROdY6uRdVhQYcO9WkhIN3f9Ew4Wm44dZRtGJYbXYCMEHx1vzxxF4mq/0LLH4xRqhTmmyBzc0jamkpytzVMXMb3CavfgTcspL+0cYBZ5WESxPfAaiydrhXmtsfh+K6BRqxxNC9OxLch/2LbcIXN3hqM99EXwyRYMa0R/tlJGW73ZPgJEIl0e/52pE2jRuL9QxC8WagrmF28zXk8c6Htwtq11R8YZXrc59GIn4tFuk1H63cyctaPhNggITVSUkVtxNelz/ikLPf4nyw6Zf6Ve5+HO1nsR0J2XSW3R0svdKPz63JJr9AudLcL7it+6YSeic2PSAeqhiIn1mugcqaDnN4ovrrjmyHXHcgt4O0DTFb2PWqS7J+pyTT+XpL/RlNDu2Ei6SNADN3Bm75uNdMJMLwC09iB5lS/dWD77cOM6FLldPppH89N7T4bBHWENcVpmktHyo9ja81K0SBnnzsnbGj5Q==
ueDRAaWZsvRl7BK0/pX42JJBHHqarhAzg5rh4zHDXV0BP/0TA6ywwlr4gg/VfqetQ2uZxBl5HI/rNQmxqFfsc03d/FIdkABWpbUaq1TlUW+njK5m6FxW6KaMnX6HQRoPeV2eOnw+mspDTHJc93AyV09wVjYTfrDzegixa+NY0OzFXZrv3mIC9wuoarvmuw/g1lIDzp9qRb9XhQgvQRtwyQjUhbTl/xFlflM90DAagqIJcVygUR+mRVymGC0dWvBpLcOb890On1n6UVuvbr0AZp0u4gOCwSG/Z0m08XCc4aevnNlja5t+GlBaGB1+qiRyZW2ymb5H3ayPiVkzEG+uKuCXjZxu6GvalL12H6IzDdHGThchcppHXviTFW+rrv977k2qSwRcneP8eOI4Ok8eL3/zp4vfxPT2HB8piJ+XdQvJAr36tdfyMAB+ZUQmmLH80mIr1bHPWxlS8CLLXsjWfAIOiSW5OzIEaukGZ/ut9y09AafBOl5198nzg35nAIg5y9vOcADd6DF2eowr3jUAL91TOiWZANd/R5S4r2M5TgkjQbptaIPPP/+oM/eEo9Y=
kfyN0gQhaG0gnOfqaPXgJHR0yHLlZzqp8DNZkiXXDY6C2uJp0Nx1NQiXewbcTbU8R9+NH36BCNc4f8eneDksXKhQIRf5//rnuMFZrgyzj/Cx2lAVPBEE4T7TWC4sdhFVwTSRVXC1dt0MBoixHjYwbakSTI1MykbnBS88YhkyaL8C6HFxhfdKZREujInZx5tw/utO+NSmcjKpYpH7PXALf8cF2I6+7PcWY3tXPtIxGp2cFA1HmkjnsXNJ0gsfDKrfR8CvsNm05rh/HzV4jQ9dPzhgctnZ+xkW6ZIdhyMBTC7pYtCSqSJTuVyVHlvfP2r7DLjR6WPn/wraWj0KwUHfQURNO+Z2x0CMvDEZFf0Dk/JPe9Jsu8sCsMhNB2b9Gj5w9WPBIcGN1BplefxhurvPgZHiDzwxRrxjQInrujoO59qlpO4WUFy/VZZlmsbmx/gOIq++kI9Il+zPJySRma+YmbJPwkJvcHN1wi8txSU67ajTYD18u+NmIgGcx1AMtjDn1+b3JRop9Y/XU15vSf8VfzHgT8E/oBigaXKAS71SKUEHLk2xZ2GLyDn6rDD1haPJ
zcH91Ju1O7r2gU6XNOyQUE8QLkdnGIK/qEh85YiP0L6m0abvkneIr7wzJoNizKWYupeYWVCHf37u5saDJCXRj/3mW8YPqqfWQu2jAmti4z2daNVdojOsJhaKrW8bogylp7wSn9iGOfvP2yVMZspi7mxpjR1XqFboR+Cx6mZUbIrPv7JbQrQqwbiUVkGWMhM+h6ZL+VxDNQl442bBikAT5sNfJlG19yn8bXLnTtUeZ9U2qEWC/8Lg0BBdQyj/56Z/BeVz7QadBXnVZcWO5+MjVohqbSx4GZF0SbtTIIUzm3e7Yl0EtIJ5w6OT
Bb3QLx3rFkbPtNBdlhzJ9z0yKF+CEo71CFcZQd+q8mwyNevWMBJuaTljQq4Pp/u9WneTHuyeowNcgN3dngck1PGzcqgGwnfiDgVnB90JpCUDS/BWpD5Xhhlb2octtiwvB5wCXAG7ek9Yo8nqVehX9OIzkMMfpHn3kyd/mvv242ckXOYm04ggWDcw5DrNuWf/DZUU6BRnuKgw0LTWj+kviyRojHEwa70tsSELmUGtLO7jO88rNdKBYG6V/cOI/FbtPl2QIrrnWPUG42sL3ElPsIFzAQwOg4VZqCUVmTyhfrNZUxmwhXvCo5A=
Khg0WDGPctsbjltySC4ZtO70EOfQdPtXu1bJdeGOn6KlhkEOr48o9h+VbnXggupWk2+BvHmekdxe6mHNiQP9u+RQwedkM3bdz/tlrOaqog5sSUa40AiWiEcA8Urm9Cyqz9/yu8LU6uG4tJYhFtJTXoeGC1nc43XpeIOmYQrg08bDv+YxNRdp3G1Sp65Vfqc1NoiFIn9iILAQvQOIf0fmXwWFMw2G/cVZ1UUF7mcDYzaISi2M+LDQlEnbk4AFk1tXu4KdZDRiOeOjsw==
8IuQaHdXgfcjEmgJxmwCu4ZkHMNMgG59Ilp4dreVI2DrjMT9v8KghVlKQZ2zrqWmISGvVmJESXSUh1X7wCEr8DLFm1d8+eIaHfg+iPQkmA1DFSCrOIGe6DGbR7Lx5r/3LF9r+nof0XAkRHe3fE9er7/zZwufxLR21xvpCN+XNYuJAn16ddeysEB+pcTmmPF8kmLrVXHPG5kS8OJLnsgW/EIOyaV5O/KEKulG5zutN619AedB+l61d4nzw/6nAEi5C9uO8EDdKLG2esyrnjXArx1TeqXZABf/h5TxLiM5DonjQXrtKIOPvz+o83fEo5Y=
SkOHmJQb1Xdhw8382yoofoZkHMNMgG59Ilp4dreVI2DrjMT9v8KghVlKQZ2zrqWmISGvVmJESXSThVX7wCEr8DLFmld8+eIaHfg+iPQkmA1DFSCrOIGe6DGbR7Lx5r/3LF9r+nof0XAkRHe3fE9er7/zZwufxLR21xvpCN+XNYuJAn16ddeysEB+pcTmmPF8kmLrVXHPG5kS8OJLnsgW/EIOyaV5O/KEKulG5zutN619AedB+l61d4nzw/6nAEi5C9uO8EDdKLG2esyrnjXArx1TeqXZABf/h5TxLiM5DonjQXrtKIOPvz+o83fEo5Y=
Xua3YnJD+OgUevRkP11wfIZkHMNMgG59Ilp4dreVI2DrjMT9v8KghVlKQZ2zrqWmISGvVmJESXSUh1X7wCEr8DLFlVd8+eIaHfg+iPQkmA1DFSCrOIGe6DGbR7Lx5r/3LF9r+nof0XAkRHe3fE9er7/zZwufxLR21xvpCN+XNYuJAn16ddeysEB+pcTmmPF8kmLrVXHPG5kS8OJLnsgW/EIOyaV5O/KEKulG5zutN619AedB+l61d4nzw/6nAEi5C9uO8EDdKLG2esyrnjXArx1TeqXZABf/h5TxLiM5DonjQXrtKIOPvz+o83fEo5Y=
1R5YHW/JhOr9esstOQNZeIZkHMNMgG59Ilp4dreVI2DrjMT9v8KghVlKQZ2zrqWmISGvVmJESXSThVX7wCEr8DLFlFd8+eIaHfg+iPQkmA1DFSCrOIGe6DGbR7Lx5r/3LF9r+nof0XAkRHe3fE9er7/zZwufxLR21xvpCN+XNYuJAn16ddeysEB+pcTmmPF8kmLrVXHPG5kS8OJLnsgW/EIOyaV5O/KEKulG5zutN619AedB+l61d4nzw/6nAEi5C9uO8EDdKLG2esyrnjXArx1TeqXZABf/h5TxLiM5DonjQXrtKIOPvz+o83fEo5Y=
wlWrcjwSanDwEu8kAhausIZkHMNMgG59Ilp4dreVI2DrjMT9v8KghVlKQZ2zrqWmISGvVmJESXSUh1X7wCEr8DLFl1d8+eIaHfg+iPQkmA1DFSCrOIGe6DGbR7Lx5r/3LF9r+nof0XAkRHe3fE9er7/zZwufxLR21xvpCN+XNYuJAn16ddeysEB+pcTmmPF8kmLrVXHPG5kS8OJLnsgW/EIOyaV5O/KEKulG5zutN619AedB+l61d4nzw/6nAEi5C9uO8EDdKLG2esyrnjXArx1TeqXZABf/h5TxLiM5DonjQXrtKIOPvz+o83fEo5Y=
jS2z7ltraRBdXfz4EXNO+IZkHMNMgG59Ilp4dreVI2DrjMT9v8KghVlKQZ2zrqWmISGvVmJESXSThVX7wCEr8DLFlld8+eIaHfg+iPQkmA1DFSCrOIGe6DGbR7Lx5r/3LF9r+nof0XAkRHe3fE9er7/zZwufxLR21xvpCN+XNYuJAn16ddeysEB+pcTmmPF8kmLrVXHPG5kS8OJLnsgW/EIOyaV5O/KEKulG5zutN619AedB+l61d4nzw/6nAEi5C9uO8EDdKLG2esyrnjXArx1TeqXZABf/h5TxLiM5DonjQXrtKIOPvz+o83fEo5Y=
DI/ajlyc2/RMQfuK9ZJb34ZkHMNMgG59Ilp4dreVI2DrjMT9v8KghVlKQZ2zrqWmISGvVmJESXSUh1X7wCEr8DLFkVd8+eIaHfg+iPQkmA1DFSCrOIGe6DGbR7Lx5r/3LF9r+nof0XAkRHe3fE9er7/zZwufxLR21xvpCN+XNYuJAn16ddeysEB+pcTmmPF8kmLrVXHPG5kS8OJLnsgW/EIOyaV5O/KEKulG5zutN619AedB+l61d4nzw/6nAEi5C9uO8EDdKLG2esyrnjXArx1TeqXZABf/h5TxLiM5DonjQXrtKIOPvz+o83fEo5Y=
jLHu8Nj0Vsxs52aw9DLJRIZkHMNMgG59Ilp4dreVI2DrjMT9v8KghVlKQZ2zrqWmISGvVmJESXSThVX7wCEr8DLFkFd8+eIaHfg+iPQkmA1DFSCrOIGe6DGbR7Lx5r/3LF9r+nof0XAkRHe3fE9er7/zZwufxLR21xvpCN+XNYuJAn16ddeysEB+pcTmmPF8kmLrVXHPG5kS8OJLnsgW/EIOyaV5O/KEKulG5zutN619AedB+l61d4nzw/6nAEi5C9uO8EDdKLG2esyrnjXArx1TeqXZABf/h5TxLiM5DonjQXrtKIOPvz+o83fEo5Y=
BxENRoeg0Nk4OMjQmzA8w4ZkHMNMgG59Ilp4dreVI2DrjMT9v8KghVlKQZ2zrqWmISGvVmJESXSUh1X7wCEr8DLFk1d8+eIaHfg+iPQkmA1DFSCrOIGe6DGbR7Lx5r/3LF9r+nof0XAkRHe3fE9er7/zZwufxLR21xvpCN+XNYuJAn16ddeysEB+pcTmmPF8kmLrVXHPG5kS8OJLnsgW/EIOyaV5O/KEKulG5zutN619AedB+l61d4nzw/6nAEi5C9uO8EDdKLG2esyrnjXArx1TeqXZABf/h5TxLiM5DonjQXrtKIOPvz+o83fEo5Y=
QKJhR7x8KsdgpUsc/t2LxIZkHMNMgG59Ilp4dreVI2DrjMT9v8KghVlKQZ2zrqWmISGvVmJESXSThVX7wCEr8DLFkld8+eIaHfg+iPQkmA1DFSCrOIGe6DGbR7Lx5r/3LF9r+nof0XAkRHe3fE9er7/zZwufxLR21xvpCN+XNYuJAn16ddeysEB+pcTmmPF8kmLrVXHPG5kS8OJLnsgW/EIOyaV5O/KEKulG5zutN619AedB+l61d4nzw/6nAEi5C9uO8EDdKLG2esyrnjXArx1TeqXZABf/h5TxLiM5DonjQXrtKIOPvz+o83fEo5Y=
N3mXiPUizAybysRhOeoFcYZkHMNMgG59Ilp4dreVI2DrjMT9v8KghVlKQZ2zrqWmISGvVmJESXSUh1X7wCEr8DLFm1Z8+eIaHfg+iPQkmA1DFSCrOIGe6DGbR7Lx5r/3LF9r+nof0XAkRHe3fE9er7/zZwufxLR21xvpCN+XNYuJAn16ddeysEB+pcTmmPF8kmLrVXHPG5kS8OJLnsgW/EIOyaV5O/KEKulG5zutN619AedB+l61d4nzw/6nAEi5C9uO8EDdKLG2esyrnjXArx1TeqXZABf/h5TxLiM5DonjQXrtKIOPvz+o83fEo5Y=
kWOeOxz0OgsVYM3r1kIcFYZkHMNMgG59Ilp4dreVI2DrjMT9v8KghVlKQZ2zrqWmISGvVmJESXSThVX7wCEr8DLFmlZ8+eIaHfg+iPQkmA1DFSCrOIGe6DGbR7Lx5r/3LF9r+nof0XAkRHe3fE9er7/zZwufxLR21xvpCN+XNYuJAn16ddeysEB+pcTmmPF8kmLrVXHPG5kS8OJLnsgW/EIOyaV5O/KEKulG5zutN619AedB+l61d4nzw/6nAEi5C9uO8EDdKLG2esyrnjXArx1TeqXZABf/h5TxLiM5DonjQXrtKIOPvz+o83fEo5Y=
PLxyjx8Oz7Vlzn1EFk9n6YZkHMNMgG59Ilp4dreVI2DrjMT9v8KghVlKQZ2zrqWmISGvVmJESXSUh1X7wCEr8DLFlVZ8+eIaHfg+iPQkmA1DFSCrOIGe6DGbR7Lx5r/3LF9r+nof0XAkRHe3fE9er7/zZwufxLR21xvpCN+XNYuJAn16ddeysEB+pcTmmPF8kmLrVXHPG5kS8OJLnsgW/EIOyaV5O/KEKulG5zutN619AedB+l61d4nzw/6nAEi5C9uO8EDdKLG2esyrnjXArx1TeqXZABf/h5TxLiM5DonjQXrtKIOPvz+o83fEo5Y=
21M19CkHJ9DCcacIDjYKUoZkHMNMgG59Ilp4dreVI2DrjMT9v8KghVlKQZ2zrqWmISGvVmJESXSThVX7wCEr8DLFlFZ8+eIaHfg+iPQkmA1DFSCrOIGe6DGbR7Lx5r/3LF9r+nof0XAkRHe3fE9er7/zZwufxLR21xvpCN+XNYuJAn16ddeysEB+pcTmmPF8kmLrVXHPG5kS8OJLnsgW/EIOyaV5O/KEKulG5zutN619AedB+l61d4nzw/6nAEi5C9uO8EDdKLG2esyrnjXArx1TeqXZABf/h5TxLiM5DonjQXrtKIOPvz+o83fEo5Y=
DgRwhoRdZoazrD6U/OVGNpIUQepHrc1fW6mqvhHsTW0V10Qz6Me1J5xkA0QQJp5BLPGxDnSIrNO7/tg6INYeBK6IvneBBcf5qOztBfE/ucJvSY7xF2Wo6y9qjGicOdDXera6vMfuE50aCL0Cl17cjpYifZf7ujyN59RiB3g+6RPPM/X0xlIShixBvQW3UIZAx0jhkgZMXKIPV0LD4gx6qbj8Bvk2quPWR4574Tw7ZaH4S7Y5algjzoM3VskVT/kUbZo39nWGF712gHWaHzoweJD1E1Cf/5ZXxQ2DdaYlVRHVDZU2R3vTvkhCXTQYaMDcyROD2GUrq1/7Ci2cFDqpK6N7
HeJxWbFOl8Fk9+Jx/x1S7YZkHMNMgG59Ilp4dreVI2DrjMT9v8KghVlKQZ2zrqWmISGvVmJESXSThVX7wCEr8DLFl1Z8+eIaHfg+iPQkmA1DFSCrOIGe6DGbR7Lx5r/3LF9r+nof0XAkRHe3fE9er7/zZwufxLR21xvpCN+XNYuJAn16ddeysEB+pcTmmPF8kmLrVXHPG5kS8OJLnsgW/EIOyaV5O/KEKulG5zutN619AedB+l61d4nzw/6nAEi5C9uO8EDdKLG2esyrnjXArx1TeqXZABf/h5TxLiM5DonjQXrtKIOPvz+o83fEo5Y=
FS/V+u8xkfN3vwUDOMHiS6yZ0/0lcOvSjxi5N1z2oJlRmsczePbMOqKO7ZiwIi3cdnl0q4Vmzl723o/go7BenmMIzIRbCfiN/P02JtZe4B3fyQAmFiZfYOd/6s5hKL9g2Jy2dDHtg9SoD3dy3s2w4A3hz8UZLh6cpiScxyFv3y7CEqde7ag+Yohg37G+SWqS3ht4yirjLqSXtDfIJ0uUheEzWJ16w5K2N8yTEWqDXRGdZu3sW6wtyCOfRoZpcPfE9KpwY5/qJ1HCFZVr/3+uO3Ejlbs5rN/1J1y4hIEeMFbEzulFz6IdRT/da6yRVtzkTdmjjQ==
DgRwhoRdZoazrD6U/OVGNpIUQepHrc1fW6mqvhHsTW0V10Qz6Me1J5xkA0QQJp5BLPGxDnSIrNO7/tg6INYeBK6IvneBBcf5qOztBfE/ucJvSY7xF2Wo6y9qjGicOdDXera6vMfuE50aCL0Cl17cjpYifZf7ujyN59RiB3g+6RPPM/X0xlIShixBvQW3UIZAx0jhkgZMXKIPV0LD4gx6qbj8Bvk2quPWR4574Tw7ZaH4S7Y5algjzoM3VskVT/kUbZo39nWGF712gHWaHzoweJD1E1Cf/5ZXxQ2DdaYlVRHVDZU2R3vTvkhCXTQYaMDcyROD2GUrq1/7Ci2cFDqpK6N7
FS/V+u8xkfN3vwUDOMHiS6yZ0/0lcOvSjxi5N1z2oJlRmsczePbMOqKO7ZiwIi3cdnl0q4Vmzl723o/go7BenmMIzIRbCfiN/P02JtZe4B3fyQAmFiZfYOd/6s5hKL9g2Jy2dDHtg9SoD3dy3s2w4A3hz8UZLh6cpiScxyFv3y7CEqde7ag+Yohg37G+SWqS3ht4yirjLqSXtDfIJ0uUheEzWJ16w5K2N8yTEWqDXRGdZu3sW6wtyCOfRoZpcPfE9KpwY5/qJ1HCFZVr/3+uO3Ejlbs5rN/1J1y4hIEeMFbEzulFz6IdRT/da6yRVtzkTdmjjQ==
DgRwhoRdZoazrD6U/OVGNpIUQepHrc1fW6mqvhHsTW0V10Qz6Me1J5xkA0QQJp5BLPGxDnSIrNO7/tg6INYeBK6IvneBBcf5qOztBfE/ucJvSY7xF2Wo6y9qjGicOdDXera6vMfuE50aCL0Cl17cjpYifZf7ujyN59RiB3g+6RPPM/X0xlIShixBvQW3UIZAx0jhkgZMXKIPV0LD4gx6qbj8Bvk2quPWR4574Tw7ZaH4S7Y5algjzoM3VskVT/kUbZo39nWGF712gHWaHzoweJD1E1Cf/5ZXxQ2DdaYlVRHVDZU2R3vTvkhCXTQYaMDcyROD2GUrq1/7Ci2cFDqpK6N7
FS/V+u8xkfN3vwUDOMHiS6yZ0/0lcOvSjxi5N1z2oJlRmsczePbMOqKO7ZiwIi3cdnl0q4Vmzl723o/go7BenmMIzIRbCfiN/P02JtZe4B3fyQAmFiZfYOd/6s5hKL9g2Jy2dDHtg9SoD3dy3s2w4A3hz8UZLh6cpiScxyFv3y7CEqde7ag+Yohg37G+SWqS3ht4yirjLqSXtDfIJ0uUheEzWJ16w5K2N8yTEWqDXRGdZu3sW6wtyCOfRoZpcPfE9KpwY5/qJ1HCFZVr/3+uO3Ejlbs5rN/1J1y4hIEeMFbEzulFz6IdRT/da6yRVtzkTdmjjQ==
DgRwhoRdZoazrD6U/OVGNpIUQepHrc1fW6mqvhHsTW0V10Qz6Me1J5xkA0QQJp5BLPGxDnSIrNO7/tg6INYeBK6IvneBBcf5qOztBfE/ucJvSY7xF2Wo6y9qjGicOdDXera6vMfuE50aCL0Cl17cjpYifZf7ujyN59RiB3g+6RPPM/X0xlIShixBvQW3UIZAx0jhkgZMXKIPV0LD4gx6qbj8Bvk2quPWR4574Tw7ZaH4S7Y5algjzoM3VskVT/kUbZo39nWGF712gHWaHzoweJD1E1Cf/5ZXxQ2DdaYlVRHVDZU2R3vTvkhCXTQYaMDcyROD2GUrq1/7Ci2cFDqpK6N7
FS/V+u8xkfN3vwUDOMHiS6yZ0/0lcOvSjxi5N1z2oJlRmsczePbMOqKO7ZiwIi3cdnl0q4Vmzl723o/go7BenmMIzIRbCfiN/P02JtZe4B3fyQAmFiZfYOd/6s5hKL9g2Jy2dDHtg9SoD3dy3s2w4A3hz8UZLh6cpiScxyFv3y7CEqde7ag+Yohg37G+SWqS3ht4yirjLqSXtDfIJ0uUheEzWJ16w5K2N8yTEWqDXRGdZu3sW6wtyCOfRoZpcPfE9KpwY5/qJ1HCFZVr/3+uO3Ejlbs5rN/1J1y4hIEeMFbEzulFz6IdRT/da6yRVtzkTdmjjQ==
DgRwhoRdZoazrD6U/OVGNpIUQepHrc1fW6mqvhHsTW0V10Qz6Me1J5xkA0QQJp5BLPGxDnSIrNO7/tg6INYeBK6IvneBBcf5qOztBfE/ucJvSY7xF2Wo6y9qjGicOdDXera6vMfuE50aCL0Cl17cjpYifZf7ujyN59RiB3g+6RPPM/X0xlIShixBvQW3UIZAx0jhkgZMXKIPV0LD4gx6qbj8Bvk2quPWR4574Tw7ZaH4S7Y5algjzoM3VskVT/kUbZo39nWGF712gHWaHzoweJD1E1Cf/5ZXxQ2DdaYlVRHVDZU2R3vTvkhCXTQYaMDcyROD2GUrq1/7Ci2cFDqpK6N7
FS/V+u8xkfN3vwUDOMHiS6yZ0/0lcOvSjxi5N1z2oJlRmsczePbMOqKO7ZiwIi3cdnl0q4Vmzl723o/go7BenmMIzIRbCfiN/P02JtZe4B3fyQAmFiZfYOd/6s5hKL9g2Jy2dDHtg9SoD3dy3s2w4A3hz8UZLh6cpiScxyFv3y7CEqde7ag+Yohg37G+SWqS3ht4yirjLqSXtDfIJ0uUheEzWJ16w5K2N8yTEWqDXRGdZu3sW6wtyCOfRoZpcPfE9KpwY5/qJ1HCFZVr/3+uO3Ejlbs5rN/1J1y4hIEeMFbEzulFz6IdRT/da6yRVtzkTdmjjQ==
DgRwhoRdZoazrD6U/OVGNpIUQepHrc1fW6mqvhHsTW0V10Qz6Me1J5xkA0QQJp5BLPGxDnSIrNO7/tg6INYeBK6IvneBBcf5qOztBfE/ucJvSY7xF2Wo6y9qjGicOdDXera6vMfuE50aCL0Cl17cjpYifZf7ujyN59RiB3g+6RPPM/X0xlIShixBvQW3UIZAx0jhkgZMXKIPV0LD4gx6qbj8Bvk2quPWR4574Tw7ZaH4S7Y5algjzoM3VskVT/kUbZo39nWGF712gHWaHzoweJD1E1Cf/5ZXxQ2DdaYlVRHVDZU2R3vTvkhCXTQYaMDcyROD2GUrq1/7Ci2cFDqpK6N7
FS/V+u8xkfN3vwUDOMHiS6yZ0/0lcOvSjxi5N1z2oJlRmsczePbMOqKO7ZiwIi3cdnl0q4Vmzl723o/go7BenmMIzIRbCfiN/P02JtZe4B3fyQAmFiZfYOd/6s5hKL9g2Jy2dDHtg9SoD3dy3s2w4A3hz8UZLh6cpiScxyFv3y7CEqde7ag+Yohg37G+SWqS3ht4yirjLqSXtDfIJ0uUheEzWJ16w5K2N8yTEWqDXRGdZu3sW6wtyCOfRoZpcPfE9KpwY5/qJ1HCFZVr/3+uO3Ejlbs5rN/1J1y4hIEeMFbEzulFz6IdRT/da6yRVtzkTdmjjQ==
DgRwhoRdZoazrD6U/OVGNpIUQepHrc1fW6mqvhHsTW0V10Qz6Me1J5xkA0QQJp5BLPGxDnSIrNO7/tg6INYeBK6IvneBBcf5qOztBfE/ucJvSY7xF2Wo6y9qjGicOdDXera6vMfuE50aCL0Cl17cjpYifZf7ujyN59RiB3g+6RPPM/X0xlIShixBvQW3UIZAx0jhkgZMXKIPV0LD4gx6qbj8Bvk2quPWR4574Tw7ZaH4S7Y5algjzoM3VskVT/kUbZo39nWGF712gHWaHzoweJD1E1Cf/5ZXxQ2DdaYlVRHVDZU2R3vTvkhCXTQYaMDcyROD2GUrq1/7Ci2cFDqpK6N7
FS/V+u8xkfN3vwUDOMHiS6yZ0/0lcOvSjxi5N1z2oJlRmsczePbMOqKO7ZiwIi3cdnl0q4Vmzl723o/go7BenmMIzIRbCfiN/P02JtZe4B3fyQAmFiZfYOd/6s5hKL9g2Jy2dDHtg9SoD3dy3s2w4A3hz8UZLh6cpiScxyFv3y7CEqde7ag+Yohg37G+SWqS3ht4yirjLqSXtDfIJ0uUheEzWJ16w5K2N8yTEWqDXRGdZu3sW6wtyCOfRoZpcPfE9KpwY5/qJ1HCFZVr/3+uO3Ejlbs5rN/1J1y4hIEeMFbEzulFz6IdRT/da6yRVtzkTdmjjQ==
FS/V+u8xkfN3vwUDOMHiS6yZ0/0lcOvSjxi5N1z2oJlRmsczePbMOqKO7ZiwIi3cdnl0q4Vmzl723o/go7BenmMIzIRbCfiN/P02JtZe4B3fyQAmFiZfYOd/6s5hKL9g2Jy2dDHtg9SoD3dy3s2w4A3hz8UZLh6cpiScxyFv3y7CEqde7ag+Yohg37G+SWqS3ht4yirjLqSXtDfIJ0uUheEzWJ16w5K2N8yTEWqDXRGdZu3sW6wtyCOfRoZpcPfE9KpwY5/qJ1HCFZVr/3+uO3Ejlbs5rN/1J1y4hIEeMFbEzulFz6IdRT/da6yRVtzkTdmjjQ==
2KYbijVcD+XPSkhmlwoVI9OBghsOheplNQnPPVmP/tJc0XvQFUsd/M2q8RmczdmpoNlqE61LpeCJ0xajRA==
zdvZ4ycY0+Wl6q3ui9ErW86bGUTEjew5lD9hhT8zAyYIWo3cuAbwJElrszDFQ/tHO5J9tPSS2ROjQw==
2+rM27jqr1VtvwTztgBBcuk4tYLJPbq3FF3OwDOqsoj/ggHr4s+j1/Frksc4N15Krh6e7wk/08qWXyFIdZqT3sGjyL7N6cH18FzNE1Of6zpshW1qYCExClxM5GkUfW5Ar2crwqg+pUjoEjigCW97pJVXUyMbdtXg5EZRV6MH
lVSWxWxfIcZjHrgbHIWpzOnvkQLpo1JW+D1UKGQlNoCJ1rxBY7anyexi98l+tUY7+FpmQfHnIfnSkZ0/Z8kFMfjbVkmqCIP+A8c2GVX/2YRtChdGNVZ3Tfaw1crfStDokGVzoN8vNmdFfWMlZpV1gdWdtYaHKzPOyHL95FieoEzJg2OopXsLb3v6TUxUiom7o+s=
pFkCR5fs3uqaosHQCw2CP1al0q/785Ve+Ze6stJdIx+00f7EyZJ0tbMCz61Mhh997sHOv3je7jVhU8kdcvX1i7c9zXW4n569ejzrmiMj3i1Fi9GAbQ4fMiVin6nW1L3+D74YrNAhu1QPm14D5ZmLkfbh/QVVGT3yF5/bKmgWlVCIamgIicerXHVPYwtbHqV4RP6Bv6Pv
Ue8bF1rLn6GTnQQ+i5aDzPdE6EnXTtczpoJQN9sPkNe7LQHlDVueXajTS1yFWT8WGzMDghUKUvcQtaJz1MesnhrcyOT5sjWSYBH/jBMc6/BU8AOg/dwCpea5zezrmfNTj/pkJz+UETPp+X+jub+Y6VIfAvLP4POFov9t9QUq7dgzMP3MG3Pm0mFMh2AspjCXN7Y3lbq5dX+3gx5fae8VD9Gwj3GfMJhQCaLAdJxCKTHnfo0Bx/ELOFkq7ADVlaO5
ynfyqmiMIbcXgg1yFYxSEx9RJGtlG4R1EMA7SqatisBebDV5AQIYL/VlNCQtgZhKXqwemD1IaA30E/TKrps+Y9J/JOgsSHDGa6Ej6+hgaAE0E0EtTVkP6aWl4I7vcys78UqdIPKNOVOstNrN8tW0Ej7fZHU62+87+MEDkA27JZxFmhmZtL1RiVhpclMVW31AgYO+o+w=
6WTyZAuJEmxqitzcP8IhCBB7w1Kv3QGxzlRObqgAP3Lwadcy55qXF39hsHOxmeXX2aZhCR544isf/fy/al6p1JiHyzwLB9wQwz/Gz/rFuDhip7mNrReCw4kpP5OZr5iZsk/CQm9wc3XCLy3FJTrtqNNgPXy742YiAZzHUAy2MOfX5vclGin1j9dTXm9J/xV/MeBPwT+gGKBpcoBEvFIpQQcuTbFnYYvIOfqsMPWFo8k=
q+JGxxc68Ra91cmV6ubJatuTgXMGJUWMxlA8sdej/8j0QiFZ/shiu7+NPG8KbqnEuHeLbOu3XIBjTwYfmvW4KEJX+d1NpwJTKVn/Q/mfmImSv4ISj8Dz5WJf7RVFCu2485B9LFtT5rKh7AeAbIYw9/cWt3X6mXUfdyOevynPFW8REA+R3xCYMMkCQJTcYilRJ94N4YfRC1iZimzglbWj2Q==
HGImPFP+1KbvMdErUkZYDdZmBD9Om9geeL3Cp/v7hWbZb4r6kpXTp9RJbkxJGuQtU7q/5YxOLwXO2d63eNb+LUEr+dWyvYUzV6Vd/TgXDiUahBtSY2vu1WWTwYhtBg8qBZqv4ZYcTUZvJogkUKkrzO8jLkslUbvp1vntDVURLeo35+viqF7l6Gjy+IAJTzvEFfeTwxtWlYBk5pG3o+c=
HdQKGUm0qhQCxNAxnbVbgTYFzK8PRjUvgJS/DPpExGG3Y1Xayd5IFEic3wFKmj8hV+R4vPEm0Oi09ml9vxr9fU/lqxTh7jzcPWGjNQ==
gCxLm0WqR3aGkUh9avVGG2D+JZ0N5vJU64MzMb+bvRBoAEbxmoOFA1cT4NoxT49MrZhWVX5dMZefvIvCaX+yjMMTJkXJgOdf11RGTrM5nqkTASoNGAOfH09oIxd0oyY=
4xnBbetuLRWd8IE9j6VfMTUFzK8PRjUvgJS/DPpExGG3Y1Xayd5IFEic3wFKmj8hV+R4vPEm0Om09ml9vxr9fU/lqxTh7jzcPWGjNQ==
jDFbTSdQzbat2g47yilDJzQFzK8PRjUvgJS/DPpExGG3Y1Xayd5IFEic3wFKmj8hV+R4vPEm0Om09ml9vxr9fU/lqxTh7jzcPWGjNQ==
IoOYlm1CDDdOTY8hB4HhpDYfyq8TXjQvgJS/DPpExGG3Y1Xayd5IFEic3wFKmj8hV+R4vPEm0Om09ml9vxr9fU/lqxTh7jzcPWGjNQ==
l9ecVwnzFS+wirWi6nAxkzUfyq8TXjQvgJS/DPpExGG3Y1Xayd5IFEic3wFKmj8hV+R4vPEm0Om09ml9vxr9fU/lqxTh7jzcPWGjNQ==
nm22XlTYiCKIPK7s5rZeOzQfyq8TXjQvgJS/DPpExGG3Y1Xayd5IFEic3wFKmj8hV+R4vPEm0Om09ml9vxr9fU/lqxTh7jzcPWGjNQ==
EDLFj7LOpE6EibrUwXb79mM2x1tY2P/IsriUtQ/Ptb4hQvig0BBfhcImr7WviNgYWfqgHew6qTl3Zi0pd8nL8InyDOglbaMx
hi+Gu8g1bTvYLvopTvrIfmA2x1tY2P/IsriUtQ/Ptb4hQvig0BBfhcImr7WviNgYWfqgHew6qTl3Zi0pd8nL8InyDOglbaMx
rKtRiRYR7u65NwzN2GSpd2E2x1tY2P/IsriUtQ/Ptb4hQvig0BBfhcImr7WviNgYWfqgHew6qTl3Zi0pd8nL8InyDOglbaMx
VSM2cQgWa425tR6FyRE+l6/rH6HWo+Lsj2nBga6AokMP5Zz3muYpfEjf6zQ7fxz4U6cmB4r9uBAyfxkFHe/Cq5kxX9tpFxgxYhfiSl8Is51St80NVQLtgIO4nfQLGyZKEYSnGPwOsE8HvtctKlE1Z0fLvqc5xxVXYTjvSY9YWMh5auANTOqp6dd2bblXGUsgqWJM+IW9o+E=
f/r6ZGsWeAupSGvqGg5Shinn+gc8stG+7/iNeMl7op6ycfvzhJ2mCAleLPkD7hcBLCqHkV5NVjP4Una50b9RsRJZLWcHcZW5eFPG8UrQM7ZDD8bBdYfJjG0CBz4VjoeFtvhlEj/yQGAQ7eMYv3eGr4U1E31GbWWJ1ZWlfqdzQ4YIuk28OCcwxEkL8xBFo7snOzK9lHTymbOj4w==
lJlp5XlSvYHFx4vwqrHK7MyYsMMDR5CReUY5ZX4F1lXoEGMKHl1SYDbcvfmJcrDPLdVMZPVRoCp2vBaYNVhA7cxDrApWK2YDeo+saKT4mGYz0ZsrMDAQIdwDSS1FSefJ3fU4TlcDc5sZ+hWgen2RM/QEIg2qhYzyFs9sdTLLx1vAEdvQdQv9fOzqkRk8DTkpgJnKE02LhWDpk7aj5A==
jxMW2ovmG+WRh2nav4jOIQ34bkadtzpqb2luBcBN/hwVOuhxRHgQMJuZr56Wl3v5ulSDHXbyMPDQWPMUBjUaD9q6oIcwW9xjCggCFD7+pX1tm0a8hrlaj8+tw8VhUUt5Tv6hr+UDvxazwNyRN2uiqNS93MlaKlCDqrX0h4GDFl2t4IMnqyTKBrd5GuEfMZa1PCM7h5N475+wo+I=
p98CfIl1ej9mMxue6VDRVNxD8Q/SQKNtoP1qY5K7G6Cg6CxugyQjLQUga7djBLJWj/niMadR3iUU49O32xj3L2ijOg==
t8wnlS84V1NbS63uR/H/JADSkbxnAxWg6GbiIBIGOTj3Vqd4vN1WK1bL/zgsaKD259Rn5TkAd79nFJZuwzmuycPBWq2Igy//HyjTN2SjNg==
nhVKaGh0epxoOG5YJScEk0s0JXEAZ2pkS/T770IVMvPruPJdJuGIexgzKsW+vUVzhevJPXd+tpuI1TwkoE7DRgh6zXw457AESUtzUEXjO2c7cj1UdDIZc6Mj
Jlvy+r4hzyhDBcPOGOoKCmSpacVVsYdatcJqdOqKpwduF0vUmoGJVBtqptxoCMYQpppUEyxdJouGi8/YPGiwltcUN0XJgOdf11RGTrM5nqkTASoNGAOfH09oIxd0oyY=
n0X3Dyk1SIpH0ceI0L7zjdJmFysAiC/JPiMmFu2/E3rJuli+3gtaHUrSrY2DwlIlaSQGQKZX4g8Ywwq1/m3l4wV7KW03TlariOXcFOAeI9aI6m2seJeQ9Ek7U6CFs5v3u+JdhLQCeUOjEw==
Y3XZLPPwQ4A+EcuLKLi/9NxD8Q/SQKNtoP1qY5K7G6Cj6CxugyQjLQUga7djBLJWj/niMadR3iUU49O32xj3L2ijOg==
y/x9wBqOgbtcOJw1ejYUbQDSkbxnAxWg6GbiIBIGOTj3Vqd4vN1WK1bL/zgvaKD259Rn5TkAd79nFJZuwzmuycPBWq2Igy//HyjTN2SjNg==
PfItI2BJh64XKHHpVPo8Lko0JXEAZ2pkS/T770IVMvPruPJdJuGIexgzKsW+vUVzhevJPXd+tpiI1TwkoE7DRgh6zXw457AESUtzUEXjO2c7cj1UdDIZc6Mj
YXlDVZITnUkkvQf0eOAOsHMe0b5aCk5phs34RaZPxmPxMVXN1cd/UFLJyANQjjgwV+R4vPEm0Om09ml9vxr9fU/lqxTh7jzcPWGjNQ==
nhVKaGh0epxoOG5YJScEk0s0JXEAZ2pkS/T770IVMvPruPJdJuGIexgzKsW+vUVzhevJPXd+tpuI1TwkoE7DRgh6zXw457AESUtzUEXjO2c7cj1UdDIZc6Mj
YXlDVZITnUkkvQf0eOAOsHMe0b5aCk5phs34RaZPxmPxMVXN1cd/UFLJyANQjjgwV+R4vPEm0Om09ml9vxr9fU/lqxTh7jzcPWGjNQ==
1IL0Lb5Zous0uauLDCtFgEo0JXEAZ2pkS/T770IVMvPruPJdJuGIexgzKsW+vUVzhevJPXd+tpuI1TwkoE7DRgh6zXw457AESUtzUEXjO2c7cj1UdDIZc6Mj
+0zp8ZnhSZ3JqbtK5jKOONJmFysAiC/JPiMmFu2/E3rIuli+3gtaHUrSrY2DwlIlaSQGQKZX4g8Ywwq1/m3l4wV7KW03TlariOXcFOAeI9aI6m2seJeQ9Ek7U6CFs5v3u+JdhLQCeUOjEw==
glRlsW5UTtRnBcn4L/63qdJmFysAiC/JPiMmFu2/EHrJuli+3gtaHUrSrY2DwlIlaSQGQKZX4g8Ywwq1/m3l4wV7KW03TlaoiOXcFOAeI9aI6m2seJeQ9Ek7U6CFs5v3u+JdhLQCeUOjEw==
E8NM9OtH36+4Qsqm/Ja6m3Me0b5aCk5phs34RaZPxmPxMVXN1cd/UFLKyANQjjgwV+R4vPEm0Om09ml9vxr9fU/lqxTh7jzcPWGjNQ==
PfItI2BJh64XKHHpVPo8Lko0JXEAZ2pkS/T770IVMvPruPJdJuGIexgzKsW+vUVzhevJPXd+tpiI1TwkoE7DRgh6zXw457AESUtzUEXjO2c7cj1UdDIZc6Mj
E8NM9OtH36+4Qsqm/Ja6m3Me0b5aCk5phs34RaZPxmPxMVXN1cd/UFLKyANQjjgwV+R4vPEm0Om09ml9vxr9fU/lqxTh7jzcPWGjNQ==
K61HlUCiL8icegD3fEKZYEs0JXEAZ2pkS/T770IVMvPruPJdJuGIexgzKsW+vUVzhevJPXd+tpiI1TwkoE7DRgh6zXw457AESUtzUEXjO2c7cj1UdDIZc6Mj
nKCw/eVzf/vCf24R5Hj5cNJmFysAiC/JPiMmFu2/EHrIuVi+3gtaHUrSrY2DwlIlaSQGQKZX4g8Ywwq1/m3l4wV7KW03TlaoiOXcFOAeI9aI6m2seJeQ9Ek7U6CFs5v3u+JdhLQCeUOjEw==
9x//JsYI0F41OfwwiH63ztxD8Q/SQKNtoP1qY5K7G6Ci6CxugyQjLQUga7djBLJWj/niMadR3iUU49O32xj3L2ijOg==
ToPEwjyji4cUg5kS7K64qwDSkbxnAxWg6GbiIBIGOTj3Vqd4vN1WK1bL/zguaKD259Rn5TkAd79nFJZuwzmuycPBWq2Igy//HyjTN2SjNg==
7ipQ4eLUeLj24aiKQsfn1Es0JXEAZ2pkS/T770IVMvPruPJdJuGIexgzKsW+vUVzhevJPXd+tpmI1TwkoE7DRgh6zXw457AESUtzUEXjO2c7cj1UdDIZc6Mj
SzIBA++8w8M7WefNCeo+LdJmFysAiC/JPiMmFu2/EXrIuli+3gtaHUrSrY2DwlIlaSQGQKZX4g8Ywwq1/m3l4wV7KW03TlapiOXcFOAeI9aI6m2seJeQ9Ek7U6CFs5v3u+JdhLQCeUOjEw==
eQAViGwXnKJeeA96iLCVJ3Me0b5aCk5phs34RaZPxmPxMVXN1cd/UFLLyANQjjgwV+R4vPEm0Om09ml9vxr9fU/lqxTh7jzcPWGjNQ==
7ipQ4eLUeLj24aiKQsfn1Es0JXEAZ2pkS/T770IVMvPruPJdJuGIexgzKsW+vUVzhevJPXd+tpmI1TwkoE7DRgh6zXw457AESUtzUEXjO2c7cj1UdDIZc6Mj
eQAViGwXnKJeeA96iLCVJ3Me0b5aCk5phs34RaZPxmPxMVXN1cd/UFLLyANQjjgwV+R4vPEm0Om09ml9vxr9fU/lqxTh7jzcPWGjNQ==
mh0/k145xaERNlId8JCA00o0JXEAZ2pkS/T770IVMvPruPJdJuGIexgzKsW+vUVzhevJPXd+tpmI1TwkoE7DRgh6zXw457AESUtzUEXjO2c7cj1UdDIZc6Mj
AAr+YUfvqTATOxfFdt+dsNJmFysAiC/JPiMmFu2/EXrIuVi+3gtaHUrSrY2DwlIlaSQGQKZX4g8Ywwq1/m3l4wV7KW03TlapiOXcFOAeI9aI6m2seJeQ9Ek7U6CFs5v3u+JdhLQCeUOjEw==
p98CfIl1ej9mMxue6VDRVNxD8Q/SQKNtoP1qY5K7G6Cg6CxugyQjLQUga7djBLJWj/niMadR3iUU49O32xj3L2ijOg==
t8wnlS84V1NbS63uR/H/JADSkbxnAxWg6GbiIBIGOTj3Vqd4vN1WK1bL/zgsaKD259Rn5TkAd79nFJZuwzmuycPBWq2Igy//HyjTN2SjNg==
kXmEaELR5eo6nLK53TkGzBzajfV4FAShp3GwdlwINjD2WuRzvN1WK1bL/zgsaKD259Rn5TkAd79nFJZuwzmuycPBWq2Igy//HyjTN2SjNg==
p7t3hSChcnYP4jK2uhyoDwjdmvUpWAKxvHb/J1gINjD2WuRzvN1WK1bL/zgsaKD259Rn5TkAd79nFJZuwzmuycPBWq2Igy//HyjTN2SjNg==
vRMFi1RO8XkhjmkBRweDpHweh6Fu5SomXyRNF2eOrsMFG2mNty6Wi4jFHHRg/mO2iMotDPg30BRJW5MABRNb17sCneQ04jljozM=
NWyT0UAwjhPIc2qngIdDjlQKcIDdzP7IYflZI0Sdjht+K4coJGio5h+0T9VhwA9vz7QOHku5JnlbITJ9MMP3j/cI6ydsoz4=
t8wnlS84V1NbS63uR/H/JADSkbxnAxWg6GbiIBIGOTj3Vqd4vN1WK1bL/zgsaKD259Rn5TkAd79nFJZuwzmuycPBWq2Igy//HyjTN2SjNg==
nhVKaGh0epxoOG5YJScEk0s0JXEAZ2pkS/T770IVMvPruPJdJuGIexgzKsW+vUVzhevJPXd+tpuI1TwkoE7DRgh6zXw457AESUtzUEXjO2c7cj1UdDIZc6Mj
QA521AlxHUkyQJzHeLqnBKiOtx4MNoOOxn4y3J/6wmSkSIrogopQG1B9+sPCe2tAsOg8DnNk842VoBtX00RiNn/50hH3ka6FpGND1wtYxw94oyo=
YXlDVZITnUkkvQf0eOAOsHMe0b5aCk5phs34RaZPxmPxMVXN1cd/UFLJyANQjjgwV+R4vPEm0Om09ml9vxr9fU/lqxTh7jzcPWGjNQ==
1IL0Lb5Zous0uauLDCtFgEo0JXEAZ2pkS/T770IVMvPruPJdJuGIexgzKsW+vUVzhevJPXd+tpuI1TwkoE7DRgh6zXw457AESUtzUEXjO2c7cj1UdDIZc6Mj
QA521AlxHUkyQJzHeLqnBKiOtx4MNoOOxn4y3J/6wmSkSIrogopQG1B9+sPCe2tAsOg8DnNk842VoBtX00RiNn/50hH3ka6FpGND1wtYxw94oyo=
E8NM9OtH36+4Qsqm/Ja6m3Me0b5aCk5phs34RaZPxmPxMVXN1cd/UFLKyANQjjgwV+R4vPEm0Om09ml9vxr9fU/lqxTh7jzcPWGjNQ==
K61HlUCiL8icegD3fEKZYEs0JXEAZ2pkS/T770IVMvPruPJdJuGIexgzKsW+vUVzhevJPXd+tpiI1TwkoE7DRgh6zXw457AESUtzUEXjO2c7cj1UdDIZc6Mj
IBJ3zA6+VRUl4LKO/N8Ij6iOtx4MNoOOxn4y3J/6wmSkSIrogopQG1B9+sPCe2tAs+g8DnNk842VoBtX00RiNn/50hH3ka6FpGND1wtYxw94oyo=
E8NM9OtH36+4Qsqm/Ja6m3Me0b5aCk5phs34RaZPxmPxMVXN1cd/UFLKyANQjjgwV+R4vPEm0Om09ml9vxr9fU/lqxTh7jzcPWGjNQ==
PfItI2BJh64XKHHpVPo8Lko0JXEAZ2pkS/T770IVMvPruPJdJuGIexgzKsW+vUVzhevJPXd+tpiI1TwkoE7DRgh6zXw457AESUtzUEXjO2c7cj1UdDIZc6Mj
IBJ3zA6+VRUl4LKO/N8Ij6iOtx4MNoOOxn4y3J/6wmSkSIrogopQG1B9+sPCe2tAs+g8DnNk842VoBtX00RiNn/50hH3ka6FpGND1wtYxw94oyo=
eQAViGwXnKJeeA96iLCVJ3Me0b5aCk5phs34RaZPxmPxMVXN1cd/UFLLyANQjjgwV+R4vPEm0Om09ml9vxr9fU/lqxTh7jzcPWGjNQ==
7ipQ4eLUeLj24aiKQsfn1Es0JXEAZ2pkS/T770IVMvPruPJdJuGIexgzKsW+vUVzhevJPXd+tpmI1TwkoE7DRgh6zXw457AESUtzUEXjO2c7cj1UdDIZc6Mj
6sfuXFtwx8oGqbG9DsYLX6iOtx4MNoOOxn4y3J/6wmSkSIrogopQG1B9+sPCe2tAsug8DnNk842VoBtX00RiNn/50hH3ka6FpGND1wtYxw94oyo=
eQAViGwXnKJeeA96iLCVJ3Me0b5aCk5phs34RaZPxmPxMVXN1cd/UFLLyANQjjgwV+R4vPEm0Om09ml9vxr9fU/lqxTh7jzcPWGjNQ==
mh0/k145xaERNlId8JCA00o0JXEAZ2pkS/T770IVMvPruPJdJuGIexgzKsW+vUVzhevJPXd+tpmI1TwkoE7DRgh6zXw457AESUtzUEXjO2c7cj1UdDIZc6Mj
6sfuXFtwx8oGqbG9DsYLX6iOtx4MNoOOxn4y3J/6wmSkSIrogopQG1B9+sPCe2tAsug8DnNk842VoBtX00RiNn/50hH3ka6FpGND1wtYxw94oyo=
YXlDVZITnUkkvQf0eOAOsHMe0b5aCk5phs34RaZPxmPxMVXN1cd/UFLJyANQjjgwV+R4vPEm0Om09ml9vxr9fU/lqxTh7jzcPWGjNQ==
9U7NohXQWtXCq1rJj4AziWb63hed5rcWYHx+YI1bFR4DWYLu8qhiczt86NJe6tLoeGwYYupvkq2Y9zhzcaSCqI7q6ewJOfdw2SPprHgyjdmg1S35FHEm86FjcZAda0qjGA==
QA521AlxHUkyQJzHeLqnBKiOtx4MNoOOxn4y3J/6wmSkSIrogopQG1B9+sPCe2tAsOg8DnNk842VoBtX00RiNn/50hH3ka6FpGND1wtYxw94oyo=
E8NM9OtH36+4Qsqm/Ja6m3Me0b5aCk5phs34RaZPxmPxMVXN1cd/UFLKyANQjjgwV+R4vPEm0Om09ml9vxr9fU/lqxTh7jzcPWGjNQ==
/LoIH89OgjovDIrmFFEGMGb63hed5rcWYHx+YI1bFR4DWYLu8qhiczt86NJe6tLoeGwYYupvkq2Y9zhzcaSBqI7q6ewJOfdw2SPprHgyjdmg1S35FHEm86FjcZAda0qjGA==
IBJ3zA6+VRUl4LKO/N8Ij6iOtx4MNoOOxn4y3J/6wmSkSIrogopQG1B9+sPCe2tAs+g8DnNk842VoBtX00RiNn/50hH3ka6FpGND1wtYxw94oyo=
eQAViGwXnKJeeA96iLCVJ3Me0b5aCk5phs34RaZPxmPxMVXN1cd/UFLLyANQjjgwV+R4vPEm0Om09ml9vxr9fU/lqxTh7jzcPWGjNQ==
bVlyVL96FmjllqXL7Cu2qWb63hed5rcWYHx+YI1bFR4DWYLu8qhiczt86NJe6tLoeGwYYupvkq2Y9zhzcaSAqI7q6ewJOfdw2SPprHgyjdmg1S35FHEm86FjcZAda0qjGA==
6sfuXFtwx8oGqbG9DsYLX6iOtx4MNoOOxn4y3J/6wmSkSIrogopQG1B9+sPCe2tAsug8DnNk842VoBtX00RiNn/50hH3ka6FpGND1wtYxw94oyo=
vAi7uHk9m6KtC6usvj6f5+/WuQP2kHsjp5i9BXRDQ8T+vmpsZ1pqlCzIAljqauhriL2CExobQ1C46DQeW4Sr3W3gQ6drJIqG93laYV8x1jV8I3sHU3gvH3CjIg==
WqTJoI2mUTto7iLcTwk1mlLG4MBbJiHUgnJZ44QNOBleG3bPmdX1cU2z79zaTUif6BrIXP9AGECpkgClfLIpocfOzVGngYso+Ros0DVloyk=
ncRC7LSTIOKPJM2Z4Km+kFJx9r6GWrpo0BzAQuJ/qu1AR7CTyfRqqOY6UYyBia+w4TPhjCDCJVlIZXUZHGHes/mT+TDlO2KjMA==
t8wnlS84V1NbS63uR/H/JADSkbxnAxWg6GbiIBIGOTj3Vqd4vN1WK1bL/zgsaKD259Rn5TkAd79nFJZuwzmuycPBWq2Igy//HyjTN2SjNg==
nhVKaGh0epxoOG5YJScEk0s0JXEAZ2pkS/T770IVMvPruPJdJuGIexgzKsW+vUVzhevJPXd+tpuI1TwkoE7DRgh6zXw457AESUtzUEXjO2c7cj1UdDIZc6Mj
YXlDVZITnUkkvQf0eOAOsHMe0b5aCk5phs34RaZPxmPxMVXN1cd/UFLJyANQjjgwV+R4vPEm0Om09ml9vxr9fU/lqxTh7jzcPWGjNQ==
1IL0Lb5Zous0uauLDCtFgEo0JXEAZ2pkS/T770IVMvPruPJdJuGIexgzKsW+vUVzhevJPXd+tpuI1TwkoE7DRgh6zXw457AESUtzUEXjO2c7cj1UdDIZc6Mj
7pNZf3d3qWV3ITNyV5n8zO/WuQP2kHsjp5i9BXRDQ8T+vmpsZ1pqlCzIAljqauhriL2CExobQ1C76DQeW4Sr3W3gQ6drJIqG93laYV8x1jV8I3sHU3gvH3CjIg==
K37YKCjetyy/HryWOqphQsy4OBx+mIm0OQUFybmwZSXiggYoLETkUuZ3hs2sD3QjrQz1KHpCtTzFQcOQzTvlnAQaWZn0PZGJmOmyU1XbPUDBA36jLA==
YfuIHG33sP6rNyxv7pfKDlLG4MBbJiHUgnJZ44QNOBleG3bPmdX1cU2z79zaTkif6BrIXP9AGECpkgClfLIpocfOzVGngYso+Ros0DVloyk=
Q3GfDpfIacqOaNOLNxwCre/WuQP2kHsjp5i9BXRDQ8T+vmpsZ1pqlCzIAljqauhriL2CExobQ1C66DQeW4Sr3W3gQ6drJIqG93laYV8x1jV8I3sHU3gvH3CjIg==
EJkn6plmf+vhDqDUaFw7BrWQqxNYMY6Jk34u3J/6wmSkSIrogopQG1B9+sPCe2tAsOg8DnNk842VoBtX00RiNn/50hH3ka6FpGND1wtYxw94oyo=
Xr4BSBTSDBLhhrovT4cdWxd6eDddeW55GfTaukAfNfv2vqYQZqfCfxgzKsW+vUVzhevJPXd+tpuI1TwkoE7DRgh6zXw457AESUtzUEXjO2c7cj1UdDIZc6Mj
MvTg7YwnVtjT3wK6kiWUBxJe+aBXLC6U9sNqq1jnAqGuuU1npb8BeSeaHg8IQZTA8AoLEihuxXgog5jQCZ/bNNVns/ObJvUQJNYxZ6M3
YXlDVZITnUkkvQf0eOAOsHMe0b5aCk5phs34RaZPxmPxMVXN1cd/UFLJyANQjjgwV+R4vPEm0Om09ml9vxr9fU/lqxTh7jzcPWGjNQ==
hAsa0O1bbUPasyBRfvJLoU/Y/M0PISzT13JF44QNOBleG3bPmdX1cU2z79zaTUif6BrIXP9AGECpkgClfLIpocfOzVGngYso+Ros0DVloyk=
ncRC7LSTIOKPJM2Z4Km+kFJx9r6GWrpo0BzAQuJ/qu1AR7CTyfRqqOY6UYyBia+w4TPhjCDCJVlIZXUZHGHes/mT+TDlO2KjMA==
Xs9PQ2GnenwwcIRQ2zv3oCEc5BIX3rqc/bKL9EKdtak9W8/kykVIh9gyqKSviNgYWfqgHew6qTl3Zi0pd8nL8InyDOglbaMx
t8wnlS84V1NbS63uR/H/JADSkbxnAxWg6GbiIBIGOTj3Vqd4vN1WK1bL/zgsaKD259Rn5TkAd79nFJZuwzmuycPBWq2Igy//HyjTN2SjNg==
hAsa0O1bbUPasyBRfvJLoU/Y/M0PISzT13JF44QNOBleG3bPmdX1cU2z79zaTUif6BrIXP9AGECpkgClfLIpocfOzVGngYso+Ros0DVloyk=
hAsa0O1bbUPasyBRfvJLoU/Y/M0PISzT13JF44QNOBleG3bPmdX1cU2z79zaTUif6BrIXP9AGECpkgClfLIpocfOzVGngYso+Ros0DVloyk=
hAsa0O1bbUPasyBRfvJLoU/Y/M0PISzT13JF44QNOBleG3bPmdX1cU2z79zaTUif6BrIXP9AGECpkgClfLIpocfOzVGngYso+Ros0DVloyk=
/y+1bB8DFZ+LLbwAKMsqYgi5y150R4OvvGFDBN1ZGPOYu7p93mX1O0UjueVXBqaTiN0sXICWs47IMn2kWF8gjMnD4+ilu4uvezrNDFTKCXujKw==
hAsa0O1bbUPasyBRfvJLoU/Y/M0PISzT13JF44QNOBleG3bPmdX1cU2z79zaTUif6BrIXP9AGECpkgClfLIpocfOzVGngYso+Ros0DVloyk=
ncRC7LSTIOKPJM2Z4Km+kFJx9r6GWrpo0BzAQuJ/qu1AR7CTyfRqqOY6UYyBia+w4TPhjCDCJVlIZXUZHGHes/mT+TDlO2KjMA==
t8wnlS84V1NbS63uR/H/JADSkbxnAxWg6GbiIBIGOTj3Vqd4vN1WK1bL/zgsaKD259Rn5TkAd79nFJZuwzmuycPBWq2Igy//HyjTN2SjNg==
hAsa0O1bbUPasyBRfvJLoU/Y/M0PISzT13JF44QNOBleG3bPmdX1cU2z79zaTUif6BrIXP9AGECpkgClfLIpocfOzVGngYso+Ros0DVloyk=
nhVKaGh0epxoOG5YJScEk0s0JXEAZ2pkS/T770IVMvPruPJdJuGIexgzKsW+vUVzhevJPXd+tpuI1TwkoE7DRgh6zXw457AESUtzUEXjO2c7cj1UdDIZc6Mj
EJkn6plmf+vhDqDUaFw7BrWQqxNYMY6Jk34u3J/6wmSkSIrogopQG1B9+sPCe2tAsOg8DnNk842VoBtX00RiNn/50hH3ka6FpGND1wtYxw94oyo=
YXlDVZITnUkkvQf0eOAOsHMe0b5aCk5phs34RaZPxmPxMVXN1cd/UFLJyANQjjgwV+R4vPEm0Om09ml9vxr9fU/lqxTh7jzcPWGjNQ==
hAsa0O1bbUPasyBRfvJLoU/Y/M0PISzT13JF44QNOBleG3bPmdX1cU2z79zaTUif6BrIXP9AGECpkgClfLIpocfOzVGngYso+Ros0DVloyk=
ncRC7LSTIOKPJM2Z4Km+kFJx9r6GWrpo0BzAQuJ/qu1AR7CTyfRqqOY6UYyBia+w4TPhjCDCJVlIZXUZHGHes/mT+TDlO2KjMA==
Xs9PQ2GnenwwcIRQ2zv3oCEc5BIX3rqc/bKL9EKdtak9W8/kykVIh9gyqKSviNgYWfqgHew6qTl3Zi0pd8nL8InyDOglbaMx
/zyNf7KhHcoiBLUrvCTWuNxD8Q/SQKNwoP1qY5K7G6Cg6CxugyQjLQUga7djBLJWj/niMadR3iUU49O32xj3L2ijOg==
t8wnlS84V1NbS63uR/H/JADSkbxnAxWg6GbiIBIGOTj3Vqd4vN1WK1bL/zgsaKD259Rn5TkAd79nFJZuwzmuycPBWq2Igy//HyjTN2SjNg==
hAsa0O1bbUPasyBRfvJLoU/Y/M0PISzT13JF44QNOBleG3bPmdX1cU2z79zaTUif6BrIXP9AGECpkgClfLIpocfOzVGngYso+Ros0DVloyk=
/y+1bB8DFZ+LLbwAKMsqYgi5y150R4OvvGFDBN1ZGPOYu7p93mX1O0UjueVXBqaTiN0sXICWs47IMn2kWF8gjMnD4+ilu4uvezrNDFTKCXujKw==
74NTSFuqM9LwH1s6SNC1xVIUKMbUiL7AbvpMI0Sdjht+K4coJGio5h+0T9VhwA9vz7QOHku5JnlbITJ9MMP3j/cI6ydsoz4=
ncRC7LSTIOKPJM2Z4Km+kFJx9r6GWrpo0BzAQuJ/qu1AR7CTyfRqqOY6UYyBia+w4TPhjCDCJVlIZXUZHGHes/mT+TDlO2KjMA==
YxPM+mFsS13F3e/NbFp2pRoCd9gMXcbLJguvGBxokNY3lJeFqYDHHzfU5o7TOb7p84GKzXgDv1+v6IPXFKNG
YhF8FDGVdyGcEtEt3sAtOBoCd8UMXcbLJguvGB9okNY3lJeFqYDHHzfU5o7TOb7p84GKzXgDv1+v6IPXFKNG
YhF8FDGVdyGcEtEt3sAtOBoCd8UMXcbLJguvGB9okNY3lJeFqYDHHzfU5o7TOb7p84GKzXgDv1+v6IPXFKNG
u1yv5catlRNU73HEq/N9TkWjbugJOXKtuDdY89HkYajuKkls6XnXcLnjSSyYcq3ZwBWNefQxBvPBo9EQ/Stqozg=
YhF8FDGVdyGcEtEt3sAtOBoCd8UMXcbLJguvGB9okNY3lJeFqYDHHzfU5o7TOb7p84GKzXgDv1+v6IPXFKNG
u1yv5catlRNU73HEq/N9TkWjbugJOXKtuDdY89HkYajuKkls6XnXcLnjSSyYcq3ZwBWNefQxBvPBo9EQ/Stqozg=
Y3XZLPPwQ4A+EcuLKLi/9NxD8Q/SQKNtoP1qY5K7G6Cj6CxugyQjLQUga7djBLJWj/niMadR3iUU49O32xj3L2ijOg==
DmdLvIlcucPye2+SivqAUxoCd9gMXcbLJguvGB9okNY3lJeFqYDHHzfU5o7TOb7p84GKzXgDv1+v6IPXFKNG
9x//JsYI0F41OfwwiH63ztxD8Q/SQKNtoP1qY5K7G6Ci6CxugyQjLQUga7djBLJWj/niMadR3iUU49O32xj3L2ijOg==
bjpVzCCexFOTOd3/sXYwUhoCd9gMXcbLJguvGB5okNY3lJeFqYDHHzfU5o7TOb7p84GKzXgDv1+v6IPXFKNG
p98CfIl1ej9mMxue6VDRVNxD8Q/SQKNtoP1qY5K7G6Cg6CxugyQjLQUga7djBLJWj/niMadR3iUU49O32xj3L2ijOg==
t8wnlS84V1NbS63uR/H/JADSkbxnAxWg6GbiIBIGOTj3Vqd4vN1WK1bL/zgsaKD259Rn5TkAd79nFJZuwzmuycPBWq2Igy//HyjTN2SjNg==
9U7NohXQWtXCq1rJj4AziWb63hed5rcWYHx+YI1bFR4DWYLu8qhiczt86NJe6tLoeGwYYupvkq2Y9zhzcaSCqI7q6ewJOfdw2SPprHgyjdmg1S35FHEm86FjcZAda0qjGA==
VPe977ZV8nr3EAT2G2xZGMuiJQs6kp/7LRhQzqSwKWKkyAIoLETkUuZ3hs2sD3QjrQz2KHpCtTzFQcOQzTvlnAQaWZn0PZGJmOmyU1XbPUDBA36jLA==
VPe977ZV8nr3EAT2G2xZGMuiJQs6kp/7LRhQzqSwKWKkyAIoLETkUuZ3hs2sD3QjrQz2KHpCtTzFQcOQzTvlnAQaWZn0PZGJmOmyU1XbPUDBA36jLA==
YXlDVZITnUkkvQf0eOAOsHMe0b5aCk5phs34RaZPxmPxMVXN1cd/UFLJyANQjjgwV+R4vPEm0Om09ml9vxr9fU/lqxTh7jzcPWGjNQ==
nhVKaGh0epxoOG5YJScEk0s0JXEAZ2pkS/T770IVMvPruPJdJuGIexgzKsW+vUVzhevJPXd+tpuI1TwkoE7DRgh6zXw457AESUtzUEXjO2c7cj1UdDIZc6Mj
4NtFMQ5tB7vCkifAJoMmJ7+nymxRz/v0Vg8Z6urSLvE2VXjdFtemu0FplZXlHx9IYtHIG2CWWOhnvLjkQf6wcQRu6eUPgp2l/71rTNE2XMQNeaMt
4NtFMQ5tB7vCkifAJoMmJ7+nymxRz/v0Vg8Z6urSLvE2VXjdFtemu0FplZXlHx9IYtHIG2CWWOhnvLjkQf6wcQRu6eUPgp2l/71rTNE2XMQNeaMt
YXlDVZITnUkkvQf0eOAOsHMe0b5aCk5phs34RaZPxmPxMVXN1cd/UFLJyANQjjgwV+R4vPEm0Om09ml9vxr9fU/lqxTh7jzcPWGjNQ==
9U7NohXQWtXCq1rJj4AziWb63hed5rcWYHx+YI1bFR4DWYLu8qhiczt86NJe6tLoeGwYYupvkq2Y9zhzcaSCqI7q6ewJOfdw2SPprHgyjdmg1S35FHEm86FjcZAda0qjGA==
n0X3Dyk1SIpH0ceI0L7zjdJmFysAiC/JPiMmFu2/E3rJuli+3gtaHUrSrY2DwlIlaSQGQKZX4g8Ywwq1/m3l4wV7KW03TlariOXcFOAeI9aI6m2seJeQ9Ek7U6CFs5v3u+JdhLQCeUOjEw==
n0X3Dyk1SIpH0ceI0L7zjdJmFysAiC/JPiMmFu2/E3rJuli+3gtaHUrSrY2DwlIlaSQGQKZX4g8Ywwq1/m3l4wV7KW03TlariOXcFOAeI9aI6m2seJeQ9Ek7U6CFs5v3u+JdhLQCeUOjEw==
YXlDVZITnUkkvQf0eOAOsHMe0b5aCk5phs34RaZPxmPxMVXN1cd/UFLJyANQjjgwV+R4vPEm0Om09ml9vxr9fU/lqxTh7jzcPWGjNQ==
CylVhLiCA9szLBCd0zIiVWf63hed5rcWYHx+YI1bFR4DWYLu8qhiczt86NJe6tLoeGwYYupvkq2Y9zhzcaSCqI7q6ewJOfdw2SPprHgyjdmg1S35FHEm86FjcZAda0qjGA==
YXlDVZITnUkkvQf0eOAOsHMe0b5aCk5phs34RaZPxmPxMVXN1cd/UFLJyANQjjgwV+R4vPEm0Om09ml9vxr9fU/lqxTh7jzcPWGjNQ==
1IL0Lb5Zous0uauLDCtFgEo0JXEAZ2pkS/T770IVMvPruPJdJuGIexgzKsW+vUVzhevJPXd+tpuI1TwkoE7DRgh6zXw457AESUtzUEXjO2c7cj1UdDIZc6Mj
4NtFMQ5tB7vCkifAJoMmJ7+nymxRz/v0Vg8Z6urSLvE2VXjdFtemu0FplZXlHx9IYtHIG2CWWOhnvLjkQf6wcQRu6eUPgp2l/71rTNE2XMQNeaMt
4NtFMQ5tB7vCkifAJoMmJ7+nymxRz/v0Vg8Z6urSLvE2VXjdFtemu0FplZXlHx9IYtHIG2CWWOhnvLjkQf6wcQRu6eUPgp2l/71rTNE2XMQNeaMt
YXlDVZITnUkkvQf0eOAOsHMe0b5aCk5phs34RaZPxmPxMVXN1cd/UFLJyANQjjgwV+R4vPEm0Om09ml9vxr9fU/lqxTh7jzcPWGjNQ==
CylVhLiCA9szLBCd0zIiVWf63hed5rcWYHx+YI1bFR4DWYLu8qhiczt86NJe6tLoeGwYYupvkq2Y9zhzcaSCqI7q6ewJOfdw2SPprHgyjdmg1S35FHEm86FjcZAda0qjGA==
+0zp8ZnhSZ3JqbtK5jKOONJmFysAiC/JPiMmFu2/E3rIuli+3gtaHUrSrY2DwlIlaSQGQKZX4g8Ywwq1/m3l4wV7KW03TlariOXcFOAeI9aI6m2seJeQ9Ek7U6CFs5v3u+JdhLQCeUOjEw==
+0zp8ZnhSZ3JqbtK5jKOONJmFysAiC/JPiMmFu2/E3rIuli+3gtaHUrSrY2DwlIlaSQGQKZX4g8Ywwq1/m3l4wV7KW03TlariOXcFOAeI9aI6m2seJeQ9Ek7U6CFs5v3u+JdhLQCeUOjEw==
Y3XZLPPwQ4A+EcuLKLi/9NxD8Q/SQKNtoP1qY5K7G6Cj6CxugyQjLQUga7djBLJWj/niMadR3iUU49O32xj3L2ijOg==
y/x9wBqOgbtcOJw1ejYUbQDSkbxnAxWg6GbiIBIGOTj3Vqd4vN1WK1bL/zgvaKD259Rn5TkAd79nFJZuwzmuycPBWq2Igy//HyjTN2SjNg==
/LoIH89OgjovDIrmFFEGMGb63hed5rcWYHx+YI1bFR4DWYLu8qhiczt86NJe6tLoeGwYYupvkq2Y9zhzcaSBqI7q6ewJOfdw2SPprHgyjdmg1S35FHEm86FjcZAda0qjGA==
E8NM9OtH36+4Qsqm/Ja6m3Me0b5aCk5phs34RaZPxmPxMVXN1cd/UFLKyANQjjgwV+R4vPEm0Om09ml9vxr9fU/lqxTh7jzcPWGjNQ==
/LoIH89OgjovDIrmFFEGMGb63hed5rcWYHx+YI1bFR4DWYLu8qhiczt86NJe6tLoeGwYYupvkq2Y9zhzcaSBqI7q6ewJOfdw2SPprHgyjdmg1S35FHEm86FjcZAda0qjGA==
E8NM9OtH36+4Qsqm/Ja6m3Me0b5aCk5phs34RaZPxmPxMVXN1cd/UFLKyANQjjgwV+R4vPEm0Om09ml9vxr9fU/lqxTh7jzcPWGjNQ==
K61HlUCiL8icegD3fEKZYEs0JXEAZ2pkS/T770IVMvPruPJdJuGIexgzKsW+vUVzhevJPXd+tpiI1TwkoE7DRgh6zXw457AESUtzUEXjO2c7cj1UdDIZc6Mj
PimMmZHcdOD/fphjuIRefb+nymxRz/v0Vg8Z6urSLvE2VXjdFtemu0FplZXlHx9IYtLIG2CWWOhnvLjkQf6wcQRu6eUPgp2l/71rTNE2XMQNeaMt
PimMmZHcdOD/fphjuIRefb+nymxRz/v0Vg8Z6urSLvE2VXjdFtemu0FplZXlHx9IYtLIG2CWWOhnvLjkQf6wcQRu6eUPgp2l/71rTNE2XMQNeaMt
E8NM9OtH36+4Qsqm/Ja6m3Me0b5aCk5phs34RaZPxmPxMVXN1cd/UFLKyANQjjgwV+R4vPEm0Om09ml9vxr9fU/lqxTh7jzcPWGjNQ==
PfItI2BJh64XKHHpVPo8Lko0JXEAZ2pkS/T770IVMvPruPJdJuGIexgzKsW+vUVzhevJPXd+tpiI1TwkoE7DRgh6zXw457AESUtzUEXjO2c7cj1UdDIZc6Mj
PimMmZHcdOD/fphjuIRefb+nymxRz/v0Vg8Z6urSLvE2VXjdFtemu0FplZXlHx9IYtLIG2CWWOhnvLjkQf6wcQRu6eUPgp2l/71rTNE2XMQNeaMt
PimMmZHcdOD/fphjuIRefb+nymxRz/v0Vg8Z6urSLvE2VXjdFtemu0FplZXlHx9IYtLIG2CWWOhnvLjkQf6wcQRu6eUPgp2l/71rTNE2XMQNeaMt
E8NM9OtH36+4Qsqm/Ja6m3Me0b5aCk5phs34RaZPxmPxMVXN1cd/UFLKyANQjjgwV+R4vPEm0Om09ml9vxr9fU/lqxTh7jzcPWGjNQ==
/LoIH89OgjovDIrmFFEGMGb63hed5rcWYHx+YI1bFR4DWYLu8qhiczt86NJe6tLoeGwYYupvkq2Y9zhzcaSBqI7q6ewJOfdw2SPprHgyjdmg1S35FHEm86FjcZAda0qjGA==
+3Z0ODKuVQ48QA08uuWUFLLEch78735a3VPIVqmWQFLuB0IRSt61gbMuSgkJCN6slhu6w9gPUvlOgT1PZdexgYfCziQIaUSYUPK7euhGtUDI28g4ifcL7LVfQ9vbzkVohA5hT6Mf
+3Z0ODKuVQ48QA08uuWUFLLEch78735a3VPIVqmWQFLuB0IRSt61gbMuSgkJCN6slhu6w9gPUvlOgT1PZdexgYfCziQIaUSYUPK7euhGtUDI28g4ifcL7LVfQ9vbzkVohA5hT6Mf
E8NM9OtH36+4Qsqm/Ja6m3Me0b5aCk5phs34RaZPxmPxMVXN1cd/UFLKyANQjjgwV+R4vPEm0Om09ml9vxr9fU/lqxTh7jzcPWGjNQ==
PmJEMCa8CpzUuGfPL8tfdWf63hed5rcWYHx+YI1bFR4DWYLu8qhiczt86NJe6tLoeGwYYupvkq2Y9zhzcaSBqI7q6ewJOfdw2SPprHgyjdmg1S35FHEm86FjcZAda0qjGA==
4lRYk6A23iQO7mBgJT3fr8uiJQs6kp/7LRhQzqSwKWKkyAIoLETkUuZ3hs2sD3QjrQz1KHpCtTzFQcOQzTvlnAQaWZn0PZGJmOmyU1XbPUDBA36jLA==
E8NM9OtH36+4Qsqm/Ja6m3Me0b5aCk5phs34RaZPxmPxMVXN1cd/UFLKyANQjjgwV+R4vPEm0Om09ml9vxr9fU/lqxTh7jzcPWGjNQ==
C1+gbdRpLLHGWbppr5Oc9mT63hed5rcWYHx+YI1bFR4DWYLu8qhiczt86NJe6tLoeGwYYupvkq2Y9zhzcaSBqI7q6ewJOfdw2SPprHgyjdmg1S35FHEm86FjcZAda0qjGA==
E8NM9OtH36+4Qsqm/Ja6m3Me0b5aCk5phs34RaZPxmPxMVXN1cd/UFLKyANQjjgwV+R4vPEm0Om09ml9vxr9fU/lqxTh7jzcPWGjNQ==
K61HlUCiL8icegD3fEKZYEs0JXEAZ2pkS/T770IVMvPruPJdJuGIexgzKsW+vUVzhevJPXd+tpiI1TwkoE7DRgh6zXw457AESUtzUEXjO2c7cj1UdDIZc6Mj
E8NM9OtH36+4Qsqm/Ja6m3Me0b5aCk5phs34RaZPxmPxMVXN1cd/UFLKyANQjjgwV+R4vPEm0Om09ml9vxr9fU/lqxTh7jzcPWGjNQ==
PfItI2BJh64XKHHpVPo8Lko0JXEAZ2pkS/T770IVMvPruPJdJuGIexgzKsW+vUVzhevJPXd+tpiI1TwkoE7DRgh6zXw457AESUtzUEXjO2c7cj1UdDIZc6Mj
E8NM9OtH36+4Qsqm/Ja6m3Me0b5aCk5phs34RaZPxmPxMVXN1cd/UFLKyANQjjgwV+R4vPEm0Om09ml9vxr9fU/lqxTh7jzcPWGjNQ==
PmJEMCa8CpzUuGfPL8tfdWf63hed5rcWYHx+YI1bFR4DWYLu8qhiczt86NJe6tLoeGwYYupvkq2Y9zhzcaSBqI7q6ewJOfdw2SPprHgyjdmg1S35FHEm86FjcZAda0qjGA==
4lRYk6A23iQO7mBgJT3fr8uiJQs6kp/7LRhQzqSwKWKkyAIoLETkUuZ3hs2sD3QjrQz1KHpCtTzFQcOQzTvlnAQaWZn0PZGJmOmyU1XbPUDBA36jLA==
E8NM9OtH36+4Qsqm/Ja6m3Me0b5aCk5phs34RaZPxmPxMVXN1cd/UFLKyANQjjgwV+R4vPEm0Om09ml9vxr9fU/lqxTh7jzcPWGjNQ==
/LoIH89OgjovDIrmFFEGMGb63hed5rcWYHx+YI1bFR4DWYLu8qhiczt86NJe6tLoeGwYYupvkq2Y9zhzcaSBqI7q6ewJOfdw2SPprHgyjdmg1S35FHEm86FjcZAda0qjGA==
E8NM9OtH36+4Qsqm/Ja6m3Me0b5aCk5phs34RaZPxmPxMVXN1cd/UFLKyANQjjgwV+R4vPEm0Om09ml9vxr9fU/lqxTh7jzcPWGjNQ==
PmJEMCa8CpzUuGfPL8tfdWf63hed5rcWYHx+YI1bFR4DWYLu8qhiczt86NJe6tLoeGwYYupvkq2Y9zhzcaSBqI7q6ewJOfdw2SPprHgyjdmg1S35FHEm86FjcZAda0qjGA==
4lRYk6A23iQO7mBgJT3fr8uiJQs6kp/7LRhQzqSwKWKkyAIoLETkUuZ3hs2sD3QjrQz1KHpCtTzFQcOQzTvlnAQaWZn0PZGJmOmyU1XbPUDBA36jLA==
IBJ3zA6+VRUl4LKO/N8Ij6iOtx4MNoOOxn4y3J/6wmSkSIrogopQG1B9+sPCe2tAs+g8DnNk842VoBtX00RiNn/50hH3ka6FpGND1wtYxw94oyo=
E8NM9OtH36+4Qsqm/Ja6m3Me0b5aCk5phs34RaZPxmPxMVXN1cd/UFLKyANQjjgwV+R4vPEm0Om09ml9vxr9fU/lqxTh7jzcPWGjNQ==
/LoIH89OgjovDIrmFFEGMGb63hed5rcWYHx+YI1bFR4DWYLu8qhiczt86NJe6tLoeGwYYupvkq2Y9zhzcaSBqI7q6ewJOfdw2SPprHgyjdmg1S35FHEm86FjcZAda0qjGA==
E8NM9OtH36+4Qsqm/Ja6m3Me0b5aCk5phs34RaZPxmPxMVXN1cd/UFLKyANQjjgwV+R4vPEm0Om09ml9vxr9fU/lqxTh7jzcPWGjNQ==
PmJEMCa8CpzUuGfPL8tfdWf63hed5rcWYHx+YI1bFR4DWYLu8qhiczt86NJe6tLoeGwYYupvkq2Y9zhzcaSBqI7q6ewJOfdw2SPprHgyjdmg1S35FHEm86FjcZAda0qjGA==
4lRYk6A23iQO7mBgJT3fr8uiJQs6kp/7LRhQzqSwKWKkyAIoLETkUuZ3hs2sD3QjrQz1KHpCtTzFQcOQzTvlnAQaWZn0PZGJmOmyU1XbPUDBA36jLA==
E8NM9OtH36+4Qsqm/Ja6m3Me0b5aCk5phs34RaZPxmPxMVXN1cd/UFLKyANQjjgwV+R4vPEm0Om09ml9vxr9fU/lqxTh7jzcPWGjNQ==
/LoIH89OgjovDIrmFFEGMGb63hed5rcWYHx+YI1bFR4DWYLu8qhiczt86NJe6tLoeGwYYupvkq2Y9zhzcaSBqI7q6ewJOfdw2SPprHgyjdmg1S35FHEm86FjcZAda0qjGA==
E8NM9OtH36+4Qsqm/Ja6m3Me0b5aCk5phs34RaZPxmPxMVXN1cd/UFLKyANQjjgwV+R4vPEm0Om09ml9vxr9fU/lqxTh7jzcPWGjNQ==
PmJEMCa8CpzUuGfPL8tfdWf63hed5rcWYHx+YI1bFR4DWYLu8qhiczt86NJe6tLoeGwYYupvkq2Y9zhzcaSBqI7q6ewJOfdw2SPprHgyjdmg1S35FHEm86FjcZAda0qjGA==
E8NM9OtH36+4Qsqm/Ja6m3Me0b5aCk5phs34RaZPxmPxMVXN1cd/UFLKyANQjjgwV+R4vPEm0Om09ml9vxr9fU/lqxTh7jzcPWGjNQ==
C1+gbdRpLLHGWbppr5Oc9mT63hed5rcWYHx+YI1bFR4DWYLu8qhiczt86NJe6tLoeGwYYupvkq2Y9zhzcaSBqI7q6ewJOfdw2SPprHgyjdmg1S35FHEm86FjcZAda0qjGA==
E8NM9OtH36+4Qsqm/Ja6m3Me0b5aCk5phs34RaZPxmPxMVXN1cd/UFLKyANQjjgwV+R4vPEm0Om09ml9vxr9fU/lqxTh7jzcPWGjNQ==
K61HlUCiL8icegD3fEKZYEs0JXEAZ2pkS/T770IVMvPruPJdJuGIexgzKsW+vUVzhevJPXd+tpiI1TwkoE7DRgh6zXw457AESUtzUEXjO2c7cj1UdDIZc6Mj
E8NM9OtH36+4Qsqm/Ja6m3Me0b5aCk5phs34RaZPxmPxMVXN1cd/UFLKyANQjjgwV+R4vPEm0Om09ml9vxr9fU/lqxTh7jzcPWGjNQ==
PfItI2BJh64XKHHpVPo8Lko0JXEAZ2pkS/T770IVMvPruPJdJuGIexgzKsW+vUVzhevJPXd+tpiI1TwkoE7DRgh6zXw457AESUtzUEXjO2c7cj1UdDIZc6Mj
E8NM9OtH36+4Qsqm/Ja6m3Me0b5aCk5phs34RaZPxmPxMVXN1cd/UFLKyANQjjgwV+R4vPEm0Om09ml9vxr9fU/lqxTh7jzcPWGjNQ==
PfItI2BJh64XKHHpVPo8Lko0JXEAZ2pkS/T770IVMvPruPJdJuGIexgzKsW+vUVzhevJPXd+tpiI1TwkoE7DRgh6zXw457AESUtzUEXjO2c7cj1UdDIZc6Mj
E8NM9OtH36+4Qsqm/Ja6m3Me0b5aCk5phs34RaZPxmPxMVXN1cd/UFLKyANQjjgwV+R4vPEm0Om09ml9vxr9fU/lqxTh7jzcPWGjNQ==
/LoIH89OgjovDIrmFFEGMGb63hed5rcWYHx+YI1bFR4DWYLu8qhiczt86NJe6tLoeGwYYupvkq2Y9zhzcaSBqI7q6ewJOfdw2SPprHgyjdmg1S35FHEm86FjcZAda0qjGA==
E8NM9OtH36+4Qsqm/Ja6m3Me0b5aCk5phs34RaZPxmPxMVXN1cd/UFLKyANQjjgwV+R4vPEm0Om09ml9vxr9fU/lqxTh7jzcPWGjNQ==
PmJEMCa8CpzUuGfPL8tfdWf63hed5rcWYHx+YI1bFR4DWYLu8qhiczt86NJe6tLoeGwYYupvkq2Y9zhzcaSBqI7q6ewJOfdw2SPprHgyjdmg1S35FHEm86FjcZAda0qjGA==
4lRYk6A23iQO7mBgJT3fr8uiJQs6kp/7LRhQzqSwKWKkyAIoLETkUuZ3hs2sD3QjrQz1KHpCtTzFQcOQzTvlnAQaWZn0PZGJmOmyU1XbPUDBA36jLA==
4lRYk6A23iQO7mBgJT3fr8uiJQs6kp/7LRhQzqSwKWKkyAIoLETkUuZ3hs2sD3QjrQz1KHpCtTzFQcOQzTvlnAQaWZn0PZGJmOmyU1XbPUDBA36jLA==
E8NM9OtH36+4Qsqm/Ja6m3Me0b5aCk5phs34RaZPxmPxMVXN1cd/UFLKyANQjjgwV+R4vPEm0Om09ml9vxr9fU/lqxTh7jzcPWGjNQ==
/LoIH89OgjovDIrmFFEGMGb63hed5rcWYHx+YI1bFR4DWYLu8qhiczt86NJe6tLoeGwYYupvkq2Y9zhzcaSBqI7q6ewJOfdw2SPprHgyjdmg1S35FHEm86FjcZAda0qjGA==
E8NM9OtH36+4Qsqm/Ja6m3Me0b5aCk5phs34RaZPxmPxMVXN1cd/UFLKyANQjjgwV+R4vPEm0Om09ml9vxr9fU/lqxTh7jzcPWGjNQ==
PmJEMCa8CpzUuGfPL8tfdWf63hed5rcWYHx+YI1bFR4DWYLu8qhiczt86NJe6tLoeGwYYupvkq2Y9zhzcaSBqI7q6ewJOfdw2SPprHgyjdmg1S35FHEm86FjcZAda0qjGA==
E8NM9OtH36+4Qsqm/Ja6m3Me0b5aCk5phs34RaZPxmPxMVXN1cd/UFLKyANQjjgwV+R4vPEm0Om09ml9vxr9fU/lqxTh7jzcPWGjNQ==
/LoIH89OgjovDIrmFFEGMGb63hed5rcWYHx+YI1bFR4DWYLu8qhiczt86NJe6tLoeGwYYupvkq2Y9zhzcaSBqI7q6ewJOfdw2SPprHgyjdmg1S35FHEm86FjcZAda0qjGA==
E8NM9OtH36+4Qsqm/Ja6m3Me0b5aCk5phs34RaZPxmPxMVXN1cd/UFLKyANQjjgwV+R4vPEm0Om09ml9vxr9fU/lqxTh7jzcPWGjNQ==
C1+gbdRpLLHGWbppr5Oc9mT63hed5rcWYHx+YI1bFR4DWYLu8qhiczt86NJe6tLoeGwYYupvkq2Y9zhzcaSBqI7q6ewJOfdw2SPprHgyjdmg1S35FHEm86FjcZAda0qjGA==
E8NM9OtH36+4Qsqm/Ja6m3Me0b5aCk5phs34RaZPxmPxMVXN1cd/UFLKyANQjjgwV+R4vPEm0Om09ml9vxr9fU/lqxTh7jzcPWGjNQ==
K61HlUCiL8icegD3fEKZYEs0JXEAZ2pkS/T770IVMvPruPJdJuGIexgzKsW+vUVzhevJPXd+tpiI1TwkoE7DRgh6zXw457AESUtzUEXjO2c7cj1UdDIZc6Mj
E8NM9OtH36+4Qsqm/Ja6m3Me0b5aCk5phs34RaZPxmPxMVXN1cd/UFLKyANQjjgwV+R4vPEm0Om09ml9vxr9fU/lqxTh7jzcPWGjNQ==
PfItI2BJh64XKHHpVPo8Lko0JXEAZ2pkS/T770IVMvPruPJdJuGIexgzKsW+vUVzhevJPXd+tpiI1TwkoE7DRgh6zXw457AESUtzUEXjO2c7cj1UdDIZc6Mj
E8NM9OtH36+4Qsqm/Ja6m3Me0b5aCk5phs34RaZPxmPxMVXN1cd/UFLKyANQjjgwV+R4vPEm0Om09ml9vxr9fU/lqxTh7jzcPWGjNQ==
PmJEMCa8CpzUuGfPL8tfdWf63hed5rcWYHx+YI1bFR4DWYLu8qhiczt86NJe6tLoeGwYYupvkq2Y9zhzcaSBqI7q6ewJOfdw2SPprHgyjdmg1S35FHEm86FjcZAda0qjGA==
9x//JsYI0F41OfwwiH63ztxD8Q/SQKNtoP1qY5K7G6Ci6CxugyQjLQUga7djBLJWj/niMadR3iUU49O32xj3L2ijOg==
ToPEwjyji4cUg5kS7K64qwDSkbxnAxWg6GbiIBIGOTj3Vqd4vN1WK1bL/zguaKD259Rn5TkAd79nFJZuwzmuycPBWq2Igy//HyjTN2SjNg==
7ipQ4eLUeLj24aiKQsfn1Es0JXEAZ2pkS/T770IVMvPruPJdJuGIexgzKsW+vUVzhevJPXd+tpmI1TwkoE7DRgh6zXw457AESUtzUEXjO2c7cj1UdDIZc6Mj
z8kl4NEKEc5ATI1eYIakYb+nymxRz/v0Vg8Z6urSLvE2VXjdFtemu0FplZXlHx9IYtPIG2CWWOhnvLjkQf6wcQRu6eUPgp2l/71rTNE2XMQNeaMt
z8kl4NEKEc5ATI1eYIakYb+nymxRz/v0Vg8Z6urSLvE2VXjdFtemu0FplZXlHx9IYtPIG2CWWOhnvLjkQf6wcQRu6eUPgp2l/71rTNE2XMQNeaMt
eQAViGwXnKJeeA96iLCVJ3Me0b5aCk5phs34RaZPxmPxMVXN1cd/UFLLyANQjjgwV+R4vPEm0Om09ml9vxr9fU/lqxTh7jzcPWGjNQ==
mh0/k145xaERNlId8JCA00o0JXEAZ2pkS/T770IVMvPruPJdJuGIexgzKsW+vUVzhevJPXd+tpmI1TwkoE7DRgh6zXw457AESUtzUEXjO2c7cj1UdDIZc6Mj
z8kl4NEKEc5ATI1eYIakYb+nymxRz/v0Vg8Z6urSLvE2VXjdFtemu0FplZXlHx9IYtPIG2CWWOhnvLjkQf6wcQRu6eUPgp2l/71rTNE2XMQNeaMt
z8kl4NEKEc5ATI1eYIakYb+nymxRz/v0Vg8Z6urSLvE2VXjdFtemu0FplZXlHx9IYtPIG2CWWOhnvLjkQf6wcQRu6eUPgp2l/71rTNE2XMQNeaMt
eQAViGwXnKJeeA96iLCVJ3Me0b5aCk5phs34RaZPxmPxMVXN1cd/UFLLyANQjjgwV+R4vPEm0Om09ml9vxr9fU/lqxTh7jzcPWGjNQ==
bVlyVL96FmjllqXL7Cu2qWb63hed5rcWYHx+YI1bFR4DWYLu8qhiczt86NJe6tLoeGwYYupvkq2Y9zhzcaSAqI7q6ewJOfdw2SPprHgyjdmg1S35FHEm86FjcZAda0qjGA==
Lgy3avojyVvg3ch3sGiU5bLEch78735a3VPJVqiWQFLuB0IRSt61gbMuSgkJCN6slhu6w9gPUvlOgT1PZdexgYfCziUIaUSYUPK7euhGtUDI28g4ifcL7LVfQ9vbzkVohA5hT6Mf
Lgy3avojyVvg3ch3sGiU5bLEch78735a3VPJVqiWQFLuB0IRSt61gbMuSgkJCN6slhu6w9gPUvlOgT1PZdexgYfCziUIaUSYUPK7euhGtUDI28g4ifcL7LVfQ9vbzkVohA5hT6Mf
eQAViGwXnKJeeA96iLCVJ3Me0b5aCk5phs34RaZPxmPxMVXN1cd/UFLLyANQjjgwV+R4vPEm0Om09ml9vxr9fU/lqxTh7jzcPWGjNQ==
oIDS+if8INjSeumekOHKm2f63hed5rcWYHx+YI1bFR4DWYLu8qhiczt86NJe6tLoeGwYYupvkq2Y9zhzcaSAqI7q6ewJOfdw2SPprHgyjdmg1S35FHEm86FjcZAda0qjGA==
C7dsSrirDe2dLm9RkvkmdcuiJQs6kp/7LRhQzqSwKWKkyAIoLETkUuZ3hs2sD3QjrQz0KHpCtTzFQcOQzTvlnAQaWZn0PZGJmOmyU1XbPUDBA36jLA==
C7dsSrirDe2dLm9RkvkmdcuiJQs6kp/7LRhQzqSwKWKkyAIoLETkUuZ3hs2sD3QjrQz0KHpCtTzFQcOQzTvlnAQaWZn0PZGJmOmyU1XbPUDBA36jLA==
p98CfIl1ej9mMxue6VDRVNxD8Q/SQKNtoP1qY5K7G6Cg6CxugyQjLQUga7djBLJWj/niMadR3iUU49O32xj3L2ijOg==
hZ9qmGySSXEK0O30/QZ7mnAzgh/I9N327unLclA71tiXjgk8dfHUX+yC+kiVPjuQmqHVXTV3P6By2cgTcH54gLd0+CyRlhCZlOZpbZ9qPc0vdSuEAV58LB1xoyU=
hZ9qmGySSXEK0O30/QZ7mnAzgh/I9N327unLclA71tiXjgk8dfHUX+yC+kiVPjuQmqHVXTV3P6By2cgTcH54gLd0+CyRlhCZlOZpbZ9qPc0vdSuEAV58LB1xoyU=
wdhymATPhFaLuzj3uNSuEvni0G1WnfrzVkkb5r6fbrcvET/DH9G6+EpplZXlHx9IYtHIG2CWWOhnvLjkQf6wcQRu6eUPgp2l/71rTNE2XMQNeaMt
t8wnlS84V1NbS63uR/H/JADSkbxnAxWg6GbiIBIGOTj3Vqd4vN1WK1bL/zgsaKD259Rn5TkAd79nFJZuwzmuycPBWq2Igy//HyjTN2SjNg==
9U7NohXQWtXCq1rJj4AziWb63hed5rcWYHx+YI1bFR4DWYLu8qhiczt86NJe6tLoeGwYYupvkq2Y9zhzcaSCqI7q6ewJOfdw2SPprHgyjdmg1S35FHEm86FjcZAda0qjGA==
YXlDVZITnUkkvQf0eOAOsHMe0b5aCk5phs34RaZPxmPxMVXN1cd/UFLJyANQjjgwV+R4vPEm0Om09ml9vxr9fU/lqxTh7jzcPWGjNQ==
CylVhLiCA9szLBCd0zIiVWf63hed5rcWYHx+YI1bFR4DWYLu8qhiczt86NJe6tLoeGwYYupvkq2Y9zhzcaSCqI7q6ewJOfdw2SPprHgyjdmg1S35FHEm86FjcZAda0qjGA==
QA521AlxHUkyQJzHeLqnBKiOtx4MNoOOxn4y3J/6wmSkSIrogopQG1B9+sPCe2tAsOg8DnNk842VoBtX00RiNn/50hH3ka6FpGND1wtYxw94oyo=
YXlDVZITnUkkvQf0eOAOsHMe0b5aCk5phs34RaZPxmPxMVXN1cd/UFLJyANQjjgwV+R4vPEm0Om09ml9vxr9fU/lqxTh7jzcPWGjNQ==
dTHKQzn3lXfui44X4WBFT2T63hed5rcWYHx+YI1bFR4DWYLu8qhiczt86NJe6tLoeGwYYupvkq2Y9zhzcaSCqI7q6ewJOfdw2SPprHgyjdmg1S35FHEm86FjcZAda0qjGA==
YXlDVZITnUkkvQf0eOAOsHMe0b5aCk5phs34RaZPxmPxMVXN1cd/UFLJyANQjjgwV+R4vPEm0Om09ml9vxr9fU/lqxTh7jzcPWGjNQ==
nhVKaGh0epxoOG5YJScEk0s0JXEAZ2pkS/T770IVMvPruPJdJuGIexgzKsW+vUVzhevJPXd+tpuI1TwkoE7DRgh6zXw457AESUtzUEXjO2c7cj1UdDIZc6Mj
YXlDVZITnUkkvQf0eOAOsHMe0b5aCk5phs34RaZPxmPxMVXN1cd/UFLJyANQjjgwV+R4vPEm0Om09ml9vxr9fU/lqxTh7jzcPWGjNQ==
1IL0Lb5Zous0uauLDCtFgEo0JXEAZ2pkS/T770IVMvPruPJdJuGIexgzKsW+vUVzhevJPXd+tpuI1TwkoE7DRgh6zXw457AESUtzUEXjO2c7cj1UdDIZc6Mj
E8NM9OtH36+4Qsqm/Ja6m3Me0b5aCk5phs34RaZPxmPxMVXN1cd/UFLKyANQjjgwV+R4vPEm0Om09ml9vxr9fU/lqxTh7jzcPWGjNQ==
/LoIH89OgjovDIrmFFEGMGb63hed5rcWYHx+YI1bFR4DWYLu8qhiczt86NJe6tLoeGwYYupvkq2Y9zhzcaSBqI7q6ewJOfdw2SPprHgyjdmg1S35FHEm86FjcZAda0qjGA==
YXlDVZITnUkkvQf0eOAOsHMe0b5aCk5phs34RaZPxmPxMVXN1cd/UFLJyANQjjgwV+R4vPEm0Om09ml9vxr9fU/lqxTh7jzcPWGjNQ==
9U7NohXQWtXCq1rJj4AziWb63hed5rcWYHx+YI1bFR4DWYLu8qhiczt86NJe6tLoeGwYYupvkq2Y9zhzcaSCqI7q6ewJOfdw2SPprHgyjdmg1S35FHEm86FjcZAda0qjGA==
YXlDVZITnUkkvQf0eOAOsHMe0b5aCk5phs34RaZPxmPxMVXN1cd/UFLJyANQjjgwV+R4vPEm0Om09ml9vxr9fU/lqxTh7jzcPWGjNQ==
CylVhLiCA9szLBCd0zIiVWf63hed5rcWYHx+YI1bFR4DWYLu8qhiczt86NJe6tLoeGwYYupvkq2Y9zhzcaSCqI7q6ewJOfdw2SPprHgyjdmg1S35FHEm86FjcZAda0qjGA==
E8NM9OtH36+4Qsqm/Ja6m3Me0b5aCk5phs34RaZPxmPxMVXN1cd/UFLKyANQjjgwV+R4vPEm0Om09ml9vxr9fU/lqxTh7jzcPWGjNQ==
/LoIH89OgjovDIrmFFEGMGb63hed5rcWYHx+YI1bFR4DWYLu8qhiczt86NJe6tLoeGwYYupvkq2Y9zhzcaSBqI7q6ewJOfdw2SPprHgyjdmg1S35FHEm86FjcZAda0qjGA==
E8NM9OtH36+4Qsqm/Ja6m3Me0b5aCk5phs34RaZPxmPxMVXN1cd/UFLKyANQjjgwV+R4vPEm0Om09ml9vxr9fU/lqxTh7jzcPWGjNQ==
PmJEMCa8CpzUuGfPL8tfdWf63hed5rcWYHx+YI1bFR4DWYLu8qhiczt86NJe6tLoeGwYYupvkq2Y9zhzcaSBqI7q6ewJOfdw2SPprHgyjdmg1S35FHEm86FjcZAda0qjGA==
E8NM9OtH36+4Qsqm/Ja6m3Me0b5aCk5phs34RaZPxmPxMVXN1cd/UFLKyANQjjgwV+R4vPEm0Om09ml9vxr9fU/lqxTh7jzcPWGjNQ==
/LoIH89OgjovDIrmFFEGMGb63hed5rcWYHx+YI1bFR4DWYLu8qhiczt86NJe6tLoeGwYYupvkq2Y9zhzcaSBqI7q6ewJOfdw2SPprHgyjdmg1S35FHEm86FjcZAda0qjGA==
E8NM9OtH36+4Qsqm/Ja6m3Me0b5aCk5phs34RaZPxmPxMVXN1cd/UFLKyANQjjgwV+R4vPEm0Om09ml9vxr9fU/lqxTh7jzcPWGjNQ==
PmJEMCa8CpzUuGfPL8tfdWf63hed5rcWYHx+YI1bFR4DWYLu8qhiczt86NJe6tLoeGwYYupvkq2Y9zhzcaSBqI7q6ewJOfdw2SPprHgyjdmg1S35FHEm86FjcZAda0qjGA==
4lRYk6A23iQO7mBgJT3fr8uiJQs6kp/7LRhQzqSwKWKkyAIoLETkUuZ3hs2sD3QjrQz1KHpCtTzFQcOQzTvlnAQaWZn0PZGJmOmyU1XbPUDBA36jLA==
eQAViGwXnKJeeA96iLCVJ3Me0b5aCk5phs34RaZPxmPxMVXN1cd/UFLLyANQjjgwV+R4vPEm0Om09ml9vxr9fU/lqxTh7jzcPWGjNQ==
bVlyVL96FmjllqXL7Cu2qWb63hed5rcWYHx+YI1bFR4DWYLu8qhiczt86NJe6tLoeGwYYupvkq2Y9zhzcaSAqI7q6ewJOfdw2SPprHgyjdmg1S35FHEm86FjcZAda0qjGA==
eQAViGwXnKJeeA96iLCVJ3Me0b5aCk5phs34RaZPxmPxMVXN1cd/UFLLyANQjjgwV+R4vPEm0Om09ml9vxr9fU/lqxTh7jzcPWGjNQ==
oIDS+if8INjSeumekOHKm2f63hed5rcWYHx+YI1bFR4DWYLu8qhiczt86NJe6tLoeGwYYupvkq2Y9zhzcaSAqI7q6ewJOfdw2SPprHgyjdmg1S35FHEm86FjcZAda0qjGA==
6sfuXFtwx8oGqbG9DsYLX6iOtx4MNoOOxn4y3J/6wmSkSIrogopQG1B9+sPCe2tAsug8DnNk842VoBtX00RiNn/50hH3ka6FpGND1wtYxw94oyo=
C7dsSrirDe2dLm9RkvkmdcuiJQs6kp/7LRhQzqSwKWKkyAIoLETkUuZ3hs2sD3QjrQz0KHpCtTzFQcOQzTvlnAQaWZn0PZGJmOmyU1XbPUDBA36jLA==
E8NM9OtH36+4Qsqm/Ja6m3Me0b5aCk5phs34RaZPxmPxMVXN1cd/UFLKyANQjjgwV+R4vPEm0Om09ml9vxr9fU/lqxTh7jzcPWGjNQ==
/LoIH89OgjovDIrmFFEGMGb63hed5rcWYHx+YI1bFR4DWYLu8qhiczt86NJe6tLoeGwYYupvkq2Y9zhzcaSBqI7q6ewJOfdw2SPprHgyjdmg1S35FHEm86FjcZAda0qjGA==
E8NM9OtH36+4Qsqm/Ja6m3Me0b5aCk5phs34RaZPxmPxMVXN1cd/UFLKyANQjjgwV+R4vPEm0Om09ml9vxr9fU/lqxTh7jzcPWGjNQ==
PmJEMCa8CpzUuGfPL8tfdWf63hed5rcWYHx+YI1bFR4DWYLu8qhiczt86NJe6tLoeGwYYupvkq2Y9zhzcaSBqI7q6ewJOfdw2SPprHgyjdmg1S35FHEm86FjcZAda0qjGA==
4lRYk6A23iQO7mBgJT3fr8uiJQs6kp/7LRhQzqSwKWKkyAIoLETkUuZ3hs2sD3QjrQz1KHpCtTzFQcOQzTvlnAQaWZn0PZGJmOmyU1XbPUDBA36jLA==
E8NM9OtH36+4Qsqm/Ja6m3Me0b5aCk5phs34RaZPxmPxMVXN1cd/UFLKyANQjjgwV+R4vPEm0Om09ml9vxr9fU/lqxTh7jzcPWGjNQ==
/LoIH89OgjovDIrmFFEGMGb63hed5rcWYHx+YI1bFR4DWYLu8qhiczt86NJe6tLoeGwYYupvkq2Y9zhzcaSBqI7q6ewJOfdw2SPprHgyjdmg1S35FHEm86FjcZAda0qjGA==
E8NM9OtH36+4Qsqm/Ja6m3Me0b5aCk5phs34RaZPxmPxMVXN1cd/UFLKyANQjjgwV+R4vPEm0Om09ml9vxr9fU/lqxTh7jzcPWGjNQ==
PmJEMCa8CpzUuGfPL8tfdWf63hed5rcWYHx+YI1bFR4DWYLu8qhiczt86NJe6tLoeGwYYupvkq2Y9zhzcaSBqI7q6ewJOfdw2SPprHgyjdmg1S35FHEm86FjcZAda0qjGA==
PimMmZHcdOD/fphjuIRefb+nymxRz/v0Vg8Z6urSLvE2VXjdFtemu0FplZXlHx9IYtLIG2CWWOhnvLjkQf6wcQRu6eUPgp2l/71rTNE2XMQNeaMt
E8NM9OtH36+4Qsqm/Ja6m3Me0b5aCk5phs34RaZPxmPxMVXN1cd/UFLKyANQjjgwV+R4vPEm0Om09ml9vxr9fU/lqxTh7jzcPWGjNQ==
/LoIH89OgjovDIrmFFEGMGb63hed5rcWYHx+YI1bFR4DWYLu8qhiczt86NJe6tLoeGwYYupvkq2Y9zhzcaSBqI7q6ewJOfdw2SPprHgyjdmg1S35FHEm86FjcZAda0qjGA==
E8NM9OtH36+4Qsqm/Ja6m3Me0b5aCk5phs34RaZPxmPxMVXN1cd/UFLKyANQjjgwV+R4vPEm0Om09ml9vxr9fU/lqxTh7jzcPWGjNQ==
PmJEMCa8CpzUuGfPL8tfdWf63hed5rcWYHx+YI1bFR4DWYLu8qhiczt86NJe6tLoeGwYYupvkq2Y9zhzcaSBqI7q6ewJOfdw2SPprHgyjdmg1S35FHEm86FjcZAda0qjGA==
83j6xcv1uFvhWuXed6Iqy5xO2T0UzjpR4uFoCiWD5J/BQAgRG8Dxwsx4iqiktEwyPsf+DXRfTMOFHP0oclKdXP2Rm9A1i718rGrRGXyNeSnAGQoTjQtFYCkTdqMk
4lRYk6A23iQO7mBgJT3fr8uiJQs6kp/7LRhQzqSwKWKkyAIoLETkUuZ3hs2sD3QjrQz1KHpCtTzFQcOQzTvlnAQaWZn0PZGJmOmyU1XbPUDBA36jLA==
p98CfIl1ej9mMxue6VDRVNxD8Q/SQKNtoP1qY5K7G6Cg6CxugyQjLQUga7djBLJWj/niMadR3iUU49O32xj3L2ijOg==
t8wnlS84V1NbS63uR/H/JADSkbxnAxWg6GbiIBIGOTj3Vqd4vN1WK1bL/zgsaKD259Rn5TkAd79nFJZuwzmuycPBWq2Igy//HyjTN2SjNg==
RuO+hdiEF4RNlTd91U8nTg3jr8FCMifT0XJf44QNOBleG3bPmdX1cU2z79zaTUif6BrIXP9AGECpkgClfLIpocfOzVGngYso+Ros0DVloyk=
9lHIm69dKE0gc+dY4nsV9+/y0nBb0bL+Xk4E7K7Rd/5/F3GUU5CusQ91n4K4QR9IYtHIG2CWWOhnvLjkQf6wcQRu6eUPgp2l/71rTNE2XMQNeaMt
QzR4ByP07L3kw6qf5OhnqJxP2WdBjn0BuLUNDT+E95zMZggEEYG0mc9lyabt8Qs6NIniB2MCEsOFHP4oclKdXP2Rm9A1i718rGrRGXyNeSnAGQoTjQtFYCkTdqMk
zm/yZPvKM3v1cPnXvh1PbHWetKmgs5dmNp6UZt4wFiraAF5JQCafu/6ihVNeUVr7W6EcZjMrl5pcWSpHKzL64/0sBigKYmV8laFTEH3bVdw0+kmZ5B3hyWhJwtPFe22AEWNOoxw=
9TnKgI2BMfCvCp9zHcgwe7LEdwX+735a3V3PTamHX0zyBl0BF53h06Q5TlsdBZ+vzxTzzZYAXbpGi3NTb8Ds34fCzicIaUSYUPK7euhGtUDI28g4ifcL7LVfQ9vbzkVohA5hT6Mf
IlFs0U8lBU5IzEBrCRp0hQLEkLF+BBin6Gz+dVZGOT+1Uu49oNdBdgjL/zgsaKD259Rn5TkAd79nFJZuwzmuycPBWq2Igy//HyjTN2SjNg==
C+cZPNo6I/3TgBfy43V4nSYc7x4Xj/aO4fCevQeBv75gBc/kykVIh9gyqKSviNgYWfqgHew6qTl3Zi0pd8nL8InyDOglbaMx
O0vWzcedXpP4xJgdVOZK3p1P2WdBjn0BuLUNDT+E95zMZggEEYG0mc9lyabt8Qs6NIniB2MCEsOFHP4oclKdXP2Rm9A1i718rGrRGXyNeSnAGQoTjQtFYCkTdqMk
D/k1jAEYx/lWS7/+mjhrVLLEdwX+735a3V3PTamHX0zzBl0BF53h06Q5TlsdBZ+vzxTzzZYAXbpGi3NTb8Ds34fCzicIaUSYUPK7euhGtUDI28g4ifcL7LVfQ9vbzkVohA5hT6Mf
IlFs0U8lBU5IzEBrCRp0hQLEkLF+BBin6Gz+dVZGOT+1Uu49oNdBdgjL/zgsaKD259Rn5TkAd79nFJZuwzmuycPBWq2Igy//HyjTN2SjNg==
C+cZPNo6I/3TgBfy43V4nSYc7x4Xj/aO4fCevQeBv75gBc/kykVIh9gyqKSviNgYWfqgHew6qTl3Zi0pd8nL8InyDOglbaMx
laTWh5xBaQj29wCB66o6fpxP2GdBjn0BuLUNDT+E95zMZggEEYG0mc9lyabt8Qs6NIniB2MCEsOFHP4oclKdXP2Rm9A1i718rGrRGXyNeSnAGQoTjQtFYCkTdqMk
RrubLIwiJBpFR7c6RDeRFhfSAUQ25acpZc2vqYO8X5PGyMarBjMqfeXiqe6Id/VN6UbTjTXCCvXc911+LDu7YMDozC4jpEPtJSCL9wOEEhZv+cLxx9F+ZTTjs3d7mBdvSKMa
RrubLIwiJBpFR7c6RDeRFhfSAUQ25acpZc2vqYO8X5PGyMarBjMqfeXiqe6Id/VN6UbTjTXCCvXc911+LDu7YMDozC4jpEPtJSCL9wOEEhZv+cLxx9F+ZTTjs3d7mBdvSKMa
tm5EpCmnIXSC0N2CeUnNHZ5P2WdBjn0BuLUNDT+E95zMZggEEYG0mc9lyabt8Qs6NIniB2MCEsOFHP4oclKdXP2Rm9A1i718rGrRGXyNeSnAGQoTjQtFYCkTdqMk
xMQ5H+oo/usQj+PZ5zTshbLEdwX+735a3V3PTamHX0zwBl0AF53h06Q5TlsdBZ+vzxTzzZYAXbpGi3NTb8Ds34fCzicIaUSYUPK7euhGtUDI28g4ifcL7LVfQ9vbzkVohA5hT6Mf
IlFs0U8lBU5IzEBrCRp0hQLEkLF+BBin6Gz+dVZGOT+1Uu49oNdBdgjL/zgsaKD259Rn5TkAd79nFJZuwzmuycPBWq2Igy//HyjTN2SjNg==
C+cZPNo6I/3TgBfy43V4nSYc7x4Xj/aO4fCevQeBv75gBc/kykVIh9gyqKSviNgYWfqgHew6qTl3Zi0pd8nL8InyDOglbaMx
98p7C5hSh6dm5j2nZISNN+YoJypVIXMaPJkKR8vymmNdbOYoaqLF/HXhMxBdm7VcVDppmQRdQUnICSLT5bvNAPEjbqM8
Y3XZLPPwQ4A+EcuLKLi/9NxD8Q/SQKNtoP1qY5K7G6Cj6CxugyQjLQUga7djBLJWj/niMadR3iUU49O32xj3L2ijOg==
y/x9wBqOgbtcOJw1ejYUbQDSkbxnAxWg6GbiIBIGOTj3Vqd4vN1WK1bL/zgvaKD259Rn5TkAd79nFJZuwzmuycPBWq2Igy//HyjTN2SjNg==
32KBDQUhCqXeZ6BjdFE8Sg7jr8FCMifT0XJf44QNOBleG3bPmdX1cU2z79zaTkif6BrIXP9AGECpkgClfLIpocfOzVGngYso+Ros0DVloyk=
aYTdMZBPX/owrX6yJLxumO/y0nBb0bL+Xk4E7K7Rd/5/F3GUU5CusQ91n4K4Qh9IYtLIG2CWWOhnvLjkQf6wcQRu6eUPgp2l/71rTNE2XMQNeaMt
Zwm5CH69rqtpk0VngTWKg5xP2WdBjn0BuLUNDT+E95zMZggEEYG0mc9lyabt8Qs6NIniB2MCEcOFHP0oclKdXP2Rm9A1i718rGrRGXyNeSnAGQoTjQtFYCkTdqMk
XY/7WmKisgTcLHjUUQ1/zLLEdwX+735a3V3PTamHXEzyBl0BF53h06Q5TlsdBZ+vzxTzzZYAXbpGi3NTb8Ds3IfCziQIaUSYUPK7euhGtUDI28g4ifcL7LVfQ9vbzkVohA5hT6Mf
t4zU/z8Jx25XO5pVgdCcvALEkLF+BBin6Gz+dVZGOT+1Uu49oNdBdgvL/zgvaKD259Rn5TkAd79nFJZuwzmuycPBWq2Igy//HyjTN2SjNg==
MMkJdmQLoxNQMVSrA2qD/SYc7x4Xj/aO4fCevQeBv75gBs/kykZIh9gyqKSviNgYWfqgHew6qTl3Zi0pd8nL8InyDOglbaMx
7mhiKHwtJOmk+c2DtArhu51P2WdBjn0BuLUNDT+E95zMZggEEYG0mc9lyabt8Qs6NIniB2MCEcOFHP0oclKdXP2Rm9A1i718rGrRGXyNeSnAGQoTjQtFYCkTdqMk
VD/fdt1GP0OF5GRnemH0AnWetKmgs5dmNp6UZt4wFirbAF5JQCafu/6ihVNeUVr7W6EcZjMrl5pcWSpHKzL54/0sBSgKYmV8laFTEH3bVdw0+kmZ5B3hyWhJwtPFe22AEWNOoxw=
v5aeYCwbglE7I/hg/EqnhXWetKmgs5dmNp6UZt4wFSrbA15JQCafu/6ihVNeUVr7W6EcZjMrl5pcWSpHKzL54/0sBSgKYmV8laFTEH3bVdw0+kmZ5B3hyWhJwtPFe22AEWNOoxw=
QYhYJ8sCCtzh8+R8XqvVo7LEdwX+735a3V3PTamHXEzzBV0BF53h06Q5TlsdBZ+vzxTzzZYAXbpGi3NTb8Ds3IfCziQIaUSYUPK7euhGtUDI28g4ifcL7LVfQ9vbzkVohA5hT6Mf
t4zU/z8Jx25XO5pVgdCcvALEkLF+BBin6Gz+dVZGOT+1Uu49oNdBdgvL/zgvaKD259Rn5TkAd79nFJZuwzmuycPBWq2Igy//HyjTN2SjNg==
MMkJdmQLoxNQMVSrA2qD/SYc7x4Xj/aO4fCevQeBv75gBs/kykZIh9gyqKSviNgYWfqgHew6qTl3Zi0pd8nL8InyDOglbaMx
FHfynBiKN70UOCDXpZWzp55P2WdBjn0BuLUNDT+E95zMZggEEYG0mc9lyabt8Qs6NIniB2MCEcOFHP0oclKdXP2Rm9A1i718rGrRGXyNeSnAGQoTjQtFYCkTdqMk
IQ69VOkRTeO8C5Bu1j1O47LEdwX+735a3V3PTamHX0zwBl0CF53h06Q5TlsdBZ+vzxTzzZYAXbpGi3NTb8Ds3IfCziQIaUSYUPK7euhGtUDI28g4ifcL7LVfQ9vbzkVohA5hT6Mf
t4zU/z8Jx25XO5pVgdCcvALEkLF+BBin6Gz+dVZGOT+1Uu49oNdBdgvL/zgvaKD259Rn5TkAd79nFJZuwzmuycPBWq2Igy//HyjTN2SjNg==
MMkJdmQLoxNQMVSrA2qD/SYc7x4Xj/aO4fCevQeBv75gBs/kykZIh9gyqKSviNgYWfqgHew6qTl3Zi0pd8nL8InyDOglbaMx
ss29OtkG2Nau+Cpeu0sQtOYoJypVIXMaPJkKR8vymWNdbOUoaqLF/HXhMxBdm7VcVDppmQRdQUnICSLT5bvNAPEjbqM8
uSQyyq2NAncS7hq+/FP9Bw0ZNZoQXZKAeAuvGBxokNY3lJeFqYDHHzfU5o7TOb7p84GKzXgDv1+v6IPXFKNG
W1S9nIyK/YY3NoNa0tuD0UIw+sV5QbnpEcppazMsPY0FO2bltFtzsKjoJH5rRNt93WDTBzvk2qYHeWqBD/EGVeyjC+fjON8/YKMy
gT86ZH+zSJBrCDrBw5Qiz3Qe2rJaWwJ7mo/tDOMIzmm/LV/aiJl/UFLJyANQjjgwV+R4vPEm0Om09ml9vxr9fU/lqxTh7jzcPWGjNQ==
LyAHNDR2Wi+NmwM87hLn/QwBbM1w+2zc/OQCUdOxX3hCwcgLQKYYGAcsOHShjnBBJH7p9S+yXdUfLevcscYc9C1poz0=
W1S9nIyK/YY3NoNa0tuD0UIw+sV5QbnpEcppazMsPY0FO2bltFtzsKjoJH5rRNt93WDTBzvk2qYHeWqBD/EGVeyjC+fjON8/YKMy
gT86ZH+zSJBrCDrBw5Qiz3Qe2rJaWwJ7mo/tDOMIzmm/LV/aiJl/UFLJyANQjjgwV+R4vPEm0Om09ml9vxr9fU/lqxTh7jzcPWGjNQ==
9x//JsYI0F41OfwwiH63ztxD8Q/SQKNtoP1qY5K7G6Ci6CxugyQjLQUga7djBLJWj/niMadR3iUU49O32xj3L2ijOg==
ToPEwjyji4cUg5kS7K64qwDSkbxnAxWg6GbiIBIGOTj3Vqd4vN1WK1bL/zguaKD259Rn5TkAd79nFJZuwzmuycPBWq2Igy//HyjTN2SjNg==
oD1yV2dKIJCXW35x8+UAxg/jr8FCMifT0XJf44QNOBleG3bPmdX1cU2z79zaT0if6BrIXP9AGECpkgClfLIpocfOzVGngYso+Ros0DVloyk=
pBCbUkb7r4tHTTG+VhvWfO/y0nBb0bL+Xk4E7K7Rd/5/F3GUU5CusQ91n4K4Qx9IYtPIG2CWWOhnvLjkQf6wcQRu6eUPgp2l/71rTNE2XMQNeaMt
0vpVh6rBntg590/ephuAGJxP2WdBjn0BuLUNDT+E95zMZggEEYG0mc9lyabt8Qs6NIniB2MCEMOFHPwoclKdXP2Rm9A1i718rGrRGXyNeSnAGQoTjQtFYCkTdqMk
Pc5K+gImahVQNR6S3GxjlrLEdwX+735a3V3PTamHXUzzBl0BF53h06Q5TlsdBZ+vzxTzzZYAXbpGi3NTb8Ds3YfCziUIaUSYUPK7euhGtUDI28g4ifcL7LVfQ9vbzkVohA5hT6Mf
g/WZYal4u85XIR71mdicWALEkLF+BBin6Gz+dVZGOT+1Uu49oNdBdgrL/zguaKD259Rn5TkAd79nFJZuwzmuycPBWq2Igy//HyjTN2SjNg==
uIXdCCW2acCdhGrebKeZwCYc7x4Xj/aO4fCevQeBv75gB8/kykdIh9gyqKSviNgYWfqgHew6qTl3Zi0pd8nL8InyDOglbaMx
IqYrWI4ZZRJAvqy/0AScrZ1P2WdBjn0BuLUNDT+E95zMZggEEYG0mc9lyabt8Qs6NIniB2MCEMOFHPwoclKdXP2Rm9A1i718rGrRGXyNeSnAGQoTjQtFYCkTdqMk
3Nzb+lX9ULxxgW62Yji2v7LEdwX+735a3V3PTamHXUzzBV0BF53h06Q5TlsdBZ+vzxTzzZYAXbpGi3NTb8Ds3YfCziUIaUSYUPK7euhGtUDI28g4ifcL7LVfQ9vbzkVohA5hT6Mf
g/WZYal4u85XIR71mdicWALEkLF+BBin6Gz+dVZGOT+1Uu49oNdBdgrL/zguaKD259Rn5TkAd79nFJZuwzmuycPBWq2Igy//HyjTN2SjNg==
uIXdCCW2acCdhGrebKeZwCYc7x4Xj/aO4fCevQeBv75gB8/kykdIh9gyqKSviNgYWfqgHew6qTl3Zi0pd8nL8InyDOglbaMx
D4Ocrdi6d6t5Hw4yfPXq555P2WdBjn0BuLUNDT+E95zMZggEEYG0mc9lyabt8Qs6NIniB2MCEMOFHPwoclKdXP2Rm9A1i718rGrRGXyNeSnAGQoTjQtFYCkTdqMk
rC2sWv57uJ2e719mv4Q2oLLEdwX+735a3V3PTamHX0zwBl0CF53h06Q5TlsdBZ+vzxTzzZYAXbpGi3NTb8Ds3YfCziUIaUSYUPK7euhGtUDI28g4ifcL7LVfQ9vbzkVohA5hT6Mf
g/WZYal4u85XIR71mdicWALEkLF+BBin6Gz+dVZGOT+1Uu49oNdBdgrL/zguaKD259Rn5TkAd79nFJZuwzmuycPBWq2Igy//HyjTN2SjNg==
uIXdCCW2acCdhGrebKeZwCYc7x4Xj/aO4fCevQeBv75gB8/kykdIh9gyqKSviNgYWfqgHew6qTl3Zi0pd8nL8InyDOglbaMx
GjQZCCCbC9+WP03l5uW/++YoJypVIXMaPJkKR8vymGNdbOQoaqLF/HXhMxBdm7VcVDppmQRdQUnICSLT5bvNAPEjbqM8
nMARkz6JgzKqYHVEXvWk2jcZ/j0XlriG4a2JuxWc8LgkQfmrvVROksU1pKWviNgYWfqgHew6qTl3Zi0pd8nL8InyDOglbaMx
SqwZuCgdHbmIeCecfV3N/DcZ/j0XlriG4amLtRWc8LgkQfmrvVROksU1pKWviNgYWfqgHew6qTl3Zi0pd8nL8InyDOglbaMx
5dYhiMWyJYqBpi52PSqFGtApLfPf8Nk7NSXrXwRqVSEQUOPE7CwPvGprYuC/x+9xGRDGPv0zeZpdrLTx3RNnX8r/OUEyz5+/lcU8SKxX8Ch4IMw25zm3SxzYJFHo+3UtebHTuekdFC5766fLTSLJ4CalRWOgrM6txi14QmJ3kPVOczPrtLk3cBmjKay4sk3ZYFXt+dTx5vNh47GQ3euKo9g=
nsrb2fdNxawrjTarjdr9Drw4MyMAZCkOMJwHXdv6z1QTM6c1L7Pc+mHhMxBdm7VcVDppmQRdQUnICSLT5bvNAPEjbqM8
zrm/AchoURmgK1ufwoXz1OX9GLvNrOXvzHSElo/Jo04J75z3muYpfEjf6zQ7fxz4U6cmB4r9uBAyfxkFHe/Cq5kxX9tpFxgxYhfiSl8Is51St80NVQLtgIO4nfQLGyZKEYSnGPwOsE8HvtctKlE1Z0fLvqc5xxVXYTjvSY9YWMh5auANTOqp6dd2bblXGUsgqWJM+IW9o+E=
sFECPDoxf0KZiDaUHmq7vnR0yHLlZzqp8DNZkiXXDY6C2uJp0Nx1NQiXewbcTbU8R9+NH36BCNc4f8eneDksXKhQIRf5//rnuMFZrgyzj/Cx2lAVPBEE4T7TWC4sdhFVwTSRVXC1dt0MBoixHjYwbakSTI1MykbnBS88YhkyaL8C6HFxhfdKZREujInZx5tw/utO+NSmcjKpYpH7PXALf8cF2I6+7PcWY3tXPtIxGp2cFA1HmkjnsXNJ0gsfDKrfR8CvsNm05rh/HzV4jQ9dPzhgctnZ+xkW6ZIdhyMBTC7pYtCSqSJTuVyVHlvfP2r7DLjR6WPn/wraWj0KwUHfQURNO+Z2x0CMvDEZFf0Dk/JPe9Jsu8sCsMhNB2b9Gj5w9WPBIcGN1BplefxhurvPgZHiDzwxRrxjQInrujoO59qlpO4WUFy/VZZlmsbmx/gOIq++kI9Il+zPJySRma+YmbJPwkJvcHN1wi8txSU67ajTYD18u+NmIgGcx1AMtjDn1+b3JRop9Y/XU15vSf8VfzHgT8E/oBigaXKASrxSKUEHLk2xZ2GLyDn6rDD1haPJ
hPSnMQm/ASaaXjgAl3oks07IlHrxPBdZH9h1cXd04cQE/s5Ht3o+a9UE6I+0eKfLG1HFx1PrGUNZ+Jv1o+jOjx3RkexBBIlz05Owi0BNkrHb4VZecjeONOR/VvSmG3DUIM+KvLD7BXCUQwgQdoEZHTR8LViIiU4qyR9hTdrjrbxkN40N2yYSyVb20LyCFPWQ2aXJ2quJS4cgIBoWp1CfKX/Axjsai7D2VQleEldX7/talavmymmLgpdevY72vkMNXUZZRZ3pVMLqV11habA14NVZVytsWOVgqLyNWIN/IEe2JUu16m2g2gknJz3PbMZoNRT1Kz93CI+DiJJ90AoAo/GrqcnTpKNZymK/0fKWlL9POAmwnoZ54TmPZXeEXJkr1J+usc+XvQBXcvUcDIXcO2MkjuSHbGnm1vg0Zq9Tqnfy+DKNONhODSYeC9LnShNV7E/thbjvvk26bEsKo7O+/YW7sbBtPn8C5bL/OVZEHa7PTjjc0NGbJE9L/pNlCWvBttEdNVUp3cJXzzu66IY1gMgUSPiJt4ustR/Dm9uOxaiEzuGPo98=
rENS8kJdmgqAwkZ0kt0/7khNB3pjCO3AHqut5w58eMOOHALYehQ1Dn6tVFULemI7hBUV8+D97/NS0OMyQP+04T4QY1Z6JiFpAnhuRHYRNW4/rndglbh/EfwZBEccegxfVKB2KW85BOYmYXMQnRv1XJu7KZjE3QFJiIni06U7DQCxo66j/A==
NBqiIFCnNcJeFdr529UI95CJjG8AKESQ1BMzpcfq6NTqU3Ie9c1vvPCuaDdrbqnEuHeLbOu3X4NlRAYfmvW4KEJX+d1NpwJTKVn/Q/mfmImSv4ISj8Dz5WJf7RVFCu2485B9LFtT5rKh7AeAbIYw9/cWt3X6mXUfdyOevynPFW8REA+R3xCYMMkCQJrdYihRJ94N4YfRC1iZimzglbWj2Q==
7lMw9Dquu4ib0Cxd3wb/DxHzvX3RaZ1D0W31OHbi9yEh91UWHUKZ+95T+1roJnWgSHQJWIgXS0w1PwM72+6FyATuIW+jPw==
td412lCXH6EImUtvatdJE5dL9hjdVqMgvPd3Yo2GG//n+zp1gj4wLQUga7djBL1Xj/jiMadR3iUU49O32xj3L2ijOg==
KRDo+AG3hXIEG3n/ST6/UUhNB3pjCO3AHqut5w58eMOOHALYehQ1Dn6tVFULemI7hBUV8+D97/NS0OMyQP+04T4QY1Z6JiFpAnhuRHYRNW4/rndglbh/EfwZBEccegxfVKB2KW85BOYmYXMQnRv1XJu7KZ7E3QFJiIni06U7DQCxo66j/A==
iO/ncwNdPE7O3GH3mky+HJCJjG8AKESQ1BMzpcfq6NTqU3Ie9c1vvPCuaDdrbqnEuHeLbOu3X4NlRAYfmvW4KEJX+d1NpwJTKVn/Q/mfmImSv4ISj8Dz5WJf7RVFCu2485B9LFtT5rKh7AeAbIYw9/cWt3X6mXUfdyOevynPFW8REA+R3xCYMMkCQJrdYi5RJ94N4YfRC1iZimzglbWj2Q==
mZcY4Pm80EwVXNbz9Vgh4hHzvX3RaZ1D0W31OHbi9yEh91UWHUKZ+95T+1roJnWgSHQJWI4XS0w1PwM72+6FyATuIW+jPw==
DYMrvigv8cXfaxe0L3Ljt5dL9hjdVqMgvPd3Yo2GG//n+zp1gj4wLQUga7djBL1Xj/7iMadR3iUU49O32xj3L2ijOg==
BD9H/lK5iqmlyil6P4PEhA0ZNZoQXZKAeAuvGBxokNY3lJeFqYDHHzfU4orTPL7p84GKzXgDv1+v6IPXFKNG
rPTGXPZ+KK3c9vR7/+6srUIw+sV5QbnpEcppazMsPY0FO2bltFtzsKjoJH5rRNt93WDTBzvk3aEHfGqBD/EGVeyjC+fjON8/YKMy
BRsbEIU2XVv6d3nOuYNdEHQe2rJaWwJ7mo/tDOMIzmm/LV/aiJl/UFLJyANQjjgwV+R4vPEm0Oez9mx9vxr9fU/lqxTh7jzcPWGjNQ==
lEaIpTNrfZFefxlPngf0WuYoJypVIXMaPJkKR8vymmNdbOYoaqLF/HXhMxBdm7VcUTxpnARdQUnICSLT5bvNAPEjbqM8
58ljRRRuHApuPUc0YZpzAonG1A1AybJDZVzeKFKS/dxd0XvQFUsd/M2s8RyczdmpoNlqE61LpeCJ0xajRA==
rUf9juCYzXGf0sJaFxgaP0Iw+sV5QbnpEcppazMsPY0FO2b4tFtzsKjoJH5rRNt93WDTBzvk3qcHfGqBD/EGVeyjC+fjON8/YKMy
DJKWbBbs5Hk2uDfe+iS980hNB3pjCO3AHqut5w58eMOOHALYehQ1Dn6tVFULemI7hBUV8+D97/NS0OMyQP+04T4QY1Z6JiFpAnhuRHYRNW4/rndglbh/EfwZBEccegxfVKB2KW85BOYmYXMQnRv1XJu7KZzE3QFJiIni06U7DQCxo66j/A==
HsBpCcuqHwB/8Zeyzhq7/ZCJjG8AKESQ1BMzpcfq6NTqU3Ie9c1vvPCuaDdrbqnEuHeLbOu3X4NlRAYfmvW4KEJX+d1NpwJTKVn/Q/mfmImSv4ISj8Dz5WJf7RVFCu2485B9LFtT5rKh7AeAbIYw9/cWt3X6mXUfdyOevynPFW8REA+R3xCYMMkCQJrdYixRJ94N4YfRC1iZimzglbWj2Q==
wJWtAGZ8yY9a4KsX1rlq8hHzvX3RaZ1D0W31OHbi9yEh91UWHUKZ+95T+1roJnWgSHQJWIwXS0w1PwM72+6FyATuIW+jPw==
CZOpcHCzyjQvH4rCavMqkpdL9hjdVqMgvPd3Yo2GG//n+zp1gj4wLQUga7djBL1Xj/ziMadR3iUU49O32xj3L2ijOg==
2OMXGiBg8o11Wu/luOw5wQ0ZNZoQXZKAeAuvGBxokNY3lJeFqYDHHzfU4ovTM77p84GKzXgDv1+v6IPXFKNG
dKGXjYb6a9XuqZuiXuzM4kIw+sV5QbnpEcppazMsPY0FO2bltFtzsKjoJH5rRNt93WDTBzvk36IHc2qBD/EGVeyjC+fjON8/YKMy
1ct5hWK5f5dhu/huYOLkc3Qe2rJaWwJ7mo/tDOMIzmm/LV/aiJl/UFLJyANQjjgwV+R4vPEm0Oaz9mN9vxr9fU/lqxTh7jzcPWGjNQ==
zqNCi04e0wvi35Doll4GBUhNB3pjCO3AHqut5w58eMOOHALYehQ1Dn6tVFULemI7hBUV8+D97/NS0OMyQP+04T4QY1Z6JiFpAnhuRHYRNW4/rndglbh/EfwZBEccegxfVKB2KW85BOYmYXMQnRv1XJu7KZLE3QFJiIni06U7DQCxo66j/A==
R3Thsg+lVTR1z8Ort09ki5CJjG8AKESQ1BMzpcfq6NTqU3Ie9c1vvPCuaDdrbqnEuHeLbOu3X4NlRAYfmvW4KEJX+d1NpwJTKVn/Q/mfmImSv4ISj8Dz5WJf7RVFCu2485B9LFtT5rKh7AeAbIYw9/cWt3X6mXUfdyOevynPFW8REA+R3xCYMMkCQJrdYiJRJ94N4YfRC1iZimzglbWj2Q==
QH5YolNhZ5pIEydoZEE3xBHzvX3RaZ1D0W31OHbi9yEh91UWHUKZ+95T+1roJnWgSHQJWIIXS0w1PwM72+6FyATuIW+jPw==
U2aLRDTize2/YNFRAKYYF5dL9hjdVqMgvPd3Yo2GG//n+zp1gj4wLQUga7djBL1Xj/LiMadR3iUU49O32xj3L2ijOg==
A/DACujJS1ejT63FZZa55UhNB3pjCO3AHqut5w58eMOOHALYehQ1Dn6tVFULemI7hBUV8+D97/NS0OMyQP+04T4QY1Z6JiFpAnhuRHYRNW4/rndglbh/EfwZBEccegxfVKB2KW85BOYmYXMQnRv1XJu7KZrB3QBJiIni06U7DQCxo66j/A==
cYroDQy1u4p/ZaIUBVPNS5CJjG8AKESQ1BMzpcfq6NTqU3Ie9c1vvPCuaDdrbqnEuHeLbOu3X4NlRAYfmvW4KEJX+d1NpwJTKVn/Q/mfmImSv4ISj8Dz5WJf7RVFCu2485B9LFtT5rKh7AeAbIYw9/cWt3X6mXUfdyOevynPFW8REA+R3xCYMMkCQJrdYipUJ98N4YfRC1iZimzglbWj2Q==
fV5d/JGMWzzhuvkYs+4UFhHzvX3RaZ1D0W31OHbi9yEh91UWHUKZ+95T+1roJnWgSHQJWIoSS001PwM72+6FyATuIW+jPw==
4QaR2jkz8W1rLFdj68I3x5dL9hjdVqMgvPd3Yo2GG//n+zp1gj4wLQUga7djBL1Xj/rnMaZR3iUU49O32xj3L2ijOg==
O3iUYyMo6rSpKM6XgPomgg8S6KhKIC7FutF26U2uR+amswN7r6hcJyeaHg8IQZTA8AoLEihuxXgohJnQCJrbNdVns/ObJvUQJNYxZ6M3
UNacElQTdU7lDhvVNvayzkhNB3pjCO3AHqut5w58eMOOHALYehQ1Dn6tVFULemI7hBUV8+D97/NS0OMyQP+04T4QY1Z6JiFpAnhuRHYRNW4/rndglbh/EfwZBEccegxfVKB2KW85BOYmYXMQnRv1XJu7KZjB3QBJiIni06U7DQCxo66j/A==
dKOuoupkqfTIFFyfYe1oGZCJjG8AKESQ1BMzpcfq6NTqU3Ie9c1vvPCuaDdrbqnEuHeLbOu3X4NlRAYfmvW4KEJX+d1NpwJTKVn/Q/mfmImSv4ISj8Dz5WJf7RVFCu2485B9LFtT5rKh7AeAbIYw9/cWt3X6mXUfdyOevynPFW8REA+R3xCYMMkCQJrdYihUJ98N4YfRC1iZimzglbWj2Q==
FfoU2beRlZKMZSR5+30g9xHzvX3RaZ1D0W31OHbi9yEh91UWHUKZ+95T+1roJnWgSHQJWIgSS001PwM72+6FyATuIW+jPw==
fux/Vjri8rbbbrDeYv0TYpdL9hjdVqMgvPd3Yo2GG//n+zp1gj4wLQUga7djBL1Xj/jnMaZR3iUU49O32xj3L2ijOg==
bzrz31owC2mOJu18Dbwjv0YS6KhKIC7FutF26U2uR+amswN7r6hcJyeaHg8IQZTA8AoLEihuxXgogZjQCJrbNdVns/ObJvUQJNYxZ6M3
3X/qWFvi9YohwYfoOxtkR9eiMxw9mYyrfQIZ0qOweC621EA9ZQGjWuw5mse7UiojrQz2KHpCtTzFQcOQzTvlnAQeWZ/xPZCJmOmyU1XbPUDBA36jLA==
q8jLOBPRWng1qjh9EpqeSEhNB3pjCO3AHqut5w58eMOOHALYehQ1Dn6tVFULemI7hBUV8+D97/NS0OMyQP+04T4QY1Z6JiFpAnhuRHYRNW4/rndglbh/EfwZBEccegxfVKB2KW85BOYmYXMQnRv1XJu7KZ7B3QBJiIni06U7DQCxo66j/A==
N91tPZ823a4pFQpS1Ux5XZCJjG8AKESQ1BMzpcfq6NTqU3Ie9c1vvPCuaDdrbqnEuHeLbOu3X4NlRAYfmvW4KEJX+d1NpwJTKVn/Q/mfmImSv4ISj8Dz5WJf7RVFCu2485B9LFtT5rKh7AeAbIYw9/cWt3X6mXUfdyOevynPFW8REA+R3xCYMMkCQJrdYi5UJ98N4YfRC1iZimzglbWj2Q==
/QsnXS0flXl5pwzZ/HTMjxHzvX3RaZ1D0W31OHbi9yEh91UWHUKZ+95T+1roJnWgSHQJWI4SS001PwM72+6FyATuIW+jPw==
XmaBJ+3vj4rzFphX8hGFnpdL9hjdVqMgvPd3Yo2GG//n+zp1gj4wLQUga7djBL1Xj/7nMaZR3iUU49O32xj3L2ijOg==
yXbKDJBtAjkdaRmMNFyTVxk4/L7SDPx9mVmHSugxtudXGu6TyfRqqOY6UYyBia+w4TPhjCDGJVxNZXQZHGHes/mT+TDlO2KjMA==
EckoFn5dyxNIaVQ79dF7rRk4/L7SDPx9mVmHSugxtudXGu6TyfRqqOY6UYyBia+w4TPhjC7GJVxNZXQZHGHes/mT+TDlO2KjMA==
+UC5fft986GfQAAOeOE3h20H8g9Cw63Iq/SevQeBv75gBc/kykVIh9gyqKSviNgYWfqgHus6rDx3Zy0pd8nL8InyDOglbaMx
zgeg8kRtgaTShxf6kqA4dBk4/L7SDPx9mVmHSugxtudXGu6TyfRqqOY6UYyBia+w4TPhjCXEJVxNZXQZHGHes/mT+TDlO2KjMA==
SX4/O2fT5VNibHj59iPGIUhNB3pjCO3AHqut5w58eMOOHALYehQ1Dn6tVFULemI7hBUV8+D97/NS0OMyQP+04T4QY1Z6JiFpAnhuRHYRNW4/rndglbh/EfwZBEccegxfVKB2KW85BOYmYXMQnRv1XJu7KZzB3QBJiIni06U7DQCxo66j/A==
eCmJFrM254ioD0Np7uvTLZCJjG8AKESQ1BMzpcfq6NTqU3Ie9c1vvPCuaDdrbqnEuHeLbOu3X4NlRAYfmvW4KEJX+d1NpwJTKVn/Q/mfmImSv4ISj8Dz5WJf7RVFCu2485B9LFtT5rKh7AeAbIYw9/cWt3X6mXUfdyOevynPFW8REA+R3xCYMMkCQJrdYixUJ98N4YfRC1iZimzglbWj2Q==
dfszuaT8kFtk5LSaTmObpRHzvX3RaZ1D0W31OHbi9yEh91UWHUKZ+95T+1roJnWgSHQJWIwSS001PwM72+6FyATuIW+jPw==
BcmtQwytcTZMgX8gU745j5dL9hjdVqMgvPd3Yo2GG//n+zp1gj4wLQUga7djBL1Xj/znMaZR3iUU49O32xj3L2ijOg==
7dhxBidqZ63w0JlcVeg8XUhNB3pjCO3AHqut5w58eMOOHALYehQ1Dn6tVFULemI7hBUV8+D97/NS0OMyQP+04T4QY1Z6JiFpAnhuRHYRNW4/rndglbh/EfwZBEccegxfVKB2KW85BOYmYXMQnRv1XJu7KZLB3QBJiIni06U7DQCxo66j/A==
pqyKbdWeKuT1F0T8JAqUk5CJjG8AKESQ1BMzpcfq6NTqU3Ie9c1vvPCuaDdrbqnEuHeLbOu3X4NlRAYfmvW4KEJX+d1NpwJTKVn/Q/mfmImSv4ISj8Dz5WJf7RVFCu2485B9LFtT5rKh7AeAbIYw9/cWt3X6mXUfdyOevynPFW8REA+R3xCYMMkCQJrdYiJUJ98N4YfRC1iZimzglbWj2Q==
TazFRAdwinaPwVnNsTIKgRHzvX3RaZ1D0W31OHbi9yEh91UWHUKZ+95T+1roJnWgSHQJWIISS001PwM72+6FyATuIW+jPw==
jBNtotFary52vhyVs3HEYZdL9hjdVqMgvPd3Yo2GG//n+zp1gj4wLQUga7djBL1Xj/LnMaZR3iUU49O32xj3L2ijOg==
WVfKx0KSLY3LeK+0PRNaYkhNB3pjCO3AHqut5w58eMOOHALYehQ1Dn6tVFULemI7hBUV8+D97/NS0OMyQP+04T4QY1Z6JiFpAnhuRHYRNW4/rndglbh/EfwZBEccegxfVKB2KW85BOYmYXMQnRv1XJu7KZrA3QBJiIni06U7DQCxo66j/A==
RAU0dYYtkH3hPLDrZINw+5CJjG8AKESQ1BMzpcfq6NTqU3Ie9c1vvPCuaDdrbqnEuHeLbOu3X4NlRAYfmvW4KEJX+d1NpwJTKVn/Q/mfmImSv4ISj8Dz5WJf7RVFCu2485B9LFtT5rKh7AeAbIYw9/cWt3X6mXUfdyOevynPFW8REA+R3xCYMMkCQJrdYipVJ98N4YfRC1iZimzglbWj2Q==
w+Saatr+UsJDAH5eMjZmFxHzvX3RaZ1D0W31OHbi9yEh91UWHUKZ+95T+1roJnWgSHQJWIoTS001PwM72+6FyATuIW+jPw==
49bbdsa8pwXsQJZYjewmr5dL9hjdVqMgvPd3Yo2GG//n+zp1gj4wLQUga7djBL1Xj/rmMaZR3iUU49O32xj3L2ijOg==
Yy0kUcHnMZ0FoGGrAaoJHUhNB3pjCO3AHqut5w58eMOOHALYehQ1Dn6tVFULemI7hBUV8+D97/NS0OMyQP+04T4QY1Z6JiFpAnhuRHYRNW4/rndglbh/EfwZBEccegxfVKB2KW85BOYmYXMQnRv1XJu7KZjA3QBJiIni06U7DQCxo66j/A==
BXrygNq68lKWUyYqqbV7aJCJjG8AKESQ1BMzpcfq6NTqU3Ie9c1vvPCuaDdrbqnEuHeLbOu3X4NlRAYfmvW4KEJX+d1NpwJTKVn/Q/mfmImSv4ISj8Dz5WJf7RVFCu2485B9LFtT5rKh7AeAbIYw9/cWt3X6mXUfdyOevynPFW8REA+R3xCYMMkCQJrdYihVJ98N4YfRC1iZimzglbWj2Q==
wI6kijA3nGP2ZNyhjv5fTRHzvX3RaZ1D0W31OHbi9yEh91UWHUKZ+95T+1roJnWgSHQJWIgTS001PwM72+6FyATuIW+jPw==
7gJFGzxhKLVwq3HVUOkvGJdL9hjdVqMgvPd3Yo2GG//n+zp1gj4wLQUga7djBL1Xj/jmMaZR3iUU49O32xj3L2ijOg==
DQOpQcJkkAHwTTQ8nu4c/0hNB3pjCO3AHqut5w58eMOOHALYehQ1Dn6tVFULemI7hBUV8+D97/NS0OMyQP+04T4QY1Z6JiFpAnhuRHYRNW4/rndglbh/EfwZBEccegxfVKB2KW85BOYmYXMQnRv1XJu7KZ7A3QBJiIni06U7DQCxo66j/A==
6QPxM74ImoTfV65L/Ak3wpCJjG8AKESQ1BMzpcfq6NTqU3Ie9c1vvPCuaDdrbqnEuHeLbOu3X4NlRAYfmvW4KEJX+d1NpwJTKVn/Q/mfmImSv4ISj8Dz5WJf7RVFCu2485B9LFtT5rKh7AeAbIYw9/cWt3X6mXUfdyOevynPFW8REA+R3xCYMMkCQJrdYi5VJ98N4YfRC1iZimzglbWj2Q==
5AYiTZN1BDCb2HZPIjvBlRHzvX3RaZ1D0W31OHbi9yEh91UWHUKZ+95T+1roJnWgSHQJWI4TS001PwM72+6FyATuIW+jPw==
cslm0lB4TJeIvwM++xwijJdL9hjdVqMgvPd3Yo2GG//n+zp1gj4wLQUga7djBL1Xj/7mMaZR3iUU49O32xj3L2ijOg==
vr2lDb8CTCRW2wYa3OjUREhNB3pjCO3AHqut5w58eMOOHALYehQ1Dn6tVFULemI7hBUV8+D97/NS0OMyQP+04T4QY1Z6JiFpAnhuRHYRNW4/rndglbh/EfwZBEccegxfVKB2KW85BOYmYXMQnRv1XJu7KZzA3QBJiIni06U7DQCxo66j/A==
+EUrJ6EVA7mgCqTOsEzsLZCJjG8AKESQ1BMzpcfq6NTqU3Ie9c1vvPCuaDdrbqnEuHeLbOu3X4NlRAYfmvW4KEJX+d1NpwJTKVn/Q/mfmImSv4ISj8Dz5WJf7RVFCu2485B9LFtT5rKh7AeAbIYw9/cWt3X6mXUfdyOevynPFW8REA+R3xCYMMkCQJrdYixVJ98N4YfRC1iZimzglbWj2Q==
YTtgCh8BARt2pFockCHbUxHzvX3RaZ1D0W31OHbi9yEh91UWHUKZ+95T+1roJnWgSHQJWIwTS001PwM72+6FyATuIW+jPw==
AIzyPuK/9W+84VeUjrkzUZdL9hjdVqMgvPd3Yo2GG//n+zp1gj4wLQUga7djBL1Xj/zmMaZR3iUU49O32xj3L2ijOg==
YqEkL7pB8YU6uQbDZgzM4UhNB3pjCO3AHqut5w58eMOOHALYehQ1Dn6tVFULemI7hBUV8+D97/NS0OMyQP+04T4QY1Z6JiFpAnhuRHYRNW4/rndglbh/EfwZBEccegxfVKB2KW85BOYmYXMQnRv1XJu7KZLA3QBJiIni06U7DQCxo66j/A==
Ky5kj5JaToLgQTB6HH4DVZCJjG8AKESQ1BMzpcfq6NTqU3Ie9c1vvPCuaDdrbqnEuHeLbOu3X4NlRAYfmvW4KEJX+d1NpwJTKVn/Q/mfmImSv4ISj8Dz5WJf7RVFCu2485B9LFtT5rKh7AeAbIYw9/cWt3X6mXUfdyOevynPFW8REA+R3xCYMMkCQJrdYiJVJ98N4YfRC1iZimzglbWj2Q==
GpZ5gFki9sJMu+Jp07ywXxHzvX3RaZ1D0W31OHbi9yEh91UWHUKZ+95T+1roJnWgSHQJWIITS001PwM72+6FyATuIW+jPw==
5Gi+/Ml9Hw2aerL0axp6VJdL9hjdVqMgvPd3Yo2GG//n+zp1gj4wLQUga7djBL1Xj/LmMaZR3iUU49O32xj3L2ijOg==
LY8V3Qju3zX3SdN28YXkP0hNB3pjCO3AHqut5w58eMOOHALYehQ1Dn6tVFULemI7hBUV8+D97/NS0OMyQP+04T4QY1Z6JiFpAnhuRHYRNW4/rndglbh/EfwZBEccegxfVKB2KW85BOYmYXMQnRv1XJu7KZrD3QBJiIni06U7DQCxo66j/A==
vBgRMDIse4vQnzed2PqJYZCJjG8AKESQ1BMzpcfq6NTqU3Ie9c1vvPCuaDdrbqnEuHeLbOu3X4NlRAYfmvW4KEJX+d1NpwJTKVn/Q/mfmImSv4ISj8Dz5WJf7RVFCu2485B9LFtT5rKh7AeAbIYw9/cWt3X6mXUfdyOevynPFW8REA+R3xCYMMkCQJrdYipWJ98N4YfRC1iZimzglbWj2Q==
BOClRvnP5Lp0sl18o5kk0RHzvX3RaZ1D0W31OHbi9yEh91UWHUKZ+95T+1roJnWgSHQJWIoQS001PwM72+6FyATuIW+jPw==
iaUe5AxyK+cLhkLJQvvkrJdL9hjdVqMgvPd3Yo2GG//n+zp1gj4wLQUga7djBL1Xj/rlMaZR3iUU49O32xj3L2ijOg==
XlAsZQzpEx5HNgQusDE9Z0hNB3pjCO3AHqut5w58eMOOHALYehQ1Dn6tVFULemI7hBUV8+D97/NS0OMyQP+04T4QY1Z6JiFpAnhuRHYRNW4/rndglbh/EfwZBEccegxfVKB2KW85BOYmYXMQnRv1XJu7KZjD3QBJiIni06U7DQCxo66j/A==
U2/EtQyqjfjw/u4hr/pNs5CJjG8AKESQ1BMzpcfq6NTqU3Ie9c1vvPCuaDdrbqnEuHeLbOu3X4NlRAYfmvW4KEJX+d1NpwJTKVn/Q/mfmImSv4ISj8Dz5WJf7RVFCu2485B9LFtT5rKh7AeAbIYw9/cWt3X6mXUfdyOevynPFW8REA+R3xCYMMkCQJrdYihWJ98N4YfRC1iZimzglbWj2Q==
4wbwl0aVXOq1pbGQ8ZNg/hHzvX3RaZ1D0W31OHbi9yEh91UWHUKZ+95T+1roJnWgSHQJWIgQS001PwM72+6FyATuIW+jPw==
E+EoXhI7JG1MsSfZxx+DiZdL9hjdVqMgvPd3Yo2GG//n+zp1gj4wLQUga7djBL1Xj/jlMaZR3iUU49O32xj3L2ijOg==
39uGsTIpaStuNj57a2Ihr0hNB3pjCO3AHqut5w58eMOOHALYehQ1Dn6tVFULemI7hBUV8+D97/NS0OMyQP+04T4QY1Z6JiFpAnhuRHYRNW4/rndglbh/EfwZBEccegxfVKB2KW85BOYmYXMQnRv1XJu7KZ7D3QBJiIni06U7DQCxo66j/A==
5U19CRbwiLOtWL2u0CQLhZCJjG8AKESQ1BMzpcfq6NTqU3Ie9c1vvPCuaDdrbqnEuHeLbOu3X4NlRAYfmvW4KEJX+d1NpwJTKVn/Q/mfmImSv4ISj8Dz5WJf7RVFCu2485B9LFtT5rKh7AeAbIYw9/cWt3X6mXUfdyOevynPFW8REA+R3xCYMMkCQJrdYi5WJ98N4YfRC1iZimzglbWj2Q==
RXE5cvn+AtBWhvaWmVoj+hHzvX3RaZ1D0W31OHbi9yEh91UWHUKZ+95T+1roJnWgSHQJWI4QS001PwM72+6FyATuIW+jPw==
Zb4HgBTzDdeDyJQ82OTMqpdL9hjdVqMgvPd3Yo2GG//n+zp1gj4wLQUga7djBL1Xj/7lMaZR3iUU49O32xj3L2ijOg==
hTlKeeTV1tSiVt8+vrbGrEhNB3pjCO3AHqut5w58eMOOHALYehQ1Dn6tVFULemI7hBUV8+D97/NS0OMyQP+04T4QY1Z6JiFpAnhuRHYRNW4/rndglbh/EfwZBEccegxfVKB2KW85BOYmYXMQnRv1XJu7KZzD3QBJiIni06U7DQCxo66j/A==
9XDo/6KC9pqIrTbN7PRKtJCJjG8AKESQ1BMzpcfq6NTqU3Ie9c1vvPCuaDdrbqnEuHeLbOu3X4NlRAYfmvW4KEJX+d1NpwJTKVn/Q/mfmImSv4ISj8Dz5WJf7RVFCu2485B9LFtT5rKh7AeAbIYw9/cWt3X6mXUfdyOevynPFW8REA+R3xCYMMkCQJrdYixWJ98N4YfRC1iZimzglbWj2Q==
uLJarfgbRWNl1n4JjpNQ0RHzvX3RaZ1D0W31OHbi9yEh91UWHUKZ+95T+1roJnWgSHQJWIwQS001PwM72+6FyATuIW+jPw==
Vecen/d1mLG/1pziEfXUAJdL9hjdVqMgvPd3Yo2GG//n+zp1gj4wLQUga7djBL1Xj/zlMaZR3iUU49O32xj3L2ijOg==
UCseS2JOUPrYMfUAJZqKDkhNB3pjCO3AHqut5w58eMOOHALYehQ1Dn6tVFULemI7hBUV8+D97/NS0OMyQP+04T4QY1Z6JiFpAnhuRHYRNW4/rndglbh/EfwZBEccegxfVKB2KW85BOYmYXMQnRv1XJu7KZLD3QBJiIni06U7DQCxo66j/A==
C4wpoibFqh0mCv+/GcvUg5CJjG8AKESQ1BMzpcfq6NTqU3Ie9c1vvPCuaDdrbqnEuHeLbOu3X4NlRAYfmvW4KEJX+d1NpwJTKVn/Q/mfmImSv4ISj8Dz5WJf7RVFCu2485B9LFtT5rKh7AeAbIYw9/cWt3X6mXUfdyOevynPFW8REA+R3xCYMMkCQJrdYiJWJ98N4YfRC1iZimzglbWj2Q==
qy/r+STr0VHVVD4HUsRxQxHzvX3RaZ1D0W31OHbi9yEh91UWHUKZ+95T+1roJnWgSHQJWIIQS001PwM72+6FyATuIW+jPw==
uzODtURqUNAX4WJDxUeYc5dL9hjdVqMgvPd3Yo2GG//n+zp1gj4wLQUga7djBL1Xj/LlMaZR3iUU49O32xj3L2ijOg==
0cqcy8B2/Q6R/NzrjcGArUhNB3pjCO3AHqut5w58eMOOHALYehQ1Dn6tVFULemI7hBUV8+D97/NS0OMyQP+04T4QY1Z6JiFpAnhuRHYRNW4/rndglbh/EfwZBEccegxfVKB2KW85BOYmYXMQnRv1XJu7KZrC3QBJiIni06U7DQCxo66j/A==
CxY2EEXDKivxaVyBM9+qBZCJjG8AKESQ1BMzpcfq6NTqU3Ie9c1vvPCuaDdrbqnEuHeLbOu3X4NlRAYfmvW4KEJX+d1NpwJTKVn/Q/mfmImSv4ISj8Dz5WJf7RVFCu2485B9LFtT5rKh7AeAbIYw9/cWt3X6mXUfdyOevynPFW8REA+R3xCYMMkCQJrdYipXJ98N4YfRC1iZimzglbWj2Q==
jRZ6mpE/31rZqb/YyEYHTxHzvX3RaZ1D0W31OHbi9yEh91UWHUKZ+95T+1roJnWgSHQJWIoRS001PwM72+6FyATuIW+jPw==
Ea5C/cNkhYr9/gm7K4gAb5dL9hjdVqMgvPd3Yo2GG//n+zp1gj4wLQUga7djBL1Xj/rkMaZR3iUU49O32xj3L2ijOg==
ZUOkoCMofMPHeM3+w2ADiUhNB3pjCO3AHqut5w58eMOOHALYehQ1Dn6tVFULemI7hBUV8+D97/NS0OMyQP+04T4QY1Z6JiFpAnhuRHYRNW4/rndglbh/EfwZBEccegxfVKB2KW85BOYmYXMQnRv1XJu7KZjC3QBJiIni06U7DQCxo66j/A==
Yf2CyWxnFGKO9xE2vgrhW5CJjG8AKESQ1BMzpcfq6NTqU3Ie9c1vvPCuaDdrbqnEuHeLbOu3X4NlRAYfmvW4KEJX+d1NpwJTKVn/Q/mfmImSv4ISj8Dz5WJf7RVFCu2485B9LFtT5rKh7AeAbIYw9/cWt3X6mXUfdyOevynPFW8REA+R3xCYMMkCQJrdYihXJ98N4YfRC1iZimzglbWj2Q==
NASTCcxwfzleTMdF34PdIxHzvX3RaZ1D0W31OHbi9yEh91UWHUKZ+95T+1roJnWgSHQJWIgRS001PwM72+6FyATuIW+jPw==
BQTt8CaOucDWuCtDzF92fJdL9hjdVqMgvPd3Yo2GG//n+zp1gj4wLQUga7djBL1Xj/jkMaZR3iUU49O32xj3L2ijOg==
mDjbaJpl5XP3HaXuHE7i60hNB3pjCO3AHqut5w58eMOOHALYehQ1Dn6tVFULemI7hBUV8+D97/NS0OMyQP+04T4QY1Z6JiFpAnhuRHYRNW4/rndglbh/EfwZBEccegxfVKB2KW85BOYmYXMQnRv1XJu7KZ7C3QBJiIni06U7DQCxo66j/A==
z3q4yhYz+qQcdhPQMSMyLJCJjG8AKESQ1BMzpcfq6NTqU3Ie9c1vvPCuaDdrbqnEuHeLbOu3X4NlRAYfmvW4KEJX+d1NpwJTKVn/Q/mfmImSv4ISj8Dz5WJf7RVFCu2485B9LFtT5rKh7AeAbIYw9/cWt3X6mXUfdyOevynPFW8REA+R3xCYMMkCQJrdYi5XJ98N4YfRC1iZimzglbWj2Q==
p2CMj4XOBCRIg8VGZXoWxBHzvX3RaZ1D0W31OHbi9yEh91UWHUKZ+95T+1roJnWgSHQJWI4RS001PwM72+6FyATuIW+jPw==
duN8m2kJ5FXdhu/Oee12LpdL9hjdVqMgvPd3Yo2GG//n+zp1gj4wLQUga7djBL1Xj/7kMaZR3iUU49O32xj3L2ijOg==
