TkhoqzrArRPFAD3b07m2qVaqxbT+5oRj+Ze6stFbIx+00f6rovxyydR8wawLwEpgtNTZuznl5D1mfN1CZ9qzhaw/zXW4n569ejzrmiMj3i1Fi9GAbQ4fMiVin6nW1L3+D74YrNAhu1QPm14D5ZmLkfbh/QVVGT3yF5/bKmgWlVCIa2gIjMKrW3ZPZgpbHqV4RP6BpLPq
L/cvdlX2red6/iHyWQXRJs1T7/sBH7NKCn8zW3ks4YK3FVT1XC6kQPvlVDb6tqFHPRM0atQuk8/Jib8z2Y+YufLvQuIvUHNVgo+tZWUa7YiTwL3c+8NmAkE8R/BMljDHl0Z3hVoJ9a+X897PCd8VX3FAz2F/gBiAKdIA5fxyLGRHic4RIkCL6HlaLJC1vrPs
BD5gJR58hN7DuPPBx6UaTADMGXeWwH8TBFOMeIzDnxdsI8KUk56zNBLNAwJ4s7RFzIHizMC6NOlIF9Vd/fOJNFPVpZBW3RHhRPLExBMpJAIHDyPj9T8kvgyyMwvhhY/HYfNYXfqDkna3DJNR6sNd0R0m7azbbC2Io99GRumw94R0anCjH6onkULVlSt/P6778WOV+7ls37WnHLhEAd4wEUQO7IBP5R6Fuhxr7BEW3CTNgrPI
eHwhbh+d97BVsN9C/JvH3RElJB5eNMTxqeYDIph6EXyxMSboY53VAP6vmLD3YoH7rpM6c/YnWKiQkJRW7ylPi0SorPEQK10tUWErGWFtTO6D+6+rFZIhYI7VHUOovPbtnp3woton+PWmo4uLPAnvsCGzIYxgQuVcDeUyGtzkn7O5Ezkwpbu5s/U=
1yww9SjqespEvd7pVJEV+gUUHjo8Ds1vGtw9SLOjqpBTKXg9VSMrE5xyPVxd+eJYB+xIgGJXfACzKu3bgps+Y9J/JOgsSHDGa6Ej6+hgaAE0E0EtTVkP6aWl4I7vcys78UqdIPKNOVOstNrN8tW0Ej7fZHU62+87+MEDkA27JZxEmhmcsb1Wilhsc1MVW31AgYOls+k=
PqgDHHrV0V2vo4QzeSnurAUUHjo8Ds1vGtw9SLOjqpBTOHAzUywqQZxyPVxd+eJYB+1IgGJXfACzKu3bgps+Y9J/JOgsSHDGa6Ej6+hgaAE0E0EtTVkP6aWl4I7vcys78UqdIPKNOVOstNrN8tW0Ej7fZHU62+87+MEDkA27JZxEmhmcsb1Wilhsc1MVW31AgYOls+k=
kxZDEaKoVA85mofDEATDEeW9vhR6xq3kSgYltKBag1+IRJ3M8q26gfQKGz/COGbmZX4Oi67WJExHiUXtTMbkOEtt9G6om6B/TVvU8kRGUzf5gZ/rCScYAQInIvo/uDMtMgcNPTUy7bDjiF1Ea6um+nE0ZyicPrB/Z44XnUrhtdcne36XWfcVZwEIL/nv6Nh4GdogPSzarNy3Qa4JMqjLkMnSjMjllrPU
E/cjEou2A20/n6lRgPcAAtSz4uyYTuufWLTSbjQYApSX6eSw/w31AYSSxCRTSaSiQS8gw7WfpN5MUjNrIWUPZ6HTWH06IxKWd2yTsaqj3XFdBu2Mm8yt6OM/RiYpUHcktEpwg98Kp3GCtZXLP18uW7FDldv5zF/V5/y4JME+sLGELuygj0WeZXp8awxRdlyEjaKz6A==
NBoHLjBFKsZer0vNaeoVax4F+pqp2gMawOB+BmU5IFSvR+sFcQ0fQwJInb2Rhi5yvImuFhdMV/2QcOU8AsAog56owa5nSyj/jKsQK07IxlxyzllFCbuipJqpVofLrcfNbUFXYarexZcZM/NedwCY2fubHtBwXXhRxrrcCy41cA8NE4rFCYAn3xdUhs5zPFsp1ALqiNkDX5+PaOOXr7Pj
QTebv4RlN4tbbRi6/EkLw0RWL3lmA81vEt4rWuexqcBTbDV0AW1+QZxyPVxd+eJYB+lIgGJXfACzKu3bgps+Y9J/JOgsSHDGa6Ej6+hgaAE0E0EtTVkP6aWl4I7vcys78UqdIPKNOVOstNrN8tW0Ej7fZHU62+87+MEDkA27JZxEmhmcsb1Wilhsc1MVW31AgYOls+k=
nadJr+MS4u8ud5sTiG8SYZj2orfGTuuUR6TVPD0LTJWdouSw/w31AYSSxCRTSaSiRC8gw7WfpN5MUjNrIWUPZ6HTWH06IxKWd2yTsaqj3XFdBu2Mm8yt6OM/RiYpUHcktEpwg98Kp3GCtZXLP18uW7FDldv5zF/V5/y4JME+sLGELuygj0WeZXp8awxRdlyEjaKz6A==
OkVkSxUHoaceSvgTTxjFHCJ6APihBX8KLH8pfQjH9Fk0SgT8YxHEunA2INuFh8SGfIrzs5E9b/8RS9jlirtyzse0U2ma+71pbR7tlKvUzbDT54b+mQgXvATS8BtvkscpMm1VEw8HTkOBW5XDydQ/jdckePxxZtApNLZsOD/d/j3KpKvUYS48nL26s/A=
mHig6M6KIDR7e4D4tmA7gtSp7uGaD6LXR6OLY3hHXcaV8KWw/w31AYSSxCRTSaSiRi4gw7WfpN5MUjNrIWUPZ6HTWH06IxKWd2yTsaqj3XFdBu2Mm8yt6OM/RiYpUHcktEpwg98Kp3GCtZXLP18uW7FDldv5zF/V5/y4JME+sLGELuygj0WeZXp8awxRdlyEjaKz6A==
iSu9ZaD8Sg9WJMfWynmHvvja2V2mNRM5iDMEe7DU06ngNXWsS3MW8Ar48IAQ3waiER3NRgZvVEcYrmjoYEfnVxLhy0hzEYeIq8WmBi+MD00YEF3ua8HA0yZISR6/CxDvhIvIW+ZIruyqrlFVcXt61BIJLlfjre8dFeHfEXIevYcRUyvuH4AwqSO7FsBIHaDhTlpkW8Y1GN+1cwJ1UUAfzx903j7bvLOZjOLimCFDB28HyBvHh7PL
IJOQqfYz4ZvqLe7eStiZZ9gtIfvaxIohOxikTx4jNiNDat/q3TkcrmkuJP+phKVxEQTNHZBqKbxpga6I20w9AZb/IFB/0tm7loMyU65X8Ch4IMw25zm3SxzYJFHo+3UtebHTuekdFC5766fLTSLJ4CalRWOgrM6txi14QmJ3kPVOczPrtLk3cBmjKay4sk3cZVXq+tT05/Nh47GQ3euRs90=
kdH0SvZwSPOBItyM3UYUEdXtlD4c5W3LJvzuAd8AuF8SKzIjR2LT+sEh+I4NFtjP5UxhMVXMAW0sko3czRkyGFfEuYESd6zA40p9WzL7jqPiHzToPGgABpsBU2t4wDhB5PNxLX2536n1BXAOn9Pb+4FqjSDi7QmTHNRqTWK15NLu/xR1yvu/eyghkxC9W5XcdHoJnKGdpsoozIPThfutgNHjlbPZ
RHUehM7fzi0h3/8zLjzoy1I2VOOgj3PgN5F2d4lUvj3bjamzo8TkTnZGm3EWlphtO2re8IEmeuzxu3g0tGaHV7yoZthhsRERLEQQlONJVVv3Te2FuO++TbpsSwqjs779hbuxsG0+fwLlsv85VkQdrs9OONzQ0ZskT0v+k2UJa8G20R01VSndwlfPO7rohjWAyBtI+Iyyi6u2H8aa247FqITO4ZSz2g==
aVGxTue4E6D3PQFLv4QjWBMvgsF8EX7Bd6McCPwRzTTCVwgvMCNFZsnyuxXqnh/i4qf/aAMRt+hbhRbmXwyfLchQDQB7wdCz9ogZ/i+L4I80S7i71khezJpuIfXB++p0Qsl+d/Ot/z1FIY+x4p4NJ2GTG87vgABJU3umoLidMAEemrQ71jUIP+Uz0hXBwG8vrzQuXuu8w7m8ohI4kcOXz9eIy+eXs9s=
MLiyRnN0yOiFCWC82P7bvNSz4uyYTuuXWqLAOjkRHMaX763ksViHAYSSxCRTSaSiSy0hw7WfpN5MUjNrIWUPZ6HTWH06IxKWd2yTsaqj3XFdBu2Mm8yt6OM/RiYpUHcktEpwg98Kp3GCtZXLP18uW7FDldv5zF/V5/y4JME+sLGELuygj0WeZXp8awxRdlyEjaKz6A==
quGKNmqHkPljQwHxhcIdgn11ehWZHWHPIWqi16PY8QVHV2IV3f2qHmtsizXUAEGhiE6kGzpYBeY7a9T3iLs004KIiuSWXt3NtVt+7N6Zsp/HrcvViXETKXY+eR+doxfmO0BUId+LGtiMfSQZAkp4k6K1/JepY84N1aBb1xNEorY//JeRsJJuAGVjA1dLWIePo7Pv
Web7ofqaZT8xC0b6kExLGF5oA203DWdpdGm2Jn8M/21o0K1KHM4wc1YIuT7Pi8DPlMtY+7ZIfgw67kG1IfvKNCJJnrfTrd/9paHv8cKe7WcBE7sOz4BgCbP7BuCYndDBvhoU+zY1aH9Fs3JVocBP7w+0Tp4LvOP5HCLy+PHDtw83CKunt7P7
b1e9UsXYHRdhZeJ54kM7WPSWyoeL6vsDHdu41LRGx/c8SK3/bpHR8azkULTjqZU7d+0tZbiP/u06jAtqo5N+XQXb8ZBtHj9iZRI/GVYkXU5P7ni80DFbhM8rPnNlKSthNjHdFVUJHSLXb3ua6Gb14Ei7iBiM0ssLNv+G+tuuBQgErqG0s/o=
TX7aQvOSHwD6a0Oa4oNM3lxoA3w1G2NpdGm2Jn8M/21o0K1MHM4wc1YIuT7Pi8DPlMtY+7ZIfgw67kG1IfvKNCJJnrfTrd/9paHv8cKe7WcBE7sOz4BgCbP7BuCYndDBvhoU+zY1aH9Fs3JVocBP7w+0Tp4LvOP5HCLy+PHDtw83CKunt7P7
chGpIsJ97jX6UbT/jBS4UPSWzJGX9/sDHdu41LRGx/c8SKv/bpHR8azkULTjqZU7d+0tZbiP/u06jAtqo5N+XQXb8ZBtHj9iZRI/GVYkXU5P7ni80DFbhM8rPnNlKSthNjHdFVUJHSLXb3ua6Gb14Ei7iBiM0ssLNv+G+tuuBQgErqG0s/o=
c+aK/COozH08qYrfJGOT3PSWzYeF8vsDHdu41LRGx/c8SKj/bpHR8azkULTjqZU7d+0tZbiP/u06jAtqo5N+XQXb8ZBtHj9iZRI/GVYkXU5P7ni80DFbhM8rPnNlKSthNjHdFVUJHSLXb3ua6Gb14Ei7iBiM0ssLNv+G+tuuBQgErqG0s/o=
BhboRhT25j8kTiOP0ueHK+r3UKzBuOXljXOVj66A5lABy5ypyaN2O2jr1V0sdmSIK900XsKor08taxRCJPbTh5kxX9tpFxgxYhfiSl8Is51St80NVQLtgIO4nfQLGyZKEYSnGPwOsE8HvtctKlE1Z0fLvqc5xxVXYTjvSY9YWMh5auADTOqs7NdxbrlSGEsgqWJM+IWms+Q=
yb4gLF/cyqNZE/5mgSWjCyddvfHYjR7lAyr3tbw/wZaY1vjQ/11weqjSRc2RbgxRfNuw0l6JxlEkYkRU85lk8iYdL/PVz2QO7CKzm4E1T7dB41hN2vNSxtecE8EKcx0hPTbtvPucbThDT8bWiQA39FR6cLM/2uchIkUVu5+P7gvRc5XrmZyfBUeMONRhbvBvZB7skG+V3jXajOt88aac1O2Ss9g=
LLkBmON5uRUkVZn+35yC7BB7zVqrgwS20wMaYed5HlrKQeQd1LOXFnMg/3T0ivzAxKdhABEx4i8Tw7PUalOkuoWA0k8YF98V3Xye3KTW8wxO7JS0s0iX7M8nJJGZr5iZsk/CQm9wc3XCLy3FJTrtqNNgPXy742YiAZzHUAy2MOfX5vclGin1j9dTXm9J/xV/MeBPwT+gGKBpcoBLvFIsRAcpTrFiYIvIOfqsMPWes8w=
LLkBmON5uRUkVZn+35yC7BB7zVqrgwS20wMaYed5HlrKQeQd1LOXFnMg/3T0ivzAxKdhABEx4i8Tw7PUalOkuoWA0k8YF98V3Xye3KTW8wxO7JS0s0iX7M8nJJGZr5iZsk/CQm9wc3XCLy3FJTrtqNNgPXy742YiAZzHUAy2MOfX5vclGin1j9dTXm9J/xV/MeBPwT+gGKBpcoBLvFIsRAcpTrFiYIvIOfqsMPWes8w=
mYA4QdS3+rm5CGFAx5m03Nt+eoI4+x2c1PDHv5HticZ6p6ZUjXY8FZWyod0MEi1gvr0ljE0oFxNVYfBqwh4iVWjHjvJ2f3b/J1I7NHmELOUaedH4dxfdu/EitertF4rAiJ49lA6YmawKAqOlSY+DCVrQGnv2SL6Meu6BNeH7irTiSd43E60ffeWhL3GCni3nwRP7jg+AIInz+8Zg2J0QQf4aVHv2NSj/hbOy1eHAj29PtIgby7Ojedwisnixw3ePdwhrJ/ezuw==
nhRa+o2oCyocK7Y/MGc5od4gfmfYAjsiR/SiHi6M3J0I4htGVQeFfLWk5GFbp1q6FslfVgb4O2OakPJV0fQyCthyCWZl+RzdJm+XExsvXOH/41WEhkLyNqwxkxF14OYQx5gBIkZcfFKP5yLTIvza+bispgn2uoNmx35b8XyLhXH4G9aJqkgDvgOHttlVP1nEbUqXhjWW9w328FWK34pQKJAl8+Df77anRb3jZWbV9UHVXTXGh2uzDsiyfSRY2SUMw0bjb6Y7ji57us2MVEoJ4LOu
SLamrTRaay1OBYVyTz/t7yenu0Bop9al6+WNPIx0uNexfv3FzdznQVAXDfZtig1nXVL4mF8OFGHnDWmt3PhoqAN1LWcHcZW5eFPG8UrQM7ZDD8bBdYfJjG0CBz4VjoeFtvhlEj/yQGAQ7eMYv3eGr4U1E31GbWWJ1ZWlfqdzQ4YIuk28OCE1xEMO8xdGo74mOzK9lHTymaiz5g==
nz19KXn04b+I0Pp/AHCc2T3aZQhjZXMVtzgFLkBZ25+mYSVJHgCqxy0py0ughWeKy4PsKg7HIJOGyOleXwtwL2QLaJvGSE4syi7xFVF7WpTyiU6Xw63P3XVhP1FSHp3HsdNLLv+AEGmDO/YAKB1Aoe7axBsmNXgfFfOitTFA/49/9Hh7+7PT2WxiQlgBQyevZ0j7h6ez6w==
ZUshDCBmM9S0hzykWCIQkV9SeMo5/XvJ/fhQFJz1aTc10M4eXaEUGQcsOHShjnBHIX7j8C+1XtUaLOvcscYc9C1yszg=
ba0oRAmsyAjfKEMAI6/6H9ApLfPf8Nk7NSXrXwRqVSEQUOPE7CwPvGprYuC/x+9xGRDGPv0zeZpdrLTx3RNnX8r/OUEyz5+/lcU8SKxX8Ch4IMw25zm3SxzYJFHo+3UtebHTuekdFC5766fLTSLJ4CalRWOgrM6txi14QmJ3kPVOczPrtLk3cBmjKay+t03TZVXq+tT05/Nh47GQ3euRs90=
IrdK2eqi6MP7x3zi6SMouPdE6EnXTtczpoJQN9sPkNe7LQHlDVueXajTS1yFWT8WGzMDghUKUvcQtaJz1MesnhrcyOT5sjWSYBH/jBMc6/BU8AOg/dwCpea5zezrmfNTj/pkJz+UETPp+X+jub+Y6VIfAvLP4POFov9t9QUq7dgzMP3MG3Pm0mFMh2AspjCXN7Y3lbq5dX+3gx5fae8VD9Gwj3GfMJhQCaLAcJlCIzTneY4BwvALOFkq7ADVjrO8
JYJ2UDUtmE10wiNkdiP2k08QLkdnGIK/qEh85YiP0L6m0abvkneIr7wzJoNizKWYupeYWVCHf37u5saDJCXRj/3mW8YPqqfWQu2jAmti4z2daNVdojOsJhaKrW8bogylp7wSn9iGOfvP2yVMZspi7mxpjR1XqFboR+Cx6mZUbIrPv7JbQrQqwbiUVkGWMhM+h6ZL+VxDNQl442bBikAT5sNfJlG19yn8bXLnTtUeZ9U2qEWC/8Lg0BBdQyj/56Z/BeVz7QadBXnVZcWO5+MjVohqbSx4EpV0Q75TJ4Yznna7Yl0EtIJ52LOW
c4QgYPN1SS07oy+6f3kw3z0yKF+CEo71CFcZQd+q8mwyNevWMBJuaTljQq4Pp/u9WneTHuyeowNcgN3dngck1PGzcqgGwnfiDgVnB90JpCUDS/BWpD5Xhhlb2octtiwvB5wCXAG7ek9Yo8nqVehX9OIzkMMfpHn3kyd/mvv242ckXOYm04ggWDcw5DrNuWf/DZUU6BRnuKgw0LTWj+kviyRojHEwa70tsSELmUGtLO7jO88rNdKBYG6V/cOI/FbtPl2QIrrnWPUG42sL3ElPsIFzAQwFh4VTrSUSmjykf7NZUxmwhXvZs5U=
QgOAlWpoMGiM65N15s9RTO70EOfQdPtXu1bJdeGOn6KlhkEOr48o9h+VbnXggupWk2+BvHmekdxe6mHNiQP9u+RQwedkM3bdz/tlrOaqog5sSUa40AiWiEcA8Urm9Cyqz9/yu8LU6uG4tJYhFtJTXoeGC1nc43XpeIOmYQrg08bDv+YxNRdp3G1Sp65Vfqc1NoiFIn9iILAQvQOIf0fmXwWFMw2G/cVZ1UUF7mcDYzaISi2M+LLVlEPek4cGk15Wu4KdZDRiOfiztg==
AF9dJPQdAokw2lfo1B6BMoZkHMNMgG59Ilp4dreVI2DrjMT9v8KghVlKQZ2zrqWmISGvVmJESXSUh1X7wCEr8DLFm1d8+eIaHfg+iPQkmA1DFSCrOIGe6DGbR7Lx5r/3LF9r+nof0XAkRHe3fE9er7/zZwufxLR21xvpCN+XNYuJAn16ddeysEB+pcTmmPF8kmLrVXHPG5kS8OJLnsgW/EIOyaV5O/KEKulG5zutN619AedB+l61d4nzw/6nAEi5C9uO8EDdKLG2esyrnjXArx1TeqXZABf/h5TzKyMzC4nkQnroKYOPvz+o83ffs5M=
Y6ciu6Y2wkO7v3jRS37wtoZkHMNMgG59Ilp4dreVI2DrjMT9v8KghVlKQZ2zrqWmISGvVmJESXSThVX7wCEr8DLFmld8+eIaHfg+iPQkmA1DFSCrOIGe6DGbR7Lx5r/3LF9r+nof0XAkRHe3fE9er7/zZwufxLR21xvpCN+XNYuJAn16ddeysEB+pcTmmPF8kmLrVXHPG5kS8OJLnsgW/EIOyaV5O/KEKulG5zutN619AedB+l61d4nzw/6nAEi5C9uO8EDdKLG2esyrnjXArx1TeqXZABf/h5TzKyMzC4nkQnroKYOPvz+o83ffs5M=
tDrkDsuNmLfoH3fKtw9l74ZkHMNMgG59Ilp4dreVI2DrjMT9v8KghVlKQZ2zrqWmISGvVmJESXSUh1X7wCEr8DLFlVd8+eIaHfg+iPQkmA1DFSCrOIGe6DGbR7Lx5r/3LF9r+nof0XAkRHe3fE9er7/zZwufxLR21xvpCN+XNYuJAn16ddeysEB+pcTmmPF8kmLrVXHPG5kS8OJLnsgW/EIOyaV5O/KEKulG5zutN619AedB+l61d4nzw/6nAEi5C9uO8EDdKLG2esyrnjXArx1TeqXZABf/h5TzKyMzC4nkQnroKYOPvz+o83ffs5M=
cv+tINf3GO3roVE5GQqO4oZkHMNMgG59Ilp4dreVI2DrjMT9v8KghVlKQZ2zrqWmISGvVmJESXSThVX7wCEr8DLFlFd8+eIaHfg+iPQkmA1DFSCrOIGe6DGbR7Lx5r/3LF9r+nof0XAkRHe3fE9er7/zZwufxLR21xvpCN+XNYuJAn16ddeysEB+pcTmmPF8kmLrVXHPG5kS8OJLnsgW/EIOyaV5O/KEKulG5zutN619AedB+l61d4nzw/6nAEi5C9uO8EDdKLG2esyrnjXArx1TeqXZABf/h5TzKyMzC4nkQnroKYOPvz+o83ffs5M=
ow1LxWo6atmJ0mlfpP8HqYZkHMNMgG59Ilp4dreVI2DrjMT9v8KghVlKQZ2zrqWmISGvVmJESXSUh1X7wCEr8DLFl1d8+eIaHfg+iPQkmA1DFSCrOIGe6DGbR7Lx5r/3LF9r+nof0XAkRHe3fE9er7/zZwufxLR21xvpCN+XNYuJAn16ddeysEB+pcTmmPF8kmLrVXHPG5kS8OJLnsgW/EIOyaV5O/KEKulG5zutN619AedB+l61d4nzw/6nAEi5C9uO8EDdKLG2esyrnjXArx1TeqXZABf/h5TzKyMzC4nkQnroKYOPvz+o83ffs5M=
TYqBTHyqJSD6SU1lT7MqKIZkHMNMgG59Ilp4dreVI2DrjMT9v8KghVlKQZ2zrqWmISGvVmJESXSThVX7wCEr8DLFlld8+eIaHfg+iPQkmA1DFSCrOIGe6DGbR7Lx5r/3LF9r+nof0XAkRHe3fE9er7/zZwufxLR21xvpCN+XNYuJAn16ddeysEB+pcTmmPF8kmLrVXHPG5kS8OJLnsgW/EIOyaV5O/KEKulG5zutN619AedB+l61d4nzw/6nAEi5C9uO8EDdKLG2esyrnjXArx1TeqXZABf/h5TzKyMzC4nkQnroKYOPvz+o83ffs5M=
GEKn5JRAXv8HOPTBUcm724ZkHMNMgG59Ilp4dreVI2DrjMT9v8KghVlKQZ2zrqWmISGvVmJESXSUh1X7wCEr8DLFkVd8+eIaHfg+iPQkmA1DFSCrOIGe6DGbR7Lx5r/3LF9r+nof0XAkRHe3fE9er7/zZwufxLR21xvpCN+XNYuJAn16ddeysEB+pcTmmPF8kmLrVXHPG5kS8OJLnsgW/EIOyaV5O/KEKulG5zutN619AedB+l61d4nzw/6nAEi5C9uO8EDdKLG2esyrnjXArx1TeqXZABf/h5TzKyMzC4nkQnroKYOPvz+o83ffs5M=
46XcsoQRztLfY4Y6lZ6YiYZkHMNMgG59Ilp4dreVI2DrjMT9v8KghVlKQZ2zrqWmISGvVmJESXSThVX7wCEr8DLFkFd8+eIaHfg+iPQkmA1DFSCrOIGe6DGbR7Lx5r/3LF9r+nof0XAkRHe3fE9er7/zZwufxLR21xvpCN+XNYuJAn16ddeysEB+pcTmmPF8kmLrVXHPG5kS8OJLnsgW/EIOyaV5O/KEKulG5zutN619AedB+l61d4nzw/6nAEi5C9uO8EDdKLG2esyrnjXArx1TeqXZABf/h5TzKyMzC4nkQnroKYOPvz+o83ffs5M=
jtAotq2op4EQ9qoma0YgdYZkHMNMgG59Ilp4dreVI2DrjMT9v8KghVlKQZ2zrqWmISGvVmJESXSUh1X7wCEr8DLFk1d8+eIaHfg+iPQkmA1DFSCrOIGe6DGbR7Lx5r/3LF9r+nof0XAkRHe3fE9er7/zZwufxLR21xvpCN+XNYuJAn16ddeysEB+pcTmmPF8kmLrVXHPG5kS8OJLnsgW/EIOyaV5O/KEKulG5zutN619AedB+l61d4nzw/6nAEi5C9uO8EDdKLG2esyrnjXArx1TeqXZABf/h5TzKyMzC4nkQnroKYOPvz+o83ffs5M=
lgq5yMxhD/jEkUs+uLLrEIZkHMNMgG59Ilp4dreVI2DrjMT9v8KghVlKQZ2zrqWmISGvVmJESXSThVX7wCEr8DLFkld8+eIaHfg+iPQkmA1DFSCrOIGe6DGbR7Lx5r/3LF9r+nof0XAkRHe3fE9er7/zZwufxLR21xvpCN+XNYuJAn16ddeysEB+pcTmmPF8kmLrVXHPG5kS8OJLnsgW/EIOyaV5O/KEKulG5zutN619AedB+l61d4nzw/6nAEi5C9uO8EDdKLG2esyrnjXArx1TeqXZABf/h5TzKyMzC4nkQnroKYOPvz+o83ffs5M=
p5QTO2MllqoLeRxnX8PKyIZkHMNMgG59Ilp4dreVI2DrjMT9v8KghVlKQZ2zrqWmISGvVmJESXSUh1X7wCEr8DLFm1Z8+eIaHfg+iPQkmA1DFSCrOIGe6DGbR7Lx5r/3LF9r+nof0XAkRHe3fE9er7/zZwufxLR21xvpCN+XNYuJAn16ddeysEB+pcTmmPF8kmLrVXHPG5kS8OJLnsgW/EIOyaV5O/KEKulG5zutN619AedB+l61d4nzw/6nAEi5C9uO8EDdKLG2esyrnjXArx1TeqXZABf/h5TzKyMzC4nkQnroKYOPvz+o83ffs5M=
nvVwi/86K1iaAXrtCxUYU4ZkHMNMgG59Ilp4dreVI2DrjMT9v8KghVlKQZ2zrqWmISGvVmJESXSThVX7wCEr8DLFmlZ8+eIaHfg+iPQkmA1DFSCrOIGe6DGbR7Lx5r/3LF9r+nof0XAkRHe3fE9er7/zZwufxLR21xvpCN+XNYuJAn16ddeysEB+pcTmmPF8kmLrVXHPG5kS8OJLnsgW/EIOyaV5O/KEKulG5zutN619AedB+l61d4nzw/6nAEi5C9uO8EDdKLG2esyrnjXArx1TeqXZABf/h5TzKyMzC4nkQnroKYOPvz+o83ffs5M=
UCusHVSWQovKfp9zpBj1TIZkHMNMgG59Ilp4dreVI2DrjMT9v8KghVlKQZ2zrqWmISGvVmJESXSUh1X7wCEr8DLFlVZ8+eIaHfg+iPQkmA1DFSCrOIGe6DGbR7Lx5r/3LF9r+nof0XAkRHe3fE9er7/zZwufxLR21xvpCN+XNYuJAn16ddeysEB+pcTmmPF8kmLrVXHPG5kS8OJLnsgW/EIOyaV5O/KEKulG5zutN619AedB+l61d4nzw/6nAEi5C9uO8EDdKLG2esyrnjXArx1TeqXZABf/h5TzKyMzC4nkQnroKYOPvz+o83ffs5M=
23mN2oar0d7x8IuqoBFKMoZkHMNMgG59Ilp4dreVI2DrjMT9v8KghVlKQZ2zrqWmISGvVmJESXSThVX7wCEr8DLFlFZ8+eIaHfg+iPQkmA1DFSCrOIGe6DGbR7Lx5r/3LF9r+nof0XAkRHe3fE9er7/zZwufxLR21xvpCN+XNYuJAn16ddeysEB+pcTmmPF8kmLrVXHPG5kS8OJLnsgW/EIOyaV5O/KEKulG5zutN619AedB+l61d4nzw/6nAEi5C9uO8EDdKLG2esyrnjXArx1TeqXZABf/h5TzKyMzC4nkQnroKYOPvz+o83ffs5M=
O4jGpFLA4jxWnYhTqhgm2pIUQepHrc1fW6mqvhHsTW0V10Qz6Me1J5xkA0QQJp5BLPGxDnSIrNO7/tg6INYeBK6IvneBBcf5qOztBfE/ucJvSY7xF2Wo6y9qjGicOdDXera6vMfuE50aCL0Cl17cjpYifZf7ujyN59RiB3g+6RPPM/X0xlIShixBvQW3UIZAx0jhkgZMXKIPV0LD4gx6qbj8Bvk2quPWR4574Tw7ZaH4S7Y5algjzoM3VskVT/kUbZo39nWGF712gHWaHzoweJD1E1Cf/5ZXxQ2DdaYlVRHVDZU2R3vTvkhCXTQYasXcwxaD32Yrrl77Ci2cFDqpMLN+
xFclbgzqTo1Tp1D3TCVgeoZkHMNMgG59Ilp4dreVI2DrjMT9v8KghVlKQZ2zrqWmISGvVmJESXSThVX7wCEr8DLFl1Z8+eIaHfg+iPQkmA1DFSCrOIGe6DGbR7Lx5r/3LF9r+nof0XAkRHe3fE9er7/zZwufxLR21xvpCN+XNYuJAn16ddeysEB+pcTmmPF8kmLrVXHPG5kS8OJLnsgW/EIOyaV5O/KEKulG5zutN619AedB+l61d4nzw/6nAEi5C9uO8EDdKLG2esyrnjXArx1TeqXZABf/h5TzKyMzC4nkQnroKYOPvz+o83ffs5M=
myz6IusvH4etxzCQjMNWhKyZ0/0lcOvSjxi5N1z2oJlRmsczePbMOqKO7ZiwIi3cdnl0q4Vmzl723o/go7BenmMIzIRbCfiN/P02JtZe4B3fyQAmFiZfYOd/6s5hKL9g2Jy2dDHtg9SoD3dy3s2w4A3hz8UZLh6cpiScxyFv3y7CEqde7ag+Yohg37G+SWqS3ht4yirjLqSXtDfIJ0uUheEzWJ16w5K2N8yTEWqDXRGdZu3sW6wtyCOfRoZpcPfE9KpwY5/qJ1HCFZVr/3+uO3Ejlbs5rN/1J1y4hIEeMFTBzuNAz6UeRTrca6yRVtzkTcKziA==
O4jGpFLA4jxWnYhTqhgm2pIUQepHrc1fW6mqvhHsTW0V10Qz6Me1J5xkA0QQJp5BLPGxDnSIrNO7/tg6INYeBK6IvneBBcf5qOztBfE/ucJvSY7xF2Wo6y9qjGicOdDXera6vMfuE50aCL0Cl17cjpYifZf7ujyN59RiB3g+6RPPM/X0xlIShixBvQW3UIZAx0jhkgZMXKIPV0LD4gx6qbj8Bvk2quPWR4574Tw7ZaH4S7Y5algjzoM3VskVT/kUbZo39nWGF712gHWaHzoweJD1E1Cf/5ZXxQ2DdaYlVRHVDZU2R3vTvkhCXTQYasXcwxaD32Yrrl77Ci2cFDqpMLN+
myz6IusvH4etxzCQjMNWhKyZ0/0lcOvSjxi5N1z2oJlRmsczePbMOqKO7ZiwIi3cdnl0q4Vmzl723o/go7BenmMIzIRbCfiN/P02JtZe4B3fyQAmFiZfYOd/6s5hKL9g2Jy2dDHtg9SoD3dy3s2w4A3hz8UZLh6cpiScxyFv3y7CEqde7ag+Yohg37G+SWqS3ht4yirjLqSXtDfIJ0uUheEzWJ16w5K2N8yTEWqDXRGdZu3sW6wtyCOfRoZpcPfE9KpwY5/qJ1HCFZVr/3+uO3Ejlbs5rN/1J1y4hIEeMFTBzuNAz6UeRTrca6yRVtzkTcKziA==
O4jGpFLA4jxWnYhTqhgm2pIUQepHrc1fW6mqvhHsTW0V10Qz6Me1J5xkA0QQJp5BLPGxDnSIrNO7/tg6INYeBK6IvneBBcf5qOztBfE/ucJvSY7xF2Wo6y9qjGicOdDXera6vMfuE50aCL0Cl17cjpYifZf7ujyN59RiB3g+6RPPM/X0xlIShixBvQW3UIZAx0jhkgZMXKIPV0LD4gx6qbj8Bvk2quPWR4574Tw7ZaH4S7Y5algjzoM3VskVT/kUbZo39nWGF712gHWaHzoweJD1E1Cf/5ZXxQ2DdaYlVRHVDZU2R3vTvkhCXTQYasXcwxaD32Yrrl77Ci2cFDqpMLN+
myz6IusvH4etxzCQjMNWhKyZ0/0lcOvSjxi5N1z2oJlRmsczePbMOqKO7ZiwIi3cdnl0q4Vmzl723o/go7BenmMIzIRbCfiN/P02JtZe4B3fyQAmFiZfYOd/6s5hKL9g2Jy2dDHtg9SoD3dy3s2w4A3hz8UZLh6cpiScxyFv3y7CEqde7ag+Yohg37G+SWqS3ht4yirjLqSXtDfIJ0uUheEzWJ16w5K2N8yTEWqDXRGdZu3sW6wtyCOfRoZpcPfE9KpwY5/qJ1HCFZVr/3+uO3Ejlbs5rN/1J1y4hIEeMFTBzuNAz6UeRTrca6yRVtzkTcKziA==
DbExADP+yV6i7uH1b4qZ0g9OlSRCJvsxwJHW4RMe95xXpKpkKRBZcliqzNU7NhmtvQCyfM+fvS5OE6++vWhEmNBEcM63eaoHasvfxQiWOg58xlWUtDBB8IQ7iahAOvVO9l/skBen1Tjm4OMFTENY0uS7XbBs19B7uYxQylWCeVpDk4HdrqP3e8YFLsyTmKNP9+noi/u8Bhq0zs+pyiy3r+BpSr4+4as6RuWLm03f2z55FazJ3cPYfTYKmza0T2RxpxOxEZL9RvzXawkET88tq5gWRoLeccgqkh6jtaSVWHebABkR//8mD5gmxs9bMOhYjZbCpXBzlPO7vUDWQW2UqkFyLsuz4x3OSbfIVbxnQux7b2qgJFQMTyhDuSsxBzl0stoKBw9EKffDh29aa9az5xR8VubjKJBYh5DUen2ZV3/dtYSoBMdoqOCwpJYfif8L1Ah8McALTS1BQfvZsc3cbjNbX2slslFgvjXtgxjchm0OfSBiikfo9bZDW8tsaX8w0VORzBUn1VP9xQJarEQvMymzaXD1m6mz5Q==
HE+fwccHVDJI/7iCplZQm0bbwrn5tuXdt2a2FxhKKDfzR2LSwQ3WhVkMoeVBzJKs43Oa9tV5WOLtAghROdY6uRdVhQYcO9WkhIN3f9Ew4Wm44dZRtGJYbXYCMEHx1vzxxF4mq/0LLH4xRqhTmmyBzc0jamkpytzVMXMb3CavfgTcspL+0cYBZ5WESxPfAaiydrhXmtsfh+K6BRqxxNC9OxLch/2LbcIXN3hqM99EXwyRYMa0R/tlJGW73ZPgJEIl0e/52pE2jRuL9QxC8WagrmF28zXk8c6Htwtq11R8YZXrc59GIn4tFuk1H63cyctaPhNggITVSUkVtxNelz/ikLPf4nyw6Zf6Ve5+HO1nsR0J2XSW3R0svdKPz63JJr9AudLcL7it+6YSeic2PSAeqhiIn1mugcqaDnN4ovrrjmyHXHcgt4O0DTFb2PWqS7J+pyTT+XpL/RlNDu2Ei6SNADN3Bm75uNdMJMLwC09iB5lS/dWD77cOM6FLldPppH89N7T4bBHWENwRpmMoHy0+jao0K0SBnnzsnaqz4A==
aS29UXJm9vmkpdWnyQxCHpJBHHqarhAzg5rh4zHDXV0BP/0TA6ywwlr4gg/VfqetQ2uZxBl5HI/rNQmxqFfsc03d/FIdkABWpbUaq1TlUW+njK5m6FxW6KaMnX6HQRoPeV2eOnw+mspDTHJc93AyV09wVjYTfrDzegixa+NY0OzFXZrv3mIC9wuoarvmuw/g1lIDzp9qRb9XhQgvQRtwyQjUhbTl/xFlflM90DAagqIJcVygUR+mRVymGC0dWvBpLcOb890On1n6UVuvbr0AZp0u4gOCwSG/Z0m08XCc4aevnNlja5t+GlBaGB1+qiRyZW2ymb5H3ayPiVkzEG+uKuCXjZxu6GvalL12H6IzDdHGThchcppHXviTFW+rrv977k2qSwRcneP8eOI4Ok8eL3/zp4vfxPT2HB8piJ+XdQvJAr36tdfyMAB+ZUQmmLH80mIr1bHPWxlS8CLLXsjWfAIOiSW5OzIEaukGZ/ut9y09AafBOl5198nzg35nAIg5y9vOcADd6DF2eowr3jUAL91TOiWZANd/R5Szq2MzSwkkQrpoaYPPP/+oM/efs9M=
8FSbRznNchyXSeLRBtE/n3R0yHLlZzqp8DNZkiXXDY6C2uJp0Nx1NQiXewbcTbU8R9+NH36BCNc4f8eneDksXKhQIRf5//rnuMFZrgyzj/Cx2lAVPBEE4T7TWC4sdhFVwTSRVXC1dt0MBoixHjYwbakSTI1MykbnBS88YhkyaL8C6HFxhfdKZREujInZx5tw/utO+NSmcjKpYpH7PXALf8cF2I6+7PcWY3tXPtIxGp2cFA1HmkjnsXNJ0gsfDKrfR8CvsNm05rh/HzV4jQ9dPzhgctnZ+xkW6ZIdhyMBTC7pYtCSqSJTuVyVHlvfP2r7DLjR6WPn/wraWj0KwUHfQURNO+Z2x0CMvDEZFf0Dk/JPe9Jsu8sCsMhNB2b9Gj5w9WPBIcGN1BplefxhurvPgZHiDzwxRrxjQInrujoO59qlpO4WUFy/VZZlmsbmx/gOIq++kI9Il+zPJySRma+YmbJPwkJvcHN1wi8txSU67ajTYD18u+NmIgGcx1AMtjDn1+b3JRop9Y/XU15vSf8VfzHgT8E/oBigaXKAQLlSI0QHKU6xYmCLyDn6rDD1nrPM
O4jGpFLA4jxWnYhTqhgm2pIUQepHrc1fW6mqvhHsTW0V10Qz6Me1J5xkA0QQJp5BLPGxDnSIrNO7/tg6INYeBK6IvneBBcf5qOztBfE/ucJvSY7xF2Wo6y9qjGicOdDXera6vMfuE50aCL0Cl17cjpYifZf7ujyN59RiB3g+6RPPM/X0xlIShixBvQW3UIZAx0jhkgZMXKIPV0LD4gx6qbj8Bvk2quPWR4574Tw7ZaH4S7Y5algjzoM3VskVT/kUbZo39nWGF712gHWaHzoweJD1E1Cf/5ZXxQ2DdaYlVRHVDZU2R3vTvkhCXTQYasXcwxaD32Yrrl77Ci2cFDqpMLN+
myz6IusvH4etxzCQjMNWhKyZ0/0lcOvSjxi5N1z2oJlRmsczePbMOqKO7ZiwIi3cdnl0q4Vmzl723o/go7BenmMIzIRbCfiN/P02JtZe4B3fyQAmFiZfYOd/6s5hKL9g2Jy2dDHtg9SoD3dy3s2w4A3hz8UZLh6cpiScxyFv3y7CEqde7ag+Yohg37G+SWqS3ht4yirjLqSXtDfIJ0uUheEzWJ16w5K2N8yTEWqDXRGdZu3sW6wtyCOfRoZpcPfE9KpwY5/qJ1HCFZVr/3+uO3Ejlbs5rN/1J1y4hIEeMFTBzuNAz6UeRTrca6yRVtzkTcKziA==
O4jGpFLA4jxWnYhTqhgm2pIUQepHrc1fW6mqvhHsTW0V10Qz6Me1J5xkA0QQJp5BLPGxDnSIrNO7/tg6INYeBK6IvneBBcf5qOztBfE/ucJvSY7xF2Wo6y9qjGicOdDXera6vMfuE50aCL0Cl17cjpYifZf7ujyN59RiB3g+6RPPM/X0xlIShixBvQW3UIZAx0jhkgZMXKIPV0LD4gx6qbj8Bvk2quPWR4574Tw7ZaH4S7Y5algjzoM3VskVT/kUbZo39nWGF712gHWaHzoweJD1E1Cf/5ZXxQ2DdaYlVRHVDZU2R3vTvkhCXTQYasXcwxaD32Yrrl77Ci2cFDqpMLN+
myz6IusvH4etxzCQjMNWhKyZ0/0lcOvSjxi5N1z2oJlRmsczePbMOqKO7ZiwIi3cdnl0q4Vmzl723o/go7BenmMIzIRbCfiN/P02JtZe4B3fyQAmFiZfYOd/6s5hKL9g2Jy2dDHtg9SoD3dy3s2w4A3hz8UZLh6cpiScxyFv3y7CEqde7ag+Yohg37G+SWqS3ht4yirjLqSXtDfIJ0uUheEzWJ16w5K2N8yTEWqDXRGdZu3sW6wtyCOfRoZpcPfE9KpwY5/qJ1HCFZVr/3+uO3Ejlbs5rN/1J1y4hIEeMFTBzuNAz6UeRTrca6yRVtzkTcKziA==
O4jGpFLA4jxWnYhTqhgm2pIUQepHrc1fW6mqvhHsTW0V10Qz6Me1J5xkA0QQJp5BLPGxDnSIrNO7/tg6INYeBK6IvneBBcf5qOztBfE/ucJvSY7xF2Wo6y9qjGicOdDXera6vMfuE50aCL0Cl17cjpYifZf7ujyN59RiB3g+6RPPM/X0xlIShixBvQW3UIZAx0jhkgZMXKIPV0LD4gx6qbj8Bvk2quPWR4574Tw7ZaH4S7Y5algjzoM3VskVT/kUbZo39nWGF712gHWaHzoweJD1E1Cf/5ZXxQ2DdaYlVRHVDZU2R3vTvkhCXTQYasXcwxaD32Yrrl77Ci2cFDqpMLN+
myz6IusvH4etxzCQjMNWhKyZ0/0lcOvSjxi5N1z2oJlRmsczePbMOqKO7ZiwIi3cdnl0q4Vmzl723o/go7BenmMIzIRbCfiN/P02JtZe4B3fyQAmFiZfYOd/6s5hKL9g2Jy2dDHtg9SoD3dy3s2w4A3hz8UZLh6cpiScxyFv3y7CEqde7ag+Yohg37G+SWqS3ht4yirjLqSXtDfIJ0uUheEzWJ16w5K2N8yTEWqDXRGdZu3sW6wtyCOfRoZpcPfE9KpwY5/qJ1HCFZVr/3+uO3Ejlbs5rN/1J1y4hIEeMFTBzuNAz6UeRTrca6yRVtzkTcKziA==
O4jGpFLA4jxWnYhTqhgm2pIUQepHrc1fW6mqvhHsTW0V10Qz6Me1J5xkA0QQJp5BLPGxDnSIrNO7/tg6INYeBK6IvneBBcf5qOztBfE/ucJvSY7xF2Wo6y9qjGicOdDXera6vMfuE50aCL0Cl17cjpYifZf7ujyN59RiB3g+6RPPM/X0xlIShixBvQW3UIZAx0jhkgZMXKIPV0LD4gx6qbj8Bvk2quPWR4574Tw7ZaH4S7Y5algjzoM3VskVT/kUbZo39nWGF712gHWaHzoweJD1E1Cf/5ZXxQ2DdaYlVRHVDZU2R3vTvkhCXTQYasXcwxaD32Yrrl77Ci2cFDqpMLN+
myz6IusvH4etxzCQjMNWhKyZ0/0lcOvSjxi5N1z2oJlRmsczePbMOqKO7ZiwIi3cdnl0q4Vmzl723o/go7BenmMIzIRbCfiN/P02JtZe4B3fyQAmFiZfYOd/6s5hKL9g2Jy2dDHtg9SoD3dy3s2w4A3hz8UZLh6cpiScxyFv3y7CEqde7ag+Yohg37G+SWqS3ht4yirjLqSXtDfIJ0uUheEzWJ16w5K2N8yTEWqDXRGdZu3sW6wtyCOfRoZpcPfE9KpwY5/qJ1HCFZVr/3+uO3Ejlbs5rN/1J1y4hIEeMFTBzuNAz6UeRTrca6yRVtzkTcKziA==
myz6IusvH4etxzCQjMNWhKyZ0/0lcOvSjxi5N1z2oJlRmsczePbMOqKO7ZiwIi3cdnl0q4Vmzl723o/go7BenmMIzIRbCfiN/P02JtZe4B3fyQAmFiZfYOd/6s5hKL9g2Jy2dDHtg9SoD3dy3s2w4A3hz8UZLh6cpiScxyFv3y7CEqde7ag+Yohg37G+SWqS3ht4yirjLqSXtDfIJ0uUheEzWJ16w5K2N8yTEWqDXRGdZu3sW6wtyCOfRoZpcPfE9KpwY5/qJ1HCFZVr/3+uO3Ejlbs5rN/1J1y4hIEeMFTBzuNAz6UeRTrca6yRVtzkTcKziA==
yV8PQaY79onqDo5jMHqwBXZf/TqwfTxseRvtBROCKuiS2lL3s7XD4VFlFhZdxdjrsozBS7iDVskFeOAjOdigy92QYfISdES8ryvylYHAL69vNOzbK7MDOfyiUrjRw9dPl4gLZ1ezGw==
ilSRg9smMEro2LUy4a+b4unvkQLpo1JW+D1UKGQlNoCJ1rxBY7anyexi98l+tUY7+FpmQfHnIfnSkZ0/Z8kFMfjbVkmqCIP+A8c2GVX/2YRtChdGNVZ3Tfaw1crfStDokGVzoN8vNmdFfWMlZpV1gdWdtYaHKzPOyHL95FidpUzDhmOvpnsObnv6TUxUiomgs+4=
tqed0qRAF/XkZE+Lb4+3+lal0q/785Ve+Ze6stJdIx+00f7EyZJ0tbMCz61Mhh997sHOv3je7jVhU8kdcvX1i7c9zXW4n569ejzrmiMj3i1Fi9GAbQ4fMiVin6nW1L3+D74YrNAhu1QPm14D5ZmLkfbh/QVVGT3yF5/bKmgWlVCIaW0Ig8KrW3ZPZgpbHqV4RP6BpLPq
qAoFyhcZ+f/+i5KWNuCt3vdE6EnXTtczpoJQN9sPkNe7LQHlDVueXajTS1yFWT8WGzMDghUKUvcQtaJz1MesnhrcyOT5sjWSYBH/jBMc6/BU8AOg/dwCpea5zezrmfNTj/pkJz+UETPp+X+jub+Y6VIfAvLP4POFov9t9QUq7dgzMP3MG3Pm0mFMh2AspjCXN7Y3lbq5dX+3gx5fae8VD9Gwj3GfMJhQCaLAd5lCIzTneY4BwvALOFkq7ADVjrO8
4Xl95zK8D0HFlDEKxSc/UR9RJGtlG4R1EMA7SqatisBebDV5AQIYL/VlNCQtgZhKXqwemD1IaA30E/TKrps+Y9J/JOgsSHDGa6Ej6+hgaAE0E0EtTVkP6aWl4I7vcys78UqdIPKNOVOstNrN8tW0Ej7fZHU62+87+MEDkA27JZxGnxmTsb1Wilhsc1MVW31AgYOls+k=
Oss04EwMRrkO/iCK8RZglxB7w1Kv3QGxzlRObqgAP3Lwadcy55qXF39hsHOxmeXX2aZhCR544isf/fy/al6p1JiHyzwLB9wQwz/Gz/rFuDhip7mNrReCw4kpP5OZr5iZsk/CQm9wc3XCLy3FJTrtqNNgPXy742YiAZzHUAy2MOfX5vclGin1j9dTXm9J/xV/MeBPwT+gGKBpcoBHuVIjRAcpTrFiYIvIOfqsMPWes8w=
GWfYb7L9AC47+iIRcB0ZotuTgXMGJUWMxlA8sdej/8j0QiFZ/shiu7+NPG8KbqnEuHeLbOu3XIBjTwYfmvW4KEJX+d1NpwJTKVn/Q/mfmImSv4ISj8Dz5WJf7RVFCu2485B9LFtT5rKh7AeAbIYw9/cWt3X6mXUfdyOevynPFW8REA+R3xCYMMkCQJfZYiNUJ9kO4YLQC1iZimzgla6z3A==
b/pdY0Qqdd7wtfvAAqFXQ9ZmBD9Om9geeL3Cp/v7hWbZb4r6kpXTp9RJbkxJGuQtU7q/5YxOLwXO2d63eNb+LUEr+dWyvYUzV6Vd/TgXDiUahBtSY2vu1WWTwYhtBg8qBZqv4ZYcTUZvJogkUKkrzO8jLkslUbvp1vntDVURLeo35+viqF7l6Gjx/YADSjvDFveWwhtWlYBk5pGss+I=
Bma83nxH1RWpDgmxdNiPDmD+JZ0N5vJU64MzMb+bvRBoAEbxmoOFA1cT4NoxT49MrZhWVX5dMZefvIvCaX+yjMMTJkXJgOdf11RES7Mzm6kUAioIGQOfH09oIxdvsyM=
ORF90RnrJIswPbVScPZq7jYFzK8PRjUvgJS/DPpExGG3Y1Xayd5IFEic3wFKmj8hV+R4vPEm0Oux9mN4vx3+fUrkqxTh7jzcPXqzMA==
c8O2rYOr7f0MObQGMuPzRjUFzK8PRjUvgJS/DPpExGG3Y1Xayd5IFEic3wFKmj8hV+R4vPEm0Oux9mN4vx3+fUrkqxTh7jzcPXqzMA==
5ocLHBEi5HgGZhrtrZIj5jQFzK8PRjUvgJS/DPpExGG3Y1Xayd5IFEic3wFKmj8hV+R4vPEm0Oux9mN4vx3+fUrkqxTh7jzcPXqzMA==
hl/pKEI5mUfd/PQU2eHXra/rH6HWo+Lsj2nBga6AokMP5Zz3muYpfEjf6zQ7fxz4U6cmB4r9uBAyfxkFHe/Cq5kxX9tpFxgxYhfiSl8Is51St80NVQLtgIO4nfQLGyZKEYSnGPwOsE8HvtctKlE1Z0fLvqc5xxVXYTjvSY9YWMh5auAPSeqj7NdxbrlSGEsgqWJM+IWms+Q=
Xke0ZUiEPfXTDMTnWDSPeSnn+gc8stG+7/iNeMl7op6ycfvzhJ2mCAleLPkD7hcBLCqHkV5NVjP4Una50b9RsRJZLWcHcZW5eFPG8UrQM7ZDD8bBdYfJjG0CBz4VjoeFtvhlEj/yQGAQ7eMYv3eGr4U1E31GbWWJ1ZWlfqdzQ4YIuk28OCU1xEMO8xdGo74mOzK9lHTymaiz5g==
eaj203JUuaZngsoq0r6Z0cyYsMMDR5CReUY5ZX4F1lXoEGMKHl1SYDbcvfmJcrDPLdVMZPVRoCp2vBaYNVhA7cxDrApWK2YDeo+saKT4mGYz0ZsrMDAQIdwDSS1FSefJ3fU4TlcDc5sZ+hWgen2RM/QEIg2qhYzyFs9sdTLLx1vAEdvQdQv9fO7vkRM5DT4qgJzLE02LhWDpk62z4Q==
FevkZ3ZBTmZjnPUCqMUI2w34bkadtzpqb2luBcBN/hwVOuhxRHgQMJuZr56Wl3v5ulSDHXbyMPDQWPMUBjUaD9q6oIcwW9xjCggCFD7+pX1tm0a8hrlaj8+tw8VhUUt5Tv6hr+UDvxazwNyRN2uiqNS93MlaKlCDqrX0h4GDFl2t4IMnqyTIA7dzH+EYMpawPSM7h5N475+rs+c=
C1KcdXvF+kri0TD97WhlO9xD8Q/SQKNtoP1qY5K7G6Cg6CxugyQjLQUga7djBLBTj/PnMaBS3iAV49O32xj3L3OzPw==
2crW89fTb8NBPDZAaXa8pADSkbxnAxWg6GbiIBIGOTj3Vqd4vN1WK1bL/zgsaKD259Rn5TkAd79nFJRrwzOrycTCWqiJgy//HyjTN3+zMw==
TsqwCmV4qytlVGTpR4ZYOks0JXEAZ2pkS/T770IVMvPruPJdJuGIexgzKsW+vUVzhevJPXd+tpuI1TwkoE7DRgh6zXw45bUEQ05zV0bjPmY7cj1UdDIZaLMm
l5OQU2bTpXL0Vd6iPZ/dvmSpacVVsYdatcJqdOqKpwduF0vUmoGJVBtqptxoCMYQpppUEyxdJouGi8/YPGiwltcUN0XJgOdf11RES7Mzm6kUAioIGQOfH09oIxdvsyM=
1Sk2+9zJ5Qi+pJMjPceSq9JmFysAiC/JPiMmFu2/E3rJuli+3gtaHUrSrY2DwlIlaSQGQKZX4g8Ywwq1/m3l4wV7KW03TlariOXcFOAeI9aI6m2seJWV9EM+U6eGs572u+JdhLQCeVizFg==
oqb7sFEm4rUT9wpnVYBAetxD8Q/SQKNtoP1qY5K7G6Cj6CxugyQjLQUga7djBLBTj/PnMaBS3iAV49O32xj3L3OzPw==
5jsNnjoyemDf9X4yZ2YAtwDSkbxnAxWg6GbiIBIGOTj3Vqd4vN1WK1bL/zgvaKD259Rn5TkAd79nFJRrwzOrycTCWqiJgy//HyjTN3+zMw==
gFpXg6j068bGCPtS1VB4wEo0JXEAZ2pkS/T770IVMvPruPJdJuGIexgzKsW+vUVzhevJPXd+tpiI1TwkoE7DRgh6zXw45bUEQ05zV0bjPmY7cj1UdDIZaLMm
0GaElTgFUZ5usHHLcX3Ra3Me0b5aCk5phs34RaZPxmPxMVXN1cd/UFLJyANQjjgwV+R4vPEm0Oux9mN4vx3+fUrkqxTh7jzcPXqzMA==
TsqwCmV4qytlVGTpR4ZYOks0JXEAZ2pkS/T770IVMvPruPJdJuGIexgzKsW+vUVzhevJPXd+tpuI1TwkoE7DRgh6zXw45bUEQ05zV0bjPmY7cj1UdDIZaLMm
0GaElTgFUZ5usHHLcX3Ra3Me0b5aCk5phs34RaZPxmPxMVXN1cd/UFLJyANQjjgwV+R4vPEm0Oux9mN4vx3+fUrkqxTh7jzcPXqzMA==
JGuXADdOQvXecicOcAFgrko0JXEAZ2pkS/T770IVMvPruPJdJuGIexgzKsW+vUVzhevJPXd+tpuI1TwkoE7DRgh6zXw45bUEQ05zV0bjPmY7cj1UdDIZaLMm
sTnU3WRHpgZFHIha1pW389JmFysAiC/JPiMmFu2/E3rIuli+3gtaHUrSrY2DwlIlaSQGQKZX4g8Ywwq1/m3l4wV7KW03TlariOXcFOAeI9aI6m2seJWV9EM+U6eGs572u+JdhLQCeVizFg==
jHiwHQmy34ST2TvjLlTmi9JmFysAiC/JPiMmFu2/EHrJuli+3gtaHUrSrY2DwlIlaSQGQKZX4g8Ywwq1/m3l4wV7KW03TlaoiOXcFOAeI9aI6m2seJWV9EM+U6eGs572u+JdhLQCeVizFg==
+tGur27B1HF/Suc3n+8Yv3Me0b5aCk5phs34RaZPxmPxMVXN1cd/UFLKyANQjjgwV+R4vPEm0Oux9mN4vx3+fUrkqxTh7jzcPXqzMA==
gFpXg6j068bGCPtS1VB4wEo0JXEAZ2pkS/T770IVMvPruPJdJuGIexgzKsW+vUVzhevJPXd+tpiI1TwkoE7DRgh6zXw45bUEQ05zV0bjPmY7cj1UdDIZaLMm
+tGur27B1HF/Suc3n+8Yv3Me0b5aCk5phs34RaZPxmPxMVXN1cd/UFLKyANQjjgwV+R4vPEm0Oux9mN4vx3+fUrkqxTh7jzcPXqzMA==
Ok2VY7Y06Extn67l8Cg+nks0JXEAZ2pkS/T770IVMvPruPJdJuGIexgzKsW+vUVzhevJPXd+tpiI1TwkoE7DRgh6zXw45bUEQ05zV0bjPmY7cj1UdDIZaLMm
UJ1+txS5HcH/c+HwpqkmEdJmFysAiC/JPiMmFu2/EHrIuVi+3gtaHUrSrY2DwlIlaSQGQKZX4g8Ywwq1/m3l4wV7KW03TlaoiOXcFOAeI9aI6m2seJWV9EM+U6eGs572u+JdhLQCeVizFg==
/Rq+pIHUgeDU7/v/eASEZ9xD8Q/SQKNtoP1qY5K7G6Ci6CxugyQjLQUga7djBLBTj/PnMaBS3iAV49O32xj3L3OzPw==
erWRrxut6Hlu6UDpU7R+TQDSkbxnAxWg6GbiIBIGOTj3Vqd4vN1WK1bL/zguaKD259Rn5TkAd79nFJRrwzOrycTCWqiJgy//HyjTN3+zMw==
qiYi3JouC9JLKYpPy8pJ+ks0JXEAZ2pkS/T770IVMvPruPJdJuGIexgzKsW+vUVzhevJPXd+tpmI1TwkoE7DRgh6zXw45bUEQ05zV0bjPmY7cj1UdDIZaLMm
SAIlsIfvw8rm69nQn9WdbtJmFysAiC/JPiMmFu2/EXrIuli+3gtaHUrSrY2DwlIlaSQGQKZX4g8Ywwq1/m3l4wV7KW03TlapiOXcFOAeI9aI6m2seJWV9EM+U6eGs572u+JdhLQCeVizFg==
uIt0vIZzaTIV2jCkvQKOz3Me0b5aCk5phs34RaZPxmPxMVXN1cd/UFLLyANQjjgwV+R4vPEm0Oux9mN4vx3+fUrkqxTh7jzcPXqzMA==
qiYi3JouC9JLKYpPy8pJ+ks0JXEAZ2pkS/T770IVMvPruPJdJuGIexgzKsW+vUVzhevJPXd+tpmI1TwkoE7DRgh6zXw45bUEQ05zV0bjPmY7cj1UdDIZaLMm
uIt0vIZzaTIV2jCkvQKOz3Me0b5aCk5phs34RaZPxmPxMVXN1cd/UFLLyANQjjgwV+R4vPEm0Oux9mN4vx3+fUrkqxTh7jzcPXqzMA==
Ki+A6XiZGAfc9tiEA2ETfko0JXEAZ2pkS/T770IVMvPruPJdJuGIexgzKsW+vUVzhevJPXd+tpmI1TwkoE7DRgh6zXw45bUEQ05zV0bjPmY7cj1UdDIZaLMm
lAqob9P3FnVcZ8kcT/ptu9JmFysAiC/JPiMmFu2/EXrIuVi+3gtaHUrSrY2DwlIlaSQGQKZX4g8Ywwq1/m3l4wV7KW03TlapiOXcFOAeI9aI6m2seJWV9EM+U6eGs572u+JdhLQCeVizFg==
C1KcdXvF+kri0TD97WhlO9xD8Q/SQKNtoP1qY5K7G6Cg6CxugyQjLQUga7djBLBTj/PnMaBS3iAV49O32xj3L3OzPw==
2crW89fTb8NBPDZAaXa8pADSkbxnAxWg6GbiIBIGOTj3Vqd4vN1WK1bL/zgsaKD259Rn5TkAd79nFJRrwzOrycTCWqiJgy//HyjTN3+zMw==
ggAGgdmr4S7ftjAHZ8JtwBzajfV4FAShp3GwdlwINjD2WuRzvN1WK1bL/zgsaKD259Rn5TkAd79nFJRrwzOrycTCWqiJgy//HyjTN3+zMw==
4nZ9QyvS5MjihU8qxRfiMQjdmvUpWAKxvHb/J1gINjD2WuRzvN1WK1bL/zgsaKD259Rn5TkAd79nFJRrwzOrycTCWqiJgy//HyjTN3+zMw==
UZIoF8l6AeC0Nf1zVjb2r3weh6Fu5SomXyRNF2eOrsMFG2mNty6Wi4jFHHRg/mO2iMotDPg11RRDXpMHBhNe1rsCneQ04jl4szY=
N74dTTdcmJF2yMpH2LBXlVQKcIDdzP7IYflZI0Sdjht+K4coJGio5h+0T9VhwA9vz7QMG0uzI3lcIjJ4McP3j/cI6yd3szs=
2crW89fTb8NBPDZAaXa8pADSkbxnAxWg6GbiIBIGOTj3Vqd4vN1WK1bL/zgsaKD259Rn5TkAd79nFJRrwzOrycTCWqiJgy//HyjTN3+zMw==
TsqwCmV4qytlVGTpR4ZYOks0JXEAZ2pkS/T770IVMvPruPJdJuGIexgzKsW+vUVzhevJPXd+tpuI1TwkoE7DRgh6zXw45bUEQ05zV0bjPmY7cj1UdDIZaLMm
Bx0K6Xz/M4HO80wFPJvNKaiOtx4MNoOOxn4y3J/6wmSkSIrogopQG1B9+sPCe2tAsOg8DnNk842VoBtX00RgM3/z1xHwkq6ApWND1wtYxw9jsy8=
0GaElTgFUZ5usHHLcX3Ra3Me0b5aCk5phs34RaZPxmPxMVXN1cd/UFLJyANQjjgwV+R4vPEm0Oux9mN4vx3+fUrkqxTh7jzcPXqzMA==
JGuXADdOQvXecicOcAFgrko0JXEAZ2pkS/T770IVMvPruPJdJuGIexgzKsW+vUVzhevJPXd+tpuI1TwkoE7DRgh6zXw45bUEQ05zV0bjPmY7cj1UdDIZaLMm
Bx0K6Xz/M4HO80wFPJvNKaiOtx4MNoOOxn4y3J/6wmSkSIrogopQG1B9+sPCe2tAsOg8DnNk842VoBtX00RgM3/z1xHwkq6ApWND1wtYxw9jsy8=
+tGur27B1HF/Suc3n+8Yv3Me0b5aCk5phs34RaZPxmPxMVXN1cd/UFLKyANQjjgwV+R4vPEm0Oux9mN4vx3+fUrkqxTh7jzcPXqzMA==
Ok2VY7Y06Extn67l8Cg+nks0JXEAZ2pkS/T770IVMvPruPJdJuGIexgzKsW+vUVzhevJPXd+tpiI1TwkoE7DRgh6zXw45bUEQ05zV0bjPmY7cj1UdDIZaLMm
pLYAx4HseHk3TS/5JMA3wKiOtx4MNoOOxn4y3J/6wmSkSIrogopQG1B9+sPCe2tAs+g8DnNk842VoBtX00RgM3/z1xHwkq6ApWND1wtYxw9jsy8=
+tGur27B1HF/Suc3n+8Yv3Me0b5aCk5phs34RaZPxmPxMVXN1cd/UFLKyANQjjgwV+R4vPEm0Oux9mN4vx3+fUrkqxTh7jzcPXqzMA==
gFpXg6j068bGCPtS1VB4wEo0JXEAZ2pkS/T770IVMvPruPJdJuGIexgzKsW+vUVzhevJPXd+tpiI1TwkoE7DRgh6zXw45bUEQ05zV0bjPmY7cj1UdDIZaLMm
pLYAx4HseHk3TS/5JMA3wKiOtx4MNoOOxn4y3J/6wmSkSIrogopQG1B9+sPCe2tAs+g8DnNk842VoBtX00RgM3/z1xHwkq6ApWND1wtYxw9jsy8=
uIt0vIZzaTIV2jCkvQKOz3Me0b5aCk5phs34RaZPxmPxMVXN1cd/UFLLyANQjjgwV+R4vPEm0Oux9mN4vx3+fUrkqxTh7jzcPXqzMA==
qiYi3JouC9JLKYpPy8pJ+ks0JXEAZ2pkS/T770IVMvPruPJdJuGIexgzKsW+vUVzhevJPXd+tpmI1TwkoE7DRgh6zXw45bUEQ05zV0bjPmY7cj1UdDIZaLMm
yK0qvGTFQ0xGGvqgPqNZ36iOtx4MNoOOxn4y3J/6wmSkSIrogopQG1B9+sPCe2tAsug8DnNk842VoBtX00RgM3/z1xHwkq6ApWND1wtYxw9jsy8=
uIt0vIZzaTIV2jCkvQKOz3Me0b5aCk5phs34RaZPxmPxMVXN1cd/UFLLyANQjjgwV+R4vPEm0Oux9mN4vx3+fUrkqxTh7jzcPXqzMA==
Ki+A6XiZGAfc9tiEA2ETfko0JXEAZ2pkS/T770IVMvPruPJdJuGIexgzKsW+vUVzhevJPXd+tpmI1TwkoE7DRgh6zXw45bUEQ05zV0bjPmY7cj1UdDIZaLMm
yK0qvGTFQ0xGGvqgPqNZ36iOtx4MNoOOxn4y3J/6wmSkSIrogopQG1B9+sPCe2tAsug8DnNk842VoBtX00RgM3/z1xHwkq6ApWND1wtYxw9jsy8=
0GaElTgFUZ5usHHLcX3Ra3Me0b5aCk5phs34RaZPxmPxMVXN1cd/UFLJyANQjjgwV+R4vPEm0Oux9mN4vx3+fUrkqxTh7jzcPXqzMA==
dgs0vHS7dgbGbIcmVFhoDmb63hed5rcWYHx+YI1bFR4DWYLu8qhiczt86NJe6tLoeGwYYupvkq2Y9zhzcaSCqI7q6ewJOfdw2SPprHo3jdOl1Sr6FHQn86FjcZAda1GzHQ==
Bx0K6Xz/M4HO80wFPJvNKaiOtx4MNoOOxn4y3J/6wmSkSIrogopQG1B9+sPCe2tAsOg8DnNk842VoBtX00RgM3/z1xHwkq6ApWND1wtYxw9jsy8=
+tGur27B1HF/Suc3n+8Yv3Me0b5aCk5phs34RaZPxmPxMVXN1cd/UFLKyANQjjgwV+R4vPEm0Oux9mN4vx3+fUrkqxTh7jzcPXqzMA==
3gVh7zrtKargU1Rca+WikWb63hed5rcWYHx+YI1bFR4DWYLu8qhiczt86NJe6tLoeGwYYupvkq2Y9zhzcaSBqI7q6ewJOfdw2SPprHo3jdOl1Sr6FHQn86FjcZAda1GzHQ==
pLYAx4HseHk3TS/5JMA3wKiOtx4MNoOOxn4y3J/6wmSkSIrogopQG1B9+sPCe2tAs+g8DnNk842VoBtX00RgM3/z1xHwkq6ApWND1wtYxw9jsy8=
uIt0vIZzaTIV2jCkvQKOz3Me0b5aCk5phs34RaZPxmPxMVXN1cd/UFLLyANQjjgwV+R4vPEm0Oux9mN4vx3+fUrkqxTh7jzcPXqzMA==
iepNjJvnNu8tfa41i4lxM2b63hed5rcWYHx+YI1bFR4DWYLu8qhiczt86NJe6tLoeGwYYupvkq2Y9zhzcaSAqI7q6ewJOfdw2SPprHo3jdOl1Sr6FHQn86FjcZAda1GzHQ==
yK0qvGTFQ0xGGvqgPqNZ36iOtx4MNoOOxn4y3J/6wmSkSIrogopQG1B9+sPCe2tAsug8DnNk842VoBtX00RgM3/z1xHwkq6ApWND1wtYxw9jsy8=
C7G+wWZsEm0mbe5ArII0o+/WuQP2kHsjp5i9BXRDQ8T+vmpsZ1pqlCzIAljqauhriL2CExobQ1C46DQeW4Sr3W3gQ6drJIiD93NfYVgy1jB9I3sHU3gvH2uzJw==
VBjDYwVRFSfJxGvLFt0vLlLG4MBbJiHUgnJZ44QNOBleG3bPmdX1cU2z79zaTUif6BrIXP9AGECpkgCnebIjpMfJzlGigIso+Ros0DV+syw=
QMoxaxf2AkZ2bByPk7XqnVJx9r6GWrpo0BzAQuJ/qu1AR7CTyfRqqOY6UYyBia+w4TPhjCLHJVNNZXIaHGTfs/mT+TDlO3mzNQ==
2crW89fTb8NBPDZAaXa8pADSkbxnAxWg6GbiIBIGOTj3Vqd4vN1WK1bL/zgsaKD259Rn5TkAd79nFJRrwzOrycTCWqiJgy//HyjTN3+zMw==
TsqwCmV4qytlVGTpR4ZYOks0JXEAZ2pkS/T770IVMvPruPJdJuGIexgzKsW+vUVzhevJPXd+tpuI1TwkoE7DRgh6zXw45bUEQ05zV0bjPmY7cj1UdDIZaLMm
0GaElTgFUZ5usHHLcX3Ra3Me0b5aCk5phs34RaZPxmPxMVXN1cd/UFLJyANQjjgwV+R4vPEm0Oux9mN4vx3+fUrkqxTh7jzcPXqzMA==
JGuXADdOQvXecicOcAFgrko0JXEAZ2pkS/T770IVMvPruPJdJuGIexgzKsW+vUVzhevJPXd+tpuI1TwkoE7DRgh6zXw45bUEQ05zV0bjPmY7cj1UdDIZaLMm
CArYGpqkM3Pf2NLkFYKNge/WuQP2kHsjp5i9BXRDQ8T+vmpsZ1pqlCzIAljqauhriL2CExobQ1C76DQeW4Sr3W3gQ6drJIiD93NfYVgy1jB9I3sHU3gvH2uzJw==
wBtISV+ASu3G8REw50LwLcy4OBx+mIm0OQUFybmwZSXiggYoLETkUuZ3hs2sD3QjrQz1KHpCtTzFQcOQzTvlnAYfWZPxPZaKmOyzU1XbPUDBA2WzKQ==
9sGGw3QpqfP5GC7flUBBUVLG4MBbJiHUgnJZ44QNOBleG3bPmdX1cU2z79zaTkif6BrIXP9AGECpkgCnebIjpMfJzlGigIso+Ros0DV+syw=
QAdTT8QvutEr3Tqeb6LAWO/WuQP2kHsjp5i9BXRDQ8T+vmpsZ1pqlCzIAljqauhriL2CExobQ1C66DQeW4Sr3W3gQ6drJIiD93NfYVgy1jB9I3sHU3gvH2uzJw==
1ZSAPfyCLEdZoCMGcXV2UbWQqxNYMY6Jk34u3J/6wmSkSIrogopQG1B9+sPCe2tAsOg8DnNk842VoBtX00RgM3/z1xHwkq6ApWND1wtYxw9jsy8=
pAFrti07n1CCtWgkOjWyjhd6eDddeW55GfTaukAfNfv2vqYQZqfCfxgzKsW+vUVzhevJPXd+tpuI1TwkoE7DRgh6zXw45bUEQ05zV0bjPmY7cj1UdDIZaLMm
S70KcxF+nU4u4/bUIANcsRJe+aBXLC6U9sNqq1jnAqGuuU1npb8BeSeaHg8IQZTA8AoLEihuxXgogZ3QA5rbM9ZntvKbJvUQJNYxfLMy
0GaElTgFUZ5usHHLcX3Ra3Me0b5aCk5phs34RaZPxmPxMVXN1cd/UFLJyANQjjgwV+R4vPEm0Oux9mN4vx3+fUrkqxTh7jzcPXqzMA==
ZDftXtxq6FXrpHmMJGGu2U/Y/M0PISzT13JF44QNOBleG3bPmdX1cU2z79zaTUif6BrIXP9AGECpkgCnebIjpMfJzlGigIso+Ros0DV+syw=
QMoxaxf2AkZ2bByPk7XqnVJx9r6GWrpo0BzAQuJ/qu1AR7CTyfRqqOY6UYyBia+w4TPhjCLHJVNNZXIaHGTfs/mT+TDlO3mzNQ==
EF6yL5cRS6PSTwK0Th4GCyEc5BIX3rqc/bKL9EKdtak9W8/kykVIh9gyqKSviNgYWfqgH+k6ozx3YS4pcsjL8InyDOgldrM0
2crW89fTb8NBPDZAaXa8pADSkbxnAxWg6GbiIBIGOTj3Vqd4vN1WK1bL/zgsaKD259Rn5TkAd79nFJRrwzOrycTCWqiJgy//HyjTN3+zMw==
ZDftXtxq6FXrpHmMJGGu2U/Y/M0PISzT13JF44QNOBleG3bPmdX1cU2z79zaTUif6BrIXP9AGECpkgCnebIjpMfJzlGigIso+Ros0DV+syw=
ZDftXtxq6FXrpHmMJGGu2U/Y/M0PISzT13JF44QNOBleG3bPmdX1cU2z79zaTUif6BrIXP9AGECpkgCnebIjpMfJzlGigIso+Ros0DV+syw=
ZDftXtxq6FXrpHmMJGGu2U/Y/M0PISzT13JF44QNOBleG3bPmdX1cU2z79zaTUif6BrIXP9AGECpkgCnebIjpMfJzlGigIso+Ros0DV+syw=
jurVXyXQotu18Q/IueWY4wi5y150R4OvvGFDBN1ZGPOYu7p93mX1O0UjueVXBqaTiN0sXICWs47IMn2kWF0ljMPG4++mu46uezrNDFTKCWCzLg==
ZDftXtxq6FXrpHmMJGGu2U/Y/M0PISzT13JF44QNOBleG3bPmdX1cU2z79zaTUif6BrIXP9AGECpkgCnebIjpMfJzlGigIso+Ros0DV+syw=
QMoxaxf2AkZ2bByPk7XqnVJx9r6GWrpo0BzAQuJ/qu1AR7CTyfRqqOY6UYyBia+w4TPhjCLHJVNNZXIaHGTfs/mT+TDlO3mzNQ==
2crW89fTb8NBPDZAaXa8pADSkbxnAxWg6GbiIBIGOTj3Vqd4vN1WK1bL/zgsaKD259Rn5TkAd79nFJRrwzOrycTCWqiJgy//HyjTN3+zMw==
ZDftXtxq6FXrpHmMJGGu2U/Y/M0PISzT13JF44QNOBleG3bPmdX1cU2z79zaTUif6BrIXP9AGECpkgCnebIjpMfJzlGigIso+Ros0DV+syw=
TsqwCmV4qytlVGTpR4ZYOks0JXEAZ2pkS/T770IVMvPruPJdJuGIexgzKsW+vUVzhevJPXd+tpuI1TwkoE7DRgh6zXw45bUEQ05zV0bjPmY7cj1UdDIZaLMm
1ZSAPfyCLEdZoCMGcXV2UbWQqxNYMY6Jk34u3J/6wmSkSIrogopQG1B9+sPCe2tAsOg8DnNk842VoBtX00RgM3/z1xHwkq6ApWND1wtYxw9jsy8=
0GaElTgFUZ5usHHLcX3Ra3Me0b5aCk5phs34RaZPxmPxMVXN1cd/UFLJyANQjjgwV+R4vPEm0Oux9mN4vx3+fUrkqxTh7jzcPXqzMA==
ZDftXtxq6FXrpHmMJGGu2U/Y/M0PISzT13JF44QNOBleG3bPmdX1cU2z79zaTUif6BrIXP9AGECpkgCnebIjpMfJzlGigIso+Ros0DV+syw=
QMoxaxf2AkZ2bByPk7XqnVJx9r6GWrpo0BzAQuJ/qu1AR7CTyfRqqOY6UYyBia+w4TPhjCLHJVNNZXIaHGTfs/mT+TDlO3mzNQ==
EF6yL5cRS6PSTwK0Th4GCyEc5BIX3rqc/bKL9EKdtak9W8/kykVIh9gyqKSviNgYWfqgH+k6ozx3YS4pcsjL8InyDOgldrM0
S+kUMcULC+31qil0AwAdo9xD8Q/SQKNwoP1qY5K7G6Cg6CxugyQjLQUga7djBLBTj/PnMaBS3iAV49O32xj3L3OzPw==
2crW89fTb8NBPDZAaXa8pADSkbxnAxWg6GbiIBIGOTj3Vqd4vN1WK1bL/zgsaKD259Rn5TkAd79nFJRrwzOrycTCWqiJgy//HyjTN3+zMw==
ZDftXtxq6FXrpHmMJGGu2U/Y/M0PISzT13JF44QNOBleG3bPmdX1cU2z79zaTUif6BrIXP9AGECpkgCnebIjpMfJzlGigIso+Ros0DV+syw=
jurVXyXQotu18Q/IueWY4wi5y150R4OvvGFDBN1ZGPOYu7p93mX1O0UjueVXBqaTiN0sXICWs47IMn2kWF0ljMPG4++mu46uezrNDFTKCWCzLg==
Tc/4XoTieaj+X7iY+EiG7VIUKMbUiL7AbvpMI0Sdjht+K4coJGio5h+0T9VhwA9vz7QMG0uzI3lcIjJ4McP3j/cI6yd3szs=
QMoxaxf2AkZ2bByPk7XqnVJx9r6GWrpo0BzAQuJ/qu1AR7CTyfRqqOY6UYyBia+w4TPhjCLHJVNNZXIaHGTfs/mT+TDlO3mzNQ==
vvxVd2JmV9j4aCJr/gSJjRoCd9gMXcbLJguvGBxokNY3lJeFqYDHHzfU5IvTM7vp9IKKyHkDv1+v6IPXD7ND
uQ3qC3D34+2zxhXONY4AMxoCd8UMXcbLJguvGB9okNY3lJeFqYDHHzfU5IvTM7vp9IKKyHkDv1+v6IPXD7ND
uQ3qC3D34+2zxhXONY4AMxoCd8UMXcbLJguvGB9okNY3lJeFqYDHHzfU5IvTM7vp9IKKyHkDv1+v6IPXD7ND
yxvaaBJuTOCfLM230EwUNEWjbugJOXKtuDdY89HkYajuKkls6XnXcLnjSSyad63TxRWKevQ0B/PBo9EQ/Stxsz0=
uQ3qC3D34+2zxhXONY4AMxoCd8UMXcbLJguvGB9okNY3lJeFqYDHHzfU5IvTM7vp9IKKyHkDv1+v6IPXD7ND
yxvaaBJuTOCfLM230EwUNEWjbugJOXKtuDdY89HkYajuKkls6XnXcLnjSSyad63TxRWKevQ0B/PBo9EQ/Stxsz0=
oqb7sFEm4rUT9wpnVYBAetxD8Q/SQKNtoP1qY5K7G6Cj6CxugyQjLQUga7djBLBTj/PnMaBS3iAV49O32xj3L3OzPw==
vmY/oyhILW27kBXFTnY4aBoCd9gMXcbLJguvGB9okNY3lJeFqYDHHzfU5IvTM7vp9IKKyHkDv1+v6IPXD7ND
/Rq+pIHUgeDU7/v/eASEZ9xD8Q/SQKNtoP1qY5K7G6Ci6CxugyQjLQUga7djBLBTj/PnMaBS3iAV49O32xj3L3OzPw==
f3lTQJZxF+cenafkefP4gxoCd9gMXcbLJguvGB5okNY3lJeFqYDHHzfU5IvTM7vp9IKKyHkDv1+v6IPXD7ND
C1KcdXvF+kri0TD97WhlO9xD8Q/SQKNtoP1qY5K7G6Cg6CxugyQjLQUga7djBLBTj/PnMaBS3iAV49O32xj3L3OzPw==
2crW89fTb8NBPDZAaXa8pADSkbxnAxWg6GbiIBIGOTj3Vqd4vN1WK1bL/zgsaKD259Rn5TkAd79nFJRrwzOrycTCWqiJgy//HyjTN3+zMw==
qtmcL0HAzbEKLfXF0Syw1rKHuu326st2f2nK775tewqGy76LNJW4kc5j1mfpDTU5nYuPNOpVSJf44uh0DxhYiPkq4M/JKqMsV7Fu+dJYS2ApIkw4BWazJA==
mcESInR94fk/qM4AodMHJMuiJQs6kp/7LRhQzqSwKWKkyAIoLETkUuZ3hs2sD3QjrQz2KHpCtTzFQcOQzTvlnAYfWZPxPZaKmOyzU1XbPUDBA2WzKQ==
d76tXpCLhus2+0X84VjuZ+Ltp8vM2q/NTHCZ3o2Zlh+HiFMrOypK/N6fylQhdxtMJrfZ0prqzslG7fhlZu9GgzFRVS2Vp//wEunIIxAuuFAXBHjcMcZQS3HWY1h/vX6dioSr9KGOvHx9WrMQ
d76tXpCLhus2+0X84VjuZ+Ltp8vM2q/NTHCZ3o2Zlh+HiFMrOypK/N6fylQhdxtMJrfZ0prqzslG7fhlZu9GgzFRVS2Vp//wEunIIxAuuFAXBHjcMcZQS3HWY1h/vX6dioSr9KGOvHx9WrMQ
Bx0K6Xz/M4HO80wFPJvNKaiOtx4MNoOOxn4y3J/6wmSkSIrogopQG1B9+sPCe2tAsOg8DnNk842VoBtX00RgM3/z1xHwkq6ApWND1wtYxw9jsy8=
oqb7sFEm4rUT9wpnVYBAetxD8Q/SQKNtoP1qY5K7G6Cj6CxugyQjLQUga7djBLBTj/PnMaBS3iAV49O32xj3L3OzPw==
5jsNnjoyemDf9X4yZ2YAtwDSkbxnAxWg6GbiIBIGOTj3Vqd4vN1WK1bL/zgvaKD259Rn5TkAd79nFJRrwzOrycTCWqiJgy//HyjTN3+zMw==
HWDPiyhRFlMIECvoex3pzbKHuu326st2f2nK775tewqGy76LNJW4kc5j1mfpDTU5nYuPNOpWSJf44uh0DxhYiPkq4M/JKqMsV7Fu+dJYS2ApIkw4BWazJA==
pLYAx4HseHk3TS/5JMA3wKiOtx4MNoOOxn4y3J/6wmSkSIrogopQG1B9+sPCe2tAs+g8DnNk842VoBtX00RgM3/z1xHwkq6ApWND1wtYxw9jsy8=
OZyBmwj+ROp30COMmI3FF+Ltp8vM2q/NTHCZ3o2ZlR+HiFMrOypK/N6fylQhdxtMJrfZ0prqzslG7fhlZu9GgzFRVS2Vp//wEurIIxAuuFAXBHjcMcZQS3HWY1h/vX6dioSr9KGOvHx9WrMQ
OZyBmwj+ROp30COMmI3FF+Ltp8vM2q/NTHCZ3o2ZlR+HiFMrOypK/N6fylQhdxtMJrfZ0prqzslG7fhlZu9GgzFRVS2Vp//wEurIIxAuuFAXBHjcMcZQS3HWY1h/vX6dioSr9KGOvHx9WrMQ
+tGur27B1HF/Suc3n+8Yv3Me0b5aCk5phs34RaZPxmPxMVXN1cd/UFLKyANQjjgwV+R4vPEm0Oux9mN4vx3+fUrkqxTh7jzcPXqzMA==
gcG04t50Nh+rm0IZGoN2uLKHu+326st2f2nK775tewqGy76LNJW4kc5j1mfpDTU5nYuPNOpWSJf44uh0DxhYiPkq4M/JKqMsV7Fu+dJYS2ApIkw4BWazJA==
pLYAx4HseHk3TS/5JMA3wKiOtx4MNoOOxn4y3J/6wmSkSIrogopQG1B9+sPCe2tAs+g8DnNk842VoBtX00RgM3/z1xHwkq6ApWND1wtYxw9jsy8=
BFCyJTM5G3+KMHLaPXspTuLtp8vM2q/NTHCZ3o2Zlh+EiFMrOypK/N6fylQhdxtMJrfZ0prqzslG7fhlZu9GgzFRVS2Vp//wEurIIxAuuFAXBHjcMcZQS3HWY1h/vX6dioSr9KGOvHx9WrMQ
BFCyJTM5G3+KMHLaPXspTuLtp8vM2q/NTHCZ3o2Zlh+EiFMrOypK/N6fylQhdxtMJrfZ0prqzslG7fhlZu9GgzFRVS2Vp//wEurIIxAuuFAXBHjcMcZQS3HWY1h/vX6dioSr9KGOvHx9WrMQ
/Rq+pIHUgeDU7/v/eASEZ9xD8Q/SQKNtoP1qY5K7G6Ci6CxugyQjLQUga7djBLBTj/PnMaBS3iAV49O32xj3L3OzPw==
erWRrxut6Hlu6UDpU7R+TQDSkbxnAxWg6GbiIBIGOTj3Vqd4vN1WK1bL/zguaKD259Rn5TkAd79nFJRrwzOrycTCWqiJgy//HyjTN3+zMw==
24CpA/SPOgtVIPTMVJq/9LKHu+326st2f2nK775tewqGy76LNJW4kc5j1mfpDTU5nYuPNOpXSJf44uh0DxhYiPkq4M/JKqMsV7Fu+dJYS2ApIkw4BWazJA==
yK0qvGTFQ0xGGvqgPqNZ36iOtx4MNoOOxn4y3J/6wmSkSIrogopQG1B9+sPCe2tAsug8DnNk842VoBtX00RgM3/z1xHwkq6ApWND1wtYxw9jsy8=
sMUsVHNrbZ7mNlpFnEdc18uiJQs6kp/7LRhQzqSwKWKkyAIoLETkUuZ3hs2sD3QjrQz0KHpCtTzFQcOQzTvlnAYfWZPxPZaKmOyzU1XbPUDBA2WzKQ==
JMlR22ytKZ6gl9lshEepd+Ltp8vM2q/NTHCZ3o2ZlR+EiFMrOypK/N6fylQhdxtMJrfZ0prqzslG7fhlZu9GgzFRVS2Vp//wEuvIIxAuuFAXBHjcMcZQS3HWY1h/vX6dioSr9KGOvHx9WrMQ
JMlR22ytKZ6gl9lshEepd+Ltp8vM2q/NTHCZ3o2ZlR+EiFMrOypK/N6fylQhdxtMJrfZ0prqzslG7fhlZu9GgzFRVS2Vp//wEuvIIxAuuFAXBHjcMcZQS3HWY1h/vX6dioSr9KGOvHx9WrMQ
ZvOusewZAKrwUZ4eGadB64nxJgktmd6pOAUFzriwKWKkyAIoLETkUuZ3hs2sD3QjrQz2KHpCtTzFQcOQzTvlnAYfWZPxPZaKmOyzU1XbPUDBA2WzKQ==
h/JpK5ctPb+A7BuR4sSLG19S7xAwTWqZzGL8iGJ5++chmmQI7V6wiNl+Q1JLyrf/kvz7whBbKyMqqjFLWIfCQS7ZjYeln8HZpzreLwhhVGBwqssyKI4FGKhhXbADeptTVof2kpsGtbCkdnFcsxI=
oBPc5y5Olwyv49O1KXp2IInxJgktmd6pOAUFzriwKWKkyAIoLETkUuZ3hs2sD3QjrQz1KHpCtTzFQcOQzTvlnAYfWZPxPZaKmOyzU1XbPUDBA2WzKQ==
vCzJza5CCfX1ktQHpryXmF9S7xAwTWqZzGL8iGJ5++chmmQI7V6wiNl+Q1JLyrf/kvz7whBbKyMqqjFLWIfCQS7ZjYeln8HZpzreLAhhVGBwqssyKI4FGKhhXbADeptTVof2kpsGtbCkdnFcsxI=
ThUYsnCMduFo2kJIFWGTX19S7xAwTWqZzGL8iGJ5++chmWQI7V6wiNl+Q1JLyrf/kvz7whBbKyMqqjFLWIfCQS7ZjYeln8HZpzreLAhhVGBwqssyKI4FGKhhXbADeptTVof2kpsGtbCkdnFcsxI=
ThUYsnCMduFo2kJIFWGTX19S7xAwTWqZzGL8iGJ5++chmWQI7V6wiNl+Q1JLyrf/kvz7whBbKyMqqjFLWIfCQS7ZjYeln8HZpzreLAhhVGBwqssyKI4FGKhhXbADeptTVof2kpsGtbCkdnFcsxI=
5mLUxqyyN85oHBEjjBTUqonxJgktmd6pOAUFzriwKWKkyAIoLETkUuZ3hs2sD3QjrQz0KHpCtTzFQcOQzTvlnAYfWZPxPZaKmOyzU1XbPUDBA2WzKQ==
b+zDgtuTeQg+r56SB7Wxa19S7xAwTWqZzGL8iGJ5++chmWQI7V6wiNl+Q1JLyrf/kvz7whBbKyMqqjFLWIfCQS7ZjYeln8HZpzreLQhhVGBwqssyKI4FGKhhXbADeptTVof2kpsGtbCkdnFcsxI=
W8aoLFOnPoyQxKQ4IfegWV7w3lloTYP+8GdTH9oWSfeYu7p93mX1O0UjueVXBqaTiN0sXICWs47IMn2kWF0ljMPG4++mu46uezrNDFTKCWCzLg==
xZr6Uc+ePjN3obaC07rVbCWslhu+6TwQcpnlgzo5b2jk3Ypu+StOaOD8sIJSH1pt0KfgUxmUeqj22gHMUek/MJHTUczSpxVTPUVCWuzEbzNpMylwNRtpsyU=
TPgjQTxxV2ML0o9jkeea01z12lZpS4P+8GdTH9oWSfeYu7p93mX1O0UjueVXBqaTiN0sXICWs47IMn2kWF0ljMPG4++mu46uezrNDFTKCWCzLg==
cjQO+f1mJeB8o20sc1xZIgl+YitfeSt9ULHfoE8Fc7awr+NHOq7ZfxgzKsW+vUVzhevJPXd+tpuI1TwkoE7DRgh6zXw45bUEQ05zV0bjPmY7cj1UdDIZaLMm
/VpeYi8i40h+PIsNtvciJEjY98EPcGDVx2lCrNUJOBleG3bPmdX1cU2z79zaTUif6BrIXP9AGECpkgCnebIjpMfJzlGigIso+Ros0DV+syw=
78LTR8CQznQQZ+NEHcgvmlztzVh1DtO0+WJZA9xZGPOYu7p93mX1O0UjueVXBqaTiN0sXICWs47IMn2kWF0ljMPG4++mu46uezrNDFTKCWCzLg==
QMoxaxf2AkZ2bByPk7XqnVJx9r6GWrpo0BzAQuJ/qu1AR7CTyfRqqOY6UYyBia+w4TPhjCLHJVNNZXIaHGTfs/mT+TDlO3mzNQ==
S+kUMcULC+31qil0AwAdo9xD8Q/SQKNwoP1qY5K7G6Cg6CxugyQjLQUga7djBLBTj/PnMaBS3iAV49O32xj3L3OzPw==
IurFMHNA9chbA/+gGCNZV3wZk6x9sTsrXz1DE2KOrsMFG2mNty6Wi4jFHHRg/mO2iMotDPg11RRDXpMHBhNe1rsCneQ04jl4szY=
JsALNLH+hSsleOYQJ+tMf0jY98EPcGDVx2lCrNUJOBleG3bPmdX1cU2z79zaTkif6BrIXP9AGECpkgCnebIjpMfJzlGigIso+Ros0DV+syw=
XDVPEI0/JJwZlXZdppuuGlJx9r6GWrpo0BzAQuJ/qu1AR7CTyfRpqOY6UYyBia+w4TPhjCLHJVNNZXIaHGTfs/mT+TDlO3mzNQ==
vgBwkFxxlSzvWylxEUNpN9xD8Q/SQKNwoP1qY5K7G6Cj6CxugyQjLQUga7djBLBTj/PnMaBS3iAV49O32xj3L3OzPw==
M1gA5XrhQ9QVE7sYJyJGXHwZk6x9sTsrXz1DE2KOrsMFG2mNty6WiIjFHHRg/mO2iMotDPg11RRDXpMHBhNe1rsCneQ04jl4szY=
0JaRsfHMKPhL5Zko+X+SgUjY98EPcGDVx2lCrNUJOBleG3bPmdX1cU2z79zaT0if6BrIXP9AGECpkgCnebIjpMfJzlGigIso+Ros0DV+syw=
2RlYExnMDBEnISHlIO3JmFJx9r6GWrpo0BzAQuJ/qu1AR7CTyfRoqOY6UYyBia+w4TPhjCLHJVNNZXIaHGTfs/mT+TDlO3mzNQ==
cJZKdqSWUJ6b4YLbj7BIidxD8Q/SQKNwoP1qY5K7G6Ci6CxugyQjLQUga7djBLBTj/PnMaBS3iAV49O32xj3L3OzPw==
2KJPneWRLTVuW8L1kbiTaHwZk6x9sTsrXz1DE2KOrsMFG2mNty6WiYjFHHRg/mO2iMotDPg11RRDXpMHBhNe1rsCneQ04jl4szY=
GLHUmwVuncBW/PiaCfzSljcZ/j0XlriG4a2JuxWc8LgkQfmrvVROksU1pKWviNgYWfqgH+k6ozx3YS4pcsjL8InyDOgldrM0
1NWZ3r6HNT/kHelFGoVxUjcZ/j0XlriG4amLtRWc8LgkQfmrvVROksU1pKWviNgYWfqgH+k6ozx3YS4pcsjL8InyDOgldrM0
JbG2WlGUKOQ1jCx/M4xwndApLfPf8Nk7NSXrXwRqVSEQUOPE7CwPvGprYuC/x+9xGRDGPv0zeZpdrLTx3RNnX8r/OUEyz5+/lcU8SKxX8Ch4IMw25zm3SxzYJFHo+3UtebHTuekdFC5766fLTSLJ4CalRWOgrM6txi14QmJ3kPVOczPrtLk3cBmjKay6t03TZVXq+tT05/Nh47GQ3euRs90=
R2ch3qbKM0puGMqPCaBXVLw4MyMAZCkOMJwHXdv6z1QTM6c1L7Pc+mHhMxBdm7VcVj9pkwFdRkrIDCPT5bvNAPEjdbM5
UVr5E0I39SnFLfMV5gCXWeX9GLvNrOXvzHSElo/Jo04J75z3muYpfEjf6zQ7fxz4U6cmB4r9uBAyfxkFHe/Cq5kxX9tpFxgxYhfiSl8Is51St80NVQLtgIO4nfQLGyZKEYSnGPwOsE8HvtctKlE1Z0fLvqc5xxVXYTjvSY9YWMh5auAPSeqj7NdxbrlSGEsgqWJM+IWms+Q=
9xQb7f4qpZ+plS3dVchR10VxiNgxYBbZFUH3u5ySlvhZfV2c46oBNOM0ugl3q6wjPDELUIXrTTz+j+ETia0u6nC8+5Md6xUg2TN9szE=
tU1+SevYkkh7TFZN1A54cW9b/HqGSQFca0LKLUWqCsecoh3WgZCPvFByFAQG1MbqtIbGBeeIWY8UZ+4/Zdj/wsSdaJ9Vbl27uDjulYHAL69vNOzbK7MDOfyiUrjRw9dPl4gLZ1ezGw==
t31Qnehp5e8v7UCbEggiiSLGjyvn/g3BnugFgNq4alyOe2belMDQQGIdDl/ez+yxvGFy9Ve2uKahSQvV1bzwmOQheUv9dE6yhdUkxW+o2DiZmiD8qRqjHDeBrkmy6MvQSZKMCGVWsxQ=
sQHOnXb5W6VEg9vZCbadiHoznR/LmZb67PzQdAox3puGk0wlNO3CEe/K+FKJJRvRzaCQTCxtCe8FyM4GbXl0gbd0+CyRlhCYkeZjaJ9tPs0qdCuEAV58LB1qsyA=
ELa6SU/MGboyBIIbu9t1tAJvtvpKVKQi0ZCG9uT40EhyBS637reseWw5El2nDjguMdGrvWVEMNC0+ZljjUxOupXNBC1f0JjwScJAVFmiI5SnGQ4hAhALmBlKbCAVbrMc
tL5W3p2qCEp3KEA10vdo8ytcmd97ZoU45pCG9uT40EhyBS637reseWw5El2nDjguMdGrvWVEMNC0+ZljjUxOupXNBC1f0JjwScJAVFmiI5SnGQ4hAhALmBlKbCAVbrMc
c9/TCRENZ2QaF6O0h7rD9Sp42NU0jFs4DnBgelD2jr9WARoF3NeAk3r7Q6xY8O2L82uxFmAeeLPRpUkODkSptzzba6KoHmWoaLJ9wAOKuwMWNxYCG5YVQGQmEWyzIg==
z+a4vCYoXI3u8HOmB/XGABB7zVqrgwS20wMaYed5HlrKQeQd1LOXFnMg/3T0ivzAxKdhABEx4i8Tw7PUalOkuoWA0k8YF98V3Xye3KTW8wxO7JS0s0iX7M8nJJGZr5iZsk/CQm9wc3XCLy3FJTrtqNNgPXy742YiAZzHUAy2MOfX5vclGin1j9dTXm9J/xV/MeBPwT+gGKBpcoBEuVIjRAcpTrFiYIvIOfqsMPWes8w=
m4YO5xyD+p9muak+GaWMhEVxiNkxYBbZFUH3u5ySlvhZfV2c46oBNOM0ugl3q6wjPDELUIXrTTz9j+ETia0u6nC8+5Md6xUg2TN9szE=
8bgaEOIiOLDf6folHEJP3HR0yHLlZzqp8DNZkiXXDY6C2uJp0Nx1NQiXewbcTbU8R9+NH36BCNc4f8eneDksXKhQIRf5//rnuMFZrgyzj/Cx2lAVPBEE4T7TWC4sdhFVwTSRVXC1dt0MBoixHjYwbakSTI1MykbnBS88YhkyaL8C6HFxhfdKZREujInZx5tw/utO+NSmcjKpYpH7PXALf8cF2I6+7PcWY3tXPtIxGp2cFA1HmkjnsXNJ0gsfDKrfR8CvsNm05rh/HzV4jQ9dPzhgctnZ+xkW6ZIdhyMBTC7pYtCSqSJTuVyVHlvfP2r7DLjR6WPn/wraWj0KwUHfQURNO+Z2x0CMvDEZFf0Dk/JPe9Jsu8sCsMhNB2b9Gj5w9WPBIcGN1BplefxhurvPgZHiDzwxRrxjQInrujoO59qlpO4WUFy/VZZlmsbmx/gOIq++kI9Il+zPJySRma+YmbJPwkJvcHN1wi8txSU67ajTYD18u+NmIgGcx1AMtjDn1+b3JRop9Y/XU15vSf8VfzHgT8E/oBigaXKARLlSI0QHKU6xYmCLyDn6rDD1nrPM
uq5JO2bJKRXp4RjMJjtexk7IlHrxPBdZH9h1cXd04cQE/s5Ht3o+a9UE6I+0eKfLG1HFx1PrGUNZ+Jv1o+jOjh3RkfNLFolz05Owi0BNkrHb/lxMcjeONOR/VvSmG3DUIM+KvLD7BXCUQwgQdoEZHTR8LViIiU4qyR9hTdrjrbxkN40N2yYSyVb20LyCFPWQ2aXJ2quJS4cgIBoWp1CfKX/Axjsai7D2VQleEldX7/talavmymmLgpdevY72vkMNXUZZRZ3pVMLqV11habA14NVZVytsWOVgqLyNWIN/IEe2JUu16m2g2gknJz3PbMZoNRT1Kz93CI+DiJJ90AoAo/GrqcnTpKNZymK/0fKWlL9POAmwnoZ54TmPZXeEXJkr1J+usc+XvQBXcvUcDIXcO2MkjuSHbGnm1vg0Zq9Tqnfy+DKNONhODSYeC9LnShNV7E/thbjvvk26bEsKo7O+/YW7sbBtPn8C5bL/OVZEHa7PTjjc0NGbJE9L/pNlCWvBttEdNVUp3cJXzzu66IY1gMgaTfiDsourth/GmtuOxaiEzuGUs9o=
mSZb6ceOBDhNhEU1dpODTHwZk6x9sTsrXz1DE2KOs8MFG2mNty6Wi4jFHHRg/mO2iMotDPg01hRDXpMHBhNe1rsCneQ04jl4szY=
7yu2Go6s3E3JfjXGSr7FyxVqfQ7v+bS8oN8nNyqcud3sFEC0iUJq+4bJ/MSJ1pDy40EwfEQUPHVH5l36PUCfrJ3ZDv2O17a+PndWtBxpBa2GTpSlWQCX/weUcCujMouJZEL66KmDD7+/qHN3X7MT
LqGUBXQhL7ekmZlQTDWSIZCJjG8AKESQ1BMzpcfq6NTqU3Ie9c1vvPCuaDdrbqnEuHeLbOu3X4NlRAYfmvW4KEJX+d1NpwJTKVn/Q/mfmImSv4ISj8Dz5WJf7RVFCu2485B9LFtT5rKh7AeAbIYw9/cWt3X6mXUfdyOevynPFW8REA+R3xCYMMkCQJPZYiJUJ9kO4YLQC1iZimzgla6z3A==
EHZxNT29H0NjQSvFnslXARHzvX3RaZ1D0W31OHbi9yEh91UWHUKZ+95T+1roJnWgSH0NWIISS0s2PwY62+6FyATuIXSzOg==
KZvfmStUWVs1d6ghZamHFJdL9hjdVqMgvPd3Yo2GG//n+zp1gj4wLQUga7djBLRTj/LnMaBS3iAV49O32xj3L3OzPw==
rCNkuX77ApNb12AeMr3xgJYjUjAD9VuwWUwzcJ6/YwC3xCCusnonEkrEvp6UiUd1Nj9JCuFU50NQzwG0+SHtqwVjNWRFARi6ne7BF+4fI9aI6m2seJGQ9EI+U6eGs572u+JdhLQCeVizFg==
Oydmvip15675Iq1qLCY1c1MpE77IHn2JzJCG9UJIeir/F5fG5leX9SsIQzaPdIGS7fCY6j0NHWi2XRfmoQQGYIm2fKHj1mcp7EI3af4Vhhv4eqbhcUfh2dJxXV/nKcVR+DsWKSrow54D53a51V+ZpG0qV+a19jdt9tCVKl8qkAiQBbNAX0/2h0Vdo4XmNbWh1b11JgeL8+7Ikj2E2HlgLMJmI88mm04Oe9oN7NQqyYCzzg==
z8dqdPnPbcdr6W5m0WxjHtBMKShvm2QX8ZQaI/CPuj2tAvYxElOd8aVz7T8NbW0iccmcq//euLVFTW2oz9l7Nuonl6HutLdlWiJsWCTYh7zaZTb37tp0X1zrIMteyNZ8Ag6JJbk7MgRq6QZn+633LT0Bp8E6XnX3yfODfmcAiDnL285wAN3oMXZ6jCveNQAv3VM6JZkA139HlLCuYzJLCSRCumhpg88//6gz95+z0w==
yUQwBHHD99vvnpA56nG2e//fxHS+IgUe63kEerLXrqepdHKzSA9CrQWirsFak1WhXRPFDxVtdRJZqWT7Nx7wRR3txTg3WcOmgsfPESb0fzViAgSoPNifzDJFDiemGjzvhIvIW+ZIruyqrlFVcXt61BIJLlfjre8dFeHfEXIevYcRUyvuH4AwqSO7FsBIHaDhTlpkW8Y1GN+1cwJ1UUAfzx902D7bsrOZjOLimCFDB28HyBvHh7PL
ZDaIqM1VhawKlanvHY5s4eMQMGOPs+LYDuLsRfNpdKpm+4dMXG8m7yyxK5qA3bTjW71TK8sTG217DleRauc5bh5ZM9XrJFm5rXqs/+FNyISxaaw6SnRyGNEQfP3Ae2hq0rMqM2aHiKjAcAQW/8mfC/RInLGgy20tYYGbWVGN/G5TG7/rhXJxYF51jQO4nKZtbr2A4iqHiPVWA/tLzCmfMPGTMUz24rVS3YWi2syEzzMJcwnwFduJs8U=
+Qim0Ey0i82VzABsbqIOUwjvEi3kGCdnOSsv7MQfrm+kAbN66A0Mo4PNuwvzAxNtcx5vsYKX4S6miVs1c5TROSUKNF9JnbBE6VmEWrJkehjZAAQd6EuwKirjgpP+dwAoSMCcdheZJ8usuPSRmNtlLWmRo3k5faSu60tXix3C+eDWhRWjEMxeLbaNqAJSl4D1XhMDK+QZx/CJQ5nsbpI90lU1OjqkVHdz0QPh0C3LgbPN
0ZF0ea63XUya/3iqdh7mOBggGbmYCniS1YbVslhTbT//F5fG5leX9SsIQzaPdIGS7fCY6j0NHWi2XRfmoQQGYIm2fKHj1mcp7EI3af4Vhhv4eqbhcUfh2dJxXV/nKcVR+DsWKSrow54D53a51V+ZpG0qV+a19jdt9tCVKl8qkAiQBbNAX0/2h0Vdo4XmNbWh1b11JgeL8+7Ikj2E2HlgLMJmI88mm04Oe9oN7NQqyYCzzg==
su3GnE/X7701SIqm6He5NAjvDyHiCjxuCSsv7MQfrm+kAbN66A0Mo4PNuwvzAxNtcx5vsYKX4S6miVs1c5TROSUKNF9JnbBE6VmEWrJkehjZAAQd6EuwKirjgpP+dwAoSMCcdheZJ8usuPSRmNtlLWmRo3k5faSu60tXix3C+eDWhRWjEMxeLbaNqAJSl4D1XhMDK+QZx/CJQ5nsbpI90lU1OjqkVHdz0QPh0C3LgbPN
h4r2iQv72h5vx3slDjwTHsaI/K6IN0nxKqHMpD4P7Q46ejAP/aQGSwTPDpUx8nqppvNJiWkj0RcZbXkKTZlQ0yt+DC3JvfEAe5mPXvYXm7maVONdlnKQMLBYE1SmtXrPOrqAR1DbPCMqCGLUnn4FvQ2bZvwmOTpP763jBQHR6zlu/sFvRYMf1tPA/NHX68Jo9L08CTqq8MNKtZRHIQP2Hc3go2dLpKzGl3L/obiyNvDdIxtHM/gP34uzxw==
Rjjz/SYOKVDfNUkcO2rOvWkzfnLNedGgWojfAb2TcxyI12ovYEl/SrT1aIOn1Ucb/wsXbXcWY6F+j8UOwnEHBb/cFXnhwnivFSUUJA3BOMo+7P6YXYiIjVTT1MqOW17jMj9E6AwI0EbL4cPriKCIgZTTYS1tma9pRWWAjg8zi7tRCr0gks3Z08x0+s3SFRSS3h8Eddqbj7tYgSOQLfvFHCJa+ZKRffYK+KwTU/UbHcAhw4WzyQ==
TFu4r/Iuf9KdaX4KIoSt8Gg6Y2XLepiyCobDC7jSR1KEzWI6YEl/SrT1aIOn1Ucb/wsXbXcWY6F+j8UOwnEHBb/cFXnhwnivFSUUJA3BOMo+7P6YXYiIjVTT1MqOW17jMj9E6AwI0EbL4cPriKCIgZTTYS1tma9pRWWAjg8zi7tRCr0gks3Z08x0+s3SFRSS3h8Eddqbj7tYgSOQLfvFHCJa+ZKRffYK+KwTU/UbHcAhw4WzyQ==
nDLe8JGP3MPW0fMmO/1pMtOBghsOheplNQnPPVmP/tJc0XvQFUsd/Mqq8RKZzd6qoNxrE61LpeCJ0w2zQQ==
DCqz5xiHElNdIi0Pj2/Jcs6bGUTEjew5lD9hhT8zAyYIWo3cuAHwJEJuszfGQ/5GO5J9tPSS2QizRg==
bhA/WNYQeHn/TFHsvkUPoFERc8gl73rb7OgTBIOgaT0OkclOUb8eDAcsOHShjnBHJH7i8C+1XtUaLOvcscYc9C1yszg=
0DG//YdbnJ8cqidevAIoThHzvX3RaZ1D0W31OHbi9yEh91UWHUKZ+95T+1roJnWgSH0IWIISS0s2PwY62+6FyATuIXSzOg==
56EgPSNXQhg8ueVyuHohJZdL9hjdVqMgvPd3Yo2GG//n+zp1gj4wLQUga7djBLRWj/LnMaBS3iAV49O32xj3L3OzPw==
nDLe8JGP3MPW0fMmO/1pMtOBghsOheplNQnPPVmP/tJc0XvQFUsd/Mqq8RKZzd6qoNxrE61LpeCJ0w2zQQ==
DCqz5xiHElNdIi0Pj2/Jcs6bGUTEjew5lD9hhT8zAyYIWo3cuAHwJEJuszfGQ/5GO5J9tPSS2QizRg==
718/cfGmUmu4dE7Jfqa/ykbbwrn5tuXdt2a2FxhKKDfzR2LSwQ3WhVkMoeVBzJKs43Oa9tV5WOLtAghROdY6uBdVhQYcO9WkhIN3f9Ew4Wm44dZRtGJYbXYCMEHx1vzxxF4mq/0LLH4xRqhTmmyBzc0jamkpytzVMXMb3CavfgTcspL+0cYBZ5WESxPfAaiydrhXmtsfh+K6BRqxxNC9OxLch/2LbcIXN3hqM99EXwyRYMa0R/tlJGW73ZPgJEIl0e/52pE2jRuL9QxC8WagrmF28zXk8c6Htwtq11R8YZXrc59GIn4tFuk1H63cyctaPhNggITVSUkVtxNelz/ikLPf4nyw6Zf6Ve5+HO1nsR0J2XSW3R0svdKPz63JJr9AudLcL7it+6YSeic2PSAeqhiIn1mugcqaDnN4ovrrjmyHXHcgt4O0DTFb2PWqS7J+pyTT+XpL/RlNDu2Ei6SNADN3Bm75uNdMJMLwC09iB5lS/dWD77cOM6FLldPppH89N7T4bBHWENwUpmIoHy0+jao0K0SBnnzsnaqz4A==
yoXj5NPIdlhvh/FsL3DT53YE3SD07GfUzMwKDgLLPBbYMP/69V6TXbhN2gY+7Kn0doSiS9zJ5VsAu/NsqQDyao471LZK7GahhRVhuu6B70ZKJxD/3c0asuDeJoKHfBZE+3A+TytAkn6vnix7/pgVk68YHNShTZ7nwkJ+P8/YziNqO4N4cqJHhmNKWbdTlewXDdu8saxEATx5n62tOmPZyDwajrrtQRho7X86zdg2vFXRmrxRydOf+8EuYxG+of834j2M/jleJsv+4T23Y1nQybzcrV8LDF3r93vCUpRqfAVyqihqAV120QKnQSQLGf3LXC9iEoSHiZRyyBcSUM3Shy6zgUlivlNpjrpbVvyD8VfnbjMDSt0uw5g8ISu4SAYgNk8SN5vD40NjpGh+mI+N8FNXOTMtErnyqfcOeESOwdyqGD1kdhLvHc3vRxFW4EbzkoiahKaeDa0l245Mrtlif/et+zVZMWOJhr7pf01jJ4YrQEQBr8vKeBz9lPmyCiizUrWMt3mjfm1lIMt3Q4RXli/yh3GA0j7g9eNz97uY1++Ts98=
6KiBgpkAJaVs3r6QPI1LczcZ/j0XlriG4a2JuxWc8LgkQfmrvVROksU1pKWviNgYWfqgEuw6ojx3YS4pcsjL8InyDOgldrM0
deG94dJi53X2havxRWjSRURCDCB4FcuBQd/C1SVeIYvuCF2EcjcMQAOKHVsSO24jgl8U6NyooIY7wbNrWICYwQQzUS1deT8pVUVQDn8Te3shqm0gwq1pE/wUSk0CdQRSTr90dSo7H/tIYXMQnRv1XJu6KZLB3QZKiIzj06U7DQCxo7Wz+Q==
RUWWfOG+Pc7Xg9sDuhxYNyp42NU0jFs4DnBgelD2jr9WARoF3NeAk3r7Q6xY8O2P8WWxFmAeeLPRpUkODkSptzzba6KoHmWoaLx4wAKKuwMWNxYCG5YVQGQmEWyzIg==
Z5fqoIgN+jKjFe5liER/UStcmd97ZoU45pCG9uT40EhyBS637reseWw5El2nDjguMdWps2VEMNC0+ZljjUxOupXNBC1f0JjwScJAWlyiIpSnGQ4hAhALmBlKbCAVbrMc
P2DmJU/RJp97wS5YPE84wgJvtvpKVKQi0ZCG9uT40EhyBS637reseWw5El2nDjguMdWps2VEMNC0+ZljjUxOupXNBC1f0JjwScJAWlyiIpSnGQ4hAhALmBlKbCAVbrMc
AP/xXPie1N+2IThUUdI2UnoznR/LmZb67PzQdAox3puGk0wlNO3CEe/K+FKJIRnfzaCQTCxtCe8FyM4GbXl0gbd0+CyRlhCWlOZiaJ9tPs0qdCuEAV58LB1qsyA=
w08N3mUrdCyvWSsjmHY38CLGjyvn/g3BnugFgNq4alyOe2belMDQQGIdDl/ez+yxvGFy9Ve2uKahTQnb1bzwmOQheUv9dE6yhdUkxW+o2DiZmiDyrBqiHDeBrkmy6MvQSZKMCGVWsxQ=
ZG+lE4+3egEsIpJgqJxciW9b/HqGSQFca0LKLUWqCsecoh3WgZCPvFByFAQG1MbqtIbGBeeIWY8QZeA/Zdj/wsSdaJ9Vbl27uDjulYHAL69vNOHeK7IDOfyiUrjRw9dPl4gLZ1ezGw==
09ZLChsKDWt99N3/uDV1xN4FkHJIkGoXpLFmFjWV/5iLRUkCE5S3hYRlwqHt6EUzNJvvDW5ETPLWT6t6Z1apS+qRm9A1i718o2rREnmNfirAHAsTjQtFYCkTbbMh
7zSDcDYZIwt8lgmZjYR+Sdg7T3IHg9ITLLfToeD/kGnZbYzn1pPSgoAFIAUJSM4/Pd6lg/02UAzPmZjkZInhOUxswMyjkYUzV6Vd/TgXDiUahBtSY2vu1WWTwYhtBg8qBZqv4ZYcTUZvJogkUKkrzO8jLkslUbvp1vntDVURLeo35+viqF7l6Gj8+IACSjvDFveWwhtWlYBk5pGss+I=
