CaVQfR6L9eTfpGRVOJLaiVaqxbT+5oRj+Ze6stFbIx+00f6rovxyydR8wawLwEpgtNTZuznl5D1mfN1CZ9qzhaw/zXW4n569ejzrmiMj3i1Fi9GAbQ4fMiVin6nW1L3+D74YrNAhu1QPm14D5ZmLkfbh/QVVGT3yF5/bKmgWlVCIbm8IicCrWnZPZgpbHqV4RP6BpLPq
CJkyEPiKIvBGK1V9uboUjc1T7/sBH7NKCn8zW3ks4YK3FVT1XC6kQPvlVDb6tqFHPRM0atQuk8/Jib8z2Y+YufLvQuIvUHNVgo+tZWUa7YiTwL3c+8NmAkE8R/BMljDHl0Z3hVoJ9a+X897PCd8VX3FAz2F/gBiAKdIA4PtyKWZHiM4RIkCL6HlaLJC1vrPs
7xxbmPcTD86MsdWZDEu4PgDMGXeWwH8TBFOMeIzDnxdsI8KUk56zNBLNAwJ4s7RFzIHizMC6NOlIF9Vd/fOJNFPVpZBW3RHhRPLExBMpJAIHDyPj9T8kvgyyMwvhhY/HYfNYXfqDkna3DJNR6sNd0R0m7azbbC2Io99GRumw94R0anCjH6onkULVlSt/P6778WOV+7ls37WnHLhEAd4wFEMO6YJP5B6Fuhxr7BEW3CTNgrPI
K5kSDbxNmcc9VXp3du1lDhElJB5eNMTxqeYDIph6EXyxMSboY53VAP6vmLD3YoH7rpM6c/YnWKiQkJRW7ylPi0SorPEQK10tUWErGWFtTO6D+6+rFZIhYI7VHUOovPbtnp3woton+PWmo4uLPAnvsCGzIYxlReVZD+UzGtzkn7O5Ezkwpbu5s/U=
DvyplXUG4gDkrUObc90axAUUHjo8Ds1vGtw9SLOjqpBTKXg9VSMrE5xyPVxd+eJYB+xIgGJXfACzKu3bgps+Y9J/JOgsSHDGa6Ej6+hgaAE0E0EtTVkP6aWl4I7vcys78UqdIPKNOVOstNrN8tW0Ej7fZHU62+87+MEDkA27JZxBnRmZs71Xilhsc1MVW31AgYOls+k=
K+5xBvmYXOkvJnFLNespVwUUHjo8Ds1vGtw9SLOjqpBTOHAzUywqQZxyPVxd+eJYB+1IgGJXfACzKu3bgps+Y9J/JOgsSHDGa6Ej6+hgaAE0E0EtTVkP6aWl4I7vcys78UqdIPKNOVOstNrN8tW0Ej7fZHU62+87+MEDkA27JZxBnRmZs71Xilhsc1MVW31AgYOls+k=
+CJFfdqGNEDsXP3lek/RQuW9vhR6xq3kSgYltKBag1+IRJ3M8q26gfQKGz/COGbmZX4Oi67WJExHiUXtTMbkOEtt9G6om6B/TVvU8kRGUzf5gZ/rCScYAQInIvo/uDMtMgcNPTUy7bDjiF1Ea6um+nE0ZyicPrB/Z44XnUrhtdcne36XWfcVZwEIL/nv6Nh4GdogOCvaqd63QK4JMqjLkMnSjMjllrPU
IjI17yf8rJ4AAzCJcw4BRtSz4uyYTuufWLTSbjQYApSX6eSw/w31AYSSxCRTSaSiQS8gw7WfpN5MUjNrIWUPZ6HTWH06IxKWd2yTsaqj3XFdBu2Mm8yt6OM/RiYpUHcktEpwg98Kp3GCtZXLP18uW7FDldv5zF/V5/y4JME+sLSDLumij0SeZXp8awxRdlyEjaKz6A==
UUivN7ecGTONTZdq2xRMMR4F+pqp2gMawOB+BmU5IFSvR+sFcQ0fQwJInb2Rhi5yvImuFhdMV/2QcOU8AsAog56owa5nSyj/jKsQK07IxlxyzllFCbuipJqpVofLrcfNbUFXYarexZcZM/NedwCY2fubHtBwXXhRxrrcCy41cA8NE4rFCYAn3xdUg8lzOVkp1QLqiNkDX5+PaOOXr7Pj
O5ZC4rixFvOI2RQ644MEbERWL3lmA81vEt4rWuexqcBTbDV0AW1+QZxyPVxd+eJYB+lIgGJXfACzKu3bgps+Y9J/JOgsSHDGa6Ej6+hgaAE0E0EtTVkP6aWl4I7vcys78UqdIPKNOVOstNrN8tW0Ej7fZHU62+87+MEDkA27JZxBnRmZs71Xilhsc1MVW31AgYOls+k=
7R+c2wqRR5oPUA2m/VGTy5j2orfGTuuUR6TVPD0LTJWdouSw/w31AYSSxCRTSaSiRC8gw7WfpN5MUjNrIWUPZ6HTWH06IxKWd2yTsaqj3XFdBu2Mm8yt6OM/RiYpUHcktEpwg98Kp3GCtZXLP18uW7FDldv5zF/V5/y4JME+sLSDLumij0SeZXp8awxRdlyEjaKz6A==
sFF1HJhWUoZWUzONOu1yuyJ6APihBX8KLH8pfQjH9Fk0SgT8YxHEunA2INuFh8SGfIrzs5E9b/8RS9jlirtyzse0U2ma+71pbR7tlKvUzbDT54b+mQgXvATS8BtvkscpMm1VEw8HTkOBW5XDydQ/jdckePxxZtAsM7ZpOj/c/j3KpKvUYS48nL26s/A=
FS2NZH90ENzwli2B7YUvd9Sp7uGaD6LXR6OLY3hHXcaV8KWw/w31AYSSxCRTSaSiRi4gw7WfpN5MUjNrIWUPZ6HTWH06IxKWd2yTsaqj3XFdBu2Mm8yt6OM/RiYpUHcktEpwg98Kp3GCtZXLP18uW7FDldv5zF/V5/y4JME+sLSDLumij0SeZXp8awxRdlyEjaKz6A==
kwI2TzwBW/5SJdXbuPC1+Pja2V2mNRM5iDMEe7DU06ngNXWsS3MW8Ar48IAQ3waiER3NRgZvVEcYrmjoYEfnVxLhy0hzEYeIq8WmBi+MD00YEF3ua8HA0yZISR6/CxDvhIvIW+ZIruyqrlFVcXt61BIJLlfjre8dFeHfEXIevYcRUyvuH4AwqSO7FsBIHaDhTlpkW8Y1GN+1cwJ1UUAfzx902znbubGZjeLimCFDB28HyBvHh7PL
iJtO9Ecs4u1eWGB220xgwdgtIfvaxIohOxikTx4jNiNDat/q3TkcrmkuJP+phKVxEQTNHZBqKbxpga6I20w9AZb/IFB/0tm7loMyU65X8Ch4IMw25zm3SxzYJFHo+3UtebHTuekdFC5766fLTSLJ4CalRWOgrM6txi14QmJ3kPVOczPrtLk3cBmjKay9tU3ZZ1Xr+tT05/Nh47GQ3euRs90=
g5MPXnJF7O2uI1icjtH5y9XtlD4c5W3LJvzuAd8AuF8SKzIjR2LT+sEh+I4NFtjP5UxhMVXMAW0sko3czRkyGFfEuYESd6zA40p9WzL7jqPiHzToPGgABpsBU2t4wDhB5PNxLX2536n1BXAOn9Pb+4FqjSDi7QmTHNRqTWK15NLu/xR1yvu/eyghkxC9W5XccX0JmaOdp8oozIPThfutgNHjlbPZ
0ImrPqCXz+ByWR1ZbQEJk1I2VOOgj3PgN5F2d4lUvj3bjamzo8TkTnZGm3EWlphtO2re8IEmeuzxu3g0tGaHV7yoZthhsRERLEQQlONJVVv3Te2FuO++TbpsSwqjs779hbuxsG0+fwLlsv85VkQdrs9OONzQ0ZskT0v+k2UJa8G20R01VSndwlfPO7rohjWAyB5P+Imwi6q2H8aa247FqITO4ZSz2g==
uZAIpD8021VfgzPkgIMtWBMvgsF8EX7Bd6McCPwRzTTCVwgvMCNFZsnyuxXqnh/i4qf/aAMRt+hbhRbmXwyfLchQDQB7wdCz9ogZ/i+L4I80S7i71khezJpuIfXB++p0Qsl+d/Ot/z1FIY+x4p4NJ2GTG87vgABJU3umoLidMAEemrQ71jUIP+Uz0hXBwG8vrzQrWeu5wbm9ohI4kcOXz9eIy+eXs9s=
znyeCjliZ/89+mlhYgiLt9Sz4uyYTuuXWqLAOjkRHMaX763ksViHAYSSxCRTSaSiSy0hw7WfpN5MUjNrIWUPZ6HTWH06IxKWd2yTsaqj3XFdBu2Mm8yt6OM/RiYpUHcktEpwg98Kp3GCtZXLP18uW7FDldv5zF/V5/y4JME+sLSDLumij0SeZXp8awxRdlyEjaKz6A==
6ID3rWjpWI6znbmlM1Q/NH11ehWZHWHPIWqi16PY8QVHV2IV3f2qHmtsizXUAEGhiE6kGzpYBeY7a9T3iLs004KIiuSWXt3NtVt+7N6Zsp/HrcvViXETKXY+eR+doxfmO0BUId+LGtiMfSQZAkp4k6K1/JepY84N1aBb1xNEp7E/+ZWRsZJuAGVjA1dLWIePo7Pv
TnCZXquPRkVngUWJ1dYJtV5oA203DWdpdGm2Jn8M/21o0K1KHM4wc1YIuT7Pi8DPlMtY+7ZIfgw67kG1IfvKNCJJnrfTrd/9paHv8cKe7WcBE7sOz4BgCbP7BuCYndDBvhoU+zY1aH9Fs3JVocBP7w+0S5kLueH5HSLy+PHDtw83CKunt7P7
pMmL/5YcaxUpHKiakYTqdPSWyoeL6vsDHdu41LRGx/c8SK3/bpHR8azkULTjqZU7d+0tZbiP/u06jAtqo5N+XQXb8ZBtHj9iZRI/GVYkXU5P7ni80DFbhM8rPnNlKSthNjHdFVUJHSLXb3ua6Gb14Ei+jxiJ0MsKNv+G+tuuBQgErqG0s/o=
upw0Rek9PAP2i8TTJiNbIVxoA3w1G2NpdGm2Jn8M/21o0K1MHM4wc1YIuT7Pi8DPlMtY+7ZIfgw67kG1IfvKNCJJnrfTrd/9paHv8cKe7WcBE7sOz4BgCbP7BuCYndDBvhoU+zY1aH9Fs3JVocBP7w+0S5kLueH5HSLy+PHDtw83CKunt7P7
wCFI8ejJQMskc3RpDQ8aOfSWzJGX9/sDHdu41LRGx/c8SKv/bpHR8azkULTjqZU7d+0tZbiP/u06jAtqo5N+XQXb8ZBtHj9iZRI/GVYkXU5P7ni80DFbhM8rPnNlKSthNjHdFVUJHSLXb3ua6Gb14Ei+jxiJ0MsKNv+G+tuuBQgErqG0s/o=
g3B4OD5LOgFFxfc6ebU7tvSWzYeF8vsDHdu41LRGx/c8SKj/bpHR8azkULTjqZU7d+0tZbiP/u06jAtqo5N+XQXb8ZBtHj9iZRI/GVYkXU5P7ni80DFbhM8rPnNlKSthNjHdFVUJHSLXb3ua6Gb14Ei+jxiJ0MsKNv+G+tuuBQgErqG0s/o=
IPwmFSSl2P6uMnej32Z0SOr3UKzBuOXljXOVj66A5lABy5ypyaN2O2jr1V0sdmSIK900XsKor08taxRCJPbTh5kxX9tpFxgxYhfiSl8Is51St80NVQLtgIO4nfQLGyZKEYSnGPwOsE8HvtctKlE1Z0fLvqc5xxVXYTjvSY9YWMh5auAOS+qp7tdwbrlSGEsgqWJM+IWms+Q=
+uQ0vHGqiyUziY9JHXbNcyddvfHYjR7lAyr3tbw/wZaY1vjQ/11weqjSRc2RbgxRfNuw0l6JxlEkYkRU85lk8iYdL/PVz2QO7CKzm4E1T7dB41hN2vNSxtecE8EKcx0hPTbtvPucbThDT8bWiQA39FR6cLM/2uchIkUVu5+P7gvRc5XrmZyfBUeMONRhbvBiYx7pkm+U3jXajOt88aac1O2Ss9g=
gXRBb1QogwYLz+cWK1P+ZRB7zVqrgwS20wMaYed5HlrKQeQd1LOXFnMg/3T0ivzAxKdhABEx4i8Tw7PUalOkuoWA0k8YF98V3Xye3KTW8wxO7JS0s0iX7M8nJJGZr5iZsk/CQm9wc3XCLy3FJTrtqNNgPXy742YiAZzHUAy2MOfX5vclGin1j9dTXm9J/xV/MeBPwT+gGKBpcoBGu1IpRgcoTrFiYIvIOfqsMPWes8w=
gXRBb1QogwYLz+cWK1P+ZRB7zVqrgwS20wMaYed5HlrKQeQd1LOXFnMg/3T0ivzAxKdhABEx4i8Tw7PUalOkuoWA0k8YF98V3Xye3KTW8wxO7JS0s0iX7M8nJJGZr5iZsk/CQm9wc3XCLy3FJTrtqNNgPXy742YiAZzHUAy2MOfX5vclGin1j9dTXm9J/xV/MeBPwT+gGKBpcoBGu1IpRgcoTrFiYIvIOfqsMPWes8w=
r93z9dyogk9g4jiBUdeMFdt+eoI4+x2c1PDHv5HticZ6p6ZUjXY8FZWyod0MEi1gvr0ljE0oFxNVYfBqwh4iVWjHjvJ2f3b/J1I7NHmELOUaedH4dxfdu/EitertF4rAiJ49lA6YmawKAqOlSY+DCVrQGnv2SL6Meu6BNeH7irTiSd43E60ffeWhL3GCni3nwRP7jg+AIInz+8Zg2J0QQf4aVHv2NSj/hbOy1eHAj29PtI4Zy7mhed0isnixw3ePdwhrJ/ezuw==
ojUgKIjrwg1hV9mghi+zmd4gfmfYAjsiR/SiHi6M3J0I4htGVQeFfLWk5GFbp1q6FslfVgb4O2OakPJV0fQyCthyCWZl+RzdJm+XExsvXOH/41WEhkLyNqwxkxF14OYQx5gBIkZcfFKP5yLTIvza+bispgn2uoNmx35b8XyLhXH4G9aJqkgDvgOHttlVP1nEbUqXhjWW9w328FWK34pQKJAl8+Df77anRb3jZWbV9UHVXTXGh2uzDsiyfSRY3ycMyUTjbqY7ji57us2MVEoJ4LOu
xX5+bCE5EUF8mk9R20GtFCenu0Bop9al6+WNPIx0uNexfv3FzdznQVAXDfZtig1nXVL4mF8OFGHnDWmt3PhoqAN1LWcHcZW5eFPG8UrQM7ZDD8bBdYfJjG0CBz4VjoeFtvhlEj/yQGAQ7eMYv3eGr4U1E31GbWWJ1ZWlfqdzQ4YIuk28OCc3xEkM8xZGo74mOzK9lHTymaiz5g==
Gm7xm7KBJBl/bvx0R5cWXD3aZQhjZXMVtzgFLkBZ25+mYSVJHgCqxy0py0ughWeKy4PsKg7HIJOGyOleXwtwL2QLaJvGSE4syi7xFVF7WpTyiU6Xw63P3XVhP1FSHp3HsdNLLv+AEGmDO/YAKB1Aoe7axBsmNXgfFfOitTFA/49/9H55+7nR2W1iQlgBQyevZ0j7h6ez6w==
9qED5ywSgB0ikFg+tcHa/l9SeMo5/XvJ/fhQFJz1aTc10M4eXaEUGQcsOHShjnBPI37p8i+0XtUaLOvcscYc9C1yszg=
vAdGe5vgX2tN7JmD60lyv9ApLfPf8Nk7NSXrXwRqVSEQUOPE7CwPvGprYuC/x+9xGRDGPv0zeZpdrLTx3RNnX8r/OUEyz5+/lcU8SKxX8Ch4IMw25zm3SxzYJFHo+3UtebHTuekdFC5766fLTSLJ4CalRWOgrM6txi14QmJ3kPVOczPrtLk3cBmjKay2tU3ZZ1Xr+tT05/Nh47GQ3euRs90=
jsqCAW80xJRCYMqruNAeEPdE6EnXTtczpoJQN9sPkNe7LQHlDVueXajTS1yFWT8WGzMDghUKUvcQtaJz1MesnhrcyOT5sjWSYBH/jBMc6/BU8AOg/dwCpea5zezrmfNTj/pkJz+UETPp+X+jub+Y6VIfAvLP4POFov9t9QUq7dgzMP3MG3Pm0mFMh2AspjCXN7Y3lbq5dX+3gx5fae8VD9Gwj3GfMJhQCaLAcppCKTbneI4BwvALOFkq7ADVjrO8
xl3ZT4y+4xvt7hSwd0S740VxiNgxYBbZFUH3u5ySlvhZfV2c46oBNOM0ugl3q6wjPDELUIXrTTz7jOEZi60v6nC8+5Md6xUg2TN9szE=
IKOP/HvNWOQvv2QsfubMOG9b/HqGSQFca0LKLUWqCsecoh3WgZCPvFByFAQG1MbqtIbGBeeIWY8UZ+4/Zdj/wsSdaJ9Vbl27uDjulYHAL69vNOnYK7kBOf2iUrjRw9dPl4gLZ1ezGw==
gvAlEgChNj4OKJVWgfV41iLGjyvn/g3BnugFgNq4alyOe2belMDQQGIdDl/ez+yxvGFy9Ve2uKahSQvV1bzwmOQheUv9dE6yhdUkxW+o2DiZmiD6qhqpHjeArkmy6MvQSZKMCGVWsxQ=
yBvX94BC+Lft/+P/4/ENR3oznR/LmZb67PzQdAox3puGk0wlNO3CEe/K+FKJJRvRzaCQTCxtCe8FyM4GbXl0gbd0+CyRlhCekuZpap9sPs0qdCuEAV58LB1qsyA=
g8HnqOkBv6JtI69z2VIn+QJvtvpKVKQi0ZCG9uT40EhyBS637reseWw5El2nDjguMdGrvWVEMNC0+ZljjUxOupXNBC1f0JjwScJAUlqiKZanGA4hAhALmBlKbCAVbrMc
TK5qxqjET51FJNDoNEeyPCtcmd97ZoU45pCG9uT40EhyBS637reseWw5El2nDjguMdGrvWVEMNC0+ZljjUxOupXNBC1f0JjwScJAUlqiKZanGA4hAhALmBlKbCAVbrMc
fYvNOwPJaCZSD9Mox1oKVip42NU0jFs4DnBgelD2jr9WARoF3NeAk3r7Q6xY8O2L82uxFmAeeLPRpUkODkSptzzba6KoHmWoaLR+wAmIuwIWNxYCG5YVQGQmEWyzIg==
oTuxecQurEMMBxUE65ZLCBB7zVqrgwS20wMaYed5HlrKQeQd1LOXFnMg/3T0ivzAxKdhABEx4i8Tw7PUalOkuoWA0k8YF98V3Xye3KTW8wxO7JS0s0iX7M8nJJGZr5iZsk/CQm9wc3XCLy3FJTrtqNNgPXy742YiAZzHUAy2MOfX5vclGin1j9dTXm9J/xV/MeBPwT+gGKBpcoBCulIpRgcoTrFiYIvIOfqsMPWes8w=
sul4tK6n6T+v1F65WiCxFUVxiNkxYBbZFUH3u5ySlvhZfV2c46oBNOM0ugl3q6wjPDELUIXrTTz7jOEZi60v6nC8+5Md6xUg2TN9szE=
dY5vio4KwbTvkqidFDfg4w9OlSRCJvsxwJHW4RMe95xXpKpkKRBZcliqzNU7NhmtvQCyfM+fvS5OE6++vWhEmNBEcM63eaoHasvfxQiWOg58xlWUtDBB8IQ7iahAOvVO9l/skBen1Tjm4OMFTENY0uS7XbBs19B7uYxQylWCeVpDk4HdrqP3e8YFLsyTmKNP9+noi/u8Bhq0zs+pyiy3r+BpSr4+4as6RuWLm03f2z55FazJ3cPYfTYKmza0T2RxpxOxEZL9RvzXawkET88tq5gWRoLeccgqkh6jtaSVWHebABkR//8mD5gmxs9bMOhYjZbCpXBzlPO7vUDWQW2UqkFyLsuz4x3OSbfIVbxnQux7b2qgJFQMTyhDuSsxBzl0stoKBw9EKffDh29aa9az5xR8VubjKJBYh5DUen2ZV3/dtYSoBMdoqOCwpJYfif8L1Ah8McALTS1BQfvZsc3cbjNbX2slslFgvjXtgxjchm0OfSBiikfo9bZDW8tsaX8w0VORzBck1Vn/xQNarEQvMymzaXD1m6mz5Q==
SRn2+3CB5OMq+cMKJg4bS0bbwrn5tuXdt2a2FxhKKDfzR2LSwQ3WhVkMoeVBzJKs43Oa9tV5WOLtAghROdY6uRdVhQYcO9WkhIN3f9Ew4Wm44dZRtGJYbXYCMEHx1vzxxF4mq/0LLH4xRqhTmmyBzc0jamkpytzVMXMb3CavfgTcspL+0cYBZ5WESxPfAaiydrhXmtsfh+K6BRqxxNC9OxLch/2LbcIXN3hqM99EXwyRYMa0R/tlJGW73ZPgJEIl0e/52pE2jRuL9QxC8WagrmF28zXk8c6Htwtq11R8YZXrc59GIn4tFuk1H63cyctaPhNggITVSUkVtxNelz/ikLPf4nyw6Zf6Ve5+HO1nsR0J2XSW3R0svdKPz63JJr9AudLcL7it+6YSeic2PSAeqhiIn1mugcqaDnN4ovrrjmyHXHcgt4O0DTFb2PWqS7J+pyTT+XpL/RlNDu2Ei6SNADN3Bm75uNdMJMLwC09iB5lS/dWD77cOM6FLldPppH89N7T4bBHWEN4SpmkqHyw+jao0K0SBnnzsnaqz4A==
RJ7LFFPj8lbk+rHj2TrcCpJBHHqarhAzg5rh4zHDXV0BP/0TA6ywwlr4gg/VfqetQ2uZxBl5HI/rNQmxqFfsc03d/FIdkABWpbUaq1TlUW+njK5m6FxW6KaMnX6HQRoPeV2eOnw+mspDTHJc93AyV09wVjYTfrDzegixa+NY0OzFXZrv3mIC9wuoarvmuw/g1lIDzp9qRb9XhQgvQRtwyQjUhbTl/xFlflM90DAagqIJcVygUR+mRVymGC0dWvBpLcOb890On1n6UVuvbr0AZp0u4gOCwSG/Z0m08XCc4aevnNlja5t+GlBaGB1+qiRyZW2ymb5H3ayPiVkzEG+uKuCXjZxu6GvalL12H6IzDdHGThchcppHXviTFW+rrv977k2qSwRcneP8eOI4Ok8eL3/zp4vfxPT2HB8piJ+XdQvJAr36tdfyMAB+ZUQmmLH80mIr1bHPWxlS8CLLXsjWfAIOiSW5OzIEaukGZ/ut9y09AafBOl5198nzg35nAIg5y9vOcADd6DF2eowr3jUAL91TOiWZANd/R5SxqGM5SQklQrpoaYPPP/+oM/efs9M=
5oULNobh5EejTGPUmUrMFnR0yHLlZzqp8DNZkiXXDY6C2uJp0Nx1NQiXewbcTbU8R9+NH36BCNc4f8eneDksXKhQIRf5//rnuMFZrgyzj/Cx2lAVPBEE4T7TWC4sdhFVwTSRVXC1dt0MBoixHjYwbakSTI1MykbnBS88YhkyaL8C6HFxhfdKZREujInZx5tw/utO+NSmcjKpYpH7PXALf8cF2I6+7PcWY3tXPtIxGp2cFA1HmkjnsXNJ0gsfDKrfR8CvsNm05rh/HzV4jQ9dPzhgctnZ+xkW6ZIdhyMBTC7pYtCSqSJTuVyVHlvfP2r7DLjR6WPn/wraWj0KwUHfQURNO+Z2x0CMvDEZFf0Dk/JPe9Jsu8sCsMhNB2b9Gj5w9WPBIcGN1BplefxhurvPgZHiDzwxRrxjQInrujoO59qlpO4WUFy/VZZlmsbmx/gOIq++kI9Il+zPJySRma+YmbJPwkJvcHN1wi8txSU67ajTYD18u+NmIgGcx1AMtjDn1+b3JRop9Y/XU15vSf8VfzHgT8E/oBigaXKAQrpSKUYHKE6xYmCLyDn6rDD1nrPM
3ok33FnXnUFOrnjz/a3BCU8QLkdnGIK/qEh85YiP0L6m0abvkneIr7wzJoNizKWYupeYWVCHf37u5saDJCXRj/3mW8YPqqfWQu2jAmti4z2daNVdojOsJhaKrW8bogylp7wSn9iGOfvP2yVMZspi7mxpjR1XqFboR+Cx6mZUbIrPv7JbQrQqwbiUVkGWMhM+h6ZL+VxDNQl442bBikAT5sNfJlG19yn8bXLnTtUeZ9U2qEWC/8Lg0BBdQyj/56Z/BeVz7QadBXnVZcWO5+MjVohqbSx4EZZ0SbxTJoYznna7Yl0EtIJ52LOW
bFiRDGmOcoJafrL8/gXfYT0yKF+CEo71CFcZQd+q8mwyNevWMBJuaTljQq4Pp/u9WneTHuyeowNcgN3dngck1PGzcqgGwnfiDgVnB90JpCUDS/BWpD5Xhhlb2octtiwvB5wCXAG7ek9Yo8nqVehX9OIzkMMfpHn3kyd/mvv242ckXOYm04ggWDcw5DrNuWf/DZUU6BRnuKgw0LTWj+kviyRojHEwa70tsSELmUGtLO7jO88rNdKBYG6V/cOI/FbtPl2QIrrnWPUG42sL3ElPsIFzAQwGhIVZryUTmjykf7NZUxmwhXvZs5U=
WSQBXirVi2w0yZP9APd7XO70EOfQdPtXu1bJdeGOn6KlhkEOr48o9h+VbnXggupWk2+BvHmekdxe6mHNiQP9u+RQwedkM3bdz/tlrOaqog5sSUa40AiWiEcA8Urm9Cyqz9/yu8LU6uG4tJYhFtJTXoeGC1nc43XpeIOmYQrg08bDv+YxNRdp3G1Sp65Vfqc1NoiFIn9iILAQvQOIf0fmXwWFMw2G/cVZ1UUF7mcDYzaISi2M+LLWlEnck4YGk15Wu4KdZDRiOfiztg==
1hbV+zvfgrnbSoE6PVE1GoZkHMNMgG59Ilp4dreVI2DrjMT9v8KghVlKQZ2zrqWmISGvVmJESXSUh1X7wCEr8DLFm1d8+eIaHfg+iPQkmA1DFSCrOIGe6DGbR7Lx5r/3LF9r+nof0XAkRHe3fE9er7/zZwufxLR21xvpCN+XNYuJAn16ddeysEB+pcTmmPF8kmLrVXHPG5kS8OJLnsgW/EIOyaV5O/KEKulG5zutN619AedB+l61d4nzw/6nAEi5C9uO8EDdKLG2esyrnjXArx1TeqXZABf/h5TzKCM5CYnlQnroKYOPvz+o83ffs5M=
1eRACP1sBOrk8P4g8Z3BdoZkHMNMgG59Ilp4dreVI2DrjMT9v8KghVlKQZ2zrqWmISGvVmJESXSThVX7wCEr8DLFmld8+eIaHfg+iPQkmA1DFSCrOIGe6DGbR7Lx5r/3LF9r+nof0XAkRHe3fE9er7/zZwufxLR21xvpCN+XNYuJAn16ddeysEB+pcTmmPF8kmLrVXHPG5kS8OJLnsgW/EIOyaV5O/KEKulG5zutN619AedB+l61d4nzw/6nAEi5C9uO8EDdKLG2esyrnjXArx1TeqXZABf/h5TzKCM5CYnlQnroKYOPvz+o83ffs5M=
s6Efb4DXZubjY6iJTHS1gIZkHMNMgG59Ilp4dreVI2DrjMT9v8KghVlKQZ2zrqWmISGvVmJESXSUh1X7wCEr8DLFlVd8+eIaHfg+iPQkmA1DFSCrOIGe6DGbR7Lx5r/3LF9r+nof0XAkRHe3fE9er7/zZwufxLR21xvpCN+XNYuJAn16ddeysEB+pcTmmPF8kmLrVXHPG5kS8OJLnsgW/EIOyaV5O/KEKulG5zutN619AedB+l61d4nzw/6nAEi5C9uO8EDdKLG2esyrnjXArx1TeqXZABf/h5TzKCM5CYnlQnroKYOPvz+o83ffs5M=
ylhjOZzek0xhSXS3IgGXO4ZkHMNMgG59Ilp4dreVI2DrjMT9v8KghVlKQZ2zrqWmISGvVmJESXSThVX7wCEr8DLFlFd8+eIaHfg+iPQkmA1DFSCrOIGe6DGbR7Lx5r/3LF9r+nof0XAkRHe3fE9er7/zZwufxLR21xvpCN+XNYuJAn16ddeysEB+pcTmmPF8kmLrVXHPG5kS8OJLnsgW/EIOyaV5O/KEKulG5zutN619AedB+l61d4nzw/6nAEi5C9uO8EDdKLG2esyrnjXArx1TeqXZABf/h5TzKCM5CYnlQnroKYOPvz+o83ffs5M=
kcapKtnjAwccfBOnsYy+W4ZkHMNMgG59Ilp4dreVI2DrjMT9v8KghVlKQZ2zrqWmISGvVmJESXSUh1X7wCEr8DLFl1d8+eIaHfg+iPQkmA1DFSCrOIGe6DGbR7Lx5r/3LF9r+nof0XAkRHe3fE9er7/zZwufxLR21xvpCN+XNYuJAn16ddeysEB+pcTmmPF8kmLrVXHPG5kS8OJLnsgW/EIOyaV5O/KEKulG5zutN619AedB+l61d4nzw/6nAEi5C9uO8EDdKLG2esyrnjXArx1TeqXZABf/h5TzKCM5CYnlQnroKYOPvz+o83ffs5M=
+N57FYEw3nNoMrxNZA10gIZkHMNMgG59Ilp4dreVI2DrjMT9v8KghVlKQZ2zrqWmISGvVmJESXSThVX7wCEr8DLFlld8+eIaHfg+iPQkmA1DFSCrOIGe6DGbR7Lx5r/3LF9r+nof0XAkRHe3fE9er7/zZwufxLR21xvpCN+XNYuJAn16ddeysEB+pcTmmPF8kmLrVXHPG5kS8OJLnsgW/EIOyaV5O/KEKulG5zutN619AedB+l61d4nzw/6nAEi5C9uO8EDdKLG2esyrnjXArx1TeqXZABf/h5TzKCM5CYnlQnroKYOPvz+o83ffs5M=
QlcIahyk0H3xbkW0dLl354ZkHMNMgG59Ilp4dreVI2DrjMT9v8KghVlKQZ2zrqWmISGvVmJESXSUh1X7wCEr8DLFkVd8+eIaHfg+iPQkmA1DFSCrOIGe6DGbR7Lx5r/3LF9r+nof0XAkRHe3fE9er7/zZwufxLR21xvpCN+XNYuJAn16ddeysEB+pcTmmPF8kmLrVXHPG5kS8OJLnsgW/EIOyaV5O/KEKulG5zutN619AedB+l61d4nzw/6nAEi5C9uO8EDdKLG2esyrnjXArx1TeqXZABf/h5TzKCM5CYnlQnroKYOPvz+o83ffs5M=
QsMkSCt2LBMBwWR6FmyUSIZkHMNMgG59Ilp4dreVI2DrjMT9v8KghVlKQZ2zrqWmISGvVmJESXSThVX7wCEr8DLFkFd8+eIaHfg+iPQkmA1DFSCrOIGe6DGbR7Lx5r/3LF9r+nof0XAkRHe3fE9er7/zZwufxLR21xvpCN+XNYuJAn16ddeysEB+pcTmmPF8kmLrVXHPG5kS8OJLnsgW/EIOyaV5O/KEKulG5zutN619AedB+l61d4nzw/6nAEi5C9uO8EDdKLG2esyrnjXArx1TeqXZABf/h5TzKCM5CYnlQnroKYOPvz+o83ffs5M=
VtYALLnv2fW+ZBQ+hqlOa4ZkHMNMgG59Ilp4dreVI2DrjMT9v8KghVlKQZ2zrqWmISGvVmJESXSUh1X7wCEr8DLFk1d8+eIaHfg+iPQkmA1DFSCrOIGe6DGbR7Lx5r/3LF9r+nof0XAkRHe3fE9er7/zZwufxLR21xvpCN+XNYuJAn16ddeysEB+pcTmmPF8kmLrVXHPG5kS8OJLnsgW/EIOyaV5O/KEKulG5zutN619AedB+l61d4nzw/6nAEi5C9uO8EDdKLG2esyrnjXArx1TeqXZABf/h5TzKCM5CYnlQnroKYOPvz+o83ffs5M=
24jNkkXr64YtFXol4RyLwoZkHMNMgG59Ilp4dreVI2DrjMT9v8KghVlKQZ2zrqWmISGvVmJESXSThVX7wCEr8DLFkld8+eIaHfg+iPQkmA1DFSCrOIGe6DGbR7Lx5r/3LF9r+nof0XAkRHe3fE9er7/zZwufxLR21xvpCN+XNYuJAn16ddeysEB+pcTmmPF8kmLrVXHPG5kS8OJLnsgW/EIOyaV5O/KEKulG5zutN619AedB+l61d4nzw/6nAEi5C9uO8EDdKLG2esyrnjXArx1TeqXZABf/h5TzKCM5CYnlQnroKYOPvz+o83ffs5M=
ofASvSH1i3jZjbmg3qXqVoZkHMNMgG59Ilp4dreVI2DrjMT9v8KghVlKQZ2zrqWmISGvVmJESXSUh1X7wCEr8DLFm1Z8+eIaHfg+iPQkmA1DFSCrOIGe6DGbR7Lx5r/3LF9r+nof0XAkRHe3fE9er7/zZwufxLR21xvpCN+XNYuJAn16ddeysEB+pcTmmPF8kmLrVXHPG5kS8OJLnsgW/EIOyaV5O/KEKulG5zutN619AedB+l61d4nzw/6nAEi5C9uO8EDdKLG2esyrnjXArx1TeqXZABf/h5TzKCM5CYnlQnroKYOPvz+o83ffs5M=
SNbbMTjyI+kHw5o7WOuTEoZkHMNMgG59Ilp4dreVI2DrjMT9v8KghVlKQZ2zrqWmISGvVmJESXSThVX7wCEr8DLFmlZ8+eIaHfg+iPQkmA1DFSCrOIGe6DGbR7Lx5r/3LF9r+nof0XAkRHe3fE9er7/zZwufxLR21xvpCN+XNYuJAn16ddeysEB+pcTmmPF8kmLrVXHPG5kS8OJLnsgW/EIOyaV5O/KEKulG5zutN619AedB+l61d4nzw/6nAEi5C9uO8EDdKLG2esyrnjXArx1TeqXZABf/h5TzKCM5CYnlQnroKYOPvz+o83ffs5M=
W8nHVDncGCnTMQaT0e/874ZkHMNMgG59Ilp4dreVI2DrjMT9v8KghVlKQZ2zrqWmISGvVmJESXSUh1X7wCEr8DLFlVZ8+eIaHfg+iPQkmA1DFSCrOIGe6DGbR7Lx5r/3LF9r+nof0XAkRHe3fE9er7/zZwufxLR21xvpCN+XNYuJAn16ddeysEB+pcTmmPF8kmLrVXHPG5kS8OJLnsgW/EIOyaV5O/KEKulG5zutN619AedB+l61d4nzw/6nAEi5C9uO8EDdKLG2esyrnjXArx1TeqXZABf/h5TzKCM5CYnlQnroKYOPvz+o83ffs5M=
YBB2OKHu2EzuQc/vXywYKoZkHMNMgG59Ilp4dreVI2DrjMT9v8KghVlKQZ2zrqWmISGvVmJESXSThVX7wCEr8DLFlFZ8+eIaHfg+iPQkmA1DFSCrOIGe6DGbR7Lx5r/3LF9r+nof0XAkRHe3fE9er7/zZwufxLR21xvpCN+XNYuJAn16ddeysEB+pcTmmPF8kmLrVXHPG5kS8OJLnsgW/EIOyaV5O/KEKulG5zutN619AedB+l61d4nzw/6nAEi5C9uO8EDdKLG2esyrnjXArx1TeqXZABf/h5TzKCM5CYnlQnroKYOPvz+o83ffs5M=
nXJFd3DpxZqQCUs9fMka6JIUQepHrc1fW6mqvhHsTW0V10Qz6Me1J5xkA0QQJp5BLPGxDnSIrNO7/tg6INYeBK6IvneBBcf5qOztBfE/ucJvSY7xF2Wo6y9qjGicOdDXera6vMfuE50aCL0Cl17cjpYifZf7ujyN59RiB3g+6RPPM/X0xlIShixBvQW3UIZAx0jhkgZMXKIPV0LD4gx6qbj8Bvk2quPWR4574Tw7ZaH4S7Y5algjzoM3VskVT/kUbZo39nWGF712gHWaHzoweJD1E1Cf/5ZXxQ2DdaYlVRHVDZU2R3vTvkhCXTQYasbcyRSD3mYrrl77Ci2cFDqpMLN+
TQDIuKPvtszATplNOrnxu4ZkHMNMgG59Ilp4dreVI2DrjMT9v8KghVlKQZ2zrqWmISGvVmJESXSThVX7wCEr8DLFl1Z8+eIaHfg+iPQkmA1DFSCrOIGe6DGbR7Lx5r/3LF9r+nof0XAkRHe3fE9er7/zZwufxLR21xvpCN+XNYuJAn16ddeysEB+pcTmmPF8kmLrVXHPG5kS8OJLnsgW/EIOyaV5O/KEKulG5zutN619AedB+l61d4nzw/6nAEi5C9uO8EDdKLG2esyrnjXArx1TeqXZABf/h5TzKCM5CYnlQnroKYOPvz+o83ffs5M=
sUCxjXpQFt/hNlVsDHhxUKyZ0/0lcOvSjxi5N1z2oJlRmsczePbMOqKO7ZiwIi3cdnl0q4Vmzl723o/go7BenmMIzIRbCfiN/P02JtZe4B3fyQAmFiZfYOd/6s5hKL9g2Jy2dDHtg9SoD3dy3s2w4A3hz8UZLh6cpiScxyFv3y7CEqde7ag+Yohg37G+SWqS3ht4yirjLqSXtDfIJ0uUheEzWJ16w5K2N8yTEWqDXRGdZu3sW6wtyCOfRoZpcPfE9KpwY5/qJ1HCFZVr/3+uO3Ejlbs5rN/1J1y4hIEeMFTCzulCz6QeRTrca6yRVtzkTcKziA==
nXJFd3DpxZqQCUs9fMka6JIUQepHrc1fW6mqvhHsTW0V10Qz6Me1J5xkA0QQJp5BLPGxDnSIrNO7/tg6INYeBK6IvneBBcf5qOztBfE/ucJvSY7xF2Wo6y9qjGicOdDXera6vMfuE50aCL0Cl17cjpYifZf7ujyN59RiB3g+6RPPM/X0xlIShixBvQW3UIZAx0jhkgZMXKIPV0LD4gx6qbj8Bvk2quPWR4574Tw7ZaH4S7Y5algjzoM3VskVT/kUbZo39nWGF712gHWaHzoweJD1E1Cf/5ZXxQ2DdaYlVRHVDZU2R3vTvkhCXTQYasbcyRSD3mYrrl77Ci2cFDqpMLN+
sUCxjXpQFt/hNlVsDHhxUKyZ0/0lcOvSjxi5N1z2oJlRmsczePbMOqKO7ZiwIi3cdnl0q4Vmzl723o/go7BenmMIzIRbCfiN/P02JtZe4B3fyQAmFiZfYOd/6s5hKL9g2Jy2dDHtg9SoD3dy3s2w4A3hz8UZLh6cpiScxyFv3y7CEqde7ag+Yohg37G+SWqS3ht4yirjLqSXtDfIJ0uUheEzWJ16w5K2N8yTEWqDXRGdZu3sW6wtyCOfRoZpcPfE9KpwY5/qJ1HCFZVr/3+uO3Ejlbs5rN/1J1y4hIEeMFTCzulCz6QeRTrca6yRVtzkTcKziA==
nXJFd3DpxZqQCUs9fMka6JIUQepHrc1fW6mqvhHsTW0V10Qz6Me1J5xkA0QQJp5BLPGxDnSIrNO7/tg6INYeBK6IvneBBcf5qOztBfE/ucJvSY7xF2Wo6y9qjGicOdDXera6vMfuE50aCL0Cl17cjpYifZf7ujyN59RiB3g+6RPPM/X0xlIShixBvQW3UIZAx0jhkgZMXKIPV0LD4gx6qbj8Bvk2quPWR4574Tw7ZaH4S7Y5algjzoM3VskVT/kUbZo39nWGF712gHWaHzoweJD1E1Cf/5ZXxQ2DdaYlVRHVDZU2R3vTvkhCXTQYasbcyRSD3mYrrl77Ci2cFDqpMLN+
sUCxjXpQFt/hNlVsDHhxUKyZ0/0lcOvSjxi5N1z2oJlRmsczePbMOqKO7ZiwIi3cdnl0q4Vmzl723o/go7BenmMIzIRbCfiN/P02JtZe4B3fyQAmFiZfYOd/6s5hKL9g2Jy2dDHtg9SoD3dy3s2w4A3hz8UZLh6cpiScxyFv3y7CEqde7ag+Yohg37G+SWqS3ht4yirjLqSXtDfIJ0uUheEzWJ16w5K2N8yTEWqDXRGdZu3sW6wtyCOfRoZpcPfE9KpwY5/qJ1HCFZVr/3+uO3Ejlbs5rN/1J1y4hIEeMFTCzulCz6QeRTrca6yRVtzkTcKziA==
nXJFd3DpxZqQCUs9fMka6JIUQepHrc1fW6mqvhHsTW0V10Qz6Me1J5xkA0QQJp5BLPGxDnSIrNO7/tg6INYeBK6IvneBBcf5qOztBfE/ucJvSY7xF2Wo6y9qjGicOdDXera6vMfuE50aCL0Cl17cjpYifZf7ujyN59RiB3g+6RPPM/X0xlIShixBvQW3UIZAx0jhkgZMXKIPV0LD4gx6qbj8Bvk2quPWR4574Tw7ZaH4S7Y5algjzoM3VskVT/kUbZo39nWGF712gHWaHzoweJD1E1Cf/5ZXxQ2DdaYlVRHVDZU2R3vTvkhCXTQYasbcyRSD3mYrrl77Ci2cFDqpMLN+
sUCxjXpQFt/hNlVsDHhxUKyZ0/0lcOvSjxi5N1z2oJlRmsczePbMOqKO7ZiwIi3cdnl0q4Vmzl723o/go7BenmMIzIRbCfiN/P02JtZe4B3fyQAmFiZfYOd/6s5hKL9g2Jy2dDHtg9SoD3dy3s2w4A3hz8UZLh6cpiScxyFv3y7CEqde7ag+Yohg37G+SWqS3ht4yirjLqSXtDfIJ0uUheEzWJ16w5K2N8yTEWqDXRGdZu3sW6wtyCOfRoZpcPfE9KpwY5/qJ1HCFZVr/3+uO3Ejlbs5rN/1J1y4hIEeMFTCzulCz6QeRTrca6yRVtzkTcKziA==
nXJFd3DpxZqQCUs9fMka6JIUQepHrc1fW6mqvhHsTW0V10Qz6Me1J5xkA0QQJp5BLPGxDnSIrNO7/tg6INYeBK6IvneBBcf5qOztBfE/ucJvSY7xF2Wo6y9qjGicOdDXera6vMfuE50aCL0Cl17cjpYifZf7ujyN59RiB3g+6RPPM/X0xlIShixBvQW3UIZAx0jhkgZMXKIPV0LD4gx6qbj8Bvk2quPWR4574Tw7ZaH4S7Y5algjzoM3VskVT/kUbZo39nWGF712gHWaHzoweJD1E1Cf/5ZXxQ2DdaYlVRHVDZU2R3vTvkhCXTQYasbcyRSD3mYrrl77Ci2cFDqpMLN+
sUCxjXpQFt/hNlVsDHhxUKyZ0/0lcOvSjxi5N1z2oJlRmsczePbMOqKO7ZiwIi3cdnl0q4Vmzl723o/go7BenmMIzIRbCfiN/P02JtZe4B3fyQAmFiZfYOd/6s5hKL9g2Jy2dDHtg9SoD3dy3s2w4A3hz8UZLh6cpiScxyFv3y7CEqde7ag+Yohg37G+SWqS3ht4yirjLqSXtDfIJ0uUheEzWJ16w5K2N8yTEWqDXRGdZu3sW6wtyCOfRoZpcPfE9KpwY5/qJ1HCFZVr/3+uO3Ejlbs5rN/1J1y4hIEeMFTCzulCz6QeRTrca6yRVtzkTcKziA==
nXJFd3DpxZqQCUs9fMka6JIUQepHrc1fW6mqvhHsTW0V10Qz6Me1J5xkA0QQJp5BLPGxDnSIrNO7/tg6INYeBK6IvneBBcf5qOztBfE/ucJvSY7xF2Wo6y9qjGicOdDXera6vMfuE50aCL0Cl17cjpYifZf7ujyN59RiB3g+6RPPM/X0xlIShixBvQW3UIZAx0jhkgZMXKIPV0LD4gx6qbj8Bvk2quPWR4574Tw7ZaH4S7Y5algjzoM3VskVT/kUbZo39nWGF712gHWaHzoweJD1E1Cf/5ZXxQ2DdaYlVRHVDZU2R3vTvkhCXTQYasbcyRSD3mYrrl77Ci2cFDqpMLN+
sUCxjXpQFt/hNlVsDHhxUKyZ0/0lcOvSjxi5N1z2oJlRmsczePbMOqKO7ZiwIi3cdnl0q4Vmzl723o/go7BenmMIzIRbCfiN/P02JtZe4B3fyQAmFiZfYOd/6s5hKL9g2Jy2dDHtg9SoD3dy3s2w4A3hz8UZLh6cpiScxyFv3y7CEqde7ag+Yohg37G+SWqS3ht4yirjLqSXtDfIJ0uUheEzWJ16w5K2N8yTEWqDXRGdZu3sW6wtyCOfRoZpcPfE9KpwY5/qJ1HCFZVr/3+uO3Ejlbs5rN/1J1y4hIEeMFTCzulCz6QeRTrca6yRVtzkTcKziA==
nXJFd3DpxZqQCUs9fMka6JIUQepHrc1fW6mqvhHsTW0V10Qz6Me1J5xkA0QQJp5BLPGxDnSIrNO7/tg6INYeBK6IvneBBcf5qOztBfE/ucJvSY7xF2Wo6y9qjGicOdDXera6vMfuE50aCL0Cl17cjpYifZf7ujyN59RiB3g+6RPPM/X0xlIShixBvQW3UIZAx0jhkgZMXKIPV0LD4gx6qbj8Bvk2quPWR4574Tw7ZaH4S7Y5algjzoM3VskVT/kUbZo39nWGF712gHWaHzoweJD1E1Cf/5ZXxQ2DdaYlVRHVDZU2R3vTvkhCXTQYasbcyRSD3mYrrl77Ci2cFDqpMLN+
sUCxjXpQFt/hNlVsDHhxUKyZ0/0lcOvSjxi5N1z2oJlRmsczePbMOqKO7ZiwIi3cdnl0q4Vmzl723o/go7BenmMIzIRbCfiN/P02JtZe4B3fyQAmFiZfYOd/6s5hKL9g2Jy2dDHtg9SoD3dy3s2w4A3hz8UZLh6cpiScxyFv3y7CEqde7ag+Yohg37G+SWqS3ht4yirjLqSXtDfIJ0uUheEzWJ16w5K2N8yTEWqDXRGdZu3sW6wtyCOfRoZpcPfE9KpwY5/qJ1HCFZVr/3+uO3Ejlbs5rN/1J1y4hIEeMFTCzulCz6QeRTrca6yRVtzkTcKziA==
sUCxjXpQFt/hNlVsDHhxUKyZ0/0lcOvSjxi5N1z2oJlRmsczePbMOqKO7ZiwIi3cdnl0q4Vmzl723o/go7BenmMIzIRbCfiN/P02JtZe4B3fyQAmFiZfYOd/6s5hKL9g2Jy2dDHtg9SoD3dy3s2w4A3hz8UZLh6cpiScxyFv3y7CEqde7ag+Yohg37G+SWqS3ht4yirjLqSXtDfIJ0uUheEzWJ16w5K2N8yTEWqDXRGdZu3sW6wtyCOfRoZpcPfE9KpwY5/qJ1HCFZVr/3+uO3Ejlbs5rN/1J1y4hIEeMFTCzulCz6QeRTrca6yRVtzkTcKziA==
8esCZ+MuNmO0q6zKGTA1jNOBghsOheplNQnPPVmP/tJc0XvQFUsd/Miq8Rmbzd+qoNxrE61LpeCJ0w2zQQ==
KwBXztjF95m6Sn0pezNm4s6bGUTEjew5lD9hhT8zAyYIWo3cuAPwJElsszbGQ/5GO5J9tPSS2QizRg==
KWuv6sf/cZ98taYRLy5HnOk4tYLJPbq3FF3OwDOqsoj/ggHr4s+j1/Frksc4N15Krh6e7wk/08qWXyFIdZqT3sGjyL7N6cH18FzNE1Of6zpshW1qYCExClxM5GkUfW5Ar2crwqg+pUjoFzigCWh7opZXViIbdtXg5EZRTLMC
69JEr1GU89k+BwWecJCPz+nvkQLpo1JW+D1UKGQlNoCJ1rxBY7anyexi98l+tUY7+FpmQfHnIfnSkZ0/Z8kFMfjbVkmqCIP+A8c2GVX/2YRtChdGNVZ3Tfaw1crfStDokGVzoN8vNmdFfWMlZpV1gdWdtYaHKzPOyHL95FiboEzJhGOupnsObnv6TUxUiomgs+4=
qiUKX5NczfJvCvzSWRXB/lal0q/785Ve+Ze6stJdIx+00f7EyZJ0tbMCz61Mhh997sHOv3je7jVhU8kdcvX1i7c9zXW4n569ejzrmiMj3i1Fi9GAbQ4fMiVin6nW1L3+D74YrNAhu1QPm14D5ZmLkfbh/QVVGT3yF5/bKmgWlVCIb2gIicCrWnZPZgpbHqV4RP6BpLPq
wZbGcbBWH8gF9f6FKPOnB/dE6EnXTtczpoJQN9sPkNe7LQHlDVueXajTS1yFWT8WGzMDghUKUvcQtaJz1MesnhrcyOT5sjWSYBH/jBMc6/BU8AOg/dwCpea5zezrmfNTj/pkJz+UETPp+X+jub+Y6VIfAvLP4POFov9t9QUq7dgzMP3MG3Pm0mFMh2AspjCXN7Y3lbq5dX+3gx5fae8VD9Gwj3GfMJhQCaLAcZxCKTbneI4BwvALOFkq7ADVjrO8
7B2rVfZjd0eu2KbKupsIyR9RJGtlG4R1EMA7SqatisBebDV5AQIYL/VlNCQtgZhKXqwemD1IaA30E/TKrps+Y9J/JOgsSHDGa6Ej6+hgaAE0E0EtTVkP6aWl4I7vcys78UqdIPKNOVOstNrN8tW0Ej7fZHU62+87+MEDkA27JZxAmhmZs71Xilhsc1MVW31AgYOls+k=
M9B1Jukxyv/NQgFP3/KfghB7w1Kv3QGxzlRObqgAP3Lwadcy55qXF39hsHOxmeXX2aZhCR544isf/fy/al6p1JiHyzwLB9wQwz/Gz/rFuDhip7mNrReCw4kpP5OZr5iZsk/CQm9wc3XCLy3FJTrtqNNgPXy742YiAZzHUAy2MOfX5vclGin1j9dTXm9J/xV/MeBPwT+gGKBpcoBBvFIpRgcoTrFiYIvIOfqsMPWes8w=
vyzwhFOHPzONuBIXdv5e/NuTgXMGJUWMxlA8sdej/8j0QiFZ/shiu7+NPG8KbqnEuHeLbOu3XIBjTwYfmvW4KEJX+d1NpwJTKVn/Q/mfmImSv4ISj8Dz5WJf7RVFCu2485B9LFtT5rKh7AeAbIYw9/cWt3X6mXUfdyOevynPFW8REA+R3xCYMMkCQJHcYilWJ9gO4YLQC1iZimzgla6z3A==
TVc3n40Uig2evnbHL7Nh/dZmBD9Om9geeL3Cp/v7hWbZb4r6kpXTp9RJbkxJGuQtU7q/5YxOLwXO2d63eNb+LUEr+dWyvYUzV6Vd/TgXDiUahBtSY2vu1WWTwYhtBg8qBZqv4ZYcTUZvJogkUKkrzO8jLkslUbvp1vntDVURLeo35+viqF7l6Gj3+IAJSDvCFveWwhtWlYBk5pGss+I=
aAdG03wvTw5onbqqmuUWkDYFzK8PRjUvgJS/DPpExGG3Y1Xayd5IFEic3wFKmj8hV+R4vPEm0O209ml6vxz+fUrkqxTh7jzcPXqzMA==
eNJ1YO4veSSa3gjHRAYCE2D+JZ0N5vJU64MzMb+bvRBoAEbxmoOFA1cT4NoxT49MrZhWVX5dMZefvIvCaX+yjMMTJkXJgOdf11RFTrM5makVAioIGQOfH09oIxdvsyM=
5FgUWspm3JiRrvBHXI5hWzUFzK8PRjUvgJS/DPpExGG3Y1Xayd5IFEic3wFKmj8hV+R4vPEm0Oq09ml6vxz+fUrkqxTh7jzcPXqzMA==
59fU+JmfvTrEAT9vXgeR8jQFzK8PRjUvgJS/DPpExGG3Y1Xayd5IFEic3wFKmj8hV+R4vPEm0Oq09ml6vxz+fUrkqxTh7jzcPXqzMA==
2GFGJCj4Ms4kCG9hGKNO4TYfyq8TXjQvgJS/DPpExGG3Y1Xayd5IFEic3wFKmj8hV+R4vPEm0Oq09ml6vxz+fUrkqxTh7jzcPXqzMA==
mtFagm+cONuwQ2ImEuxQWzUfyq8TXjQvgJS/DPpExGG3Y1Xayd5IFEic3wFKmj8hV+R4vPEm0Oq09ml6vxz+fUrkqxTh7jzcPXqzMA==
hpk+AgVvlnXQyOxrYhZQgjQfyq8TXjQvgJS/DPpExGG3Y1Xayd5IFEic3wFKmj8hV+R4vPEm0Oq09ml6vxz+fUrkqxTh7jzcPXqzMA==
a8AFQOfmkaQ0vmiS5BGqv2M2x1tY2P/IsriUtQ/Ptb4hQvig0BBfhcImr7WviNgYWfqgHuw6qT53YC4pcsjL8InyDOgldrM0
pX8Qgd3+yfKCXDu27uMOdmA2x1tY2P/IsriUtQ/Ptb4hQvig0BBfhcImr7WviNgYWfqgHuw6qT53YC4pcsjL8InyDOgldrM0
f3XO9pXxYuBGAqMlnKbquWE2x1tY2P/IsriUtQ/Ptb4hQvig0BBfhcImr7WviNgYWfqgHuw6qT53YC4pcsjL8InyDOgldrM0
CJbE0V4eCV00BWqx8SsLta/rH6HWo+Lsj2nBga6AokMP5Zz3muYpfEjf6zQ7fxz4U6cmB4r9uBAyfxkFHe/Cq5kxX9tpFxgxYhfiSl8Is51St80NVQLtgIO4nfQLGyZKEYSnGPwOsE8HvtctKlE1Z0fLvqc5xxVXYTjvSY9YWMh5auAOTOqp7tdwbrlSGEsgqWJM+IWms+Q=
xpBrfPOFErH1c7fCmPkxNinn+gc8stG+7/iNeMl7op6ycfvzhJ2mCAleLPkD7hcBLCqHkV5NVjP4Una50b9RsRJZLWcHcZW5eFPG8UrQM7ZDD8bBdYfJjG0CBz4VjoeFtvhlEj/yQGAQ7eMYv3eGr4U1E31GbWWJ1ZWlfqdzQ4YIuk28OCQwxEkM8xZGo74mOzK9lHTymaiz5g==
yRfaZGVVmozZsHdNI6+E5cyYsMMDR5CReUY5ZX4F1lXoEGMKHl1SYDbcvfmJcrDPLdVMZPVRoCp2vBaYNVhA7cxDrApWK2YDeo+saKT4mGYz0ZsrMDAQIdwDSS1FSefJ3fU4TlcDc5sZ+hWgen2RM/QEIg2qhYzyFs9sdTLLx1vAEdvQdQv9fO/qkRk7DT8qgJzLE02LhWDpk62z4Q==
xbSMQJsDKYsXWaMFwiemPw34bkadtzpqb2luBcBN/hwVOuhxRHgQMJuZr56Wl3v5ulSDHXbyMPDQWPMUBjUaD9q6oIcwW9xjCggCFD7+pX1tm0a8hrlaj8+tw8VhUUt5Tv6hr+UDvxazwNyRN2uiqNS93MlaKlCDqrX0h4GDFl2t4IMnqyTJBrd5HeEZMpawPSM7h5N475+rs+c=
SdAyD9Dvb435i4pfmNp0lNxD8Q/SQKNtoP1qY5K7G6Cg6CxugyQjLQUga7djBLFWj/nlMaFS3iAV49O32xj3L3OzPw==
D4uugQJH9f61iAT4tj+lZgDSkbxnAxWg6GbiIBIGOTj3Vqd4vN1WK1bL/zgsaKD259Rn5TkAd79nFJVuwzmpycXCWqiJgy//HyjTN3+zMw==
L7uMegDU2gCPJwoADI5t0Es0JXEAZ2pkS/T770IVMvPruPJdJuGIexgzKsW+vUVzhevJPXd+tpuI1TwkoE7DRgh6zXw45LAESUxzVkbjPmY7cj1UdDIZaLMm
Gd2kBHiV8ERoY3irvSAfumSpacVVsYdatcJqdOqKpwduF0vUmoGJVBtqptxoCMYQpppUEyxdJouGi8/YPGiwltcUN0XJgOdf11RFTrM5makVAioIGQOfH09oIxdvsyM=
5+sYlJ8z3D4BPmW831luctJmFysAiC/JPiMmFu2/E3rJuli+3gtaHUrSrY2DwlIlaSQGQKZX4g8Ywwq1/m3l4wV7KW03TlariOXcFOAeI9aI6m2seJSQ9Ek8U6aGs572u+JdhLQCeVizFg==
lI7eOSVeI2NLtGcBbITbJtxD8Q/SQKNtoP1qY5K7G6Cj6CxugyQjLQUga7djBLFWj/nlMaFS3iAV49O32xj3L3OzPw==
X0l4l2wcXo23xu1CWWU73wDSkbxnAxWg6GbiIBIGOTj3Vqd4vN1WK1bL/zgvaKD259Rn5TkAd79nFJVuwzmpycXCWqiJgy//HyjTN3+zMw==
QNWY+nUdRMA25zuN7QkRf0o0JXEAZ2pkS/T770IVMvPruPJdJuGIexgzKsW+vUVzhevJPXd+tpiI1TwkoE7DRgh6zXw45LAESUxzVkbjPmY7cj1UdDIZaLMm
evhGdK7KPFLoWS51rUoyg3Me0b5aCk5phs34RaZPxmPxMVXN1cd/UFLJyANQjjgwV+R4vPEm0Oq09ml6vxz+fUrkqxTh7jzcPXqzMA==
L7uMegDU2gCPJwoADI5t0Es0JXEAZ2pkS/T770IVMvPruPJdJuGIexgzKsW+vUVzhevJPXd+tpuI1TwkoE7DRgh6zXw45LAESUxzVkbjPmY7cj1UdDIZaLMm
evhGdK7KPFLoWS51rUoyg3Me0b5aCk5phs34RaZPxmPxMVXN1cd/UFLJyANQjjgwV+R4vPEm0Oq09ml6vxz+fUrkqxTh7jzcPXqzMA==
IsN+O3v9dlNDcckrHJkohUo0JXEAZ2pkS/T770IVMvPruPJdJuGIexgzKsW+vUVzhevJPXd+tpuI1TwkoE7DRgh6zXw45LAESUxzVkbjPmY7cj1UdDIZaLMm
9brbsgyrdqvq2EFF25GJWtJmFysAiC/JPiMmFu2/E3rIuli+3gtaHUrSrY2DwlIlaSQGQKZX4g8Ywwq1/m3l4wV7KW03TlariOXcFOAeI9aI6m2seJSQ9Ek8U6aGs572u+JdhLQCeVizFg==
NU5AKD4mTMdTVNNoP9fTk9JmFysAiC/JPiMmFu2/EHrJuli+3gtaHUrSrY2DwlIlaSQGQKZX4g8Ywwq1/m3l4wV7KW03TlaoiOXcFOAeI9aI6m2seJSQ9Ek8U6aGs572u+JdhLQCeVizFg==
FDO5qRc5r+wnO96XzvqIK3Me0b5aCk5phs34RaZPxmPxMVXN1cd/UFLKyANQjjgwV+R4vPEm0Oq09ml6vxz+fUrkqxTh7jzcPXqzMA==
QNWY+nUdRMA25zuN7QkRf0o0JXEAZ2pkS/T770IVMvPruPJdJuGIexgzKsW+vUVzhevJPXd+tpiI1TwkoE7DRgh6zXw45LAESUxzVkbjPmY7cj1UdDIZaLMm
FDO5qRc5r+wnO96XzvqIK3Me0b5aCk5phs34RaZPxmPxMVXN1cd/UFLKyANQjjgwV+R4vPEm0Oq09ml6vxz+fUrkqxTh7jzcPXqzMA==
kX+1rZB+DHZCCa8z7opjiks0JXEAZ2pkS/T770IVMvPruPJdJuGIexgzKsW+vUVzhevJPXd+tpiI1TwkoE7DRgh6zXw45LAESUxzVkbjPmY7cj1UdDIZaLMm
R8WR9l8+dRP0qhQkrnDDOdJmFysAiC/JPiMmFu2/EHrIuVi+3gtaHUrSrY2DwlIlaSQGQKZX4g8Ywwq1/m3l4wV7KW03TlaoiOXcFOAeI9aI6m2seJSQ9Ek8U6aGs572u+JdhLQCeVizFg==
oMXvf7+Daw4kQ/Ite2/1xNxD8Q/SQKNtoP1qY5K7G6Ci6CxugyQjLQUga7djBLFWj/nlMaFS3iAV49O32xj3L3OzPw==
WkFxZ0AUmD0Xx3y8McS2QgDSkbxnAxWg6GbiIBIGOTj3Vqd4vN1WK1bL/zguaKD259Rn5TkAd79nFJVuwzmpycXCWqiJgy//HyjTN3+zMw==
02WPf6EE0tKPK6onCI9ppUs0JXEAZ2pkS/T770IVMvPruPJdJuGIexgzKsW+vUVzhevJPXd+tpmI1TwkoE7DRgh6zXw45LAESUxzVkbjPmY7cj1UdDIZaLMm
ewM75Zu5GcM2EFvRjnEqR9JmFysAiC/JPiMmFu2/EXrIuli+3gtaHUrSrY2DwlIlaSQGQKZX4g8Ywwq1/m3l4wV7KW03TlapiOXcFOAeI9aI6m2seJSQ9Ek8U6aGs572u+JdhLQCeVizFg==
ROHOVmY5tbJh5F+pV0OwpnMe0b5aCk5phs34RaZPxmPxMVXN1cd/UFLLyANQjjgwV+R4vPEm0Oq09ml6vxz+fUrkqxTh7jzcPXqzMA==
02WPf6EE0tKPK6onCI9ppUs0JXEAZ2pkS/T770IVMvPruPJdJuGIexgzKsW+vUVzhevJPXd+tpmI1TwkoE7DRgh6zXw45LAESUxzVkbjPmY7cj1UdDIZaLMm
ROHOVmY5tbJh5F+pV0OwpnMe0b5aCk5phs34RaZPxmPxMVXN1cd/UFLLyANQjjgwV+R4vPEm0Oq09ml6vxz+fUrkqxTh7jzcPXqzMA==
hwrcIHBUgnCETczEw+jLdUo0JXEAZ2pkS/T770IVMvPruPJdJuGIexgzKsW+vUVzhevJPXd+tpmI1TwkoE7DRgh6zXw45LAESUxzVkbjPmY7cj1UdDIZaLMm
gUDk3iz69KW7VOy1NPIWodJmFysAiC/JPiMmFu2/EXrIuVi+3gtaHUrSrY2DwlIlaSQGQKZX4g8Ywwq1/m3l4wV7KW03TlapiOXcFOAeI9aI6m2seJSQ9Ek8U6aGs572u+JdhLQCeVizFg==
SdAyD9Dvb435i4pfmNp0lNxD8Q/SQKNtoP1qY5K7G6Cg6CxugyQjLQUga7djBLFWj/nlMaFS3iAV49O32xj3L3OzPw==
D4uugQJH9f61iAT4tj+lZgDSkbxnAxWg6GbiIBIGOTj3Vqd4vN1WK1bL/zgsaKD259Rn5TkAd79nFJVuwzmpycXCWqiJgy//HyjTN3+zMw==
K/PkKrcAFsDrZTXyfxN/kxzajfV4FAShp3GwdlwINjD2WuRzvN1WK1bL/zgsaKD259Rn5TkAd79nFJVuwzmpycXCWqiJgy//HyjTN3+zMw==
u3hv6LA4NGXodaklCcIuHwjdmvUpWAKxvHb/J1gINjD2WuRzvN1WK1bL/zgsaKD259Rn5TkAd79nFJVuwzmpycXCWqiJgy//HyjTN3+zMw==
+YJJpHGST/vWgLUwwcXw6Xweh6Fu5SomXyRNF2eOrsMFG2mNty6Wi4jFHHRg/mO2iMotDPg00BRJXJMGBhNe1rsCneQ04jl4szY=
0yBIqAx4DSXOaReLg1W1x1QKcIDdzP7IYflZI0Sdjht+K4coJGio5h+0T9VhwA9vz7QNHku5IXldIjJ4McP3j/cI6yd3szs=
D4uugQJH9f61iAT4tj+lZgDSkbxnAxWg6GbiIBIGOTj3Vqd4vN1WK1bL/zgsaKD259Rn5TkAd79nFJVuwzmpycXCWqiJgy//HyjTN3+zMw==
L7uMegDU2gCPJwoADI5t0Es0JXEAZ2pkS/T770IVMvPruPJdJuGIexgzKsW+vUVzhevJPXd+tpuI1TwkoE7DRgh6zXw45LAESUxzVkbjPmY7cj1UdDIZaLMm
RxRZc3ioIPH6vAGbjKAlS6iOtx4MNoOOxn4y3J/6wmSkSIrogopQG1B9+sPCe2tAsOg8DnNk842VoBtX00RhNn/51RHxkq6ApWND1wtYxw9jsy8=
evhGdK7KPFLoWS51rUoyg3Me0b5aCk5phs34RaZPxmPxMVXN1cd/UFLJyANQjjgwV+R4vPEm0Oq09ml6vxz+fUrkqxTh7jzcPXqzMA==
IsN+O3v9dlNDcckrHJkohUo0JXEAZ2pkS/T770IVMvPruPJdJuGIexgzKsW+vUVzhevJPXd+tpuI1TwkoE7DRgh6zXw45LAESUxzVkbjPmY7cj1UdDIZaLMm
RxRZc3ioIPH6vAGbjKAlS6iOtx4MNoOOxn4y3J/6wmSkSIrogopQG1B9+sPCe2tAsOg8DnNk842VoBtX00RhNn/51RHxkq6ApWND1wtYxw9jsy8=
FDO5qRc5r+wnO96XzvqIK3Me0b5aCk5phs34RaZPxmPxMVXN1cd/UFLKyANQjjgwV+R4vPEm0Oq09ml6vxz+fUrkqxTh7jzcPXqzMA==
kX+1rZB+DHZCCa8z7opjiks0JXEAZ2pkS/T770IVMvPruPJdJuGIexgzKsW+vUVzhevJPXd+tpiI1TwkoE7DRgh6zXw45LAESUxzVkbjPmY7cj1UdDIZaLMm
M3RSeDeLrlcH4FTsYN6SwKiOtx4MNoOOxn4y3J/6wmSkSIrogopQG1B9+sPCe2tAs+g8DnNk842VoBtX00RhNn/51RHxkq6ApWND1wtYxw9jsy8=
FDO5qRc5r+wnO96XzvqIK3Me0b5aCk5phs34RaZPxmPxMVXN1cd/UFLKyANQjjgwV+R4vPEm0Oq09ml6vxz+fUrkqxTh7jzcPXqzMA==
QNWY+nUdRMA25zuN7QkRf0o0JXEAZ2pkS/T770IVMvPruPJdJuGIexgzKsW+vUVzhevJPXd+tpiI1TwkoE7DRgh6zXw45LAESUxzVkbjPmY7cj1UdDIZaLMm
M3RSeDeLrlcH4FTsYN6SwKiOtx4MNoOOxn4y3J/6wmSkSIrogopQG1B9+sPCe2tAs+g8DnNk842VoBtX00RhNn/51RHxkq6ApWND1wtYxw9jsy8=
ROHOVmY5tbJh5F+pV0OwpnMe0b5aCk5phs34RaZPxmPxMVXN1cd/UFLLyANQjjgwV+R4vPEm0Oq09ml6vxz+fUrkqxTh7jzcPXqzMA==
02WPf6EE0tKPK6onCI9ppUs0JXEAZ2pkS/T770IVMvPruPJdJuGIexgzKsW+vUVzhevJPXd+tpmI1TwkoE7DRgh6zXw45LAESUxzVkbjPmY7cj1UdDIZaLMm
KDTtBaV321XxP7XFsTN9faiOtx4MNoOOxn4y3J/6wmSkSIrogopQG1B9+sPCe2tAsug8DnNk842VoBtX00RhNn/51RHxkq6ApWND1wtYxw9jsy8=
ROHOVmY5tbJh5F+pV0OwpnMe0b5aCk5phs34RaZPxmPxMVXN1cd/UFLLyANQjjgwV+R4vPEm0Oq09ml6vxz+fUrkqxTh7jzcPXqzMA==
hwrcIHBUgnCETczEw+jLdUo0JXEAZ2pkS/T770IVMvPruPJdJuGIexgzKsW+vUVzhevJPXd+tpmI1TwkoE7DRgh6zXw45LAESUxzVkbjPmY7cj1UdDIZaLMm
KDTtBaV321XxP7XFsTN9faiOtx4MNoOOxn4y3J/6wmSkSIrogopQG1B9+sPCe2tAsug8DnNk842VoBtX00RhNn/51RHxkq6ApWND1wtYxw9jsy8=
evhGdK7KPFLoWS51rUoyg3Me0b5aCk5phs34RaZPxmPxMVXN1cd/UFLJyANQjjgwV+R4vPEm0Oq09ml6vxz+fUrkqxTh7jzcPXqzMA==
CdbgVx2U30BNOOcfCMatLGb63hed5rcWYHx+YI1bFR4DWYLu8qhiczt86NJe6tLoeGwYYupvkq2Y9zhzcaSCqI7q6ewJOfdw2SPprHsyjdmn1Sv6FHQn86FjcZAda1GzHQ==
RxRZc3ioIPH6vAGbjKAlS6iOtx4MNoOOxn4y3J/6wmSkSIrogopQG1B9+sPCe2tAsOg8DnNk842VoBtX00RhNn/51RHxkq6ApWND1wtYxw9jsy8=
FDO5qRc5r+wnO96XzvqIK3Me0b5aCk5phs34RaZPxmPxMVXN1cd/UFLKyANQjjgwV+R4vPEm0Oq09ml6vxz+fUrkqxTh7jzcPXqzMA==
761i1vwaFQ6cM5wEL9Ctwmb63hed5rcWYHx+YI1bFR4DWYLu8qhiczt86NJe6tLoeGwYYupvkq2Y9zhzcaSBqI7q6ewJOfdw2SPprHsyjdmn1Sv6FHQn86FjcZAda1GzHQ==
M3RSeDeLrlcH4FTsYN6SwKiOtx4MNoOOxn4y3J/6wmSkSIrogopQG1B9+sPCe2tAs+g8DnNk842VoBtX00RhNn/51RHxkq6ApWND1wtYxw9jsy8=
ROHOVmY5tbJh5F+pV0OwpnMe0b5aCk5phs34RaZPxmPxMVXN1cd/UFLLyANQjjgwV+R4vPEm0Oq09ml6vxz+fUrkqxTh7jzcPXqzMA==
EZQVw1TQyyf+atPPMwfsF2b63hed5rcWYHx+YI1bFR4DWYLu8qhiczt86NJe6tLoeGwYYupvkq2Y9zhzcaSAqI7q6ewJOfdw2SPprHsyjdmn1Sv6FHQn86FjcZAda1GzHQ==
KDTtBaV321XxP7XFsTN9faiOtx4MNoOOxn4y3J/6wmSkSIrogopQG1B9+sPCe2tAsug8DnNk842VoBtX00RhNn/51RHxkq6ApWND1wtYxw9jsy8=
Se2wOj3+pHqChM8tZwT/hu/WuQP2kHsjp5i9BXRDQ8T+vmpsZ1pqlCzIAljqauhriL2CExobQ1C46DQeW4Sr3W3gQ6drJImG93ldYVky1jB9I3sHU3gvH2uzJw==
MUfvOkJ536LQOyQM+rupblLG4MBbJiHUgnJZ44QNOBleG3bPmdX1cU2z79zaTUif6BrIXP9AGECpkgCmfLIppsfIzlGigIso+Ros0DV+syw=
rjfj9HVgLLJGFWa0s9sKVVJx9r6GWrpo0BzAQuJ/qu1AR7CTyfRqqOY6UYyBia+w4TPhjCPCJVlPZXMaHGTfs/mT+TDlO3mzNQ==
D4uugQJH9f61iAT4tj+lZgDSkbxnAxWg6GbiIBIGOTj3Vqd4vN1WK1bL/zgsaKD259Rn5TkAd79nFJVuwzmpycXCWqiJgy//HyjTN3+zMw==
L7uMegDU2gCPJwoADI5t0Es0JXEAZ2pkS/T770IVMvPruPJdJuGIexgzKsW+vUVzhevJPXd+tpuI1TwkoE7DRgh6zXw45LAESUxzVkbjPmY7cj1UdDIZaLMm
evhGdK7KPFLoWS51rUoyg3Me0b5aCk5phs34RaZPxmPxMVXN1cd/UFLJyANQjjgwV+R4vPEm0Oq09ml6vxz+fUrkqxTh7jzcPXqzMA==
IsN+O3v9dlNDcckrHJkohUo0JXEAZ2pkS/T770IVMvPruPJdJuGIexgzKsW+vUVzhevJPXd+tpuI1TwkoE7DRgh6zXw45LAESUxzVkbjPmY7cj1UdDIZaLMm
lxmgQBnx0mKYHu3G7cClWu/WuQP2kHsjp5i9BXRDQ8T+vmpsZ1pqlCzIAljqauhriL2CExobQ1C76DQeW4Sr3W3gQ6drJImG93ldYVky1jB9I3sHU3gvH2uzJw==
2vkgCsmJErfky8JU28o1Gcy4OBx+mIm0OQUFybmwZSXiggYoLETkUuZ3hs2sD3QjrQz1KHpCtTzFQcOQzTvlnAcaWZnzPZeKmOyzU1XbPUDBA2WzKQ==
O2Z8lh0nBOZdvrENaE0TyVLG4MBbJiHUgnJZ44QNOBleG3bPmdX1cU2z79zaTkif6BrIXP9AGECpkgCmfLIppsfIzlGigIso+Ros0DV+syw=
HAI8DuffYSoJmiU79ZWkCO/WuQP2kHsjp5i9BXRDQ8T+vmpsZ1pqlCzIAljqauhriL2CExobQ1C66DQeW4Sr3W3gQ6drJImG93ldYVky1jB9I3sHU3gvH2uzJw==
gtvktznOn7vvRn+NONT527WQqxNYMY6Jk34u3J/6wmSkSIrogopQG1B9+sPCe2tAsOg8DnNk842VoBtX00RhNn/51RHxkq6ApWND1wtYxw9jsy8=
zTgpz7EBEAo5XnmpbbaOdhd6eDddeW55GfTaukAfNfv2vqYQZqfCfxgzKsW+vUVzhevJPXd+tpuI1TwkoE7DRgh6zXw45LAESUxzVkbjPmY7cj1UdDIZaLMm
VWE/0If3BGazh0ZGaQyDNRJe+aBXLC6U9sNqq1jnAqGuuU1npb8BeSeaHg8IQZTA8AoLEihuxXgogJjQCZjbMtZntvKbJvUQJNYxfLMy
evhGdK7KPFLoWS51rUoyg3Me0b5aCk5phs34RaZPxmPxMVXN1cd/UFLJyANQjjgwV+R4vPEm0Oq09ml6vxz+fUrkqxTh7jzcPXqzMA==
jukbgNsOMJ63jjRYFWniz0/Y/M0PISzT13JF44QNOBleG3bPmdX1cU2z79zaTUif6BrIXP9AGECpkgCmfLIppsfIzlGigIso+Ros0DV+syw=
rjfj9HVgLLJGFWa0s9sKVVJx9r6GWrpo0BzAQuJ/qu1AR7CTyfRqqOY6UYyBia+w4TPhjCPCJVlPZXMaHGTfs/mT+TDlO3mzNQ==
pXpRtzQILR5B59jnSRPDgCEc5BIX3rqc/bKL9EKdtak9W8/kykVIh9gyqKSviNgYWfqgHuw6qT53YC4pcsjL8InyDOgldrM0
D4uugQJH9f61iAT4tj+lZgDSkbxnAxWg6GbiIBIGOTj3Vqd4vN1WK1bL/zgsaKD259Rn5TkAd79nFJVuwzmpycXCWqiJgy//HyjTN3+zMw==
jukbgNsOMJ63jjRYFWniz0/Y/M0PISzT13JF44QNOBleG3bPmdX1cU2z79zaTUif6BrIXP9AGECpkgCmfLIppsfIzlGigIso+Ros0DV+syw=
jukbgNsOMJ63jjRYFWniz0/Y/M0PISzT13JF44QNOBleG3bPmdX1cU2z79zaTUif6BrIXP9AGECpkgCmfLIppsfIzlGigIso+Ros0DV+syw=
jukbgNsOMJ63jjRYFWniz0/Y/M0PISzT13JF44QNOBleG3bPmdX1cU2z79zaTUif6BrIXP9AGECpkgCmfLIppsfIzlGigIso+Ros0DV+syw=
/4YfrmBsLLgSGzawHpdL1gi5y150R4OvvGFDBN1ZGPOYu7p93mX1O0UjueVXBqaTiN0sXICWs47IMn2kWFwgjMnE4+6mu46uezrNDFTKCWCzLg==
jukbgNsOMJ63jjRYFWniz0/Y/M0PISzT13JF44QNOBleG3bPmdX1cU2z79zaTUif6BrIXP9AGECpkgCmfLIppsfIzlGigIso+Ros0DV+syw=
rjfj9HVgLLJGFWa0s9sKVVJx9r6GWrpo0BzAQuJ/qu1AR7CTyfRqqOY6UYyBia+w4TPhjCPCJVlPZXMaHGTfs/mT+TDlO3mzNQ==
D4uugQJH9f61iAT4tj+lZgDSkbxnAxWg6GbiIBIGOTj3Vqd4vN1WK1bL/zgsaKD259Rn5TkAd79nFJVuwzmpycXCWqiJgy//HyjTN3+zMw==
jukbgNsOMJ63jjRYFWniz0/Y/M0PISzT13JF44QNOBleG3bPmdX1cU2z79zaTUif6BrIXP9AGECpkgCmfLIppsfIzlGigIso+Ros0DV+syw=
L7uMegDU2gCPJwoADI5t0Es0JXEAZ2pkS/T770IVMvPruPJdJuGIexgzKsW+vUVzhevJPXd+tpuI1TwkoE7DRgh6zXw45LAESUxzVkbjPmY7cj1UdDIZaLMm
gtvktznOn7vvRn+NONT527WQqxNYMY6Jk34u3J/6wmSkSIrogopQG1B9+sPCe2tAsOg8DnNk842VoBtX00RhNn/51RHxkq6ApWND1wtYxw9jsy8=
evhGdK7KPFLoWS51rUoyg3Me0b5aCk5phs34RaZPxmPxMVXN1cd/UFLJyANQjjgwV+R4vPEm0Oq09ml6vxz+fUrkqxTh7jzcPXqzMA==
jukbgNsOMJ63jjRYFWniz0/Y/M0PISzT13JF44QNOBleG3bPmdX1cU2z79zaTUif6BrIXP9AGECpkgCmfLIppsfIzlGigIso+Ros0DV+syw=
rjfj9HVgLLJGFWa0s9sKVVJx9r6GWrpo0BzAQuJ/qu1AR7CTyfRqqOY6UYyBia+w4TPhjCPCJVlPZXMaHGTfs/mT+TDlO3mzNQ==
pXpRtzQILR5B59jnSRPDgCEc5BIX3rqc/bKL9EKdtak9W8/kykVIh9gyqKSviNgYWfqgHuw6qT53YC4pcsjL8InyDOgldrM0
OsZZzBJKvc3pJj/rZrgVF9xD8Q/SQKNwoP1qY5K7G6Cg6CxugyQjLQUga7djBLFWj/nlMaFS3iAV49O32xj3L3OzPw==
D4uugQJH9f61iAT4tj+lZgDSkbxnAxWg6GbiIBIGOTj3Vqd4vN1WK1bL/zgsaKD259Rn5TkAd79nFJVuwzmpycXCWqiJgy//HyjTN3+zMw==
jukbgNsOMJ63jjRYFWniz0/Y/M0PISzT13JF44QNOBleG3bPmdX1cU2z79zaTUif6BrIXP9AGECpkgCmfLIppsfIzlGigIso+Ros0DV+syw=
/4YfrmBsLLgSGzawHpdL1gi5y150R4OvvGFDBN1ZGPOYu7p93mX1O0UjueVXBqaTiN0sXICWs47IMn2kWFwgjMnE4+6mu46uezrNDFTKCWCzLg==
U5DiqDZlMlvU44tYCwu6qVIUKMbUiL7AbvpMI0Sdjht+K4coJGio5h+0T9VhwA9vz7QNHku5IXldIjJ4McP3j/cI6yd3szs=
rjfj9HVgLLJGFWa0s9sKVVJx9r6GWrpo0BzAQuJ/qu1AR7CTyfRqqOY6UYyBia+w4TPhjCPCJVlPZXMaHGTfs/mT+TDlO3mzNQ==
zuySC6c/5UiElRpGJJTuRhoCd9gMXcbLJguvGBxokNY3lJeFqYDHHzfU5Y7TObnp9YKKyHkDv1+v6IPXD7ND
rm9MZtTD/7wLC2Zh12xBKRoCd8UMXcbLJguvGB9okNY3lJeFqYDHHzfU5Y7TObnp9YKKyHkDv1+v6IPXD7ND
rm9MZtTD/7wLC2Zh12xBKRoCd8UMXcbLJguvGB9okNY3lJeFqYDHHzfU5Y7TObnp9YKKyHkDv1+v6IPXD7ND
mniABsL2+EIkXzvSgVEwVkWjbugJOXKtuDdY89HkYajuKkls6XnXcLnjSSybcq3ZxxWLevQ0B/PBo9EQ/Stxsz0=
rm9MZtTD/7wLC2Zh12xBKRoCd8UMXcbLJguvGB9okNY3lJeFqYDHHzfU5Y7TObnp9YKKyHkDv1+v6IPXD7ND
mniABsL2+EIkXzvSgVEwVkWjbugJOXKtuDdY89HkYajuKkls6XnXcLnjSSybcq3ZxxWLevQ0B/PBo9EQ/Stxsz0=
lI7eOSVeI2NLtGcBbITbJtxD8Q/SQKNtoP1qY5K7G6Cj6CxugyQjLQUga7djBLFWj/nlMaFS3iAV49O32xj3L3OzPw==
+quUW224Lt23SM30mz1rIhoCd9gMXcbLJguvGB9okNY3lJeFqYDHHzfU5Y7TObnp9YKKyHkDv1+v6IPXD7ND
oMXvf7+Daw4kQ/Ite2/1xNxD8Q/SQKNtoP1qY5K7G6Ci6CxugyQjLQUga7djBLFWj/nlMaFS3iAV49O32xj3L3OzPw==
JScOwFPrdj6U13eMg+4sHxoCd9gMXcbLJguvGB5okNY3lJeFqYDHHzfU5Y7TObnp9YKKyHkDv1+v6IPXD7ND
zJEnt894+UqKLfhbnOqsVTcZ/j0XlriG4a2JuxWc8LgkQfmrvVROksU1pKWviNgYWfqgHuw6qT53YC4pcsjL8InyDOgldrM0
UQOth/0VEwLOAmZrQdh4bTcZ/j0XlriG4amLtRWc8LgkQfmrvVROksU1pKWviNgYWfqgHuw6qT53YC4pcsjL8InyDOgldrM0
DKppkDBituhUDZDaiA2q3NApLfPf8Nk7NSXrXwRqVSEQUOPE7CwPvGprYuC/x+9xGRDGPv0zeZpdrLTx3RNnX8r/OUEyz5+/lcU8SKxX8Ch4IMw25zm3SxzYJFHo+3UtebHTuekdFC5766fLTSLJ4CalRWOgrM6txi14QmJ3kPVOczPrtLk3cBmjKay7sk3ZZ1Xr+tT05/Nh47GQ3euRs90=
M5lu8Oz6e9ntSOVr2FIhBLw4MyMAZCkOMJwHXdv6z1QTM6c1L7Pc+mHhMxBdm7VcVzppmQNdR0rIDCPT5bvNAPEjdbM5
xwqvx27q3tpgV8Zk8hB3KOX9GLvNrOXvzHSElo/Jo04J75z3muYpfEjf6zQ7fxz4U6cmB4r9uBAyfxkFHe/Cq5kxX9tpFxgxYhfiSl8Is51St80NVQLtgIO4nfQLGyZKEYSnGPwOsE8HvtctKlE1Z0fLvqc5xxVXYTjvSY9YWMh5auAOTOqp7tdwbrlSGEsgqWJM+IWms+Q=
sMinZMD5o33ooQ3HrvlRQ3R0yHLlZzqp8DNZkiXXDY6C2uJp0Nx1NQiXewbcTbU8R9+NH36BCNc4f8eneDksXKhQIRf5//rnuMFZrgyzj/Cx2lAVPBEE4T7TWC4sdhFVwTSRVXC1dt0MBoixHjYwbakSTI1MykbnBS88YhkyaL8C6HFxhfdKZREujInZx5tw/utO+NSmcjKpYpH7PXALf8cF2I6+7PcWY3tXPtIxGp2cFA1HmkjnsXNJ0gsfDKrfR8CvsNm05rh/HzV4jQ9dPzhgctnZ+xkW6ZIdhyMBTC7pYtCSqSJTuVyVHlvfP2r7DLjR6WPn/wraWj0KwUHfQURNO+Z2x0CMvDEZFf0Dk/JPe9Jsu8sCsMhNB2b9Gj5w9WPBIcGN1BplefxhurvPgZHiDzwxRrxjQInrujoO59qlpO4WUFy/VZZlmsbmx/gOIq++kI9Il+zPJySRma+YmbJPwkJvcHN1wi8txSU67ajTYD18u+NmIgGcx1AMtjDn1+b3JRop9Y/XU15vSf8VfzHgT8E/oBigaXKAR7xSKUYHKE6xYmCLyDn6rDD1nrPM
hIUgTwzoKNQ05SHbE8lbt07IlHrxPBdZH9h1cXd04cQE/s5Ht3o+a9UE6I+0eKfLG1HFx1PrGUNZ+Jv1o+jOjx3RkexBBIlz05Owi0BNkrHb4VZecjeONOR/VvSmG3DUIM+KvLD7BXCUQwgQdoEZHTR8LViIiU4qyR9hTdrjrbxkN40N2yYSyVb20LyCFPWQ2aXJ2quJS4cgIBoWp1CfKX/Axjsai7D2VQleEldX7/talavmymmLgpdevY72vkMNXUZZRZ3pVMLqV11habA14NVZVytsWOVgqLyNWIN/IEe2JUu16m2g2gknJz3PbMZoNRT1Kz93CI+DiJJ90AoAo/GrqcnTpKNZymK/0fKWlL9POAmwnoZ54TmPZXeEXJkr1J+usc+XvQBXcvUcDIXcO2MkjuSHbGnm1vg0Zq9Tqnfy+DKNONhODSYeC9LnShNV7E/thbjvvk26bEsKo7O+/YW7sbBtPn8C5bL/OVZEHa7PTjjc0NGbJE9L/pNlCWvBttEdNVUp3cJXzzu66IY1gMgZSPiJsIuqth/GmtuOxaiEzuGUs9o=
5me8Rmeagm2Rl1pGVVnOhUhNB3pjCO3AHqut5w58eMOOHALYehQ1Dn6tVFULemI7hBUV8+D97/NS0OMyQP+04T4QY1Z6JiFpAnhuRHYRNW4/rndglbh/EfwZBEccegxfVKB2KW85BOYmYXMQnRv1XJq9KZjD3QdKiIzj06U7DQCxo7Wz+Q==
UTdysUmvX7uwKgRUOnK//JCJjG8AKESQ1BMzpcfq6NTqU3Ie9c1vvPCuaDdrbqnEuHeLbOu3X4NlRAYfmvW4KEJX+d1NpwJTKVn/Q/mfmImSv4ISj8Dz5WJf7RVFCu2485B9LFtT5rKh7AeAbIYw9/cWt3X6mXUfdyOevynPFW8REA+R3xCYMMkCQJvbYihWJ9gO4YLQC1iZimzgla6z3A==
a+rd6wGQ3/yJDqWvy7OY8RHzvX3RaZ1D0W31OHbi9yEh91UWHUKZ+95T+1roJnWgSHUPWIgQS0o2PwY62+6FyATuIXSzOg==
jTJMJkvYlbX/+o45G2oOUpdL9hjdVqMgvPd3Yo2GG//n+zp1gj4wLQUga7djBLxRj/jlMaFS3iAV49O32xj3L3OzPw==
dGcUENy0H80gp26zLK5L1UhNB3pjCO3AHqut5w58eMOOHALYehQ1Dn6tVFULemI7hBUV8+D97/NS0OMyQP+04T4QY1Z6JiFpAnhuRHYRNW4/rndglbh/EfwZBEccegxfVKB2KW85BOYmYXMQnRv1XJq9KZ7D3QdKiIzj06U7DQCxo7Wz+Q==
2uSye+or3jV7ST192gQ9qJCJjG8AKESQ1BMzpcfq6NTqU3Ie9c1vvPCuaDdrbqnEuHeLbOu3X4NlRAYfmvW4KEJX+d1NpwJTKVn/Q/mfmImSv4ISj8Dz5WJf7RVFCu2485B9LFtT5rKh7AeAbIYw9/cWt3X6mXUfdyOevynPFW8REA+R3xCYMMkCQJvbYi5WJ9gO4YLQC1iZimzgla6z3A==
enGtIw6ZqVaeEN11OX1jIRHzvX3RaZ1D0W31OHbi9yEh91UWHUKZ+95T+1roJnWgSHUPWI4QS0o2PwY62+6FyATuIXSzOg==
ONkcUrVELCPqaXBKihemL5dL9hjdVqMgvPd3Yo2GG//n+zp1gj4wLQUga7djBLxRj/7lMaFS3iAV49O32xj3L3OzPw==
QjM7CG1GC05spLSFjjGTOUhNB3pjCO3AHqut5w58eMOOHALYehQ1Dn6tVFULemI7hBUV8+D97/NS0OMyQP+04T4QY1Z6JiFpAnhuRHYRNW4/rndglbh/EfwZBEccegxfVKB2KW85BOYmYXMQnRv1XJq9KZzD3QdKiIzj06U7DQCxo7Wz+Q==
XQ0WjxP2Eo6//RFNnEJk3pCJjG8AKESQ1BMzpcfq6NTqU3Ie9c1vvPCuaDdrbqnEuHeLbOu3X4NlRAYfmvW4KEJX+d1NpwJTKVn/Q/mfmImSv4ISj8Dz5WJf7RVFCu2485B9LFtT5rKh7AeAbIYw9/cWt3X6mXUfdyOevynPFW8REA+R3xCYMMkCQJvbYixWJ9gO4YLQC1iZimzgla6z3A==
QV/tIulqg+asEx9XC52vExHzvX3RaZ1D0W31OHbi9yEh91UWHUKZ+95T+1roJnWgSHUPWIwQS0o2PwY62+6FyATuIXSzOg==
Afa421O9ObGV594DPeQTN5dL9hjdVqMgvPd3Yo2GG//n+zp1gj4wLQUga7djBLxRj/zlMaFS3iAV49O32xj3L3OzPw==
oW9tTh1uUiLgCQe9hLQnoEhNB3pjCO3AHqut5w58eMOOHALYehQ1Dn6tVFULemI7hBUV8+D97/NS0OMyQP+04T4QY1Z6JiFpAnhuRHYRNW4/rndglbh/EfwZBEccegxfVKB2KW85BOYmYXMQnRv1XJq9KZLD3QdKiIzj06U7DQCxo7Wz+Q==
nxZ0s1WSIOSHkZKidEvx2pCJjG8AKESQ1BMzpcfq6NTqU3Ie9c1vvPCuaDdrbqnEuHeLbOu3X4NlRAYfmvW4KEJX+d1NpwJTKVn/Q/mfmImSv4ISj8Dz5WJf7RVFCu2485B9LFtT5rKh7AeAbIYw9/cWt3X6mXUfdyOevynPFW8REA+R3xCYMMkCQJvbYiJWJ9gO4YLQC1iZimzgla6z3A==
NJ863T1FLtxoi5CcTVe2iBHzvX3RaZ1D0W31OHbi9yEh91UWHUKZ+95T+1roJnWgSHUPWIIQS0o2PwY62+6FyATuIXSzOg==
4XE+6kNUIfL9wU8TImme1pdL9hjdVqMgvPd3Yo2GG//n+zp1gj4wLQUga7djBLxRj/LlMaFS3iAV49O32xj3L3OzPw==
ZO5AXd/a1xWT09deXBHmScM6NatjGwj3Z0iOu08d9R49c3h6+mQ7HxUZKutiZImqxtgjgiwy5rFEQEqYi4TKruqgvJu7k+aF7YSZNqt1cMX1ajGTcS11OXFKXQP0bF1EVWmGTR/wmBCJYsA3GoIrd2e4jkFCMAt42ersQFVOs/w=
R7mKwMuwIWtTzfULk82NNVMpE77IHn2JzJCG9UJIeir/F5fG5leX9SsIQzaPdIGS7fCY6j0NHWi2XRfmoQQGYIm2fKHj1mcp7EI3af4Vhhv4eqbhcUfh2dJxXV/nKcVR+DsWKSrow54D53a51V+ZpG0qV+a19jdt9tCVKl8qkAiQBbNAX0/2h0Vdo4XmNbWh1b11JgeL8+7Ikj2E2H1mLMtlI84mm04Oe9oN7NQqyYCzzg==
PWdJkhYiD0Z0x6Ojc5gvQ9BMKShvm2QX8ZQaI/CPuj2tAvYxElOd8aVz7T8NbW0iccmcq//euLVFTW2oz9l7Nuonl6HutLdlWiJsWCTYh7zaZTb37tp0X1zrIMteyNZ8Ag6JJbk7MgRq6QZn+633LT0Bp8E6XnX3yfODfmcAiDnL285wAN3oMXZ6jCveNQAv3VM6JZkA139HlLSoYztICSVCumhpg88//6gz95+z0w==
MJLXNwG4s67RefoV8eWqhf/fxHS+IgUe63kEerLXrqepdHKzSA9CrQWirsFak1WhXRPFDxVtdRJZqWT7Nx7wRR3txTg3WcOmgsfPESb0fzViAgSoPNifzDJFDiemGjzvhIvIW+ZIruyqrlFVcXt61BIJLlfjre8dFeHfEXIevYcRUyvuH4AwqSO7FsBIHaDhTlpkW8Y1GN+1cwJ1UUAfzx903Djbu7CZjeLimCFDB28HyBvHh7PL
a3alr7gYpvHEYk8NK8kV7eMQMGOPs+LYDuLsRfNpdKpm+4dMXG8m7yyxK5qA3bTjW71TK8sTG217DleRauc5bh5ZM9XrJFm5rXqs/+FNyISxaaw6SnRyGNEQfP3Ae2hq0rMqM2aHiKjAcAQW/8mfC/RInLGgy20tYYGbWVGN/G5TG7/rhXJxYF51jQO4nKZtbr2A4iqHiPVWA/tLzCmfMPGTMUzy5LVb3oWj2syEzzMJcwnwFduJs8U=
EXsFwQITD/L/tjMaZ+xbygjvEi3kGCdnOSsv7MQfrm+kAbN66A0Mo4PNuwvzAxNtcx5vsYKX4S6miVs1c5TROSUKNF9JnbBE6VmEWrJkehjZAAQd6EuwKirjgpP+dwAoSMCcdheZJ8usuPSRmNtlLWmRo3k5faSu60tXix3C+eDWhRWjEMxeLbaNqAJSl4D1XhMDK+QZx/CJQ5nsapQ921Y1OzqkVHdz0QPh0C3LgbPN
kPmoGscud6z2E88o0LLR2hggGbmYCniS1YbVslhTbT//F5fG5leX9SsIQzaPdIGS7fCY6j0NHWi2XRfmoQQGYIm2fKHj1mcp7EI3af4Vhhv4eqbhcUfh2dJxXV/nKcVR+DsWKSrow54D53a51V+ZpG0qV+a19jdt9tCVKl8qkAiQBbNAX0/2h0Vdo4XmNbWh1b11JgeL8+7Ikj2E2H1mLMtlI84mm04Oe9oN7NQqyYCzzg==
7iFHVo4vQ+8j8DaKRcbPmgjvDyHiCjxuCSsv7MQfrm+kAbN66A0Mo4PNuwvzAxNtcx5vsYKX4S6miVs1c5TROSUKNF9JnbBE6VmEWrJkehjZAAQd6EuwKirjgpP+dwAoSMCcdheZJ8usuPSRmNtlLWmRo3k5faSu60tXix3C+eDWhRWjEMxeLbaNqAJSl4D1XhMDK+QZx/CJQ5nsapQ921Y1OzqkVHdz0QPh0C3LgbPN
wpMoY3XqtMXPn77+poHjocaI/K6IN0nxKqHMpD4P7Q46ejAP/aQGSwTPDpUx8nqppvNJiWkj0RcZbXkKTZlQ0yt+DC3JvfEAe5mPXvYXm7maVONdlnKQMLBYE1SmtXrPOrqAR1DbPCMqCGLUnn4FvQ2bZvwmOTpP763jBQHR6zlu/sFvRYMf1tPA/NHX68Jo9L08CTqq8MNKtZRHIQP2Hc3go2dLpKjAl3v8obmyNvDdIxtHM/gP34uzxw==
nbg7ivSqpOW0VctWT+fTj2kzfnLNedGgWojfAb2TcxyI12ovYEl/SrT1aIOn1Ucb/wsXbXcWY6F+j8UOwnEHBb/cFXnhwnivFSUUJA3BOMo+7P6YXYiIjVTT1MqOW17jMj9E6AwI0EbL4cPriKCIgZTTYS1tma9pRWWAjg8zi7tRCr0gks3Z08x0+s3SFRSS3h8Eddqbj7tYgSOQLfvFHCZc+ZuSffcK+KwTU/UbHcAhw4WzyQ==
D0YJOkIUOKIpzTjjl0oiI2g6Y2XLepiyCobDC7jSR1KEzWI6YEl/SrT1aIOn1Ucb/wsXbXcWY6F+j8UOwnEHBb/cFXnhwnivFSUUJA3BOMo+7P6YXYiIjVTT1MqOW17jMj9E6AwI0EbL4cPriKCIgZTTYS1tma9pRWWAjg8zi7tRCr0gks3Z08x0+s3SFRSS3h8Eddqbj7tYgSOQLfvFHCZc+ZuSffcK+KwTU/UbHcAhw4WzyQ==
W1LpjHAdp2S8nanyCKIRYdOBghsOheplNQnPPVmP/tJc0XvQFUsd/M6s8Ruazd+qoNxrE61LpeCJ0w2zQQ==
Ob+ju2vRHa0M6jx9yaHS5c6bGUTEjew5lD9hhT8zAyYIWo3cuAX2JEttszbGQ/5GO5J9tPSS2QizRg==
eAAisaW2uxTbKzMEnqgQuVERc8gl73rb7OgTBIOgaT0OkclOUb8eDAcsOHShjnBDIn7r8y+0XtUaLOvcscYc9C1yszg=
ITdS7GsMhgqEoXvEyQ8KcO/l1D6x795cp5y4xAFeMJNCjusDT2QeBbqca2wRltykzQKzSA==
goWTiOBWILqDDA5iNoqdhDcZ/j0XlriG4a2JuxWc8LgkQfmrvVROksU1pKWviNgYWfqgH+o6qz93YC4pcsjL8InyDOgldrM0
GrY6jBCwSBDz+pp9ZKKtFPdE6EnXTtczpoJQN9sPkNe7LQHlDVueXajTS1yFWT8WGzMDghUKUvcQtaJz1MesnhrcyOT5sjWSYBH/jBMc6/BU8AOg/dwCpea5zezrmfNTj/pkJz+UETPp+X+jub+Y6VIfAvLP4POFov9t9QUq7dgzMP3MG3Pm0mFMh2AspjCXN7Y3lbq5dX+3gx5fae8VD9Gwj3GfMJhQCaLAd5pCKzfneI4BwvALOFkq7ADVjrO8
NQKhZEQg+uYfw++oKKw8kDcZ/j0XlriG4amLtRWc8LgkQfmrvVROksU1pKWviNgYWfqgH+o6qz93YC4pcsjL8InyDOgldrM0
u3UCGl6K91KRQiWJgDVh7tApLfPf8Nk7NSXrXwRqVSEQUOPE7CwPvGprYuC/x+9xGRDGPv0zeZpdrLTx3RNnX8r/OUEyz5+/lcU8SKxX8Ch4IMw25zm3SxzYJFHo+3UtebHTuekdFC5766fLTSLJ4CalRWOgrM6txi14QmJ3kPVOczPrtLk3cBmjKay6tE3bZlXr+tT05/Nh47GQ3euRs90=
ittmVCR3CYeaUxinUNpC9VERc8gl73rb7OgTBIOgaX8PldROUb8eDAcsOHShjnBDIn7r8y+0XtUaLOvcscYc9C1yszg=
VMPYa1JmEc9uG620XLENUMrmgzagdknn82RFyFPR0nlDamTtXZXa9vBV52+gnh42HrCi17cgG4PrfBxx42JJqH1T5SeqjiOESaq7UIWWloEpImLAWSLyUPFdsQOQtxOuug7u082RusPoDWaVPHhaf4gEOailVQRlf2W6d0i79FPCiMpk1l4dTXVbPmyemfIfB60LVclxU6k2PrmfXaNXZntAFKEfi9pYzH1kmUJKuBNitbwX6WMOjRWgm1dTROQy//pUEXGSLoAlY8PXi1hHD+Ozrw==
M7CGZvUHCJRz+Bx+E1TDqzK9RxRvrFaG7XR3n9Pu9lu9kKUG6whEXWDSJq2xqUKZ33lNWaL4Njo6D6kMzzvQlzKORz/DC8yWFehfmq1cs46QjS8iZMxfOsRc522nb6avdYKcbsj/q0mMrz49MFkKIJwzzsR/5GMNsqkp1Wwb/mOS/2TobMiwxqsh4+uo4CgBdJOBLY3ZT+nlJaCOL/PrOzHK3SCyDXlTbDQazTJV9BJ+XyR1+lsvOzhBQ5BNO2Wcgh7ZmnI9F4oY7DNT1du9QEED5bOp
leX3jURcRIeAnb01ThlZT2IaPKz68U6+s7uPQiaMhHKxbcWgqfs1rS1JPQjJ7GDzhekFBRC9kMvgRLkp/Uw72hHzz1K5XwKoftAiNNY4EhUDqKLlTty+Sdp45S71HSPgPAv+eW1Y/RFZkaXJ86HcOZ0pZN4GAKlfz5Y9BaElDychE1i9umMS1vcsk3EqY92x3UbtzBsMrShj/0ZmqRB3ZDSKcENfSqcxAvWVC7+fLpsxA5WbeQxfFWc8uGRBfrD3AO7qYw8EniX6PGvM0bZcRA3is6g=
h3hLZZdpDgSzSxWSAziXD2IaPKz68U6+s7uPQiaMhHKxbcWgqfs1qy1JPQjP7GDzhekFBRC9kMvgRLkp0Vs70w392FK5XwKoftAiNNY4EhUDqKLlTty+Sdp45S71HSPgPAv+eW1Y/RFZkaXJ86HcOZ0pZN4GAKlfz5Y9BaElDychE1i9umMS1vcsk3EqY92x3UbtzBsMrShj/0ZmqRB3ZDSKcENfSqcxAvWVC7+fLpsxA5WbeQxfFWc8uGRBfrD3AO7qYw8EniX6PGvM0bZcRA3is6g=
vp6YqM5E9dGHPWokwYxVDiQc5e7WOA7n1CvdZh96oTD1rV0HTEuyM4DXuP8Dy22p7BbOLNBukuCfW8hKf1a0twOq996tsJ1B6oJiJhImIjYK7w+uoudKIrZDJm713OEz2/oQ7d5biQbV+wWnVZvHb4QDUW8kHEK+YRVzQG23dUu3/U21uN8e/Xp8a1oj417tRctRwG1On3Iloh9p1hQ9vg/+mOzQ4TuUD1veQ+XZC9H2IX3FVdm9MhffW2poVhWQiK3syIqBKxp2D+bKW94luES+AeSzqg==
MKUhJrtQSqWam6pdujyPUGIaPKz68U6+s7uPQiaMhHKxbcWgqfs1qy1JPQjP7GDzhekFBRC9kMvgRLkp/Uw7xAzyxVK5XwKoftAiNNY4EhUDqKLlTty+Sdp45S71HSPgPAv+eW1Y/RFZkaXJ86HcOZ0pZN4GAKlfz5Y9BaElDychE1i9umMS1vcsk3EqY92x3UbtzBsMrShj/0ZmqRB3ZDSKcENfSqcxAvWVC7+fLpsxA5WbeQxfFWc8uGRBfrD3AO7qYw8EniX6PGvM0bZcRA3is6g=
xVxnCrNrf4HbzD5fd5XZniQc5e7WOA7n1CvdZh96oTD1rV0HTEuyNYDXuP8Fy22p7BbOLNBukuCfW8hKblC2oge+996tsJ1B6oJiJhImIjYK7w+uoudKIrZDJm713OEz2/oQ7d5biQbV+wWnVZvHb4QDUW8kHEK+YRVzQG23dUu3/U21uN8e/Xp8a1oj417tRctRwG1On3Iloh9p1hQ9vg/+mOzQ4TuUD1veQ+XZC9H2IX3FVdm9MhffW2poVhWQiK3syIqBKxp2D+bKW94luES+AeSzqg==
gsR9qBnUEZAvqYbPCUcoZcrmgzagdknn82RFyFPR0nlDamTtXZXa8OENv3+2lUppGbO3/vFDXMH8JAsx51BOvmhO5SeqjiOESaq7UIWWloEpImLAWSLyUPFdsQOQtxOuug7u082RusPoDWaVPHhaf4gEOailVQRlf2W6d0i79FPCiMpk1l4dTXVbPmyemfIfB60LVclxU6k2PrmfXaNXZntAFKEfi9pYzH1kmUJKuBNitbwX6WMOjRWgm1dTROQy//pUEXGSLoAlY8PXi1hHD+Ozrw==
HcOI3e1simS/GNNFAtTdm8rmgzagdknn82RFyFPR0nlDamTtXZXa8OENv3+2lUppGbO3/vFDXMH8JAsx7kNEo2hM5SeqjiOESaq7UIWWloEpImLAWSLyUPFdsQOQtxOuug7u082RusPoDWaVPHhaf4gEOailVQRlf2W6d0i79FPCiMpk1l4dTXVbPmyemfIfB60LVclxU6k2PrmfXaNXZntAFKEfi9pYzH1kmUJKuBNitbwX6WMOjRWgm1dTROQy//pUEXGSLoAlY8PXi1hHD+Ozrw==
jsmq2hPoaapGwyJpTAwltdiGT7MnwVFqAcMi4usdWCeVkUtCgC2/GUWwRJ3C8/oHmV7R6n7Ih7ppOpaKrfpesJH8bsviOBX4D3MYRmHAg/qRtKe+ZJUjImjUqwrQtNsNe0fSf6H6UK6ER38ZOEdinczxntAoq0JE83zXfSYBVXWwc0qzxkeoqCAw5JZfCb8LlIg8MQCLjS2BwTvZ8U2cbnPbH2tlMpFgfrUtg9hcxm1O/WBiyseo9XbDm8us6b8wEdPRzFamlVq+RcNabMTvM+kzqXC1G+mzpQ==
zuOJmYN4BS6sJ7Nqm+KqZTcFzK8PRjUvgJS/DPpExGG3Y1Xayd5IFEic3wFKmj8hV+R4vPEm0Oyw9mp7vxz+fUrkqxTh7jzcPXqzMA==
BmaDiyYkicjkSi3PlGQPtmD+JZ0N5vJU64MzMb+bvRBoAEbxmoOFA1cT4NoxT49MrZhWVX5dMZefvIvCaX+yjMMTJkXJgOdf11RDSrM6mKkVAioIGQOfH09oIxdvsyM=
fMNy7R6+2n6guF5EnDqnrPRJ3S56sghNeUJThXQDTzTelyvUoVl3dljbdIjmJ4FpLXzH9ouPmfbEvcislkR6DUJX62zpz3Vj57pvC1wdaScXXDOSAX9JU39prvURQN9P33Sbuhu68BnN4iIYYUNH78fIW0dHsws=
MBhfj15UthXDQDDnOTK6wl2CxucqSxyxrGz9dUUdOiLtWtV79N1BN0/8uyJ5f7Hj98l25TkAd79nFJNqwzqoycXCWqiJgy//HyjTN3+zMw==
YOpXOeeDdotnDAzWgPl8iscBiz1AhWIFvq89ViKWuYnKSEYEHoH9jsd+z+Dt6EcxNImsB3QKRP/MUK4pN0mcRu6Rm9A1i718om3RGnqNfyrAHAsTjQtFYCkTbbMh
80tLkddlfQ6am68REYVfnZCJjG8AKESQ1BMzpcfq6NTqU3Ie9c1vvPCuaDdrbqnEuHeLbOu3X4NlRAYfmvW4KEJX+d1NpwJTKVn/Q/mfmImSv4ISj8Dz5WJf7RVFCu2485B9LFtT5rKh7AeAbIYw9/cWt3X6mXUfdyOevynPFW8REA+R3xCYMMkCQJvbYipXJ9gO4YLQC1iZimzgla6z3A==
1G66o67xXwl1BmpNo3+iKhHzvX3RaZ1D0W31OHbi9yEh91UWHUKZ+95T+1roJnWgSHUPWIoRS0o2PwY62+6FyATuIXSzOg==
qCHSRV645GbJdau5d8vETpdL9hjdVqMgvPd3Yo2GG//n+zp1gj4wLQUga7djBLxRj/rkMaFS3iAV49O32xj3L3OzPw==
P6rlspBREvoYWDk3Zh11bYld9hrJStFz6P19f4uMX7r1/z91my4jLQUga7djBLFSj/nkMaFS3iAV49O32xj3L3OzPw==
I+HPRsFaWmARxgEe+z01uDYFzK8PRjUvgJS/DPpExGG3Y1Xayd5IFEic3wFKmj8hV+R4vPEm0O2z9ml7vxz+fUrkqxTh7jzcPXqzMA==
bOjDVoTw2zsAMIlePhWkf8vXlG1Ryer/ZQ9T76+VaPp/SW3RBMymikkhlYL5BigMeITfCnWGRflnvLjkQf6wdQNu6eMPhJ6l+rxrTNE2XMQNYrMo
Gm2+HC8WGTDgSrYbWH+2+zUFzK8PRjUvgJS/DPpExGG3Y1Xayd5IFEic3wFKmj8hV+R4vPEm0Oaz9ml7vxz+fUrkqxTh7jzcPXqzMA==
5r2N0cYcDCP9FhlZNpyt/8vXlG1Ryer/ZQ9T76+VaPp/Sm3RBMymikkhlYL5BigMeITfCnWGRflnvLjkQf6wfgNu6eMPhJ6l+rxrTNE2XMQNYrMo
Dd1cIMww0HRjFRqMboyHEjQFzK8PRjUvgJS/DPpExGG3Y1Xayd5IFEic3wFKmj8hV+R4vPEm0O+y9ml7vxz+fUrkqxTh7jzcPXqzMA==
bERKg7yyPw11WgGVNZM5mMvXlG1Ryer/ZQ9T76+VaPp/S23RBMymikkhlYL5BigMeITfCnWGRflnvLjkQf6wdwJu6eMPhJ6l+rxrTNE2XMQNYrMo
qLbiPyWxb5onjoHkENETOMcBiz1AhWIFvq89ViKWuYnKSEYEHoH9jsd+z+Dt6EcxNImsB3QKRP/MUK4pN0mcRu6Rm9A1i718om3RGHqNfyrAHAsTjQtFYCkTbbMh
9r8kohGfZ9ARc/PGH5h8L5CJjG8AKESQ1BMzpcfq6NTqU3Ie9c1vvPCuaDdrbqnEuHeLbOu3X4NlRAYfmvW4KEJX+d1NpwJTKVn/Q/mfmImSv4ISj8Dz5WJf7RVFCu2485B9LFtT5rKh7AeAbIYw9/cWt3X6mXUfdyOevynPFW8REA+R3xCYMMkCQJvbYihXJ9gO4YLQC1iZimzgla6z3A==
X7xkMn3QL22R3Q9B5/i24xHzvX3RaZ1D0W31OHbi9yEh91UWHUKZ+95T+1roJnWgSHUPWIgRS0o2PwY62+6FyATuIXSzOg==
bqxREgGTRVUepj8NzBVQfpdL9hjdVqMgvPd3Yo2GG//n+zp1gj4wLQUga7djBLxRj/jkMaFS3iAV49O32xj3L3OzPw==
wEfbUmtMvKOmKsB/bdFLi7Tacwjs7XtA3R+bEenCPULyRRZFTMKC07g+CxlWU5Lu1g+2vZ9XRvJVl3pvIJmgi6GDkWQZLFuDVuy7euhGtUDI3s44j/EL6rZfRtrbzkVohA5hVLMa
HIj9mFhi4YaUtwk3MsjpPbTacwjs7XtA3B+bEenCPULzRRZFTMKC07g+CxlWUpLu1g+2vZ9URvJVl3pvIJmgi6GDkWQZLFuDVuy7euhGtUDI2ck4j/EL6rZfRtrbzkVohA5hVLMa
gpmi155GRS9WvtGZVKeiprTacwjs7XtA3R+bEenCPULyRRZFTMKC07g+CxlWU5Lu1g+2vZ9XRvJVl3pvIJmgi6GHmHMeLFuDVuy7euhGtUDI2cw4jvEL6rZfRtrbzkVohA5hVLMa
fGdPGY2PnO+22O+8QlL6x7Tacwjs7XtA3B+bEenCPULzRRZFTMKC07g+CxlWUpLu1g+2vZ9URvJVl3pvIJmgi6GHmHMeLFuDVuy7euhGtUDI28w4jvEL6rZfRtrbzkVohA5hVLMa
wChlydD7ozceTRcJgPFJN8cBiz1AhWIFvq89ViKWuYnKSEYEHoH9jsd+z+Dt6EcxNImsB3QKRP/MUK4pN0mcRu6Rm9A1i718om3RHnqNfyrAHAsTjQtFYCkTbbMh
uMv8Lmphx9RvaHXr+c5i/pCJjG8AKESQ1BMzpcfq6NTqU3Ie9c1vvPCuaDdrbqnEuHeLbOu3X4NlRAYfmvW4KEJX+d1NpwJTKVn/Q/mfmImSv4ISj8Dz5WJf7RVFCu2485B9LFtT5rKh7AeAbIYw9/cWt3X6mXUfdyOevynPFW8REA+R3xCYMMkCQJvbYi5XJ9gO4YLQC1iZimzgla6z3A==
NQZ/N9idtETI9YQW84AbPhHzvX3RaZ1D0W31OHbi9yEh91UWHUKZ+95T+1roJnWgSHUPWI4RS0o2PwY62+6FyATuIXSzOg==
mMh7CtOWDrfLAOcrt8pqIZdL9hjdVqMgvPd3Yo2GG//n+zp1gj4wLQUga7djBLxRj/7kMaFS3iAV49O32xj3L3OzPw==
clJQNQr2kkKtfCm92049XbTacwjs7XtA3R+bEenCPULyRRZFTMKC07g+CxlWU5Lu1g+2vZ9XRvJVl3pvIJmgi6GDkWQZLFuDVuy7euhGtUDI1Mk4jfEL6rZfRtrbzkVohA5hVLMa
0xwxbJS2wXaXovRuIgeukLTacwjs7XtA3B+bEenCPULzRRZFTMKC07g+CxlWUpLu1g+2vZ9URvJVl3pvIJmgi6GDkWQZLFuDVuy7euhGtUDI1cg4jfEL6rZfRtrbzkVohA5hVLMa
9DYizQ9iRNk549BFWJsN/ccBiz1AhWIFvq89ViKWuYnKSEYEHoH9jsd+z+Dt6EcxNImsB3QKRP/MUK4pN0mcRu6Rm9A1i718om3RHHqNfyrAHAsTjQtFYCkTbbMh
wYhi1zGnn2HvwE/bzGHZfZCJjG8AKESQ1BMzpcfq6NTqU3Ie9c1vvPCuaDdrbqnEuHeLbOu3X4NlRAYfmvW4KEJX+d1NpwJTKVn/Q/mfmImSv4ISj8Dz5WJf7RVFCu2485B9LFtT5rKh7AeAbIYw9/cWt3X6mXUfdyOevynPFW8REA+R3xCYMMkCQJvbYixXJ9gO4YLQC1iZimzgla6z3A==
/LCnq86CLR9j04GXP4f5GxHzvX3RaZ1D0W31OHbi9yEh91UWHUKZ+95T+1roJnWgSHUPWIwRS0o2PwY62+6FyATuIXSzOg==
/iESs2ZZWkdM7bgtuM9BS5dL9hjdVqMgvPd3Yo2GG//n+zp1gj4wLQUga7djBLxRj/zkMaFS3iAV49O32xj3L3OzPw==
3Lrv2EP4A2fvKYq7tzLQx9xD8Q/SQKNtoP1qY5K7G6Cg6CxugyQjLQUga7djBLdTj/LkMaFS3iAV49O32xj3L3OzPw==
8LZeVvkFQVr1KY1tfmcDnQDSkbxnAxWg6GbiIBIGOTj3Vqd4vN1WK1bL/zgsaKD259Rn5TkAd79nFJNrwzKoycXCWqiJgy//HyjTN3+zMw==
IOmYrNSxKOSQfp2VDZGYZ7KHuu326st2f2nK775tewqGy76LNJW4kc5j1mfpDTU5nYuPNOpVSJf44uh0DxhYiPkq4MjJKqIvV7Bu+dJYS2ApIkw4BWazJA==
aigff3xOPKvI9kv2yspV7suiJQs6kp/7LRhQzqSwKWKkyAIoLETkUuZ3hs2sD3QjrQz2KHpCtTzFQcOQzTvlnAcdWZLyPZeKmOyzU1XbPUDBA2WzKQ==
qlr307C6IOM4vlovXCEGCccBiz1AhWIFvq89ViKWuYnKSEYEHoH9jsd+z+Dt6EcxNImsB3QKRP/MUK4pN0mcRu6Rm9A1i718om3REnqNfyrAHAsTjQtFYCkTbbMh
EaM2TKoWJtTh9GQuj/JymJCJjG8AKESQ1BMzpcfq6NTqU3Ie9c1vvPCuaDdrbqnEuHeLbOu3X4NlRAYfmvW4KEJX+d1NpwJTKVn/Q/mfmImSv4ISj8Dz5WJf7RVFCu2485B9LFtT5rKh7AeAbIYw9/cWt3X6mXUfdyOevynPFW8REA+R3xCYMMkCQJvbYiJXJ9gO4YLQC1iZimzgla6z3A==
bc/f8z8VLbOYaZG0QQD6xhHzvX3RaZ1D0W31OHbi9yEh91UWHUKZ+95T+1roJnWgSHUPWIIRS0o2PwY62+6FyATuIXSzOg==
fGW+SeIUKRk2dqjNkHuL1ZdL9hjdVqMgvPd3Yo2GG//n+zp1gj4wLQUga7djBLxRj/LkMaFS3iAV49O32xj3L3OzPw==
ZQkTYLVfYXFCS40ICMhGzeLtp8vM2q/NTHCZ3o2Zlh+HiFMrOypK/N6fylQhdxtMJrfZ0prqzslG7fhlZu9GgzFRVS2Vp//wEunIIxAuuFAXBHjcMcZQSXLWYlt/vH6dioSr9KGOvHx9WrMQ
KYQI4D2ahhGEW0ESMNgoHuLtp8vM2q/NTHCZ3o2Zlh+HiFMrOypK/N6fylQhdxtMJrfZ0prqzslG7fhlZu9GgzFRVS2Vp//wEunIIxAuuFAXBHjcMcZQT3XWYlt/vH6dioSr9KGOvHx9WrMQ
H/PAYKa5bqfdBy3tiDOrsaiOtx4MNoOOxn4y3J/6wmSkSIrogopQG1B9+sPCe2tAsOg8DnNk842VoBtX00RkN3/y1BHxkq6ApWND1wtYxw9jsy8=
byG1BaQnlYb1gQ0p22y7KtxD8Q/SQKNtoP1qY5K7G6Cj6CxugyQjLQUga7djBL1Tj/vjMaFS3iAV49O32xj3L3OzPw==
WlnLL+k41grHwqxoBd8V5ADSkbxnAxWg6GbiIBIGOTj3Vqd4vN1WK1bL/zgvaKD259Rn5TkAd79nFJlrwzuvycXCWqiJgy//HyjTN3+zMw==
hjhAwC3B1wqukbrNLTU95bKHuu326st2f2nK775tewqGy76LNJW4kc5j1mfpDTU5nYuPNOpWSJf44uh0DxhYiPkq4MLJKqsoV7Bu+dJYS2ApIkw4BWazJA==
VZ1zTT8hEZRfOf/fZOxVV6iOtx4MNoOOxn4y3J/6wmSkSIrogopQG1B9+sPCe2tAs+g8DnNk842VoBtX00RlMn/70xHxkq6ApWND1wtYxw9jsy8=
b6PY9pPo8s4h0MN2BiSrauLtp8vM2q/NTHCZ3o2ZlR+HiFMrOypK/N6fylQhdxtMJrfZ0prqzslG7fhlZu9GgzFRVS2Vp//wEurIIxAuuFAXBHjcMcZQSnDWa1x/vH6dioSr9KGOvHx9WrMQ
8b/BoJZEMa7hi4ZKLv0ZIOLtp8vM2q/NTHCZ3o2ZlR+HiFMrOypK/N6fylQhdxtMJrfZ0prqzslG7fhlZu9GgzFRVS2Vp//wEurIIxAuuFAXBHjcMcZQSHDWa1x/vH6dioSr9KGOvHx9WrMQ
j4MTIQMFKPl4mW0SdqzuNXMe0b5aCk5phs34RaZPxmPxMVXN1cd/UFLKyANQjjgwV+R4vPEm0Omy9mt8vxz+fUrkqxTh7jzcPXqzMA==
whf+coM1fcaIyAX0Z5/ZSrKHu+326st2f2nK775tewqGy76LNJW4kc5j1mfpDTU5nYuPNOpWSJf44uh0DxhYiPkq4M3KKqsoV7Bu+dJYS2ApIkw4BWazJA==
ugPVcXyJDVyMpb1U6hGOfaiOtx4MNoOOxn4y3J/6wmSkSIrogopQG1B9+sPCe2tAs+g8DnNk842VoBtX00RsMH/70xHxkq6ApWND1wtYxw9jsy8=
vdByOSPgTK5Ajr4Wdf1rvuLtp8vM2q/NTHCZ3o2Zlh+EiFMrOypK/N6fylQhdxtMJrfZ0prqzslG7fhlZu9GgzFRVS2Vp//wEurIIxAuuFAXBHjcMcZQTHXWa1x/vH6dioSr9KGOvHx9WrMQ
UPpUiWXBogx5BL92ak58xuLtp8vM2q/NTHCZ3o2Zlh+EiFMrOypK/N6fylQhdxtMJrfZ0prqzslG7fhlZu9GgzFRVS2Vp//wEurIIxAuuFAXBHjcMcZQSnXWa1x/vH6dioSr9KGOvHx9WrMQ
WyO9O3uPGWDAFLVhrU1iAtxD8Q/SQKNtoP1qY5K7G6Ci6CxugyQjLQUga7djBL1Tj/rjMaFS3iAV49O32xj3L3OzPw==
o7IYhEsihbOeXnfc3BXUNwDSkbxnAxWg6GbiIBIGOTj3Vqd4vN1WK1bL/zguaKD259Rn5TkAd79nFJlrwzqvycXCWqiJgy//HyjTN3+zMw==
SctjS8HwBGNBM0jjjHiPFrKHu+326st2f2nK775tewqGy76LNJW4kc5j1mfpDTU5nYuPNOpXSJf44uh0DxhYiPkq4MLJKqooV7Bu+dJYS2ApIkw4BWazJA==
PElJW9hfCglIRBLydlicM6iOtx4MNoOOxn4y3J/6wmSkSIrogopQG1B9+sPCe2tAsug8DnNk842VoBtX00RnMn/60xHxkq6ApWND1wtYxw9jsy8=
t5CII8W1zPsdSVestbnu18uiJQs6kp/7LRhQzqSwKWKkyAIoLETkUuZ3hs2sD3QjrQz0KHpCtTzFQcOQzTvlnAUeWZr1PZeKmOyzU1XbPUDBA2WzKQ==
RBJiqHkNvuccKaCTmyrxNuLtp8vM2q/NTHCZ3o2ZlR+EiFMrOypK/N6fylQhdxtMJrfZ0prqzslG7fhlZu9GgzFRVS2Vp//wEuvIIxAuuFAXBHjcMcZQTHPWalx/vH6dioSr9KGOvHx9WrMQ
0z3hhOw7az78kFel0uuPA+Ltp8vM2q/NTHCZ3o2ZlR+EiFMrOypK/N6fylQhdxtMJrfZ0prqzslG7fhlZu9GgzFRVS2Vp//wEuvIIxAuuFAXBHjcMcZQS3PWalx/vH6dioSr9KGOvHx9WrMQ
0YinxQlbCYebfV72Dwu2G8cBiz1AhWIFvq89ViKWuYnKSEYEHoH9jsd+z+Dt6EcxNImsB3QKRP/MUK4pN0mcRu6Rm9A1i718om3RGn2NfyrAHAsTjQtFYCkTbbMh
AbGjKPpA7XGyShybqa8DeJCJjG8AKESQ1BMzpcfq6NTqU3Ie9c1vvPCuaDdrbqnEuHeLbOu3X4NlRAYfmvW4KEJX+d1NpwJTKVn/Q/mfmImSv4ISj8Dz5WJf7RVFCu2485B9LFtT5rKh7AeAbIYw9/cWt3X6mXUfdyOevynPFW8REA+R3xCYMMkCQJvbYipQJ9gO4YLQC1iZimzgla6z3A==
cS2MSZ2UVzIEkaOtlOiKEhHzvX3RaZ1D0W31OHbi9yEh91UWHUKZ+95T+1roJnWgSHUPWIoWS0o2PwY62+6FyATuIXSzOg==
9R4U6eoJr6EmrrEZghaLWpdL9hjdVqMgvPd3Yo2GG//n+zp1gj4wLQUga7djBLxRj/rjMaFS3iAV49O32xj3L3OzPw==
E3VXY77pcDnZa++2RJq0YonxJgktmd6pOAUFzriwKWKkyAIoLETkUuZ3hs2sD3QjrQz2KHpCtTzFQcOQzTvlnAoaWZr1PZeKmOyzU1XbPUDBA2WzKQ==
btO0Y9HSz2PV9qQNMExMEV9S7xAwTWqZzGL8iGJ5++chmmQI7V6wiNl+Q1JLyrf/kvz7whBbKyMqqjFLWIfCQS7ZjYeln8HZpzreLwhhVGBwqssyKI4FGKhiXLAJfptSVof2kpsGtbCkdnFcsxI=
FA00jj9JnA0zGeeBDJh2L4nxJgktmd6pOAUFzriwKWKkyAIoLETkUuZ3hs2sD3QjrQz1KHpCtTzFQcOQzTvlnAIbWZn1PZeKmOyzU1XbPUDBA2WzKQ==
GTdykSl2G8oRbgQb8VOkX19S7xAwTWqZzGL8iGJ5++chmmQI7V6wiNl+Q1JLyrf/kvz7whBbKyMqqjFLWIfCQS7ZjYeln8HZpzreLAhhVGBwqssyKI4FGKhlXbAIfptSVof2kpsGtbCkdnFcsxI=
A1hIytZs84ilMwfQKZtgu19S7xAwTWqZzGL8iGJ5++chmWQI7V6wiNl+Q1JLyrf/kvz7whBbKyMqqjFLWIfCQS7ZjYeln8HZpzreLAhhVGBwqssyKI4FGKhsXLAIfptSVof2kpsGtbCkdnFcsxI=
w3cIkTnq/SUokvzMPmFFQccBiz1AhWIFvq89ViKWuYnKSEYEHoH9jsd+z+Dt6EcxNImsB3QKRP/MUK4pN0mcRu6Rm9A1i718om3RGH2NfyrAHAsTjQtFYCkTbbMh
lJ/1w1gRaWcUkv399dQX+JCJjG8AKESQ1BMzpcfq6NTqU3Ie9c1vvPCuaDdrbqnEuHeLbOu3X4NlRAYfmvW4KEJX+d1NpwJTKVn/Q/mfmImSv4ISj8Dz5WJf7RVFCu2485B9LFtT5rKh7AeAbIYw9/cWt3X6mXUfdyOevynPFW8REA+R3xCYMMkCQJvbYihQJ9gO4YLQC1iZimzgla6z3A==
bwthgGFB8Y4n2/qh7DOTIhHzvX3RaZ1D0W31OHbi9yEh91UWHUKZ+95T+1roJnWgSHUPWIgWS0o2PwY62+6FyATuIXSzOg==
swd4HWmkoK7TGoVlMRfWypdL9hjdVqMgvPd3Yo2GG//n+zp1gj4wLQUga7djBLxRj/jjMaFS3iAV49O32xj3L3OzPw==
V1mvtYDBkPXnibvEhBULZ19S7xAwTWqZzGL8iGJ5++chmWQI7V6wiNl+Q1JLyrf/kvz7whBbKyMqqjFLWIfCQS7ZjYeln8HZpzreLAhhVGBwqssyKI4FGKhgXrAIfptSVof2kpsGtbCkdnFcsxI=
mOVb9xcZEYODLkqUMVM2TonxJgktmd6pOAUFzriwKWKkyAIoLETkUuZ3hs2sD3QjrQz0KHpCtTzFQcOQzTvlnAYfWZ/1PZeKmOyzU1XbPUDBA2WzKQ==
M4FY1JwspryyqrqnP0vc319S7xAwTWqZzGL8iGJ5++chmWQI7V6wiNl+Q1JLyrf/kvz7whBbKyMqqjFLWIfCQS7ZjYeln8HZpzreLQhhVGBwqssyKI4FGKhiXLAPfptSVof2kpsGtbCkdnFcsxI=
+g2FThREsTiuV/cQ+RL5C17w3lloTYP+8GdTH9oWSfeYu7p93mX1O0UjueVXBqaTiN0sXICWs47IMn2kWFEljM7C4+6mu46uezrNDFTKCWCzLg==
Cubh6EFkLk5DqkHl7x2XAyWslhu+6TwQcpnlgzo5b2jk3Ypu+StOaOD8sIJSH1pt0KfgUxmUeqj22gHMUek/MJHTUczfpRVeOUVDWuzEbzNpMylwNRtpsyU=
SBmb+dkxeqU/Sd2FIyxKSscBiz1AhWIFvq89ViKWuYnKSEYEHoH9jsd+z+Dt6EcxNImsB3QKRP/MUK4pN0mcRu6Rm9A1i718om3RHn2NfyrAHAsTjQtFYCkTbbMh
z+ft4fkm7x+yo77KBBwenZCJjG8AKESQ1BMzpcfq6NTqU3Ie9c1vvPCuaDdrbqnEuHeLbOu3X4NlRAYfmvW4KEJX+d1NpwJTKVn/Q/mfmImSv4ISj8Dz5WJf7RVFCu2485B9LFtT5rKh7AeAbIYw9/cWt3X6mXUfdyOevynPFW8REA+R3xCYMMkCQJvbYi5QJ9gO4YLQC1iZimzgla6z3A==
wlBffa2ZULII3Y1b2YWXFRHzvX3RaZ1D0W31OHbi9yEh91UWHUKZ+95T+1roJnWgSHUPWI4WS0o2PwY62+6FyATuIXSzOg==
Qns8rMzzEVn5MYS+suSs9ZdL9hjdVqMgvPd3Yo2GG//n+zp1gj4wLQUga7djBLxRj/7jMaFS3iAV49O32xj3L3OzPw==
juGd3qZPVXsuF5X+DWUZtscBiz1AhWIFvq89ViKWuYnKSEYEHoH9jsd+z+Dt6EcxNImsB3QKRP/MUK4pN0mcRu6Rm9A1i718om3RHH2NfyrAHAsTjQtFYCkTbbMh
r02goq5ARMfE3ES9U6Z6JpCJjG8AKESQ1BMzpcfq6NTqU3Ie9c1vvPCuaDdrbqnEuHeLbOu3X4NlRAYfmvW4KEJX+d1NpwJTKVn/Q/mfmImSv4ISj8Dz5WJf7RVFCu2485B9LFtT5rKh7AeAbIYw9/cWt3X6mXUfdyOevynPFW8REA+R3xCYMMkCQJvbYixQJ9gO4YLQC1iZimzgla6z3A==
kKzzDBE7OX/7ULdZ2VOzHRHzvX3RaZ1D0W31OHbi9yEh91UWHUKZ+95T+1roJnWgSHUPWIwWS0o2PwY62+6FyATuIXSzOg==
YvuYWLZm9tI6U6mkbhlmgZdL9hjdVqMgvPd3Yo2GG//n+zp1gj4wLQUga7djBLxRj/zjMaFS3iAV49O32xj3L3OzPw==
v78rjcj+xhDVIFniXHi+9lz12lZpS4P+8GdTH9oWSfeYu7p93mX1O0UjueVXBqaTiN0sXICWs47IMn2kWFgnjMPC4+6mu46uezrNDFTKCWCzLg==
cQLkB/tbVrm4JIxrP53zXAl+YitfeSt9ULHfoE8Fc7awr+NHOq7ZfxgzKsW+vUVzhevJPXd+tpuI1TwkoE7DRgh6zXw45bYEQ0pzVkbjPmY7cj1UdDIZaLMm
kJSpAx6geCZpGWBSPpJPyUjY98EPcGDVx2lCrNUJOBleG3bPmdX1cU2z79zaTUif6BrIXP9AGECpkgCreLIioMfIzlGigIso+Ros0DV+syw=
osBuf2hbmfjRdp9jNTZI3VztzVh1DtO0+WJZA9xZGPOYu7p93mX1O0UjueVXBqaTiN0sXICWs47IMn2kWF4njMLC4+6mu46uezrNDFTKCWCzLg==
tRUAB+QN4tzjSst5jnEBmccBiz1AhWIFvq89ViKWuYnKSEYEHoH9jsd+z+Dt6EcxNImsB3QKRP/MUK4pN0mcRu6Rm9A1i718om3REn2NfyrAHAsTjQtFYCkTbbMh
IcS66xYTRW7PkR2mrQRjBJCJjG8AKESQ1BMzpcfq6NTqU3Ie9c1vvPCuaDdrbqnEuHeLbOu3X4NlRAYfmvW4KEJX+d1NpwJTKVn/Q/mfmImSv4ISj8Dz5WJf7RVFCu2485B9LFtT5rKh7AeAbIYw9/cWt3X6mXUfdyOevynPFW8REA+R3xCYMMkCQJvbYiJQJ9gO4YLQC1iZimzgla6z3A==
BuaQJ78/no8Bn3e4f3qgVRHzvX3RaZ1D0W31OHbi9yEh91UWHUKZ+95T+1roJnWgSHUPWIIWS0o2PwY62+6FyATuIXSzOg==
hV6Xsjqdrp+AMYQa91cp5ZdL9hjdVqMgvPd3Yo2GG//n+zp1gj4wLQUga7djBLxRj/LjMaFS3iAV49O32xj3L3OzPw==
N2VILxlcvU6XfVR2k9Sf/VJx9r6GWrpo0BzAQuJ/qu1AR7CTyfRqqOY6UYyBia+w4TPhjCTEJVJJZXMaHGTfs/mT+TDlO3mzNQ==
iSC1d9i5FlZwZOpVSVK5I9xD8Q/SQKNwoP1qY5K7G6Cg6CxugyQjLQUga7djBLJQj/LjMaFS3iAV49O32xj3L3OzPw==
IOsuvTLMfTV/NBhpQkDYPXwZk6x9sTsrXz1DE2KOrsMFG2mNty6Wi4jFHHRg/mO2iMotDPgz0RRCWpMGBhNe1rsCneQ04jl4szY=
Mm03BTJN2dksreBDY4a5XUjY98EPcGDVx2lCrNUJOBleG3bPmdX1cU2z79zaTkif6BrIXP9AGECpkgCleLIrocfIzlGigIso+Ros0DV+syw=
cMlDEW6NQn3wVHt67pjKVFJx9r6GWrpo0BzAQuJ/qu1AR7CTyfRpqOY6UYyBia+w4TPhjCfFJVtIZXMaHGTfs/mT+TDlO3mzNQ==
lhygwnnmcIk5tSuqX4DoNNxD8Q/SQKNwoP1qY5K7G6Cj6CxugyQjLQUga7djBLZRj/viMaFS3iAV49O32xj3L3OzPw==
odlPExnAuuFR7v0Tw4aNcHwZk6x9sTsrXz1DE2KOrsMFG2mNty6WiIjFHHRg/mO2iMotDPg41xRLW5MGBhNe1rsCneQ04jl4szY=
CLjvVtGFBgqiuu2/ZqM2I0jY98EPcGDVx2lCrNUJOBleG3bPmdX1cU2z79zaT0if6BrIXP9AGECpkgCifLIrocfIzlGigIso+Ros0DV+syw=
NQc9Gk5buFip1B3DnRb2PVJx9r6GWrpo0BzAQuJ/qu1AR7CTyfRoqOY6UYyBia+w4TPhjCXCJVtIZXMaHGTfs/mT+TDlO3mzNQ==
h7pKPEIY0hGnXXqYjy7AsNxD8Q/SQKNwoP1qY5K7G6Ci6CxugyQjLQUga7djBLFWj/viMaFS3iAV49O32xj3L3OzPw==
0zf6aS3nnyCgbVdrxfr+JnwZk6x9sTsrXz1DE2KOrsMFG2mNty6WiYjFHHRg/mO2iMotDPg01RRKW5MGBhNe1rsCneQ04jl4szY=
nFcpJWRJZZRWazqmeUEAbMcBiz1AhWIFvq89ViKWuYnKSEYEHoH9jsd+z+Dt6EcxNImsB3QKRP/MUK4pN0mcRu6Rm9A1i718om3RGnyNfyrAHAsTjQtFYCkTbbMh
Wa7CkTAIf8tX1SqPrifQ0ZCJjG8AKESQ1BMzpcfq6NTqU3Ie9c1vvPCuaDdrbqnEuHeLbOu3X4NlRAYfmvW4KEJX+d1NpwJTKVn/Q/mfmImSv4ISj8Dz5WJf7RVFCu2485B9LFtT5rKh7AeAbIYw9/cWt3X6mXUfdyOevynPFW8REA+R3xCYMMkCQJvbYipRJ9gO4YLQC1iZimzgla6z3A==
SlicWBFgb9R5BGl5MRJHRRHzvX3RaZ1D0W31OHbi9yEh91UWHUKZ+95T+1roJnWgSHUPWIoXS0o2PwY62+6FyATuIXSzOg==
6DRJ7tvxsXgAjYV1AbCKv5dL9hjdVqMgvPd3Yo2GG//n+zp1gj4wLQUga7djBLxRj/riMaFS3iAV49O32xj3L3OzPw==
rBg7UO+vgET1D2NlwJXEMscBiz1AhWIFvq89ViKWuYnKSEYEHoH9jsd+z+Dt6EcxNImsB3QKRP/MUK4pN0mcRu6Rm9A1i718om3RGHyNfyrAHAsTjQtFYCkTbbMh
R/ycxhr2fPqeAr167SgFN5CJjG8AKESQ1BMzpcfq6NTqU3Ie9c1vvPCuaDdrbqnEuHeLbOu3X4NlRAYfmvW4KEJX+d1NpwJTKVn/Q/mfmImSv4ISj8Dz5WJf7RVFCu2485B9LFtT5rKh7AeAbIYw9/cWt3X6mXUfdyOevynPFW8REA+R3xCYMMkCQJvbYihRJ9gO4YLQC1iZimzgla6z3A==
MqYQGHy7IlrJtSEl0yHPiBHzvX3RaZ1D0W31OHbi9yEh91UWHUKZ+95T+1roJnWgSHUPWIgXS0o2PwY62+6FyATuIXSzOg==
ZiwpTkRaxG5PRSH8DbkdwZdL9hjdVqMgvPd3Yo2GG//n+zp1gj4wLQUga7djBLxRj/jiMaFS3iAV49O32xj3L3OzPw==
hxR0F9ijtLUXkEUGi/2eoscBiz1AhWIFvq89ViKWuYnKSEYEHoH9jsd+z+Dt6EcxNImsB3QKRP/MUK4pN0mcRu6Rm9A1i718om3RHnyNfyrAHAsTjQtFYCkTbbMh
ucwXS2QRmXAWbgFtyMGnd5CJjG8AKESQ1BMzpcfq6NTqU3Ie9c1vvPCuaDdrbqnEuHeLbOu3X4NlRAYfmvW4KEJX+d1NpwJTKVn/Q/mfmImSv4ISj8Dz5WJf7RVFCu2485B9LFtT5rKh7AeAbIYw9/cWt3X6mXUfdyOevynPFW8REA+R3xCYMMkCQJvbYi5RJ9gO4YLQC1iZimzgla6z3A==
pOcwAxJHcidp09Ug178dQBHzvX3RaZ1D0W31OHbi9yEh91UWHUKZ+95T+1roJnWgSHUPWI4XS0o2PwY62+6FyATuIXSzOg==
TdlEMY477/mnsZsFMdZJHJdL9hjdVqMgvPd3Yo2GG//n+zp1gj4wLQUga7djBLxRj/7iMaFS3iAV49O32xj3L3OzPw==
wCD93Bm3J1e1qifAAlaTJccBiz1AhWIFvq89ViKWuYnKSEYEHoH9jsd+z+Dt6EcxNImsB3QKRP/MUK4pN0mcRu6Rm9A1i718om3RHHyNfyrAHAsTjQtFYCkTbbMh
+wEDnGvCeTg52waC04zFHpCJjG8AKESQ1BMzpcfq6NTqU3Ie9c1vvPCuaDdrbqnEuHeLbOu3X4NlRAYfmvW4KEJX+d1NpwJTKVn/Q/mfmImSv4ISj8Dz5WJf7RVFCu2485B9LFtT5rKh7AeAbIYw9/cWt3X6mXUfdyOevynPFW8REA+R3xCYMMkCQJvbYixRJ9gO4YLQC1iZimzgla6z3A==
EgG2dyeQebvyWqK1CGDSIRHzvX3RaZ1D0W31OHbi9yEh91UWHUKZ+95T+1roJnWgSHUPWIwXS0o2PwY62+6FyATuIXSzOg==
hJo/YBuR5PvN8oBqOiiTiJdL9hjdVqMgvPd3Yo2GG//n+zp1gj4wLQUga7djBLxRj/ziMaFS3iAV49O32xj3L3OzPw==
pc8nxkDsN8CpHhjoHiC3OscBiz1AhWIFvq89ViKWuYnKSEYEHoH9jsd+z+Dt6EcxNImsB3QKRP/MUK4pN0mcRu6Rm9A1i718om3REnyNfyrAHAsTjQtFYCkTbbMh
aE5eNxKh8mXTvkYa215qS5CJjG8AKESQ1BMzpcfq6NTqU3Ie9c1vvPCuaDdrbqnEuHeLbOu3X4NlRAYfmvW4KEJX+d1NpwJTKVn/Q/mfmImSv4ISj8Dz5WJf7RVFCu2485B9LFtT5rKh7AeAbIYw9/cWt3X6mXUfdyOevynPFW8REA+R3xCYMMkCQJvbYiJRJ9gO4YLQC1iZimzgla6z3A==
UtHA66XzOMYdqFyVSHcFOBHzvX3RaZ1D0W31OHbi9yEh91UWHUKZ+95T+1roJnWgSHUPWIIXS0o2PwY62+6FyATuIXSzOg==
6oU4BOLi87943O7NW32ez5dL9hjdVqMgvPd3Yo2GG//n+zp1gj4wLQUga7djBLxRj/LiMaFS3iAV49O32xj3L3OzPw==
ycyqnPhQJS6qXEDpYaXckMcBiz1AhWIFvq89ViKWuYnKSEYEHoH9jsd+z+Dt6EcxNImsB3QKRP/MUK4pN0mcRu6Rm9A1i718om3RGnmNfirAHAsTjQtFYCkTbbMh
dAw9oBlbL6obHikddJ/HjpCJjG8AKESQ1BMzpcfq6NTqU3Ie9c1vvPCuaDdrbqnEuHeLbOu3X4NlRAYfmvW4KEJX+d1NpwJTKVn/Q/mfmImSv4ISj8Dz5WJf7RVFCu2485B9LFtT5rKh7AeAbIYw9/cWt3X6mXUfdyOevynPFW8REA+R3xCYMMkCQJvbYipUJ9kO4YLQC1iZimzgla6z3A==
5kuyBrFeQYVyfftFR6X/GRHzvX3RaZ1D0W31OHbi9yEh91UWHUKZ+95T+1roJnWgSHUPWIoSS0s2PwY62+6FyATuIXSzOg==
MD/XKHQQFI9SKNF0iIPyjZdL9hjdVqMgvPd3Yo2GG//n+zp1gj4wLQUga7djBLxRj/rnMaBS3iAV49O32xj3L3OzPw==
u8va5m3AZQ2Lrdf7Qjt4FccBiz1AhWIFvq89ViKWuYnKSEYEHoH9jsd+z+Dt6EcxNImsB3QKRP/MUK4pN0mcRu6Rm9A1i718om3RGHmNfirAHAsTjQtFYCkTbbMh
xOBnZQPHGfjZIM5GIUpvxpCJjG8AKESQ1BMzpcfq6NTqU3Ie9c1vvPCuaDdrbqnEuHeLbOu3X4NlRAYfmvW4KEJX+d1NpwJTKVn/Q/mfmImSv4ISj8Dz5WJf7RVFCu2485B9LFtT5rKh7AeAbIYw9/cWt3X6mXUfdyOevynPFW8REA+R3xCYMMkCQJvbYihUJ9kO4YLQC1iZimzgla6z3A==
enWFXoS7md8aGy3Ufiqc5RHzvX3RaZ1D0W31OHbi9yEh91UWHUKZ+95T+1roJnWgSHUPWIgSS0s2PwY62+6FyATuIXSzOg==
Lzq24gZ4zsUUYcKey2e7F5dL9hjdVqMgvPd3Yo2GG//n+zp1gj4wLQUga7djBLxRj/jnMaBS3iAV49O32xj3L3OzPw==
Fc6qn3dqbGoudYIDrOvlC8cBiz1AhWIFvq89ViKWuYnKSEYEHoH9jsd+z+Dt6EcxNImsB3QKRP/MUK4pN0mcRu6Rm9A1i718om3RHnmNfirAHAsTjQtFYCkTbbMh
TE8+7BS+PT62/NIDZJONMZCJjG8AKESQ1BMzpcfq6NTqU3Ie9c1vvPCuaDdrbqnEuHeLbOu3X4NlRAYfmvW4KEJX+d1NpwJTKVn/Q/mfmImSv4ISj8Dz5WJf7RVFCu2485B9LFtT5rKh7AeAbIYw9/cWt3X6mXUfdyOevynPFW8REA+R3xCYMMkCQJvbYi5UJ9kO4YLQC1iZimzgla6z3A==
ZOsow9kKjpMR30UgHXtozBHzvX3RaZ1D0W31OHbi9yEh91UWHUKZ+95T+1roJnWgSHUPWI4SS0s2PwY62+6FyATuIXSzOg==
P+w2CG7jsa2nzZ0debthzZdL9hjdVqMgvPd3Yo2GG//n+zp1gj4wLQUga7djBLxRj/7nMaBS3iAV49O32xj3L3OzPw==
fHpdnTmD1gBCZqBIm64mCpeXg6iiCQGJn4UFwnCZyf+/bnN2vWVTCgd429jWjYzudDdHNaPVEiD812HFTreC7bgbGWEm+pu9jefyAiBJz7ABc4EMhoUFXC0lkpq8pP+z2VOZsAV7WbMV
ncnesPE6AfkJ5kNsgEf9ZlMpE77IHn2JzJCG9UJIeir/F5fG5leX9SsIQzaPdIGS7fCY6j0NHWi2XRfmoQQGYIm2fKHj1mcp7EI3af4Vhhv4eqbhcUfh2dJxXV/nKcVR+DsWKSrow54D53a51V+ZpG0qV+a19jdt9tCVKl8qkAiQBbNAX0/2h0Vdo4XmNbWh1b11JgeL8+7Ikj2E2HlnLMxmI88mm04Oe9oN7NQqyYCzzg==
RrMmmvCE/Lw0wnDH/FhindBMKShvm2QX8ZQaI/CPuj2tAvYxElOd8aVz7T8NbW0iccmcq//euLVFTW2oz9l7Nuonl6HutLdlWiJsWCTYh7zaZTb37tp0X1zrIMteyNZ8Ag6JJbk7MgRq6QZn+633LT0Bp8E6XnX3yfODfmcAiDnL285wAN3oMXZ6jCveNQAv3VM6JZkA139HlLCpYzxLCSRCumhpg88//6gz95+z0w==
5/Bysw88ctjPGwVCJY9w7f/fxHS+IgUe63kEerLXrqepdHKzSA9CrQWirsFak1WhXRPFDxVtdRJZqWT7Nx7wRR3txTg3WcOmgsfPESb0fzViAgSoPNifzDJFDiemGjzvhIvIW+ZIruyqrlFVcXt61BIJLlfjre8dFeHfEXIevYcRUyvuH4AwqSO7FsBIHaDhTlpkW8Y1GN+1cwJ1UUAfzx902DnbvLOZjOLimCFDB28HyBvHh7PL
XQ1brS/jeMRNBBJAW9EgsuMQMGOPs+LYDuLsRfNpdKpm+4dMXG8m7yyxK5qA3bTjW71TK8sTG217DleRauc5bh5ZM9XrJFm5rXqs/+FNyISxaaw6SnRyGNEQfP3Ae2hq0rMqM2aHiKjAcAQW/8mfC/RInLGgy20tYYGbWVGN/G5TG7/rhXJxYF51jQO4nKZtbr2A4iqHiPVWA/tLzCmfMPGTMUz25bVc3YWi2syEzzMJcwnwFduJs8U=
k/nWs4sEhVHpudTLI1klUwjvEi3kGCdnOSsv7MQfrm+kAbN66A0Mo4PNuwvzAxNtcx5vsYKX4S6miVs1c5TROSUKNF9JnbBE6VmEWrJkehjZAAQd6EuwKirjgpP+dwAoSMCcdheZJ8usuPSRmNtlLWmRo3k5faSu60tXix3C+eDWhRWjEMxeLbaNqAJSl4D1XhMDK+QZx/CJQ5nsbpU93FU1OjqkVHdz0QPh0C3LgbPN
r7u80ENkakBLoW8KklqIFxggGbmYCniS1YbVslhTbT//F5fG5leX9SsIQzaPdIGS7fCY6j0NHWi2XRfmoQQGYIm2fKHj1mcp7EI3af4Vhhv4eqbhcUfh2dJxXV/nKcVR+DsWKSrow54D53a51V+ZpG0qV+a19jdt9tCVKl8qkAiQBbNAX0/2h0Vdo4XmNbWh1b11JgeL8+7Ikj2E2HlnLMxmI88mm04Oe9oN7NQqyYCzzg==
KPiDApFX+UelhS72+IIjDAjvDyHiCjxuCSsv7MQfrm+kAbN66A0Mo4PNuwvzAxNtcx5vsYKX4S6miVs1c5TROSUKNF9JnbBE6VmEWrJkehjZAAQd6EuwKirjgpP+dwAoSMCcdheZJ8usuPSRmNtlLWmRo3k5faSu60tXix3C+eDWhRWjEMxeLbaNqAJSl4D1XhMDK+QZx/CJQ5nsbpU93FU1OjqkVHdz0QPh0C3LgbPN
aJy+80N0/iDdhDtuY3oaLsaI/K6IN0nxKqHMpD4P7Q46ejAP/aQGSwTPDpUx8nqppvNJiWkj0RcZbXkKTZlQ0yt+DC3JvfEAe5mPXvYXm7maVONdlnKQMLBYE1SmtXrPOrqAR1DbPCMqCGLUnn4FvQ2bZvwmOTpP763jBQHR6zlu/sFvRYMf1tPA/NHX68Jo9L08CTqq8MNKtZRHIQP2Hc3go2dLpKzBl3z/obiyNvDdIxtHM/gP34uzxw==
1JinhTVrwP7Nvb9gCbWZ+mkzfnLNedGgWojfAb2TcxyI12ovYEl/SrT1aIOn1Ucb/wsXbXcWY6F+j8UOwnEHBb/cFXnhwnivFSUUJA3BOMo+7P6YXYiIjVTT1MqOW17jMj9E6AwI0EbL4cPriKCIgZTTYS1tma9pRWWAjg8zi7tRCr0gks3Z08x0+s3SFRSS3h8Eddqbj7tYgSOQLfvFHCJd+ZyRffYK+KwTU/UbHcAhw4WzyQ==
98k31/1tnUKDFcw5Z8pCo2g6Y2XLepiyCobDC7jSR1KEzWI6YEl/SrT1aIOn1Ucb/wsXbXcWY6F+j8UOwnEHBb/cFXnhwnivFSUUJA3BOMo+7P6YXYiIjVTT1MqOW17jMj9E6AwI0EbL4cPriKCIgZTTYS1tma9pRWWAjg8zi7tRCr0gks3Z08x0+s3SFRSS3h8Eddqbj7tYgSOQLfvFHCJd+ZyRffYK+KwTU/UbHcAhw4WzyQ==
XW3JiPW4cbEo9VmUyTVaLVERc8gl73rb7OgTBIOgaT0OkclOUb8eDAcsOHShjnBHI37s8C+1XtUaLOvcscYc9C1yszg=
qCTr6s7joVA/2xSAnprSBNOBghsOheplNQnPPVmP/tJc0XvQFUsd/Mqt8RyZzd6qoNxrE61LpeCJ0w2zQQ==
G5rS/LfdjcdxWJhTHTksBc6bGUTEjew5lD9hhT8zAyYIWo3cuAH3JExuszfGQ/5GO5J9tPSS2QizRg==
tkdyCIsneoWmNLtxE5SbdpeXg6iiCQGJn4UFwnCZyf+/bnN2vWVTCgd429jWjYzudDdHNaPVEiD812HFTreC7bgbGWEm+pu9jefyAiBJz7ABc4EMgIUFXC0lkpq8pP+z2VOZsAV7WbMV
DZsCCKJVowmiDgO2BRwSdFMpE77IHn2JzJCG9UJIeir/F5fG5leX9SsIQzaPdIGS7fCY6j0NHWi2XRfmoQQGYIm2fKHj1mcp7EI3af4Vhhv4eqbhcUfh2dJxXV/nKcVR+DsWKSrow54D53a51V+ZpG0qV+a19jdt9tCVKl8qkAiQBbNAX0/2h0Vdo4XmNbWh1b11JgeL8+7Ikj2E2H9nLMxmI88mm04Oe9oN7NQqyYCzzg==
4UDoADHhpnPgblr6uhdjUdBMKShvm2QX8ZQaI/CPuj2tAvYxElOd8aVz7T8NbW0iccmcq//euLVFTW2oz9l7Nuonl6HutLdlWiJsWCTYh7zaZTb37tp0X1zrIMteyNZ8Ag6JJbk7MgRq6QZn+633LT0Bp8E6XnX3yfODfmcAiDnL285wAN3oMXZ6jCveNQAv3VM6JZkA139HlLapYzxLCSRCumhpg88//6gz95+z0w==
5+ZRY9q/gwHIIrsAcmoCB//fxHS+IgUe63kEerLXrqepdHKzSA9CrQWirsFak1WhXRPFDxVtdRJZqWT7Nx7wRR3txTg3WcOmgsfPESb0fzViAgSoPNifzDJFDiemGjzvhIvIW+ZIruyqrlFVcXt61BIJLlfjre8dFeHfEXIevYcRUyvuH4AwqSO7FsBIHaDhTlpkW8Y1GN+1cwJ1UUAfzx903jnbvLOZjOLimCFDB28HyBvHh7PL
wtiUEz8vKQwSOBv8EjUl+OMQMGOPs+LYDuLsRfNpdKpm+4dMXG8m7yyxK5qA3bTjW71TK8sTG217DleRauc5bh5ZM9XrJFm5rXqs/+FNyISxaaw6SnRyGNEQfP3Ae2hq0rMqM2aHiKjAcAQW/8mfC/RInLGgy20tYYGbWVGN/G5TG7/rhXJxYF51jQO4nKZtbr2A4iqHiPVWA/tLzCmfMPGTMUzw5bVc3YWi2syEzzMJcwnwFduJs8U=
bBeNq3SlZHka3bsr7krn2QjvEi3kGCdnOSsv7MQfrm+kAbN66A0Mo4PNuwvzAxNtcx5vsYKX4S6miVs1c5TROSUKNF9JnbBE6VmEWrJkehjZAAQd6EuwKirjgpP+dwAoSMCcdheZJ8usuPSRmNtlLWmRo3k5faSu60tXix3C+eDWhRWjEMxeLbaNqAJSl4D1XhMDK+QZx/CJQ5nsaJU93FU1OjqkVHdz0QPh0C3LgbPN
xBOuFJgZAIhzuX6m9XTbGxggGbmYCniS1YbVslhTbT//F5fG5leX9SsIQzaPdIGS7fCY6j0NHWi2XRfmoQQGYIm2fKHj1mcp7EI3af4Vhhv4eqbhcUfh2dJxXV/nKcVR+DsWKSrow54D53a51V+ZpG0qV+a19jdt9tCVKl8qkAiQBbNAX0/2h0Vdo4XmNbWh1b11JgeL8+7Ikj2E2H9nLMxmI88mm04Oe9oN7NQqyYCzzg==
YDK+IL3CRCFC9WST+0m3JwjvDyHiCjxuCSsv7MQfrm+kAbN66A0Mo4PNuwvzAxNtcx5vsYKX4S6miVs1c5TROSUKNF9JnbBE6VmEWrJkehjZAAQd6EuwKirjgpP+dwAoSMCcdheZJ8usuPSRmNtlLWmRo3k5faSu60tXix3C+eDWhRWjEMxeLbaNqAJSl4D1XhMDK+QZx/CJQ5nsaJU93FU1OjqkVHdz0QPh0C3LgbPN
/FVj0nToh9ZdLLtySl3OTMaI/K6IN0nxKqHMpD4P7Q46ejAP/aQGSwTPDpUx8nqppvNJiWkj0RcZbXkKTZlQ0yt+DC3JvfEAe5mPXvYXm7maVONdlnKQMLBYE1SmtXrPOrqAR1DbPCMqCGLUnn4FvQ2bZvwmOTpP763jBQHR6zlu/sFvRYMf1tPA/NHX68Jo9L08CTqq8MNKtZRHIQP2Hc3go2dLpKrBl3z/obiyNvDdIxtHM/gP34uzxw==
CgR7rd0z7IySB7u/FXiweGkzfnLNedGgWojfAb2TcxyI12ovYEl/SrT1aIOn1Ucb/wsXbXcWY6F+j8UOwnEHBb/cFXnhwnivFSUUJA3BOMo+7P6YXYiIjVTT1MqOW17jMj9E6AwI0EbL4cPriKCIgZTTYS1tma9pRWWAjg8zi7tRCr0gks3Z08x0+s3SFRSS3h8Eddqbj7tYgSOQLfvFHCRd+ZyRffYK+KwTU/UbHcAhw4WzyQ==
znD7wlpLLgVGnsCe+tTgtmg6Y2XLepiyCobDC7jSR1KEzWI6YEl/SrT1aIOn1Ucb/wsXbXcWY6F+j8UOwnEHBb/cFXnhwnivFSUUJA3BOMo+7P6YXYiIjVTT1MqOW17jMj9E6AwI0EbL4cPriKCIgZTTYS1tma9pRWWAjg8zi7tRCr0gks3Z08x0+s3SFRSS3h8Eddqbj7tYgSOQLfvFHCRd+ZyRffYK+KwTU/UbHcAhw4WzyQ==
NgDoMx6HhK7tckhTesK9xtOBghsOheplNQnPPVmP/tJc0XvQFUsd/Myt8RyZzd6qoNxrE61LpeCJ0w2zQQ==
LuPA83a1UI8yHEMaSYrZNM6bGUTEjew5lD9hhT8zAyYIWo3cuAf3JExuszfGQ/5GO5J9tPSS2QizRg==
xF/gUsXMm9gHacLGEyziRVERc8gl73rb7OgTBIOgaT0OkclOUb8eDAcsOHShjnBBI37s8C+1XtUaLOvcscYc9C1yszg=
M8aq+Fse6HOMeU1n4cmjDRHzvX3RaZ1D0W31OHbi9yEh91UWHUKZ+95T+1roJnWgSHsPWIwSS0s2PwY62+6FyATuIXSzOg==
mSSrYKYjQd+2NJPMw2EjAZdL9hjdVqMgvPd3Yo2GG//n+zp1gj4wLQUga7djBLJRj/znMaBS3iAV49O32xj3L3OzPw==
NgDoMx6HhK7tckhTesK9xtOBghsOheplNQnPPVmP/tJc0XvQFUsd/Myt8RyZzd6qoNxrE61LpeCJ0w2zQQ==
LuPA83a1UI8yHEMaSYrZNM6bGUTEjew5lD9hhT8zAyYIWo3cuAf3JExuszfGQ/5GO5J9tPSS2QizRg==
GCkne1VGa4GELQzkdG/Qzkbbwrn5tuXdt2a2FxhKKDfzR2LSwQ3WhVkMoeVBzJKs43Oa9tV5WOLtAghROdY6uBdVhQYcO9WkhIN3f9Ew4Wm44dZRtGJYbXYCMEHx1vzxxF4mq/0LLH4xRqhTmmyBzc0jamkpytzVMXMb3CavfgTcspL+0cYBZ5WESxPfAaiydrhXmtsfh+K6BRqxxNC9OxLch/2LbcIXN3hqM99EXwyRYMa0R/tlJGW73ZPgJEIl0e/52pE2jRuL9QxC8WagrmF28zXk8c6Htwtq11R8YZXrc59GIn4tFuk1H63cyctaPhNggITVSUkVtxNelz/ikLPf4nyw6Zf6Ve5+HO1nsR0J2XSW3R0svdKPz63JJr9AudLcL7it+6YSeic2PSAeqhiIn1mugcqaDnN4ovrrjmyHXHcgt4O0DTFb2PWqS7J+pyTT+XpL/RlNDu2Ei6SNADN3Bm75uNdMJMLwC09iB5lS/dWD77cOM6FLldPppH89N7T4bBHWENYTpmwoHy0+jao0K0SBnnzsnaqz4A==
XoBRGFyCgCEHQL8xEPJxC/acgV+7JWyiOzAThdzIEePFD+FnPSaTCpt58iLhqjM+MuZuCDVoLBLAmBWhsVSvhsFoWHNY75DdSyxNvmyDNRz0O/fHoYgB0chZFmnEWrhVBjoweYHuHMm0ZuYTjbPMxkH+KOvq1GF1vZuqUVnyPO1BSxvkVpeePKyKUkahfuHf5TzLq6+5SAoGAJeiqydn2so9Gom06F0DYuRHRfvVIq9HwOqLr/y/tOHYBow3w4UcFYPdq5Acoh2h1zli4Y5to/tNjPqB3kAWEc4zDZTJLr/HM2rvJESBrZtLX/5Sxs2umY2fFaxxK+JOq6C49O2pcWWPE2bnBwKow+cixMBRd0IlVv6knd9RpXlhtK6tJcyForfPlbkeX3jJ6hyXyBUbHmLCp45NmP4SaDBfYd65KqJ+S3iaitNuVPdkt5jHO1S1QeNYTdrzUsbXnBPBCnMdIT027bz7nG04Q0/G1okAN/RUenCzP9rnISJFFbufj+4L0XOV65mcnwVHjDjUYW7wbmMe7JBvld412ozrfPGmnNTtkrPY
Fx00vYxTA4QJHSjrkjeuNgQT7FsRbQb/o3KB+WwIj5tA/WpymiOxyYU5AkoW0bCkhf2yj1xFL3g6qCwOEM6eSi3Tw9Wvn5TRm3OSfwkkT2FqucsyKI4FGKhtX7AMeptTVof2kpsGtbCkdnFcsxI=
g8t0cloDVWTDhvv+MgY2W5CJjG8AKESQ1BMzpcfq6NTqU3Ie9c1vvPCuaDdrbqnEuHeLbOu3X4NlRAYfmvW4KEJX+d1NpwJTKVn/Q/mfmImSv4ISj8Dz5WJf7RVFCu2485B9LFtT5rKh7AeAbIYw9/cWt3X6mXUfdyOevynPFW8REA+R3xCYMMkCQJvbYixUJ9kO4YLQC1iZimzgla6z3A==
3w5DrsKhM+kcn/FHD1DL/xHzvX3RaZ1D0W31OHbi9yEh91UWHUKZ+95T+1roJnWgSHUPWIwSS0s2PwY62+6FyATuIXSzOg==
lXjLrUHJZ9lpvn9Z7kVCwpdL9hjdVqMgvPd3Yo2GG//n+zp1gj4wLQUga7djBLxRj/znMaBS3iAV49O32xj3L3OzPw==
ARpI1Q+IdK+wc/6JREbQbDcZ/j0XlriG4a2JuxWc8LgkQfmrvVROksU1pKWviNgYWfqgHuo6rDx3YS4pcsjL8InyDOgldrM0
OXgpttq/MZR+uZqJ4cFaOERCDCB4FcuBQd/C1SVeIYvuCF2EcjcMQAOKHVsSO24jgl8U6NyooIY7wbNrWICYwQQzUS1deT8pVUVQDn8Te3shqm0gwq1pE/wUSk0CdQRSTr90dSo7H/tIYXMQnRv1XJe8KZzB3QZKiIzj06U7DQCxo7Wz+Q==
IR3CdVJ/W3neXCHY3UjJ1Cp42NU0jFs4DnBgelD2jr9WARoF3NeAk3r7Q6xY8O2P8WWxFmAeeLPRpUkODkSptzzba6KoHmWoaLB+wAyKuwMWNxYCG5YVQGQmEWyzIg==
G2V1326YfJhfbcHFIETQkitcmd97ZoU45pCG9uT40EhyBS637reseWw5El2nDjguMdWps2VEMNC0+ZljjUxOupXNBC1f0JjwScJAVlqiLJSnGQ4hAhALmBlKbCAVbrMc
yGkCRYfbx7yqzrSVG9bWcgJvtvpKVKQi0ZCG9uT40EhyBS637reseWw5El2nDjguMdWps2VEMNC0+ZljjUxOupXNBC1f0JjwScJAVlqiLJSnGQ4hAhALmBlKbCAVbrMc
W8vAlyjYmUTHLrujnfoDqnoznR/LmZb67PzQdAox3puGk0wlNO3CEe/K+FKJIRnfzaCQTCxtCe8FyM4GbXl0gbd0+CyRlhCakuZsaJ9tPs0qdCuEAV58LB1qsyA=
7tXuMXSS0LFvf+bYt9gkHCLGjyvn/g3BnugFgNq4alyOe2belMDQQGIdDl/ez+yxvGFy9Ve2uKahTQnb1bzwmOQheUv9dE6yhdUkxW+o2DiZmiD+qhqsHDeBrkmy6MvQSZKMCGVWsxQ=
hFVndBOzTMDG+Zmdna/QKW9b/HqGSQFca0LKLUWqCsecoh3WgZCPvFByFAQG1MbqtIbGBeeIWY8QZeA/Zdj/wsSdaJ9Vbl27uDjulYHAL69vNO3YK7wDOfyiUrjRw9dPl4gLZ1ezGw==
frDPDGDjIhXlqr42GI1jM9g7T3IHg9ITLLfToeD/kGnZbYzn1pPSgoAFIAUJSM4/Pd6lg/02UAzPmZjkZInhOUxswMyjkYUzV6Vd/TgXDiUahBtSY2vu1WWTwYhtBg8qBZqv4ZYcTUZvJogkUKkrzO8jLkslUbvp1vntDVURLeo35+viqF7l6Gjw/oAMSjvDFveWwhtWlYBk5pGss+I=
H6Ja0T+B0/tZmvKnym+11d4FkHJIkGoXpLFmFjWV/5iLRUkCE5S3hYRlwqHt6EUzNJvvDW5ETPLWT6t6Z1apS+qRm9A1i718r2zRHHmNfirAHAsTjQtFYCkTbbMh
sRrygEH02uTbznptUKEbbEYRMosOV8bNaSvqVF9/ptIvj5Xms47BHTXG8Y/aMbzj/4GY3X4RsR2298nZE65m
DXDakB7KoJBOkyuBrXtlrMbIGDLLbcVppM2WXolF+i2DGp8+5hE=
/3+XHCdiXl81XRHnYybueepLIDvQTl3rgCwy2AsQI2xJ9BFaeALhv0fJzSkCPSrQItKsdCPP44FcaC46WUMYEmIPLU4nVBweqATY/h8q1o1iaiAqYT4QPjTUFw4nSS3QLgHyjxWUGPNIceJABxLFty8KalogiPXnBhUL5ko=
