7yd//G7hraCJkU70ZBODmVaqxbT+5oRj+Ze6stFbIx+00f6rovxyydR8wawLwEpgtNTZuznl5D1mfN1CZ9qzhaw/zXW4n569ejzrmiMj3i1Fi9GAbQ4fMiVin6nW1L3+D74YrNAhu1QPm14D5ZmLkfbh/QVVGT3yF5/bKmgWlVCIbWkIicerXHVPYwtbHqV4RP6Bv6Pv
XDuGxbT+HBODyGQhwKHyls1T7/sBH7NKCn8zW3ks4YK3FVT1XC6kQPvlVDb6tqFHPRM0atQuk8/Jib8z2Y+YufLvQuIvUHNVgo+tZWUa7YiTwL3c+8NmAkE8R/BMljDHl0Z3hVoJ9a+X897PCd8VX3FAz2F/gBiAKdIA4/1yKWFHjs0RJ0GL6HlaLJC1paPp
HtpAdECRCYQ6DM/HrMNTcQDMGXeWwH8TBFOMeIzDnxdsI8KUk56zNBLNAwJ4s7RFzIHizMC6NOlIF9Vd/fOJNFPVpZBW3RHhRPLExBMpJAIHDyPj9T8kvgyyMwvhhY/HYfNYXfqDkna3DJNR6sNd0R0m7azbbC2Io99GRumw94R0anCjH6onkULVlSt/P6778WOV+7ls37WnHLhEAd4wF0UO6YVP4h2Fvx1r7BEW3CTNmaPN
jmOAQZqlLY7v/82jJIMu9xElJB5eNMTxqeYDIph6EXyxMSboY53VAP6vmLD3YoH7rpM6c/YnWKiQkJRW7ylPi0SorPEQK10tUWErGWFtTO6D+6+rFZIhYI7VHUOovPbtnp3woton+PWmo4uLPAnvsCGzIYxmQ+VZCOU1GdzhnrO5Ezkwpbuio/A=
1iZtNm53em+EgzHReYVHSAUUHjo8Ds1vGtw9SLOjqpBTKXg9VSMrE5xyPVxd+eJYB+xIgGJXfACzKu3bgps+Y9J/JOgsSHDGa6Ej6+hgaAE0E0EtTVkP6aWl4I7vcys78UqdIPKNOVOstNrN8tW0Ej7fZHU62+87+MEDkA27JZxCmxmZtL1RiVhpclMVW31AgYO+o+w=
4gRBZosZwUWG+oJ/io4tTQUUHjo8Ds1vGtw9SLOjqpBTOHAzUywqQZxyPVxd+eJYB+1IgGJXfACzKu3bgps+Y9J/JOgsSHDGa6Ej6+hgaAE0E0EtTVkP6aWl4I7vcys78UqdIPKNOVOstNrN8tW0Ej7fZHU62+87+MEDkA27JZxCmxmZtL1RiVhpclMVW31AgYO+o+w=
53tVJnj0yyAl5KXGV4+izeW9vhR6xq3kSgYltKBag1+IRJ3M8q26gfQKGz/COGbmZX4Oi67WJExHiUXtTMbkOEtt9G6om6B/TVvU8kRGUzf5gZ/rCScYAQInIvo/uDMtMgcNPTUy7bDjiF1Ea6um+nE0ZyicPrB/Z44XnUrhtdcne36XWfcVZwEIL/nv6Nh4GdogOy3aqdm3Rq0JN6nLkMnSjMjljaPR
O29aJVEVhH/RV2Gc2vlwKdSz4uyYTuufWLTSbjQYApSX6eSw/w31AYSSxCRTSaSiQS8gw7WfpN5MUjNrIWUPZ6HTWH06IxKWd2yTsaqj3XFdBu2Mm8yt6OM/RiYpUHcktEpwg98Kp3GCtZXLP18uW7FDldv5zF/V5/y4JME+sLeFLumlj0KdZX99awxRdlyEjbmj7Q==
RCN3LI4AM3lm3z/5Togb7h4F+pqp2gMawOB+BmU5IFSvR+sFcQ0fQwJInb2Rhi5yvImuFhdMV/2QcOU8AsAog56owa5nSyj/jKsQK07IxlxyzllFCbuipJqpVofLrcfNbUFXYarexZcZM/NedwCY2fubHtBwXXhRxrrcCy41cA8NE4rFCYAn3xdUgM9zOV4p0wHqjdgDX5+PaOOXtKPm
Zl7Qd7+ItnhZAQgXx8zhVURWL3lmA81vEt4rWuexqcBTbDV0AW1+QZxyPVxd+eJYB+lIgGJXfACzKu3bgps+Y9J/JOgsSHDGa6Ej6+hgaAE0E0EtTVkP6aWl4I7vcys78UqdIPKNOVOstNrN8tW0Ej7fZHU62+87+MEDkA27JZxCmxmZtL1RiVhpclMVW31AgYO+o+w=
5VsCLD/BBQl7b72FXKjhz5j2orfGTuuUR6TVPD0LTJWdouSw/w31AYSSxCRTSaSiRC8gw7WfpN5MUjNrIWUPZ6HTWH06IxKWd2yTsaqj3XFdBu2Mm8yt6OM/RiYpUHcktEpwg98Kp3GCtZXLP18uW7FDldv5zF/V5/y4JME+sLeFLumlj0KdZX99awxRdlyEjbmj7Q==
/ICiy83Xkm4X06gKSztg+SJ6APihBX8KLH8pfQjH9Fk0SgT8YxHEunA2INuFh8SGfIrzs5E9b/8RS9jlirtyzse0U2ma+71pbR7tlKvUzbDT54b+mQgXvATS8BtvkscpMm1VEw8HTkOBW5XDydQ/jdckePxxZtAvNbZpPT/a/T3PpavUYS48nL2ho/U=
ybpU9EhJhePXtG5PSxCkmpCOo90TUNKuOFBkf38D9xLgDHpDUhIkcTub77WJHdahRMJFHIUp2jgv+EGAakdU4It6tRt6K2YDeo+saKT4mGYz0ZsrMDAQIdwDSS1FSefJ3fU4TlcDc5sZ+hWgen2RM/QEIg2qhYzyFs9sdTLLx1vAEdvQdQv9fOrrkRk8DTkpgJnKE02LhWDpk7aj5A==
bYOOvi3KMQ1jJCBS1RS6FtSp7uGaD6LXR6OLY3hHXsaV8KWw/w31AYSSxCRTSaSiRi4gw7WfpN5MUjNrIWUPZ6HTWH06IxKWd2yTsaqj3XFdBu2Mm8yt6OM/RiYpUHcktEpwg98Kp3GCtZXLP18uW7FDldv5zF/V5/y4JME+sLeFLumlj0KdZX99awxRdlyEjbmj7Q==
nfI0imxEsciTjSYq3stTEfja2V2mNRM5iDMEe7DU06ngNXWsS3MW8Ar48IAQ3waiER3NRgZvVEcYrmjoYEfnVxLhy0hzEYeIq8WmBi+MD00YEF3ua8HA0yZISR6/CxDvhIvIW+ZIruyqrlFVcXt61BIJLlfjre8dFeHfEXIevYcRUyvuH4AwqSO7FsBIHaDhTlpkW8Y1GN+1cwJ1UUAfzx902D/bubaZi+HinSBDB28HyBvHnKPO
Z7doJNf/apKDRiUPg8eW1tgtIfvaxIohOxikTx4jNiNDat/q3TkcrmkuJP+phKVxEQTNHZBqKbxpga6I20w9AZb/IFB/0tm7loMyU65X8Ch4IMw25zm3SxzYJFHo+3UtebHTuekdFC5766fLTSLJ4CalRWOgrM6txi14QmJ3kPVOczPrtLk3cBmjKay+s03ZYFXt+dTx5vNh47GQ3euKo9g=
xaIuT6damZgbnl+SwjPyGdSz4uyYTuuXWqLAOjkRHMaX763ksViHAYSSxCRTSaSiSy0hw7WfpN5MUjNrIWUPZ6HTWH06IxKWd2yTsaqj3XFdBu2Mm8yt6OM/RiYpUHcktEpwg98Kp3GCtZXLP18uW7FDldv5zF/V5/y4JME+sLeFLumlj0KdZX99awxRdlyEjbmj7Q==
eBjcW3UWE2ZC3bW8fWYZT311ehWZHWHPIWqi16PY8QVHV2IV3f2qHmtsizXUAEGhiE6kGzpYBeY7a9T3iLs004KIiuSWXt3NtVt+7N6Zsp/HrcvViXETKXY+eR+doxfmO0BUId+LGtiMfSQZAkp4k6K1/JepY84N1aBb1xNEpLc/+ZKRt5FuBWRjA1dLWIePuKPq
6f7HxF6p5zH230cve6Gr015oA203DWdpdGm2Jn8M/21o0K1KHM4wc1YIuT7Pi8DPlMtY+7ZIfgw67kG1IfvKNCJJnrfTrd/9paHv8cKe7WcBE7sOz4BgCbP7BuCYndDBvhoU+zY1aH9Fs3JVocBP7w+0SJ8Lueb5GyHy/fDDtw83CKunrKP+
LcHrBqfN1w90r0wubMhW4vSWyoeL6vsDHdu41LRGx/c8SK3/bpHR8azkULTjqZU7d+0tZbiP/u06jAtqo5N+XQXb8ZBtHj9iZRI/GVYkXU5P7ni80DFbhM8rPnNlKSthNjHdFVUJHSLXb3ua6Gb14Ei9iRiJ18sMNf+D+9uuBQgErqGvo/8=
+IAEbMZZEU+L8/l0WIwYllxoA3w1G2NpdGm2Jn8M/21o0K1MHM4wc1YIuT7Pi8DPlMtY+7ZIfgw67kG1IfvKNCJJnrfTrd/9paHv8cKe7WcBE7sOz4BgCbP7BuCYndDBvhoU+zY1aH9Fs3JVocBP7w+0SJ8Lueb5GyHy/fDDtw83CKunrKP+
tcvN7xS/oh3iIuAU9CpWSPSWzJGX9/sDHdu41LRGx/c8SKv/bpHR8azkULTjqZU7d+0tZbiP/u06jAtqo5N+XQXb8ZBtHj9iZRI/GVYkXU5P7ni80DFbhM8rPnNlKSthNjHdFVUJHSLXb3ua6Gb14Ei9iRiJ18sMNf+D+9uuBQgErqGvo/8=
oze217pcr8c4FSKySVPT4/SWzYeF8vsDHdu41LRGx/c8SKj/bpHR8azkULTjqZU7d+0tZbiP/u06jAtqo5N+XQXb8ZBtHj9iZRI/GVYkXU5P7ni80DFbhM8rPnNlKSthNjHdFVUJHSLXb3ua6Gb14Ei9iRiJ18sMNf+D+9uuBQgErqGvo/8=
bGRUs3M6IQzA5+iQUWrL4RYDqJuixQ1blL0nXyVlLhDqC/cPa14fRxZIgquahix27tmuFhdMV/2QcOU7A88og56owa5nSyj/jKsQK07IxlxyzllFCbuipJqpVofLrcfNbUFXYarexZcZM/NedwCY2fubHtBwXXhRxrrcCy41cA8NE4rFCYAn3xdUgM9zOV4p0wHqjdgDX5+PaOOXtKPm
+dw/yWzl6M2n+FVbvUyksinEcpbFB2Cr2aCs6YFilXPYqMZJztuFtEszcSBnNQWqV4iqaL6b25EFfWSzlqiJd58efQ3xja8PMVvY9apLsn6nJNP5ekv9GU0O7YSLpI0AM3cGbvm410wkwvALT2IHmVL91YPvtw4zoUuV0+mkfz03tPhsEdYQ3xWmaS0fKj2NrzUrRIGefOydsaPl
